[2025-01-04T20:25:36.798-0500] {processor.py:186} INFO - Started process (PID=99228) to work on /Library/Frameworks/Python.framework/Versions/3.9/lib/python3.9/site-packages/airflow/example_dags/plugins/decreasing_priority_weight_strategy.py
[2025-01-04T20:25:36.799-0500] {processor.py:914} INFO - Processing file /Library/Frameworks/Python.framework/Versions/3.9/lib/python3.9/site-packages/airflow/example_dags/plugins/decreasing_priority_weight_strategy.py for tasks to queue
[2025-01-04T20:25:36.799-0500] {logging_mixin.py:190} INFO - [2025-01-04T20:25:36.799-0500] {dagbag.py:588} INFO - Filling up the DagBag from /Library/Frameworks/Python.framework/Versions/3.9/lib/python3.9/site-packages/airflow/example_dags/plugins/decreasing_priority_weight_strategy.py
[2025-01-04T20:25:36.800-0500] {processor.py:927} WARNING - No viable dags retrieved from /Library/Frameworks/Python.framework/Versions/3.9/lib/python3.9/site-packages/airflow/example_dags/plugins/decreasing_priority_weight_strategy.py
[2025-01-04T20:25:36.839-0500] {processor.py:208} INFO - Processing /Library/Frameworks/Python.framework/Versions/3.9/lib/python3.9/site-packages/airflow/example_dags/plugins/decreasing_priority_weight_strategy.py took 0.043 seconds
[2025-01-04T20:27:56.253-0500] {processor.py:186} INFO - Started process (PID=99573) to work on /Library/Frameworks/Python.framework/Versions/3.9/lib/python3.9/site-packages/airflow/example_dags/plugins/decreasing_priority_weight_strategy.py
[2025-01-04T20:27:56.255-0500] {processor.py:914} INFO - Processing file /Library/Frameworks/Python.framework/Versions/3.9/lib/python3.9/site-packages/airflow/example_dags/plugins/decreasing_priority_weight_strategy.py for tasks to queue
[2025-01-04T20:27:56.255-0500] {logging_mixin.py:190} INFO - [2025-01-04T20:27:56.255-0500] {dagbag.py:588} INFO - Filling up the DagBag from /Library/Frameworks/Python.framework/Versions/3.9/lib/python3.9/site-packages/airflow/example_dags/plugins/decreasing_priority_weight_strategy.py
[2025-01-04T20:27:56.256-0500] {processor.py:927} WARNING - No viable dags retrieved from /Library/Frameworks/Python.framework/Versions/3.9/lib/python3.9/site-packages/airflow/example_dags/plugins/decreasing_priority_weight_strategy.py
[2025-01-04T20:27:56.297-0500] {processor.py:208} INFO - Processing /Library/Frameworks/Python.framework/Versions/3.9/lib/python3.9/site-packages/airflow/example_dags/plugins/decreasing_priority_weight_strategy.py took 0.045 seconds
[2025-01-04T20:29:27.190-0500] {processor.py:186} INFO - Started process (PID=99801) to work on /Library/Frameworks/Python.framework/Versions/3.9/lib/python3.9/site-packages/airflow/example_dags/plugins/decreasing_priority_weight_strategy.py
[2025-01-04T20:29:27.191-0500] {processor.py:914} INFO - Processing file /Library/Frameworks/Python.framework/Versions/3.9/lib/python3.9/site-packages/airflow/example_dags/plugins/decreasing_priority_weight_strategy.py for tasks to queue
[2025-01-04T20:29:27.192-0500] {logging_mixin.py:190} INFO - [2025-01-04T20:29:27.192-0500] {dagbag.py:588} INFO - Filling up the DagBag from /Library/Frameworks/Python.framework/Versions/3.9/lib/python3.9/site-packages/airflow/example_dags/plugins/decreasing_priority_weight_strategy.py
[2025-01-04T20:29:27.193-0500] {processor.py:927} WARNING - No viable dags retrieved from /Library/Frameworks/Python.framework/Versions/3.9/lib/python3.9/site-packages/airflow/example_dags/plugins/decreasing_priority_weight_strategy.py
[2025-01-04T20:29:27.241-0500] {processor.py:208} INFO - Processing /Library/Frameworks/Python.framework/Versions/3.9/lib/python3.9/site-packages/airflow/example_dags/plugins/decreasing_priority_weight_strategy.py took 0.054 seconds
[2025-01-04T20:31:09.214-0500] {processor.py:186} INFO - Started process (PID=234) to work on /Library/Frameworks/Python.framework/Versions/3.9/lib/python3.9/site-packages/airflow/example_dags/plugins/decreasing_priority_weight_strategy.py
[2025-01-04T20:31:09.216-0500] {processor.py:914} INFO - Processing file /Library/Frameworks/Python.framework/Versions/3.9/lib/python3.9/site-packages/airflow/example_dags/plugins/decreasing_priority_weight_strategy.py for tasks to queue
[2025-01-04T20:31:09.216-0500] {logging_mixin.py:190} INFO - [2025-01-04T20:31:09.216-0500] {dagbag.py:588} INFO - Filling up the DagBag from /Library/Frameworks/Python.framework/Versions/3.9/lib/python3.9/site-packages/airflow/example_dags/plugins/decreasing_priority_weight_strategy.py
[2025-01-04T20:31:09.217-0500] {processor.py:927} WARNING - No viable dags retrieved from /Library/Frameworks/Python.framework/Versions/3.9/lib/python3.9/site-packages/airflow/example_dags/plugins/decreasing_priority_weight_strategy.py
[2025-01-04T20:31:09.268-0500] {processor.py:208} INFO - Processing /Library/Frameworks/Python.framework/Versions/3.9/lib/python3.9/site-packages/airflow/example_dags/plugins/decreasing_priority_weight_strategy.py took 0.057 seconds
[2025-01-04T20:32:53.078-0500] {processor.py:186} INFO - Started process (PID=614) to work on /Library/Frameworks/Python.framework/Versions/3.9/lib/python3.9/site-packages/airflow/example_dags/plugins/decreasing_priority_weight_strategy.py
[2025-01-04T20:32:53.079-0500] {processor.py:914} INFO - Processing file /Library/Frameworks/Python.framework/Versions/3.9/lib/python3.9/site-packages/airflow/example_dags/plugins/decreasing_priority_weight_strategy.py for tasks to queue
[2025-01-04T20:32:53.080-0500] {logging_mixin.py:190} INFO - [2025-01-04T20:32:53.079-0500] {dagbag.py:588} INFO - Filling up the DagBag from /Library/Frameworks/Python.framework/Versions/3.9/lib/python3.9/site-packages/airflow/example_dags/plugins/decreasing_priority_weight_strategy.py
[2025-01-04T20:32:53.080-0500] {processor.py:927} WARNING - No viable dags retrieved from /Library/Frameworks/Python.framework/Versions/3.9/lib/python3.9/site-packages/airflow/example_dags/plugins/decreasing_priority_weight_strategy.py
[2025-01-04T20:32:53.123-0500] {processor.py:208} INFO - Processing /Library/Frameworks/Python.framework/Versions/3.9/lib/python3.9/site-packages/airflow/example_dags/plugins/decreasing_priority_weight_strategy.py took 0.048 seconds
[2025-01-04T20:34:38.877-0500] {processor.py:186} INFO - Started process (PID=979) to work on /Library/Frameworks/Python.framework/Versions/3.9/lib/python3.9/site-packages/airflow/example_dags/plugins/decreasing_priority_weight_strategy.py
[2025-01-04T20:34:38.879-0500] {processor.py:914} INFO - Processing file /Library/Frameworks/Python.framework/Versions/3.9/lib/python3.9/site-packages/airflow/example_dags/plugins/decreasing_priority_weight_strategy.py for tasks to queue
[2025-01-04T20:34:38.881-0500] {logging_mixin.py:190} INFO - [2025-01-04T20:34:38.881-0500] {dagbag.py:588} INFO - Filling up the DagBag from /Library/Frameworks/Python.framework/Versions/3.9/lib/python3.9/site-packages/airflow/example_dags/plugins/decreasing_priority_weight_strategy.py
[2025-01-04T20:34:38.882-0500] {processor.py:927} WARNING - No viable dags retrieved from /Library/Frameworks/Python.framework/Versions/3.9/lib/python3.9/site-packages/airflow/example_dags/plugins/decreasing_priority_weight_strategy.py
[2025-01-04T20:34:38.940-0500] {processor.py:208} INFO - Processing /Library/Frameworks/Python.framework/Versions/3.9/lib/python3.9/site-packages/airflow/example_dags/plugins/decreasing_priority_weight_strategy.py took 0.074 seconds
[2025-01-04T20:36:26.109-0500] {processor.py:186} INFO - Started process (PID=1309) to work on /Library/Frameworks/Python.framework/Versions/3.9/lib/python3.9/site-packages/airflow/example_dags/plugins/decreasing_priority_weight_strategy.py
[2025-01-04T20:36:26.110-0500] {processor.py:914} INFO - Processing file /Library/Frameworks/Python.framework/Versions/3.9/lib/python3.9/site-packages/airflow/example_dags/plugins/decreasing_priority_weight_strategy.py for tasks to queue
[2025-01-04T20:36:26.110-0500] {logging_mixin.py:190} INFO - [2025-01-04T20:36:26.110-0500] {dagbag.py:588} INFO - Filling up the DagBag from /Library/Frameworks/Python.framework/Versions/3.9/lib/python3.9/site-packages/airflow/example_dags/plugins/decreasing_priority_weight_strategy.py
[2025-01-04T20:36:26.111-0500] {processor.py:927} WARNING - No viable dags retrieved from /Library/Frameworks/Python.framework/Versions/3.9/lib/python3.9/site-packages/airflow/example_dags/plugins/decreasing_priority_weight_strategy.py
[2025-01-04T20:36:26.154-0500] {processor.py:208} INFO - Processing /Library/Frameworks/Python.framework/Versions/3.9/lib/python3.9/site-packages/airflow/example_dags/plugins/decreasing_priority_weight_strategy.py took 0.048 seconds
[2025-01-04T20:38:08.603-0500] {processor.py:186} INFO - Started process (PID=1636) to work on /Library/Frameworks/Python.framework/Versions/3.9/lib/python3.9/site-packages/airflow/example_dags/plugins/decreasing_priority_weight_strategy.py
[2025-01-04T20:38:08.604-0500] {processor.py:914} INFO - Processing file /Library/Frameworks/Python.framework/Versions/3.9/lib/python3.9/site-packages/airflow/example_dags/plugins/decreasing_priority_weight_strategy.py for tasks to queue
[2025-01-04T20:38:08.605-0500] {logging_mixin.py:190} INFO - [2025-01-04T20:38:08.605-0500] {dagbag.py:588} INFO - Filling up the DagBag from /Library/Frameworks/Python.framework/Versions/3.9/lib/python3.9/site-packages/airflow/example_dags/plugins/decreasing_priority_weight_strategy.py
[2025-01-04T20:38:08.605-0500] {processor.py:927} WARNING - No viable dags retrieved from /Library/Frameworks/Python.framework/Versions/3.9/lib/python3.9/site-packages/airflow/example_dags/plugins/decreasing_priority_weight_strategy.py
[2025-01-04T20:38:08.650-0500] {processor.py:208} INFO - Processing /Library/Frameworks/Python.framework/Versions/3.9/lib/python3.9/site-packages/airflow/example_dags/plugins/decreasing_priority_weight_strategy.py took 0.049 seconds
[2025-01-04T20:39:52.464-0500] {processor.py:186} INFO - Started process (PID=1966) to work on /Library/Frameworks/Python.framework/Versions/3.9/lib/python3.9/site-packages/airflow/example_dags/plugins/decreasing_priority_weight_strategy.py
[2025-01-04T20:39:52.466-0500] {processor.py:914} INFO - Processing file /Library/Frameworks/Python.framework/Versions/3.9/lib/python3.9/site-packages/airflow/example_dags/plugins/decreasing_priority_weight_strategy.py for tasks to queue
[2025-01-04T20:39:52.466-0500] {logging_mixin.py:190} INFO - [2025-01-04T20:39:52.466-0500] {dagbag.py:588} INFO - Filling up the DagBag from /Library/Frameworks/Python.framework/Versions/3.9/lib/python3.9/site-packages/airflow/example_dags/plugins/decreasing_priority_weight_strategy.py
[2025-01-04T20:39:52.467-0500] {processor.py:927} WARNING - No viable dags retrieved from /Library/Frameworks/Python.framework/Versions/3.9/lib/python3.9/site-packages/airflow/example_dags/plugins/decreasing_priority_weight_strategy.py
[2025-01-04T20:39:52.514-0500] {processor.py:208} INFO - Processing /Library/Frameworks/Python.framework/Versions/3.9/lib/python3.9/site-packages/airflow/example_dags/plugins/decreasing_priority_weight_strategy.py took 0.065 seconds
[2025-01-04T20:41:36.641-0500] {processor.py:186} INFO - Started process (PID=2236) to work on /Library/Frameworks/Python.framework/Versions/3.9/lib/python3.9/site-packages/airflow/example_dags/plugins/decreasing_priority_weight_strategy.py
[2025-01-04T20:41:36.643-0500] {processor.py:914} INFO - Processing file /Library/Frameworks/Python.framework/Versions/3.9/lib/python3.9/site-packages/airflow/example_dags/plugins/decreasing_priority_weight_strategy.py for tasks to queue
[2025-01-04T20:41:36.643-0500] {logging_mixin.py:190} INFO - [2025-01-04T20:41:36.643-0500] {dagbag.py:588} INFO - Filling up the DagBag from /Library/Frameworks/Python.framework/Versions/3.9/lib/python3.9/site-packages/airflow/example_dags/plugins/decreasing_priority_weight_strategy.py
[2025-01-04T20:41:36.644-0500] {processor.py:927} WARNING - No viable dags retrieved from /Library/Frameworks/Python.framework/Versions/3.9/lib/python3.9/site-packages/airflow/example_dags/plugins/decreasing_priority_weight_strategy.py
[2025-01-04T20:41:36.684-0500] {processor.py:208} INFO - Processing /Library/Frameworks/Python.framework/Versions/3.9/lib/python3.9/site-packages/airflow/example_dags/plugins/decreasing_priority_weight_strategy.py took 0.045 seconds
[2025-01-04T20:43:17.415-0500] {processor.py:186} INFO - Started process (PID=2458) to work on /Library/Frameworks/Python.framework/Versions/3.9/lib/python3.9/site-packages/airflow/example_dags/plugins/decreasing_priority_weight_strategy.py
[2025-01-04T20:43:17.417-0500] {processor.py:914} INFO - Processing file /Library/Frameworks/Python.framework/Versions/3.9/lib/python3.9/site-packages/airflow/example_dags/plugins/decreasing_priority_weight_strategy.py for tasks to queue
[2025-01-04T20:43:17.417-0500] {logging_mixin.py:190} INFO - [2025-01-04T20:43:17.417-0500] {dagbag.py:588} INFO - Filling up the DagBag from /Library/Frameworks/Python.framework/Versions/3.9/lib/python3.9/site-packages/airflow/example_dags/plugins/decreasing_priority_weight_strategy.py
[2025-01-04T20:43:17.418-0500] {processor.py:927} WARNING - No viable dags retrieved from /Library/Frameworks/Python.framework/Versions/3.9/lib/python3.9/site-packages/airflow/example_dags/plugins/decreasing_priority_weight_strategy.py
[2025-01-04T20:43:17.468-0500] {processor.py:208} INFO - Processing /Library/Frameworks/Python.framework/Versions/3.9/lib/python3.9/site-packages/airflow/example_dags/plugins/decreasing_priority_weight_strategy.py took 0.056 seconds
[2025-01-04T20:45:05.014-0500] {processor.py:186} INFO - Started process (PID=2768) to work on /Library/Frameworks/Python.framework/Versions/3.9/lib/python3.9/site-packages/airflow/example_dags/plugins/decreasing_priority_weight_strategy.py
[2025-01-04T20:45:05.016-0500] {processor.py:914} INFO - Processing file /Library/Frameworks/Python.framework/Versions/3.9/lib/python3.9/site-packages/airflow/example_dags/plugins/decreasing_priority_weight_strategy.py for tasks to queue
[2025-01-04T20:45:05.016-0500] {logging_mixin.py:190} INFO - [2025-01-04T20:45:05.016-0500] {dagbag.py:588} INFO - Filling up the DagBag from /Library/Frameworks/Python.framework/Versions/3.9/lib/python3.9/site-packages/airflow/example_dags/plugins/decreasing_priority_weight_strategy.py
[2025-01-04T20:45:05.017-0500] {processor.py:927} WARNING - No viable dags retrieved from /Library/Frameworks/Python.framework/Versions/3.9/lib/python3.9/site-packages/airflow/example_dags/plugins/decreasing_priority_weight_strategy.py
[2025-01-04T20:45:05.059-0500] {processor.py:208} INFO - Processing /Library/Frameworks/Python.framework/Versions/3.9/lib/python3.9/site-packages/airflow/example_dags/plugins/decreasing_priority_weight_strategy.py took 0.046 seconds
[2025-01-04T20:47:01.364-0500] {processor.py:186} INFO - Started process (PID=3103) to work on /Library/Frameworks/Python.framework/Versions/3.9/lib/python3.9/site-packages/airflow/example_dags/plugins/decreasing_priority_weight_strategy.py
[2025-01-04T20:47:01.367-0500] {processor.py:914} INFO - Processing file /Library/Frameworks/Python.framework/Versions/3.9/lib/python3.9/site-packages/airflow/example_dags/plugins/decreasing_priority_weight_strategy.py for tasks to queue
[2025-01-04T20:47:01.368-0500] {logging_mixin.py:190} INFO - [2025-01-04T20:47:01.368-0500] {dagbag.py:588} INFO - Filling up the DagBag from /Library/Frameworks/Python.framework/Versions/3.9/lib/python3.9/site-packages/airflow/example_dags/plugins/decreasing_priority_weight_strategy.py
[2025-01-04T20:47:01.369-0500] {processor.py:927} WARNING - No viable dags retrieved from /Library/Frameworks/Python.framework/Versions/3.9/lib/python3.9/site-packages/airflow/example_dags/plugins/decreasing_priority_weight_strategy.py
[2025-01-04T20:47:01.437-0500] {processor.py:208} INFO - Processing /Library/Frameworks/Python.framework/Versions/3.9/lib/python3.9/site-packages/airflow/example_dags/plugins/decreasing_priority_weight_strategy.py took 0.076 seconds
[2025-01-04T20:48:58.317-0500] {processor.py:186} INFO - Started process (PID=3459) to work on /Library/Frameworks/Python.framework/Versions/3.9/lib/python3.9/site-packages/airflow/example_dags/plugins/decreasing_priority_weight_strategy.py
[2025-01-04T20:48:58.319-0500] {processor.py:914} INFO - Processing file /Library/Frameworks/Python.framework/Versions/3.9/lib/python3.9/site-packages/airflow/example_dags/plugins/decreasing_priority_weight_strategy.py for tasks to queue
[2025-01-04T20:48:58.319-0500] {logging_mixin.py:190} INFO - [2025-01-04T20:48:58.319-0500] {dagbag.py:588} INFO - Filling up the DagBag from /Library/Frameworks/Python.framework/Versions/3.9/lib/python3.9/site-packages/airflow/example_dags/plugins/decreasing_priority_weight_strategy.py
[2025-01-04T20:48:58.320-0500] {processor.py:927} WARNING - No viable dags retrieved from /Library/Frameworks/Python.framework/Versions/3.9/lib/python3.9/site-packages/airflow/example_dags/plugins/decreasing_priority_weight_strategy.py
[2025-01-04T20:48:58.368-0500] {processor.py:208} INFO - Processing /Library/Frameworks/Python.framework/Versions/3.9/lib/python3.9/site-packages/airflow/example_dags/plugins/decreasing_priority_weight_strategy.py took 0.053 seconds
