[2025-01-04T20:25:32.150-0500] {processor.py:186} INFO - Started process (PID=99217) to work on /Library/Frameworks/Python.framework/Versions/3.9/lib/python3.9/site-packages/airflow/example_dags/plugins/listener_plugin.py
[2025-01-04T20:25:32.152-0500] {processor.py:914} INFO - Processing file /Library/Frameworks/Python.framework/Versions/3.9/lib/python3.9/site-packages/airflow/example_dags/plugins/listener_plugin.py for tasks to queue
[2025-01-04T20:25:32.159-0500] {logging_mixin.py:190} INFO - [2025-01-04T20:25:32.158-0500] {dagbag.py:588} INFO - Filling up the DagBag from /Library/Frameworks/Python.framework/Versions/3.9/lib/python3.9/site-packages/airflow/example_dags/plugins/listener_plugin.py
[2025-01-04T20:25:32.211-0500] {processor.py:927} WARNING - No viable dags retrieved from /Library/Frameworks/Python.framework/Versions/3.9/lib/python3.9/site-packages/airflow/example_dags/plugins/listener_plugin.py
[2025-01-04T20:25:32.363-0500] {processor.py:208} INFO - Processing /Library/Frameworks/Python.framework/Versions/3.9/lib/python3.9/site-packages/airflow/example_dags/plugins/listener_plugin.py took 0.219 seconds
[2025-01-04T20:27:51.157-0500] {processor.py:186} INFO - Started process (PID=99565) to work on /Library/Frameworks/Python.framework/Versions/3.9/lib/python3.9/site-packages/airflow/example_dags/plugins/listener_plugin.py
[2025-01-04T20:27:51.158-0500] {processor.py:914} INFO - Processing file /Library/Frameworks/Python.framework/Versions/3.9/lib/python3.9/site-packages/airflow/example_dags/plugins/listener_plugin.py for tasks to queue
[2025-01-04T20:27:51.159-0500] {logging_mixin.py:190} INFO - [2025-01-04T20:27:51.158-0500] {dagbag.py:588} INFO - Filling up the DagBag from /Library/Frameworks/Python.framework/Versions/3.9/lib/python3.9/site-packages/airflow/example_dags/plugins/listener_plugin.py
[2025-01-04T20:27:51.161-0500] {processor.py:927} WARNING - No viable dags retrieved from /Library/Frameworks/Python.framework/Versions/3.9/lib/python3.9/site-packages/airflow/example_dags/plugins/listener_plugin.py
[2025-01-04T20:27:51.203-0500] {processor.py:208} INFO - Processing /Library/Frameworks/Python.framework/Versions/3.9/lib/python3.9/site-packages/airflow/example_dags/plugins/listener_plugin.py took 0.048 seconds
[2025-01-04T20:29:24.289-0500] {processor.py:186} INFO - Started process (PID=99790) to work on /Library/Frameworks/Python.framework/Versions/3.9/lib/python3.9/site-packages/airflow/example_dags/plugins/listener_plugin.py
[2025-01-04T20:29:24.290-0500] {processor.py:914} INFO - Processing file /Library/Frameworks/Python.framework/Versions/3.9/lib/python3.9/site-packages/airflow/example_dags/plugins/listener_plugin.py for tasks to queue
[2025-01-04T20:29:24.290-0500] {logging_mixin.py:190} INFO - [2025-01-04T20:29:24.290-0500] {dagbag.py:588} INFO - Filling up the DagBag from /Library/Frameworks/Python.framework/Versions/3.9/lib/python3.9/site-packages/airflow/example_dags/plugins/listener_plugin.py
[2025-01-04T20:29:24.292-0500] {processor.py:927} WARNING - No viable dags retrieved from /Library/Frameworks/Python.framework/Versions/3.9/lib/python3.9/site-packages/airflow/example_dags/plugins/listener_plugin.py
[2025-01-04T20:29:24.338-0500] {processor.py:208} INFO - Processing /Library/Frameworks/Python.framework/Versions/3.9/lib/python3.9/site-packages/airflow/example_dags/plugins/listener_plugin.py took 0.051 seconds
[2025-01-04T20:31:03.342-0500] {processor.py:186} INFO - Started process (PID=208) to work on /Library/Frameworks/Python.framework/Versions/3.9/lib/python3.9/site-packages/airflow/example_dags/plugins/listener_plugin.py
[2025-01-04T20:31:03.346-0500] {processor.py:914} INFO - Processing file /Library/Frameworks/Python.framework/Versions/3.9/lib/python3.9/site-packages/airflow/example_dags/plugins/listener_plugin.py for tasks to queue
[2025-01-04T20:31:03.346-0500] {logging_mixin.py:190} INFO - [2025-01-04T20:31:03.346-0500] {dagbag.py:588} INFO - Filling up the DagBag from /Library/Frameworks/Python.framework/Versions/3.9/lib/python3.9/site-packages/airflow/example_dags/plugins/listener_plugin.py
[2025-01-04T20:31:03.349-0500] {processor.py:927} WARNING - No viable dags retrieved from /Library/Frameworks/Python.framework/Versions/3.9/lib/python3.9/site-packages/airflow/example_dags/plugins/listener_plugin.py
[2025-01-04T20:31:03.537-0500] {processor.py:208} INFO - Processing /Library/Frameworks/Python.framework/Versions/3.9/lib/python3.9/site-packages/airflow/example_dags/plugins/listener_plugin.py took 0.197 seconds
[2025-01-04T20:32:48.591-0500] {processor.py:186} INFO - Started process (PID=592) to work on /Library/Frameworks/Python.framework/Versions/3.9/lib/python3.9/site-packages/airflow/example_dags/plugins/listener_plugin.py
[2025-01-04T20:32:48.592-0500] {processor.py:914} INFO - Processing file /Library/Frameworks/Python.framework/Versions/3.9/lib/python3.9/site-packages/airflow/example_dags/plugins/listener_plugin.py for tasks to queue
[2025-01-04T20:32:48.593-0500] {logging_mixin.py:190} INFO - [2025-01-04T20:32:48.593-0500] {dagbag.py:588} INFO - Filling up the DagBag from /Library/Frameworks/Python.framework/Versions/3.9/lib/python3.9/site-packages/airflow/example_dags/plugins/listener_plugin.py
[2025-01-04T20:32:48.595-0500] {processor.py:927} WARNING - No viable dags retrieved from /Library/Frameworks/Python.framework/Versions/3.9/lib/python3.9/site-packages/airflow/example_dags/plugins/listener_plugin.py
[2025-01-04T20:32:48.640-0500] {processor.py:208} INFO - Processing /Library/Frameworks/Python.framework/Versions/3.9/lib/python3.9/site-packages/airflow/example_dags/plugins/listener_plugin.py took 0.052 seconds
[2025-01-04T20:34:33.605-0500] {processor.py:186} INFO - Started process (PID=955) to work on /Library/Frameworks/Python.framework/Versions/3.9/lib/python3.9/site-packages/airflow/example_dags/plugins/listener_plugin.py
[2025-01-04T20:34:33.608-0500] {processor.py:914} INFO - Processing file /Library/Frameworks/Python.framework/Versions/3.9/lib/python3.9/site-packages/airflow/example_dags/plugins/listener_plugin.py for tasks to queue
[2025-01-04T20:34:33.613-0500] {logging_mixin.py:190} INFO - [2025-01-04T20:34:33.613-0500] {dagbag.py:588} INFO - Filling up the DagBag from /Library/Frameworks/Python.framework/Versions/3.9/lib/python3.9/site-packages/airflow/example_dags/plugins/listener_plugin.py
[2025-01-04T20:34:33.615-0500] {processor.py:927} WARNING - No viable dags retrieved from /Library/Frameworks/Python.framework/Versions/3.9/lib/python3.9/site-packages/airflow/example_dags/plugins/listener_plugin.py
[2025-01-04T20:34:33.697-0500] {processor.py:208} INFO - Processing /Library/Frameworks/Python.framework/Versions/3.9/lib/python3.9/site-packages/airflow/example_dags/plugins/listener_plugin.py took 0.099 seconds
[2025-01-04T20:36:21.789-0500] {processor.py:186} INFO - Started process (PID=1293) to work on /Library/Frameworks/Python.framework/Versions/3.9/lib/python3.9/site-packages/airflow/example_dags/plugins/listener_plugin.py
[2025-01-04T20:36:21.790-0500] {processor.py:914} INFO - Processing file /Library/Frameworks/Python.framework/Versions/3.9/lib/python3.9/site-packages/airflow/example_dags/plugins/listener_plugin.py for tasks to queue
[2025-01-04T20:36:21.791-0500] {logging_mixin.py:190} INFO - [2025-01-04T20:36:21.790-0500] {dagbag.py:588} INFO - Filling up the DagBag from /Library/Frameworks/Python.framework/Versions/3.9/lib/python3.9/site-packages/airflow/example_dags/plugins/listener_plugin.py
[2025-01-04T20:36:21.793-0500] {processor.py:927} WARNING - No viable dags retrieved from /Library/Frameworks/Python.framework/Versions/3.9/lib/python3.9/site-packages/airflow/example_dags/plugins/listener_plugin.py
[2025-01-04T20:36:21.836-0500] {processor.py:208} INFO - Processing /Library/Frameworks/Python.framework/Versions/3.9/lib/python3.9/site-packages/airflow/example_dags/plugins/listener_plugin.py took 0.049 seconds
[2025-01-04T20:38:04.391-0500] {processor.py:186} INFO - Started process (PID=1624) to work on /Library/Frameworks/Python.framework/Versions/3.9/lib/python3.9/site-packages/airflow/example_dags/plugins/listener_plugin.py
[2025-01-04T20:38:04.393-0500] {processor.py:914} INFO - Processing file /Library/Frameworks/Python.framework/Versions/3.9/lib/python3.9/site-packages/airflow/example_dags/plugins/listener_plugin.py for tasks to queue
[2025-01-04T20:38:04.394-0500] {logging_mixin.py:190} INFO - [2025-01-04T20:38:04.394-0500] {dagbag.py:588} INFO - Filling up the DagBag from /Library/Frameworks/Python.framework/Versions/3.9/lib/python3.9/site-packages/airflow/example_dags/plugins/listener_plugin.py
[2025-01-04T20:38:04.396-0500] {processor.py:927} WARNING - No viable dags retrieved from /Library/Frameworks/Python.framework/Versions/3.9/lib/python3.9/site-packages/airflow/example_dags/plugins/listener_plugin.py
[2025-01-04T20:38:04.454-0500] {processor.py:208} INFO - Processing /Library/Frameworks/Python.framework/Versions/3.9/lib/python3.9/site-packages/airflow/example_dags/plugins/listener_plugin.py took 0.067 seconds
[2025-01-04T20:39:48.081-0500] {processor.py:186} INFO - Started process (PID=1954) to work on /Library/Frameworks/Python.framework/Versions/3.9/lib/python3.9/site-packages/airflow/example_dags/plugins/listener_plugin.py
[2025-01-04T20:39:48.083-0500] {processor.py:914} INFO - Processing file /Library/Frameworks/Python.framework/Versions/3.9/lib/python3.9/site-packages/airflow/example_dags/plugins/listener_plugin.py for tasks to queue
[2025-01-04T20:39:48.083-0500] {logging_mixin.py:190} INFO - [2025-01-04T20:39:48.083-0500] {dagbag.py:588} INFO - Filling up the DagBag from /Library/Frameworks/Python.framework/Versions/3.9/lib/python3.9/site-packages/airflow/example_dags/plugins/listener_plugin.py
[2025-01-04T20:39:48.084-0500] {processor.py:927} WARNING - No viable dags retrieved from /Library/Frameworks/Python.framework/Versions/3.9/lib/python3.9/site-packages/airflow/example_dags/plugins/listener_plugin.py
[2025-01-04T20:39:48.124-0500] {processor.py:208} INFO - Processing /Library/Frameworks/Python.framework/Versions/3.9/lib/python3.9/site-packages/airflow/example_dags/plugins/listener_plugin.py took 0.045 seconds
[2025-01-04T20:41:32.587-0500] {processor.py:186} INFO - Started process (PID=2232) to work on /Library/Frameworks/Python.framework/Versions/3.9/lib/python3.9/site-packages/airflow/example_dags/plugins/listener_plugin.py
[2025-01-04T20:41:32.589-0500] {processor.py:914} INFO - Processing file /Library/Frameworks/Python.framework/Versions/3.9/lib/python3.9/site-packages/airflow/example_dags/plugins/listener_plugin.py for tasks to queue
[2025-01-04T20:41:32.590-0500] {logging_mixin.py:190} INFO - [2025-01-04T20:41:32.590-0500] {dagbag.py:588} INFO - Filling up the DagBag from /Library/Frameworks/Python.framework/Versions/3.9/lib/python3.9/site-packages/airflow/example_dags/plugins/listener_plugin.py
[2025-01-04T20:41:32.593-0500] {processor.py:927} WARNING - No viable dags retrieved from /Library/Frameworks/Python.framework/Versions/3.9/lib/python3.9/site-packages/airflow/example_dags/plugins/listener_plugin.py
[2025-01-04T20:41:32.636-0500] {processor.py:208} INFO - Processing /Library/Frameworks/Python.framework/Versions/3.9/lib/python3.9/site-packages/airflow/example_dags/plugins/listener_plugin.py took 0.051 seconds
[2025-01-04T20:43:13.294-0500] {processor.py:186} INFO - Started process (PID=2439) to work on /Library/Frameworks/Python.framework/Versions/3.9/lib/python3.9/site-packages/airflow/example_dags/plugins/listener_plugin.py
[2025-01-04T20:43:13.296-0500] {processor.py:914} INFO - Processing file /Library/Frameworks/Python.framework/Versions/3.9/lib/python3.9/site-packages/airflow/example_dags/plugins/listener_plugin.py for tasks to queue
[2025-01-04T20:43:13.297-0500] {logging_mixin.py:190} INFO - [2025-01-04T20:43:13.297-0500] {dagbag.py:588} INFO - Filling up the DagBag from /Library/Frameworks/Python.framework/Versions/3.9/lib/python3.9/site-packages/airflow/example_dags/plugins/listener_plugin.py
[2025-01-04T20:43:13.298-0500] {processor.py:927} WARNING - No viable dags retrieved from /Library/Frameworks/Python.framework/Versions/3.9/lib/python3.9/site-packages/airflow/example_dags/plugins/listener_plugin.py
[2025-01-04T20:43:13.352-0500] {processor.py:208} INFO - Processing /Library/Frameworks/Python.framework/Versions/3.9/lib/python3.9/site-packages/airflow/example_dags/plugins/listener_plugin.py took 0.061 seconds
[2025-01-04T20:45:00.965-0500] {processor.py:186} INFO - Started process (PID=2741) to work on /Library/Frameworks/Python.framework/Versions/3.9/lib/python3.9/site-packages/airflow/example_dags/plugins/listener_plugin.py
[2025-01-04T20:45:00.969-0500] {processor.py:914} INFO - Processing file /Library/Frameworks/Python.framework/Versions/3.9/lib/python3.9/site-packages/airflow/example_dags/plugins/listener_plugin.py for tasks to queue
[2025-01-04T20:45:00.969-0500] {logging_mixin.py:190} INFO - [2025-01-04T20:45:00.969-0500] {dagbag.py:588} INFO - Filling up the DagBag from /Library/Frameworks/Python.framework/Versions/3.9/lib/python3.9/site-packages/airflow/example_dags/plugins/listener_plugin.py
[2025-01-04T20:45:00.972-0500] {processor.py:927} WARNING - No viable dags retrieved from /Library/Frameworks/Python.framework/Versions/3.9/lib/python3.9/site-packages/airflow/example_dags/plugins/listener_plugin.py
[2025-01-04T20:45:01.018-0500] {processor.py:208} INFO - Processing /Library/Frameworks/Python.framework/Versions/3.9/lib/python3.9/site-packages/airflow/example_dags/plugins/listener_plugin.py took 0.060 seconds
[2025-01-04T20:46:56.102-0500] {processor.py:186} INFO - Started process (PID=3094) to work on /Library/Frameworks/Python.framework/Versions/3.9/lib/python3.9/site-packages/airflow/example_dags/plugins/listener_plugin.py
[2025-01-04T20:46:56.103-0500] {processor.py:914} INFO - Processing file /Library/Frameworks/Python.framework/Versions/3.9/lib/python3.9/site-packages/airflow/example_dags/plugins/listener_plugin.py for tasks to queue
[2025-01-04T20:46:56.104-0500] {logging_mixin.py:190} INFO - [2025-01-04T20:46:56.104-0500] {dagbag.py:588} INFO - Filling up the DagBag from /Library/Frameworks/Python.framework/Versions/3.9/lib/python3.9/site-packages/airflow/example_dags/plugins/listener_plugin.py
[2025-01-04T20:46:56.106-0500] {processor.py:927} WARNING - No viable dags retrieved from /Library/Frameworks/Python.framework/Versions/3.9/lib/python3.9/site-packages/airflow/example_dags/plugins/listener_plugin.py
[2025-01-04T20:46:56.149-0500] {processor.py:208} INFO - Processing /Library/Frameworks/Python.framework/Versions/3.9/lib/python3.9/site-packages/airflow/example_dags/plugins/listener_plugin.py took 0.049 seconds
[2025-01-04T20:48:53.937-0500] {processor.py:186} INFO - Started process (PID=3444) to work on /Library/Frameworks/Python.framework/Versions/3.9/lib/python3.9/site-packages/airflow/example_dags/plugins/listener_plugin.py
[2025-01-04T20:48:53.938-0500] {processor.py:914} INFO - Processing file /Library/Frameworks/Python.framework/Versions/3.9/lib/python3.9/site-packages/airflow/example_dags/plugins/listener_plugin.py for tasks to queue
[2025-01-04T20:48:53.938-0500] {logging_mixin.py:190} INFO - [2025-01-04T20:48:53.938-0500] {dagbag.py:588} INFO - Filling up the DagBag from /Library/Frameworks/Python.framework/Versions/3.9/lib/python3.9/site-packages/airflow/example_dags/plugins/listener_plugin.py
[2025-01-04T20:48:53.939-0500] {processor.py:927} WARNING - No viable dags retrieved from /Library/Frameworks/Python.framework/Versions/3.9/lib/python3.9/site-packages/airflow/example_dags/plugins/listener_plugin.py
[2025-01-04T20:48:53.979-0500] {processor.py:208} INFO - Processing /Library/Frameworks/Python.framework/Versions/3.9/lib/python3.9/site-packages/airflow/example_dags/plugins/listener_plugin.py took 0.044 seconds
