[2025-01-04T20:25:29.580-0500] {processor.py:186} INFO - Started process (PID=99213) to work on /Library/Frameworks/Python.framework/Versions/3.9/lib/python3.9/site-packages/airflow/example_dags/plugins/workday.py
[2025-01-04T20:25:29.581-0500] {processor.py:914} INFO - Processing file /Library/Frameworks/Python.framework/Versions/3.9/lib/python3.9/site-packages/airflow/example_dags/plugins/workday.py for tasks to queue
[2025-01-04T20:25:29.581-0500] {logging_mixin.py:190} INFO - [2025-01-04T20:25:29.581-0500] {dagbag.py:588} INFO - Filling up the DagBag from /Library/Frameworks/Python.framework/Versions/3.9/lib/python3.9/site-packages/airflow/example_dags/plugins/workday.py
[2025-01-04T20:25:29.938-0500] {processor.py:927} WARNING - No viable dags retrieved from /Library/Frameworks/Python.framework/Versions/3.9/lib/python3.9/site-packages/airflow/example_dags/plugins/workday.py
[2025-01-04T20:25:29.983-0500] {processor.py:208} INFO - Processing /Library/Frameworks/Python.framework/Versions/3.9/lib/python3.9/site-packages/airflow/example_dags/plugins/workday.py took 0.406 seconds
[2025-01-04T20:27:49.237-0500] {processor.py:186} INFO - Started process (PID=99555) to work on /Library/Frameworks/Python.framework/Versions/3.9/lib/python3.9/site-packages/airflow/example_dags/plugins/workday.py
[2025-01-04T20:27:49.238-0500] {processor.py:914} INFO - Processing file /Library/Frameworks/Python.framework/Versions/3.9/lib/python3.9/site-packages/airflow/example_dags/plugins/workday.py for tasks to queue
[2025-01-04T20:27:49.239-0500] {logging_mixin.py:190} INFO - [2025-01-04T20:27:49.239-0500] {dagbag.py:588} INFO - Filling up the DagBag from /Library/Frameworks/Python.framework/Versions/3.9/lib/python3.9/site-packages/airflow/example_dags/plugins/workday.py
[2025-01-04T20:27:49.579-0500] {processor.py:927} WARNING - No viable dags retrieved from /Library/Frameworks/Python.framework/Versions/3.9/lib/python3.9/site-packages/airflow/example_dags/plugins/workday.py
[2025-01-04T20:27:49.623-0500] {processor.py:208} INFO - Processing /Library/Frameworks/Python.framework/Versions/3.9/lib/python3.9/site-packages/airflow/example_dags/plugins/workday.py took 0.388 seconds
[2025-01-04T20:29:21.752-0500] {processor.py:186} INFO - Started process (PID=99787) to work on /Library/Frameworks/Python.framework/Versions/3.9/lib/python3.9/site-packages/airflow/example_dags/plugins/workday.py
[2025-01-04T20:29:21.753-0500] {processor.py:914} INFO - Processing file /Library/Frameworks/Python.framework/Versions/3.9/lib/python3.9/site-packages/airflow/example_dags/plugins/workday.py for tasks to queue
[2025-01-04T20:29:21.754-0500] {logging_mixin.py:190} INFO - [2025-01-04T20:29:21.754-0500] {dagbag.py:588} INFO - Filling up the DagBag from /Library/Frameworks/Python.framework/Versions/3.9/lib/python3.9/site-packages/airflow/example_dags/plugins/workday.py
[2025-01-04T20:29:22.072-0500] {processor.py:927} WARNING - No viable dags retrieved from /Library/Frameworks/Python.framework/Versions/3.9/lib/python3.9/site-packages/airflow/example_dags/plugins/workday.py
[2025-01-04T20:29:22.113-0500] {processor.py:208} INFO - Processing /Library/Frameworks/Python.framework/Versions/3.9/lib/python3.9/site-packages/airflow/example_dags/plugins/workday.py took 0.363 seconds
[2025-01-04T20:31:00.545-0500] {processor.py:186} INFO - Started process (PID=204) to work on /Library/Frameworks/Python.framework/Versions/3.9/lib/python3.9/site-packages/airflow/example_dags/plugins/workday.py
[2025-01-04T20:31:00.546-0500] {processor.py:914} INFO - Processing file /Library/Frameworks/Python.framework/Versions/3.9/lib/python3.9/site-packages/airflow/example_dags/plugins/workday.py for tasks to queue
[2025-01-04T20:31:00.547-0500] {logging_mixin.py:190} INFO - [2025-01-04T20:31:00.547-0500] {dagbag.py:588} INFO - Filling up the DagBag from /Library/Frameworks/Python.framework/Versions/3.9/lib/python3.9/site-packages/airflow/example_dags/plugins/workday.py
[2025-01-04T20:31:00.921-0500] {processor.py:927} WARNING - No viable dags retrieved from /Library/Frameworks/Python.framework/Versions/3.9/lib/python3.9/site-packages/airflow/example_dags/plugins/workday.py
[2025-01-04T20:31:00.991-0500] {processor.py:208} INFO - Processing /Library/Frameworks/Python.framework/Versions/3.9/lib/python3.9/site-packages/airflow/example_dags/plugins/workday.py took 0.449 seconds
[2025-01-04T20:32:46.290-0500] {processor.py:186} INFO - Started process (PID=587) to work on /Library/Frameworks/Python.framework/Versions/3.9/lib/python3.9/site-packages/airflow/example_dags/plugins/workday.py
[2025-01-04T20:32:46.290-0500] {processor.py:914} INFO - Processing file /Library/Frameworks/Python.framework/Versions/3.9/lib/python3.9/site-packages/airflow/example_dags/plugins/workday.py for tasks to queue
[2025-01-04T20:32:46.291-0500] {logging_mixin.py:190} INFO - [2025-01-04T20:32:46.291-0500] {dagbag.py:588} INFO - Filling up the DagBag from /Library/Frameworks/Python.framework/Versions/3.9/lib/python3.9/site-packages/airflow/example_dags/plugins/workday.py
[2025-01-04T20:32:46.791-0500] {processor.py:927} WARNING - No viable dags retrieved from /Library/Frameworks/Python.framework/Versions/3.9/lib/python3.9/site-packages/airflow/example_dags/plugins/workday.py
[2025-01-04T20:32:46.843-0500] {processor.py:208} INFO - Processing /Library/Frameworks/Python.framework/Versions/3.9/lib/python3.9/site-packages/airflow/example_dags/plugins/workday.py took 0.556 seconds
[2025-01-04T20:34:30.549-0500] {processor.py:186} INFO - Started process (PID=950) to work on /Library/Frameworks/Python.framework/Versions/3.9/lib/python3.9/site-packages/airflow/example_dags/plugins/workday.py
[2025-01-04T20:34:30.550-0500] {processor.py:914} INFO - Processing file /Library/Frameworks/Python.framework/Versions/3.9/lib/python3.9/site-packages/airflow/example_dags/plugins/workday.py for tasks to queue
[2025-01-04T20:34:30.550-0500] {logging_mixin.py:190} INFO - [2025-01-04T20:34:30.550-0500] {dagbag.py:588} INFO - Filling up the DagBag from /Library/Frameworks/Python.framework/Versions/3.9/lib/python3.9/site-packages/airflow/example_dags/plugins/workday.py
[2025-01-04T20:34:30.916-0500] {processor.py:927} WARNING - No viable dags retrieved from /Library/Frameworks/Python.framework/Versions/3.9/lib/python3.9/site-packages/airflow/example_dags/plugins/workday.py
[2025-01-04T20:34:30.973-0500] {processor.py:208} INFO - Processing /Library/Frameworks/Python.framework/Versions/3.9/lib/python3.9/site-packages/airflow/example_dags/plugins/workday.py took 0.427 seconds
[2025-01-04T20:36:19.980-0500] {processor.py:186} INFO - Started process (PID=1287) to work on /Library/Frameworks/Python.framework/Versions/3.9/lib/python3.9/site-packages/airflow/example_dags/plugins/workday.py
[2025-01-04T20:36:19.981-0500] {processor.py:914} INFO - Processing file /Library/Frameworks/Python.framework/Versions/3.9/lib/python3.9/site-packages/airflow/example_dags/plugins/workday.py for tasks to queue
[2025-01-04T20:36:19.982-0500] {logging_mixin.py:190} INFO - [2025-01-04T20:36:19.982-0500] {dagbag.py:588} INFO - Filling up the DagBag from /Library/Frameworks/Python.framework/Versions/3.9/lib/python3.9/site-packages/airflow/example_dags/plugins/workday.py
[2025-01-04T20:36:20.315-0500] {processor.py:927} WARNING - No viable dags retrieved from /Library/Frameworks/Python.framework/Versions/3.9/lib/python3.9/site-packages/airflow/example_dags/plugins/workday.py
[2025-01-04T20:36:20.370-0500] {processor.py:208} INFO - Processing /Library/Frameworks/Python.framework/Versions/3.9/lib/python3.9/site-packages/airflow/example_dags/plugins/workday.py took 0.392 seconds
[2025-01-04T20:38:01.750-0500] {processor.py:186} INFO - Started process (PID=1613) to work on /Library/Frameworks/Python.framework/Versions/3.9/lib/python3.9/site-packages/airflow/example_dags/plugins/workday.py
[2025-01-04T20:38:01.753-0500] {processor.py:914} INFO - Processing file /Library/Frameworks/Python.framework/Versions/3.9/lib/python3.9/site-packages/airflow/example_dags/plugins/workday.py for tasks to queue
[2025-01-04T20:38:01.753-0500] {logging_mixin.py:190} INFO - [2025-01-04T20:38:01.753-0500] {dagbag.py:588} INFO - Filling up the DagBag from /Library/Frameworks/Python.framework/Versions/3.9/lib/python3.9/site-packages/airflow/example_dags/plugins/workday.py
[2025-01-04T20:38:02.131-0500] {processor.py:927} WARNING - No viable dags retrieved from /Library/Frameworks/Python.framework/Versions/3.9/lib/python3.9/site-packages/airflow/example_dags/plugins/workday.py
[2025-01-04T20:38:02.170-0500] {processor.py:208} INFO - Processing /Library/Frameworks/Python.framework/Versions/3.9/lib/python3.9/site-packages/airflow/example_dags/plugins/workday.py took 0.423 seconds
[2025-01-04T20:39:46.256-0500] {processor.py:186} INFO - Started process (PID=1950) to work on /Library/Frameworks/Python.framework/Versions/3.9/lib/python3.9/site-packages/airflow/example_dags/plugins/workday.py
[2025-01-04T20:39:46.257-0500] {processor.py:914} INFO - Processing file /Library/Frameworks/Python.framework/Versions/3.9/lib/python3.9/site-packages/airflow/example_dags/plugins/workday.py for tasks to queue
[2025-01-04T20:39:46.258-0500] {logging_mixin.py:190} INFO - [2025-01-04T20:39:46.258-0500] {dagbag.py:588} INFO - Filling up the DagBag from /Library/Frameworks/Python.framework/Versions/3.9/lib/python3.9/site-packages/airflow/example_dags/plugins/workday.py
[2025-01-04T20:39:46.570-0500] {processor.py:927} WARNING - No viable dags retrieved from /Library/Frameworks/Python.framework/Versions/3.9/lib/python3.9/site-packages/airflow/example_dags/plugins/workday.py
[2025-01-04T20:39:46.617-0500] {processor.py:208} INFO - Processing /Library/Frameworks/Python.framework/Versions/3.9/lib/python3.9/site-packages/airflow/example_dags/plugins/workday.py took 0.363 seconds
[2025-01-04T20:41:30.136-0500] {processor.py:186} INFO - Started process (PID=2229) to work on /Library/Frameworks/Python.framework/Versions/3.9/lib/python3.9/site-packages/airflow/example_dags/plugins/workday.py
[2025-01-04T20:41:30.138-0500] {processor.py:914} INFO - Processing file /Library/Frameworks/Python.framework/Versions/3.9/lib/python3.9/site-packages/airflow/example_dags/plugins/workday.py for tasks to queue
[2025-01-04T20:41:30.138-0500] {logging_mixin.py:190} INFO - [2025-01-04T20:41:30.138-0500] {dagbag.py:588} INFO - Filling up the DagBag from /Library/Frameworks/Python.framework/Versions/3.9/lib/python3.9/site-packages/airflow/example_dags/plugins/workday.py
[2025-01-04T20:41:30.867-0500] {processor.py:927} WARNING - No viable dags retrieved from /Library/Frameworks/Python.framework/Versions/3.9/lib/python3.9/site-packages/airflow/example_dags/plugins/workday.py
[2025-01-04T20:41:30.925-0500] {processor.py:208} INFO - Processing /Library/Frameworks/Python.framework/Versions/3.9/lib/python3.9/site-packages/airflow/example_dags/plugins/workday.py took 0.791 seconds
[2025-01-04T20:43:10.640-0500] {processor.py:186} INFO - Started process (PID=2431) to work on /Library/Frameworks/Python.framework/Versions/3.9/lib/python3.9/site-packages/airflow/example_dags/plugins/workday.py
[2025-01-04T20:43:10.642-0500] {processor.py:914} INFO - Processing file /Library/Frameworks/Python.framework/Versions/3.9/lib/python3.9/site-packages/airflow/example_dags/plugins/workday.py for tasks to queue
[2025-01-04T20:43:10.642-0500] {logging_mixin.py:190} INFO - [2025-01-04T20:43:10.642-0500] {dagbag.py:588} INFO - Filling up the DagBag from /Library/Frameworks/Python.framework/Versions/3.9/lib/python3.9/site-packages/airflow/example_dags/plugins/workday.py
[2025-01-04T20:43:11.052-0500] {processor.py:927} WARNING - No viable dags retrieved from /Library/Frameworks/Python.framework/Versions/3.9/lib/python3.9/site-packages/airflow/example_dags/plugins/workday.py
[2025-01-04T20:43:11.097-0500] {processor.py:208} INFO - Processing /Library/Frameworks/Python.framework/Versions/3.9/lib/python3.9/site-packages/airflow/example_dags/plugins/workday.py took 0.460 seconds
[2025-01-04T20:44:58.182-0500] {processor.py:186} INFO - Started process (PID=2732) to work on /Library/Frameworks/Python.framework/Versions/3.9/lib/python3.9/site-packages/airflow/example_dags/plugins/workday.py
[2025-01-04T20:44:58.183-0500] {processor.py:914} INFO - Processing file /Library/Frameworks/Python.framework/Versions/3.9/lib/python3.9/site-packages/airflow/example_dags/plugins/workday.py for tasks to queue
[2025-01-04T20:44:58.184-0500] {logging_mixin.py:190} INFO - [2025-01-04T20:44:58.184-0500] {dagbag.py:588} INFO - Filling up the DagBag from /Library/Frameworks/Python.framework/Versions/3.9/lib/python3.9/site-packages/airflow/example_dags/plugins/workday.py
[2025-01-04T20:44:58.999-0500] {processor.py:927} WARNING - No viable dags retrieved from /Library/Frameworks/Python.framework/Versions/3.9/lib/python3.9/site-packages/airflow/example_dags/plugins/workday.py
[2025-01-04T20:44:59.040-0500] {processor.py:208} INFO - Processing /Library/Frameworks/Python.framework/Versions/3.9/lib/python3.9/site-packages/airflow/example_dags/plugins/workday.py took 0.865 seconds
[2025-01-04T20:46:53.456-0500] {processor.py:186} INFO - Started process (PID=3088) to work on /Library/Frameworks/Python.framework/Versions/3.9/lib/python3.9/site-packages/airflow/example_dags/plugins/workday.py
[2025-01-04T20:46:53.458-0500] {processor.py:914} INFO - Processing file /Library/Frameworks/Python.framework/Versions/3.9/lib/python3.9/site-packages/airflow/example_dags/plugins/workday.py for tasks to queue
[2025-01-04T20:46:53.458-0500] {logging_mixin.py:190} INFO - [2025-01-04T20:46:53.458-0500] {dagbag.py:588} INFO - Filling up the DagBag from /Library/Frameworks/Python.framework/Versions/3.9/lib/python3.9/site-packages/airflow/example_dags/plugins/workday.py
[2025-01-04T20:46:53.905-0500] {processor.py:927} WARNING - No viable dags retrieved from /Library/Frameworks/Python.framework/Versions/3.9/lib/python3.9/site-packages/airflow/example_dags/plugins/workday.py
[2025-01-04T20:46:53.951-0500] {processor.py:208} INFO - Processing /Library/Frameworks/Python.framework/Versions/3.9/lib/python3.9/site-packages/airflow/example_dags/plugins/workday.py took 0.497 seconds
[2025-01-04T20:48:50.965-0500] {processor.py:186} INFO - Started process (PID=3440) to work on /Library/Frameworks/Python.framework/Versions/3.9/lib/python3.9/site-packages/airflow/example_dags/plugins/workday.py
[2025-01-04T20:48:50.967-0500] {processor.py:914} INFO - Processing file /Library/Frameworks/Python.framework/Versions/3.9/lib/python3.9/site-packages/airflow/example_dags/plugins/workday.py for tasks to queue
[2025-01-04T20:48:50.968-0500] {logging_mixin.py:190} INFO - [2025-01-04T20:48:50.968-0500] {dagbag.py:588} INFO - Filling up the DagBag from /Library/Frameworks/Python.framework/Versions/3.9/lib/python3.9/site-packages/airflow/example_dags/plugins/workday.py
[2025-01-04T20:48:51.401-0500] {processor.py:927} WARNING - No viable dags retrieved from /Library/Frameworks/Python.framework/Versions/3.9/lib/python3.9/site-packages/airflow/example_dags/plugins/workday.py
[2025-01-04T20:48:51.447-0500] {processor.py:208} INFO - Processing /Library/Frameworks/Python.framework/Versions/3.9/lib/python3.9/site-packages/airflow/example_dags/plugins/workday.py took 0.489 seconds
