[2025-01-04T20:27:34.352-0500] {processor.py:186} INFO - Started process (PID=99503) to work on /Library/Frameworks/Python.framework/Versions/3.9/lib/python3.9/site-packages/airflow/example_dags/example_branch_operator.py
[2025-01-04T20:27:34.353-0500] {processor.py:914} INFO - Processing file /Library/Frameworks/Python.framework/Versions/3.9/lib/python3.9/site-packages/airflow/example_dags/example_branch_operator.py for tasks to queue
[2025-01-04T20:27:34.353-0500] {logging_mixin.py:190} INFO - [2025-01-04T20:27:34.353-0500] {dagbag.py:588} INFO - Filling up the DagBag from /Library/Frameworks/Python.framework/Versions/3.9/lib/python3.9/site-packages/airflow/example_dags/example_branch_operator.py
[2025-01-04T20:27:34.371-0500] {processor.py:925} INFO - DAG(s) 'example_branch_operator' retrieved from /Library/Frameworks/Python.framework/Versions/3.9/lib/python3.9/site-packages/airflow/example_dags/example_branch_operator.py
[2025-01-04T20:27:34.459-0500] {logging_mixin.py:190} INFO - [2025-01-04T20:27:34.458-0500] {override.py:1911} INFO - Created Permission View: can delete on DAG:example_branch_operator
[2025-01-04T20:27:34.463-0500] {logging_mixin.py:190} INFO - [2025-01-04T20:27:34.463-0500] {override.py:1911} INFO - Created Permission View: can edit on DAG:example_branch_operator
[2025-01-04T20:27:34.466-0500] {logging_mixin.py:190} INFO - [2025-01-04T20:27:34.466-0500] {override.py:1911} INFO - Created Permission View: can read on DAG:example_branch_operator
[2025-01-04T20:27:34.469-0500] {logging_mixin.py:190} INFO - [2025-01-04T20:27:34.468-0500] {override.py:1911} INFO - Created Permission View: menu access on DAG Run:example_branch_operator
[2025-01-04T20:27:34.471-0500] {logging_mixin.py:190} INFO - [2025-01-04T20:27:34.471-0500] {override.py:1911} INFO - Created Permission View: can delete on DAG Run:example_branch_operator
[2025-01-04T20:27:34.474-0500] {logging_mixin.py:190} INFO - [2025-01-04T20:27:34.474-0500] {override.py:1911} INFO - Created Permission View: can read on DAG Run:example_branch_operator
[2025-01-04T20:27:34.476-0500] {logging_mixin.py:190} INFO - [2025-01-04T20:27:34.476-0500] {override.py:1911} INFO - Created Permission View: can create on DAG Run:example_branch_operator
[2025-01-04T20:27:34.476-0500] {logging_mixin.py:190} INFO - [2025-01-04T20:27:34.476-0500] {dag.py:3239} INFO - Sync 1 DAGs
[2025-01-04T20:27:34.482-0500] {logging_mixin.py:190} INFO - [2025-01-04T20:27:34.482-0500] {dag.py:3262} INFO - Creating ORM DAG for example_branch_operator
[2025-01-04T20:27:34.488-0500] {logging_mixin.py:190} INFO - [2025-01-04T20:27:34.488-0500] {dag.py:4180} INFO - Setting next_dagrun for example_branch_operator to 2025-01-04 00:00:00+00:00, run_after=2025-01-05 00:00:00+00:00
[2025-01-04T20:27:34.502-0500] {processor.py:208} INFO - Processing /Library/Frameworks/Python.framework/Versions/3.9/lib/python3.9/site-packages/airflow/example_dags/example_branch_operator.py took 0.151 seconds
[2025-01-04T20:30:44.743-0500] {processor.py:186} INFO - Started process (PID=130) to work on /Library/Frameworks/Python.framework/Versions/3.9/lib/python3.9/site-packages/airflow/example_dags/example_branch_operator.py
[2025-01-04T20:30:44.744-0500] {processor.py:914} INFO - Processing file /Library/Frameworks/Python.framework/Versions/3.9/lib/python3.9/site-packages/airflow/example_dags/example_branch_operator.py for tasks to queue
[2025-01-04T20:30:44.745-0500] {logging_mixin.py:190} INFO - [2025-01-04T20:30:44.745-0500] {dagbag.py:588} INFO - Filling up the DagBag from /Library/Frameworks/Python.framework/Versions/3.9/lib/python3.9/site-packages/airflow/example_dags/example_branch_operator.py
[2025-01-04T20:30:44.761-0500] {processor.py:925} INFO - DAG(s) 'example_branch_operator' retrieved from /Library/Frameworks/Python.framework/Versions/3.9/lib/python3.9/site-packages/airflow/example_dags/example_branch_operator.py
[2025-01-04T20:30:44.909-0500] {logging_mixin.py:190} INFO - [2025-01-04T20:30:44.908-0500] {dag.py:3239} INFO - Sync 1 DAGs
[2025-01-04T20:30:44.927-0500] {logging_mixin.py:190} INFO - [2025-01-04T20:30:44.926-0500] {dag.py:4180} INFO - Setting next_dagrun for example_branch_operator to 2025-01-04 00:00:00+00:00, run_after=2025-01-05 00:00:00+00:00
[2025-01-04T20:30:44.945-0500] {processor.py:208} INFO - Processing /Library/Frameworks/Python.framework/Versions/3.9/lib/python3.9/site-packages/airflow/example_dags/example_branch_operator.py took 0.203 seconds
[2025-01-04T20:34:15.203-0500] {processor.py:186} INFO - Started process (PID=848) to work on /Library/Frameworks/Python.framework/Versions/3.9/lib/python3.9/site-packages/airflow/example_dags/example_branch_operator.py
[2025-01-04T20:34:15.204-0500] {processor.py:914} INFO - Processing file /Library/Frameworks/Python.framework/Versions/3.9/lib/python3.9/site-packages/airflow/example_dags/example_branch_operator.py for tasks to queue
[2025-01-04T20:34:15.205-0500] {logging_mixin.py:190} INFO - [2025-01-04T20:34:15.205-0500] {dagbag.py:588} INFO - Filling up the DagBag from /Library/Frameworks/Python.framework/Versions/3.9/lib/python3.9/site-packages/airflow/example_dags/example_branch_operator.py
[2025-01-04T20:34:15.223-0500] {processor.py:925} INFO - DAG(s) 'example_branch_operator' retrieved from /Library/Frameworks/Python.framework/Versions/3.9/lib/python3.9/site-packages/airflow/example_dags/example_branch_operator.py
[2025-01-04T20:34:15.317-0500] {logging_mixin.py:190} INFO - [2025-01-04T20:34:15.316-0500] {dag.py:3239} INFO - Sync 1 DAGs
[2025-01-04T20:34:15.326-0500] {logging_mixin.py:190} INFO - [2025-01-04T20:34:15.326-0500] {dag.py:4180} INFO - Setting next_dagrun for example_branch_operator to 2025-01-04 00:00:00+00:00, run_after=2025-01-05 00:00:00+00:00
[2025-01-04T20:34:15.344-0500] {processor.py:208} INFO - Processing /Library/Frameworks/Python.framework/Versions/3.9/lib/python3.9/site-packages/airflow/example_dags/example_branch_operator.py took 0.142 seconds
[2025-01-04T20:37:46.933-0500] {processor.py:186} INFO - Started process (PID=1578) to work on /Library/Frameworks/Python.framework/Versions/3.9/lib/python3.9/site-packages/airflow/example_dags/example_branch_operator.py
[2025-01-04T20:37:46.935-0500] {processor.py:914} INFO - Processing file /Library/Frameworks/Python.framework/Versions/3.9/lib/python3.9/site-packages/airflow/example_dags/example_branch_operator.py for tasks to queue
[2025-01-04T20:37:46.937-0500] {logging_mixin.py:190} INFO - [2025-01-04T20:37:46.937-0500] {dagbag.py:588} INFO - Filling up the DagBag from /Library/Frameworks/Python.framework/Versions/3.9/lib/python3.9/site-packages/airflow/example_dags/example_branch_operator.py
[2025-01-04T20:37:46.962-0500] {processor.py:925} INFO - DAG(s) 'example_branch_operator' retrieved from /Library/Frameworks/Python.framework/Versions/3.9/lib/python3.9/site-packages/airflow/example_dags/example_branch_operator.py
[2025-01-04T20:37:47.058-0500] {logging_mixin.py:190} INFO - [2025-01-04T20:37:47.057-0500] {dag.py:3239} INFO - Sync 1 DAGs
[2025-01-04T20:37:47.067-0500] {logging_mixin.py:190} INFO - [2025-01-04T20:37:47.067-0500] {dag.py:4180} INFO - Setting next_dagrun for example_branch_operator to 2025-01-04 00:00:00+00:00, run_after=2025-01-05 00:00:00+00:00
[2025-01-04T20:37:47.079-0500] {processor.py:208} INFO - Processing /Library/Frameworks/Python.framework/Versions/3.9/lib/python3.9/site-packages/airflow/example_dags/example_branch_operator.py took 0.149 seconds
[2025-01-04T20:41:14.051-0500] {processor.py:186} INFO - Started process (PID=2211) to work on /Library/Frameworks/Python.framework/Versions/3.9/lib/python3.9/site-packages/airflow/example_dags/example_branch_operator.py
[2025-01-04T20:41:14.052-0500] {processor.py:914} INFO - Processing file /Library/Frameworks/Python.framework/Versions/3.9/lib/python3.9/site-packages/airflow/example_dags/example_branch_operator.py for tasks to queue
[2025-01-04T20:41:14.052-0500] {logging_mixin.py:190} INFO - [2025-01-04T20:41:14.052-0500] {dagbag.py:588} INFO - Filling up the DagBag from /Library/Frameworks/Python.framework/Versions/3.9/lib/python3.9/site-packages/airflow/example_dags/example_branch_operator.py
[2025-01-04T20:41:14.068-0500] {processor.py:925} INFO - DAG(s) 'example_branch_operator' retrieved from /Library/Frameworks/Python.framework/Versions/3.9/lib/python3.9/site-packages/airflow/example_dags/example_branch_operator.py
[2025-01-04T20:41:14.164-0500] {logging_mixin.py:190} INFO - [2025-01-04T20:41:14.164-0500] {dag.py:3239} INFO - Sync 1 DAGs
[2025-01-04T20:41:14.173-0500] {logging_mixin.py:190} INFO - [2025-01-04T20:41:14.172-0500] {dag.py:4180} INFO - Setting next_dagrun for example_branch_operator to 2025-01-04 00:00:00+00:00, run_after=2025-01-05 00:00:00+00:00
[2025-01-04T20:41:14.186-0500] {processor.py:208} INFO - Processing /Library/Frameworks/Python.framework/Versions/3.9/lib/python3.9/site-packages/airflow/example_dags/example_branch_operator.py took 0.137 seconds
[2025-01-04T20:44:42.722-0500] {processor.py:186} INFO - Started process (PID=2706) to work on /Library/Frameworks/Python.framework/Versions/3.9/lib/python3.9/site-packages/airflow/example_dags/example_branch_operator.py
[2025-01-04T20:44:42.723-0500] {processor.py:914} INFO - Processing file /Library/Frameworks/Python.framework/Versions/3.9/lib/python3.9/site-packages/airflow/example_dags/example_branch_operator.py for tasks to queue
[2025-01-04T20:44:42.724-0500] {logging_mixin.py:190} INFO - [2025-01-04T20:44:42.723-0500] {dagbag.py:588} INFO - Filling up the DagBag from /Library/Frameworks/Python.framework/Versions/3.9/lib/python3.9/site-packages/airflow/example_dags/example_branch_operator.py
[2025-01-04T20:44:42.742-0500] {processor.py:925} INFO - DAG(s) 'example_branch_operator' retrieved from /Library/Frameworks/Python.framework/Versions/3.9/lib/python3.9/site-packages/airflow/example_dags/example_branch_operator.py
[2025-01-04T20:44:42.885-0500] {logging_mixin.py:190} INFO - [2025-01-04T20:44:42.884-0500] {dag.py:3239} INFO - Sync 1 DAGs
[2025-01-04T20:44:42.893-0500] {logging_mixin.py:190} INFO - [2025-01-04T20:44:42.893-0500] {dag.py:4180} INFO - Setting next_dagrun for example_branch_operator to 2025-01-04 00:00:00+00:00, run_after=2025-01-05 00:00:00+00:00
[2025-01-04T20:44:42.904-0500] {processor.py:208} INFO - Processing /Library/Frameworks/Python.framework/Versions/3.9/lib/python3.9/site-packages/airflow/example_dags/example_branch_operator.py took 0.184 seconds
[2025-01-04T20:48:28.283-0500] {processor.py:186} INFO - Started process (PID=3374) to work on /Library/Frameworks/Python.framework/Versions/3.9/lib/python3.9/site-packages/airflow/example_dags/example_branch_operator.py
[2025-01-04T20:48:28.284-0500] {processor.py:914} INFO - Processing file /Library/Frameworks/Python.framework/Versions/3.9/lib/python3.9/site-packages/airflow/example_dags/example_branch_operator.py for tasks to queue
[2025-01-04T20:48:28.285-0500] {logging_mixin.py:190} INFO - [2025-01-04T20:48:28.285-0500] {dagbag.py:588} INFO - Filling up the DagBag from /Library/Frameworks/Python.framework/Versions/3.9/lib/python3.9/site-packages/airflow/example_dags/example_branch_operator.py
[2025-01-04T20:48:28.300-0500] {processor.py:925} INFO - DAG(s) 'example_branch_operator' retrieved from /Library/Frameworks/Python.framework/Versions/3.9/lib/python3.9/site-packages/airflow/example_dags/example_branch_operator.py
[2025-01-04T20:48:28.390-0500] {logging_mixin.py:190} INFO - [2025-01-04T20:48:28.390-0500] {dag.py:3239} INFO - Sync 1 DAGs
[2025-01-04T20:48:28.398-0500] {logging_mixin.py:190} INFO - [2025-01-04T20:48:28.398-0500] {dag.py:4180} INFO - Setting next_dagrun for example_branch_operator to 2025-01-04 00:00:00+00:00, run_after=2025-01-05 00:00:00+00:00
[2025-01-04T20:48:28.408-0500] {processor.py:208} INFO - Processing /Library/Frameworks/Python.framework/Versions/3.9/lib/python3.9/site-packages/airflow/example_dags/example_branch_operator.py took 0.127 seconds
