[2025-01-04T20:27:44.957-0500] {processor.py:186} INFO - Started process (PID=99547) to work on /Library/Frameworks/Python.framework/Versions/3.9/lib/python3.9/site-packages/airflow/example_dags/example_bash_decorator.py
[2025-01-04T20:27:44.958-0500] {processor.py:914} INFO - Processing file /Library/Frameworks/Python.framework/Versions/3.9/lib/python3.9/site-packages/airflow/example_dags/example_bash_decorator.py for tasks to queue
[2025-01-04T20:27:44.958-0500] {logging_mixin.py:190} INFO - [2025-01-04T20:27:44.958-0500] {dagbag.py:588} INFO - Filling up the DagBag from /Library/Frameworks/Python.framework/Versions/3.9/lib/python3.9/site-packages/airflow/example_dags/example_bash_decorator.py
[2025-01-04T20:27:44.990-0500] {processor.py:925} INFO - DAG(s) 'example_bash_decorator' retrieved from /Library/Frameworks/Python.framework/Versions/3.9/lib/python3.9/site-packages/airflow/example_dags/example_bash_decorator.py
[2025-01-04T20:27:45.073-0500] {logging_mixin.py:190} INFO - [2025-01-04T20:27:45.073-0500] {override.py:1911} INFO - Created Permission View: can delete on DAG:example_bash_decorator
[2025-01-04T20:27:45.076-0500] {logging_mixin.py:190} INFO - [2025-01-04T20:27:45.076-0500] {override.py:1911} INFO - Created Permission View: can read on DAG:example_bash_decorator
[2025-01-04T20:27:45.079-0500] {logging_mixin.py:190} INFO - [2025-01-04T20:27:45.079-0500] {override.py:1911} INFO - Created Permission View: can edit on DAG:example_bash_decorator
[2025-01-04T20:27:45.082-0500] {logging_mixin.py:190} INFO - [2025-01-04T20:27:45.082-0500] {override.py:1911} INFO - Created Permission View: menu access on DAG Run:example_bash_decorator
[2025-01-04T20:27:45.085-0500] {logging_mixin.py:190} INFO - [2025-01-04T20:27:45.085-0500] {override.py:1911} INFO - Created Permission View: can delete on DAG Run:example_bash_decorator
[2025-01-04T20:27:45.087-0500] {logging_mixin.py:190} INFO - [2025-01-04T20:27:45.087-0500] {override.py:1911} INFO - Created Permission View: can read on DAG Run:example_bash_decorator
[2025-01-04T20:27:45.090-0500] {logging_mixin.py:190} INFO - [2025-01-04T20:27:45.090-0500] {override.py:1911} INFO - Created Permission View: can create on DAG Run:example_bash_decorator
[2025-01-04T20:27:45.090-0500] {logging_mixin.py:190} INFO - [2025-01-04T20:27:45.090-0500] {dag.py:3239} INFO - Sync 1 DAGs
[2025-01-04T20:27:45.095-0500] {logging_mixin.py:190} INFO - [2025-01-04T20:27:45.095-0500] {dag.py:3262} INFO - Creating ORM DAG for example_bash_decorator
[2025-01-04T20:27:45.095-0500] {logging_mixin.py:190} INFO - [2025-01-04T20:27:45.095-0500] {dag.py:4180} INFO - Setting next_dagrun for example_bash_decorator to None, run_after=None
[2025-01-04T20:27:45.103-0500] {processor.py:208} INFO - Processing /Library/Frameworks/Python.framework/Versions/3.9/lib/python3.9/site-packages/airflow/example_dags/example_bash_decorator.py took 0.148 seconds
[2025-01-04T20:30:55.642-0500] {processor.py:186} INFO - Started process (PID=185) to work on /Library/Frameworks/Python.framework/Versions/3.9/lib/python3.9/site-packages/airflow/example_dags/example_bash_decorator.py
[2025-01-04T20:30:55.643-0500] {processor.py:914} INFO - Processing file /Library/Frameworks/Python.framework/Versions/3.9/lib/python3.9/site-packages/airflow/example_dags/example_bash_decorator.py for tasks to queue
[2025-01-04T20:30:55.644-0500] {logging_mixin.py:190} INFO - [2025-01-04T20:30:55.643-0500] {dagbag.py:588} INFO - Filling up the DagBag from /Library/Frameworks/Python.framework/Versions/3.9/lib/python3.9/site-packages/airflow/example_dags/example_bash_decorator.py
[2025-01-04T20:30:55.687-0500] {processor.py:925} INFO - DAG(s) 'example_bash_decorator' retrieved from /Library/Frameworks/Python.framework/Versions/3.9/lib/python3.9/site-packages/airflow/example_dags/example_bash_decorator.py
[2025-01-04T20:30:55.802-0500] {logging_mixin.py:190} INFO - [2025-01-04T20:30:55.801-0500] {dag.py:3239} INFO - Sync 1 DAGs
[2025-01-04T20:30:55.815-0500] {logging_mixin.py:190} INFO - [2025-01-04T20:30:55.815-0500] {dag.py:4180} INFO - Setting next_dagrun for example_bash_decorator to None, run_after=None
[2025-01-04T20:30:55.836-0500] {processor.py:208} INFO - Processing /Library/Frameworks/Python.framework/Versions/3.9/lib/python3.9/site-packages/airflow/example_dags/example_bash_decorator.py took 0.197 seconds
[2025-01-04T20:34:26.427-0500] {processor.py:186} INFO - Started process (PID=937) to work on /Library/Frameworks/Python.framework/Versions/3.9/lib/python3.9/site-packages/airflow/example_dags/example_bash_decorator.py
[2025-01-04T20:34:26.428-0500] {processor.py:914} INFO - Processing file /Library/Frameworks/Python.framework/Versions/3.9/lib/python3.9/site-packages/airflow/example_dags/example_bash_decorator.py for tasks to queue
[2025-01-04T20:34:26.429-0500] {logging_mixin.py:190} INFO - [2025-01-04T20:34:26.429-0500] {dagbag.py:588} INFO - Filling up the DagBag from /Library/Frameworks/Python.framework/Versions/3.9/lib/python3.9/site-packages/airflow/example_dags/example_bash_decorator.py
[2025-01-04T20:34:26.452-0500] {processor.py:925} INFO - DAG(s) 'example_bash_decorator' retrieved from /Library/Frameworks/Python.framework/Versions/3.9/lib/python3.9/site-packages/airflow/example_dags/example_bash_decorator.py
[2025-01-04T20:34:26.569-0500] {logging_mixin.py:190} INFO - [2025-01-04T20:34:26.569-0500] {dag.py:3239} INFO - Sync 1 DAGs
[2025-01-04T20:34:26.575-0500] {logging_mixin.py:190} INFO - [2025-01-04T20:34:26.574-0500] {dag.py:4180} INFO - Setting next_dagrun for example_bash_decorator to None, run_after=None
[2025-01-04T20:34:26.588-0500] {processor.py:208} INFO - Processing /Library/Frameworks/Python.framework/Versions/3.9/lib/python3.9/site-packages/airflow/example_dags/example_bash_decorator.py took 0.164 seconds
[2025-01-04T20:37:57.457-0500] {processor.py:186} INFO - Started process (PID=1604) to work on /Library/Frameworks/Python.framework/Versions/3.9/lib/python3.9/site-packages/airflow/example_dags/example_bash_decorator.py
[2025-01-04T20:37:57.457-0500] {processor.py:914} INFO - Processing file /Library/Frameworks/Python.framework/Versions/3.9/lib/python3.9/site-packages/airflow/example_dags/example_bash_decorator.py for tasks to queue
[2025-01-04T20:37:57.458-0500] {logging_mixin.py:190} INFO - [2025-01-04T20:37:57.458-0500] {dagbag.py:588} INFO - Filling up the DagBag from /Library/Frameworks/Python.framework/Versions/3.9/lib/python3.9/site-packages/airflow/example_dags/example_bash_decorator.py
[2025-01-04T20:37:57.486-0500] {processor.py:925} INFO - DAG(s) 'example_bash_decorator' retrieved from /Library/Frameworks/Python.framework/Versions/3.9/lib/python3.9/site-packages/airflow/example_dags/example_bash_decorator.py
[2025-01-04T20:37:57.609-0500] {logging_mixin.py:190} INFO - [2025-01-04T20:37:57.609-0500] {dag.py:3239} INFO - Sync 1 DAGs
[2025-01-04T20:37:57.614-0500] {logging_mixin.py:190} INFO - [2025-01-04T20:37:57.613-0500] {dag.py:4180} INFO - Setting next_dagrun for example_bash_decorator to None, run_after=None
[2025-01-04T20:37:57.623-0500] {processor.py:208} INFO - Processing /Library/Frameworks/Python.framework/Versions/3.9/lib/python3.9/site-packages/airflow/example_dags/example_bash_decorator.py took 0.169 seconds
[2025-01-04T20:41:25.635-0500] {processor.py:186} INFO - Started process (PID=2225) to work on /Library/Frameworks/Python.framework/Versions/3.9/lib/python3.9/site-packages/airflow/example_dags/example_bash_decorator.py
[2025-01-04T20:41:25.636-0500] {processor.py:914} INFO - Processing file /Library/Frameworks/Python.framework/Versions/3.9/lib/python3.9/site-packages/airflow/example_dags/example_bash_decorator.py for tasks to queue
[2025-01-04T20:41:25.637-0500] {logging_mixin.py:190} INFO - [2025-01-04T20:41:25.637-0500] {dagbag.py:588} INFO - Filling up the DagBag from /Library/Frameworks/Python.framework/Versions/3.9/lib/python3.9/site-packages/airflow/example_dags/example_bash_decorator.py
[2025-01-04T20:41:25.669-0500] {processor.py:925} INFO - DAG(s) 'example_bash_decorator' retrieved from /Library/Frameworks/Python.framework/Versions/3.9/lib/python3.9/site-packages/airflow/example_dags/example_bash_decorator.py
[2025-01-04T20:41:25.802-0500] {logging_mixin.py:190} INFO - [2025-01-04T20:41:25.801-0500] {dag.py:3239} INFO - Sync 1 DAGs
[2025-01-04T20:41:25.807-0500] {logging_mixin.py:190} INFO - [2025-01-04T20:41:25.807-0500] {dag.py:4180} INFO - Setting next_dagrun for example_bash_decorator to None, run_after=None
[2025-01-04T20:41:25.818-0500] {processor.py:208} INFO - Processing /Library/Frameworks/Python.framework/Versions/3.9/lib/python3.9/site-packages/airflow/example_dags/example_bash_decorator.py took 0.195 seconds
[2025-01-04T20:44:53.671-0500] {processor.py:186} INFO - Started process (PID=2726) to work on /Library/Frameworks/Python.framework/Versions/3.9/lib/python3.9/site-packages/airflow/example_dags/example_bash_decorator.py
[2025-01-04T20:44:53.673-0500] {processor.py:914} INFO - Processing file /Library/Frameworks/Python.framework/Versions/3.9/lib/python3.9/site-packages/airflow/example_dags/example_bash_decorator.py for tasks to queue
[2025-01-04T20:44:53.673-0500] {logging_mixin.py:190} INFO - [2025-01-04T20:44:53.673-0500] {dagbag.py:588} INFO - Filling up the DagBag from /Library/Frameworks/Python.framework/Versions/3.9/lib/python3.9/site-packages/airflow/example_dags/example_bash_decorator.py
[2025-01-04T20:44:53.704-0500] {processor.py:925} INFO - DAG(s) 'example_bash_decorator' retrieved from /Library/Frameworks/Python.framework/Versions/3.9/lib/python3.9/site-packages/airflow/example_dags/example_bash_decorator.py
[2025-01-04T20:44:53.806-0500] {logging_mixin.py:190} INFO - [2025-01-04T20:44:53.806-0500] {dag.py:3239} INFO - Sync 1 DAGs
[2025-01-04T20:44:53.811-0500] {logging_mixin.py:190} INFO - [2025-01-04T20:44:53.811-0500] {dag.py:4180} INFO - Setting next_dagrun for example_bash_decorator to None, run_after=None
[2025-01-04T20:44:53.842-0500] {processor.py:208} INFO - Processing /Library/Frameworks/Python.framework/Versions/3.9/lib/python3.9/site-packages/airflow/example_dags/example_bash_decorator.py took 0.173 seconds
[2025-01-04T20:48:41.309-0500] {processor.py:186} INFO - Started process (PID=3401) to work on /Library/Frameworks/Python.framework/Versions/3.9/lib/python3.9/site-packages/airflow/example_dags/example_bash_decorator.py
[2025-01-04T20:48:41.311-0500] {processor.py:914} INFO - Processing file /Library/Frameworks/Python.framework/Versions/3.9/lib/python3.9/site-packages/airflow/example_dags/example_bash_decorator.py for tasks to queue
[2025-01-04T20:48:41.312-0500] {logging_mixin.py:190} INFO - [2025-01-04T20:48:41.312-0500] {dagbag.py:588} INFO - Filling up the DagBag from /Library/Frameworks/Python.framework/Versions/3.9/lib/python3.9/site-packages/airflow/example_dags/example_bash_decorator.py
[2025-01-04T20:48:41.372-0500] {processor.py:925} INFO - DAG(s) 'example_bash_decorator' retrieved from /Library/Frameworks/Python.framework/Versions/3.9/lib/python3.9/site-packages/airflow/example_dags/example_bash_decorator.py
[2025-01-04T20:48:41.561-0500] {logging_mixin.py:190} INFO - [2025-01-04T20:48:41.561-0500] {dag.py:3239} INFO - Sync 1 DAGs
[2025-01-04T20:48:41.570-0500] {logging_mixin.py:190} INFO - [2025-01-04T20:48:41.570-0500] {dag.py:4180} INFO - Setting next_dagrun for example_bash_decorator to None, run_after=None
[2025-01-04T20:48:41.590-0500] {processor.py:208} INFO - Processing /Library/Frameworks/Python.framework/Versions/3.9/lib/python3.9/site-packages/airflow/example_dags/example_bash_decorator.py took 0.283 seconds
