[2025-01-04T20:26:46.880-0500] {processor.py:186} INFO - Started process (PID=99430) to work on /Library/Frameworks/Python.framework/Versions/3.9/lib/python3.9/site-packages/airflow/example_dags/example_params_ui_tutorial.py
[2025-01-04T20:26:46.880-0500] {processor.py:914} INFO - Processing file /Library/Frameworks/Python.framework/Versions/3.9/lib/python3.9/site-packages/airflow/example_dags/example_params_ui_tutorial.py for tasks to queue
[2025-01-04T20:26:46.881-0500] {logging_mixin.py:190} INFO - [2025-01-04T20:26:46.881-0500] {dagbag.py:588} INFO - Filling up the DagBag from /Library/Frameworks/Python.framework/Versions/3.9/lib/python3.9/site-packages/airflow/example_dags/example_params_ui_tutorial.py
[2025-01-04T20:26:46.900-0500] {processor.py:925} INFO - DAG(s) 'example_params_ui_tutorial' retrieved from /Library/Frameworks/Python.framework/Versions/3.9/lib/python3.9/site-packages/airflow/example_dags/example_params_ui_tutorial.py
[2025-01-04T20:26:47.008-0500] {logging_mixin.py:190} INFO - [2025-01-04T20:26:47.007-0500] {override.py:1911} INFO - Created Permission View: can delete on DAG:example_params_ui_tutorial
[2025-01-04T20:26:47.012-0500] {logging_mixin.py:190} INFO - [2025-01-04T20:26:47.012-0500] {override.py:1911} INFO - Created Permission View: can read on DAG:example_params_ui_tutorial
[2025-01-04T20:26:47.015-0500] {logging_mixin.py:190} INFO - [2025-01-04T20:26:47.015-0500] {override.py:1911} INFO - Created Permission View: can edit on DAG:example_params_ui_tutorial
[2025-01-04T20:26:47.019-0500] {logging_mixin.py:190} INFO - [2025-01-04T20:26:47.019-0500] {override.py:1911} INFO - Created Permission View: can delete on DAG Run:example_params_ui_tutorial
[2025-01-04T20:26:47.023-0500] {logging_mixin.py:190} INFO - [2025-01-04T20:26:47.022-0500] {override.py:1911} INFO - Created Permission View: can read on DAG Run:example_params_ui_tutorial
[2025-01-04T20:26:47.025-0500] {logging_mixin.py:190} INFO - [2025-01-04T20:26:47.025-0500] {override.py:1911} INFO - Created Permission View: menu access on DAG Run:example_params_ui_tutorial
[2025-01-04T20:26:47.028-0500] {logging_mixin.py:190} INFO - [2025-01-04T20:26:47.028-0500] {override.py:1911} INFO - Created Permission View: can create on DAG Run:example_params_ui_tutorial
[2025-01-04T20:26:47.028-0500] {logging_mixin.py:190} INFO - [2025-01-04T20:26:47.028-0500] {dag.py:3239} INFO - Sync 1 DAGs
[2025-01-04T20:26:47.033-0500] {logging_mixin.py:190} INFO - [2025-01-04T20:26:47.033-0500] {dag.py:3262} INFO - Creating ORM DAG for example_params_ui_tutorial
[2025-01-04T20:26:47.034-0500] {logging_mixin.py:190} INFO - [2025-01-04T20:26:47.034-0500] {dag.py:4180} INFO - Setting next_dagrun for example_params_ui_tutorial to None, run_after=None
[2025-01-04T20:26:47.042-0500] {processor.py:208} INFO - Processing /Library/Frameworks/Python.framework/Versions/3.9/lib/python3.9/site-packages/airflow/example_dags/example_params_ui_tutorial.py took 0.164 seconds
[2025-01-04T20:28:53.073-0500] {processor.py:186} INFO - Started process (PID=99731) to work on /Library/Frameworks/Python.framework/Versions/3.9/lib/python3.9/site-packages/airflow/example_dags/example_params_ui_tutorial.py
[2025-01-04T20:28:53.075-0500] {processor.py:914} INFO - Processing file /Library/Frameworks/Python.framework/Versions/3.9/lib/python3.9/site-packages/airflow/example_dags/example_params_ui_tutorial.py for tasks to queue
[2025-01-04T20:28:53.075-0500] {logging_mixin.py:190} INFO - [2025-01-04T20:28:53.075-0500] {dagbag.py:588} INFO - Filling up the DagBag from /Library/Frameworks/Python.framework/Versions/3.9/lib/python3.9/site-packages/airflow/example_dags/example_params_ui_tutorial.py
[2025-01-04T20:28:53.091-0500] {processor.py:925} INFO - DAG(s) 'example_params_ui_tutorial' retrieved from /Library/Frameworks/Python.framework/Versions/3.9/lib/python3.9/site-packages/airflow/example_dags/example_params_ui_tutorial.py
[2025-01-04T20:28:53.152-0500] {logging_mixin.py:190} INFO - [2025-01-04T20:28:53.152-0500] {dag.py:3239} INFO - Sync 1 DAGs
[2025-01-04T20:28:53.158-0500] {logging_mixin.py:190} INFO - [2025-01-04T20:28:53.158-0500] {dag.py:4180} INFO - Setting next_dagrun for example_params_ui_tutorial to None, run_after=None
[2025-01-04T20:28:53.168-0500] {processor.py:208} INFO - Processing /Library/Frameworks/Python.framework/Versions/3.9/lib/python3.9/site-packages/airflow/example_dags/example_params_ui_tutorial.py took 0.097 seconds
[2025-01-04T20:32:14.389-0500] {processor.py:186} INFO - Started process (PID=450) to work on /Library/Frameworks/Python.framework/Versions/3.9/lib/python3.9/site-packages/airflow/example_dags/example_params_ui_tutorial.py
[2025-01-04T20:32:14.390-0500] {processor.py:914} INFO - Processing file /Library/Frameworks/Python.framework/Versions/3.9/lib/python3.9/site-packages/airflow/example_dags/example_params_ui_tutorial.py for tasks to queue
[2025-01-04T20:32:14.391-0500] {logging_mixin.py:190} INFO - [2025-01-04T20:32:14.391-0500] {dagbag.py:588} INFO - Filling up the DagBag from /Library/Frameworks/Python.framework/Versions/3.9/lib/python3.9/site-packages/airflow/example_dags/example_params_ui_tutorial.py
[2025-01-04T20:32:14.423-0500] {processor.py:925} INFO - DAG(s) 'example_params_ui_tutorial' retrieved from /Library/Frameworks/Python.framework/Versions/3.9/lib/python3.9/site-packages/airflow/example_dags/example_params_ui_tutorial.py
[2025-01-04T20:32:14.522-0500] {logging_mixin.py:190} INFO - [2025-01-04T20:32:14.522-0500] {dag.py:3239} INFO - Sync 1 DAGs
[2025-01-04T20:32:14.527-0500] {logging_mixin.py:190} INFO - [2025-01-04T20:32:14.527-0500] {dag.py:4180} INFO - Setting next_dagrun for example_params_ui_tutorial to None, run_after=None
[2025-01-04T20:32:14.539-0500] {processor.py:208} INFO - Processing /Library/Frameworks/Python.framework/Versions/3.9/lib/python3.9/site-packages/airflow/example_dags/example_params_ui_tutorial.py took 0.152 seconds
[2025-01-04T20:35:50.066-0500] {processor.py:186} INFO - Started process (PID=1197) to work on /Library/Frameworks/Python.framework/Versions/3.9/lib/python3.9/site-packages/airflow/example_dags/example_params_ui_tutorial.py
[2025-01-04T20:35:50.067-0500] {processor.py:914} INFO - Processing file /Library/Frameworks/Python.framework/Versions/3.9/lib/python3.9/site-packages/airflow/example_dags/example_params_ui_tutorial.py for tasks to queue
[2025-01-04T20:35:50.067-0500] {logging_mixin.py:190} INFO - [2025-01-04T20:35:50.067-0500] {dagbag.py:588} INFO - Filling up the DagBag from /Library/Frameworks/Python.framework/Versions/3.9/lib/python3.9/site-packages/airflow/example_dags/example_params_ui_tutorial.py
[2025-01-04T20:35:50.093-0500] {processor.py:925} INFO - DAG(s) 'example_params_ui_tutorial' retrieved from /Library/Frameworks/Python.framework/Versions/3.9/lib/python3.9/site-packages/airflow/example_dags/example_params_ui_tutorial.py
[2025-01-04T20:35:50.154-0500] {logging_mixin.py:190} INFO - [2025-01-04T20:35:50.154-0500] {dag.py:3239} INFO - Sync 1 DAGs
[2025-01-04T20:35:50.160-0500] {logging_mixin.py:190} INFO - [2025-01-04T20:35:50.159-0500] {dag.py:4180} INFO - Setting next_dagrun for example_params_ui_tutorial to None, run_after=None
[2025-01-04T20:35:50.177-0500] {processor.py:208} INFO - Processing /Library/Frameworks/Python.framework/Versions/3.9/lib/python3.9/site-packages/airflow/example_dags/example_params_ui_tutorial.py took 0.113 seconds
[2025-01-04T20:39:13.145-0500] {processor.py:186} INFO - Started process (PID=1849) to work on /Library/Frameworks/Python.framework/Versions/3.9/lib/python3.9/site-packages/airflow/example_dags/example_params_ui_tutorial.py
[2025-01-04T20:39:13.152-0500] {processor.py:914} INFO - Processing file /Library/Frameworks/Python.framework/Versions/3.9/lib/python3.9/site-packages/airflow/example_dags/example_params_ui_tutorial.py for tasks to queue
[2025-01-04T20:39:13.154-0500] {logging_mixin.py:190} INFO - [2025-01-04T20:39:13.154-0500] {dagbag.py:588} INFO - Filling up the DagBag from /Library/Frameworks/Python.framework/Versions/3.9/lib/python3.9/site-packages/airflow/example_dags/example_params_ui_tutorial.py
[2025-01-04T20:39:13.199-0500] {processor.py:925} INFO - DAG(s) 'example_params_ui_tutorial' retrieved from /Library/Frameworks/Python.framework/Versions/3.9/lib/python3.9/site-packages/airflow/example_dags/example_params_ui_tutorial.py
[2025-01-04T20:39:13.303-0500] {logging_mixin.py:190} INFO - [2025-01-04T20:39:13.303-0500] {dag.py:3239} INFO - Sync 1 DAGs
[2025-01-04T20:39:13.319-0500] {logging_mixin.py:190} INFO - [2025-01-04T20:39:13.318-0500] {dag.py:4180} INFO - Setting next_dagrun for example_params_ui_tutorial to None, run_after=None
[2025-01-04T20:39:13.358-0500] {processor.py:208} INFO - Processing /Library/Frameworks/Python.framework/Versions/3.9/lib/python3.9/site-packages/airflow/example_dags/example_params_ui_tutorial.py took 0.221 seconds
[2025-01-04T20:42:37.929-0500] {processor.py:186} INFO - Started process (PID=2362) to work on /Library/Frameworks/Python.framework/Versions/3.9/lib/python3.9/site-packages/airflow/example_dags/example_params_ui_tutorial.py
[2025-01-04T20:42:37.930-0500] {processor.py:914} INFO - Processing file /Library/Frameworks/Python.framework/Versions/3.9/lib/python3.9/site-packages/airflow/example_dags/example_params_ui_tutorial.py for tasks to queue
[2025-01-04T20:42:37.931-0500] {logging_mixin.py:190} INFO - [2025-01-04T20:42:37.931-0500] {dagbag.py:588} INFO - Filling up the DagBag from /Library/Frameworks/Python.framework/Versions/3.9/lib/python3.9/site-packages/airflow/example_dags/example_params_ui_tutorial.py
[2025-01-04T20:42:37.955-0500] {processor.py:925} INFO - DAG(s) 'example_params_ui_tutorial' retrieved from /Library/Frameworks/Python.framework/Versions/3.9/lib/python3.9/site-packages/airflow/example_dags/example_params_ui_tutorial.py
[2025-01-04T20:42:38.012-0500] {logging_mixin.py:190} INFO - [2025-01-04T20:42:38.012-0500] {dag.py:3239} INFO - Sync 1 DAGs
[2025-01-04T20:42:38.018-0500] {logging_mixin.py:190} INFO - [2025-01-04T20:42:38.017-0500] {dag.py:4180} INFO - Setting next_dagrun for example_params_ui_tutorial to None, run_after=None
[2025-01-04T20:42:38.035-0500] {processor.py:208} INFO - Processing /Library/Frameworks/Python.framework/Versions/3.9/lib/python3.9/site-packages/airflow/example_dags/example_params_ui_tutorial.py took 0.109 seconds
[2025-01-04T20:44:24.083-0500] {processor.py:186} INFO - Started process (PID=2653) to work on /Library/Frameworks/Python.framework/Versions/3.9/lib/python3.9/site-packages/airflow/example_dags/example_params_ui_tutorial.py
[2025-01-04T20:44:24.084-0500] {processor.py:914} INFO - Processing file /Library/Frameworks/Python.framework/Versions/3.9/lib/python3.9/site-packages/airflow/example_dags/example_params_ui_tutorial.py for tasks to queue
[2025-01-04T20:44:24.085-0500] {logging_mixin.py:190} INFO - [2025-01-04T20:44:24.085-0500] {dagbag.py:588} INFO - Filling up the DagBag from /Library/Frameworks/Python.framework/Versions/3.9/lib/python3.9/site-packages/airflow/example_dags/example_params_ui_tutorial.py
[2025-01-04T20:44:24.120-0500] {processor.py:925} INFO - DAG(s) 'example_params_ui_tutorial' retrieved from /Library/Frameworks/Python.framework/Versions/3.9/lib/python3.9/site-packages/airflow/example_dags/example_params_ui_tutorial.py
[2025-01-04T20:44:24.193-0500] {logging_mixin.py:190} INFO - [2025-01-04T20:44:24.193-0500] {dag.py:3239} INFO - Sync 1 DAGs
[2025-01-04T20:44:24.201-0500] {logging_mixin.py:190} INFO - [2025-01-04T20:44:24.201-0500] {dag.py:4180} INFO - Setting next_dagrun for example_params_ui_tutorial to None, run_after=None
[2025-01-04T20:44:24.225-0500] {processor.py:208} INFO - Processing /Library/Frameworks/Python.framework/Versions/3.9/lib/python3.9/site-packages/airflow/example_dags/example_params_ui_tutorial.py took 0.144 seconds
[2025-01-04T20:46:18.410-0500] {processor.py:186} INFO - Started process (PID=3009) to work on /Library/Frameworks/Python.framework/Versions/3.9/lib/python3.9/site-packages/airflow/example_dags/example_params_ui_tutorial.py
[2025-01-04T20:46:18.411-0500] {processor.py:914} INFO - Processing file /Library/Frameworks/Python.framework/Versions/3.9/lib/python3.9/site-packages/airflow/example_dags/example_params_ui_tutorial.py for tasks to queue
[2025-01-04T20:46:18.412-0500] {logging_mixin.py:190} INFO - [2025-01-04T20:46:18.412-0500] {dagbag.py:588} INFO - Filling up the DagBag from /Library/Frameworks/Python.framework/Versions/3.9/lib/python3.9/site-packages/airflow/example_dags/example_params_ui_tutorial.py
[2025-01-04T20:46:18.430-0500] {processor.py:925} INFO - DAG(s) 'example_params_ui_tutorial' retrieved from /Library/Frameworks/Python.framework/Versions/3.9/lib/python3.9/site-packages/airflow/example_dags/example_params_ui_tutorial.py
[2025-01-04T20:46:18.493-0500] {logging_mixin.py:190} INFO - [2025-01-04T20:46:18.493-0500] {dag.py:3239} INFO - Sync 1 DAGs
[2025-01-04T20:46:18.498-0500] {logging_mixin.py:190} INFO - [2025-01-04T20:46:18.498-0500] {dag.py:4180} INFO - Setting next_dagrun for example_params_ui_tutorial to None, run_after=None
[2025-01-04T20:46:18.510-0500] {processor.py:208} INFO - Processing /Library/Frameworks/Python.framework/Versions/3.9/lib/python3.9/site-packages/airflow/example_dags/example_params_ui_tutorial.py took 0.102 seconds
