[2025-01-04T20:26:08.286-0500] {processor.py:186} INFO - Started process (PID=99272) to work on /Library/Frameworks/Python.framework/Versions/3.9/lib/python3.9/site-packages/airflow/example_dags/example_task_group_decorator.py
[2025-01-04T20:26:08.287-0500] {processor.py:914} INFO - Processing file /Library/Frameworks/Python.framework/Versions/3.9/lib/python3.9/site-packages/airflow/example_dags/example_task_group_decorator.py for tasks to queue
[2025-01-04T20:26:08.287-0500] {logging_mixin.py:190} INFO - [2025-01-04T20:26:08.287-0500] {dagbag.py:588} INFO - Filling up the DagBag from /Library/Frameworks/Python.framework/Versions/3.9/lib/python3.9/site-packages/airflow/example_dags/example_task_group_decorator.py
[2025-01-04T20:26:08.313-0500] {processor.py:925} INFO - DAG(s) 'example_task_group_decorator' retrieved from /Library/Frameworks/Python.framework/Versions/3.9/lib/python3.9/site-packages/airflow/example_dags/example_task_group_decorator.py
[2025-01-04T20:26:08.415-0500] {logging_mixin.py:190} INFO - [2025-01-04T20:26:08.415-0500] {override.py:1911} INFO - Created Permission View: can read on DAG:example_task_group_decorator
[2025-01-04T20:26:08.419-0500] {logging_mixin.py:190} INFO - [2025-01-04T20:26:08.419-0500] {override.py:1911} INFO - Created Permission View: can edit on DAG:example_task_group_decorator
[2025-01-04T20:26:08.421-0500] {logging_mixin.py:190} INFO - [2025-01-04T20:26:08.421-0500] {override.py:1911} INFO - Created Permission View: can delete on DAG:example_task_group_decorator
[2025-01-04T20:26:08.426-0500] {logging_mixin.py:190} INFO - [2025-01-04T20:26:08.426-0500] {override.py:1911} INFO - Created Permission View: can read on DAG Run:example_task_group_decorator
[2025-01-04T20:26:08.429-0500] {logging_mixin.py:190} INFO - [2025-01-04T20:26:08.429-0500] {override.py:1911} INFO - Created Permission View: can create on DAG Run:example_task_group_decorator
[2025-01-04T20:26:08.432-0500] {logging_mixin.py:190} INFO - [2025-01-04T20:26:08.432-0500] {override.py:1911} INFO - Created Permission View: can delete on DAG Run:example_task_group_decorator
[2025-01-04T20:26:08.435-0500] {logging_mixin.py:190} INFO - [2025-01-04T20:26:08.434-0500] {override.py:1911} INFO - Created Permission View: menu access on DAG Run:example_task_group_decorator
[2025-01-04T20:26:08.435-0500] {logging_mixin.py:190} INFO - [2025-01-04T20:26:08.435-0500] {dag.py:3239} INFO - Sync 1 DAGs
[2025-01-04T20:26:08.440-0500] {logging_mixin.py:190} INFO - [2025-01-04T20:26:08.440-0500] {dag.py:3262} INFO - Creating ORM DAG for example_task_group_decorator
[2025-01-04T20:26:08.441-0500] {logging_mixin.py:190} INFO - [2025-01-04T20:26:08.441-0500] {dag.py:4180} INFO - Setting next_dagrun for example_task_group_decorator to None, run_after=None
[2025-01-04T20:26:08.452-0500] {processor.py:208} INFO - Processing /Library/Frameworks/Python.framework/Versions/3.9/lib/python3.9/site-packages/airflow/example_dags/example_task_group_decorator.py took 0.168 seconds
[2025-01-04T20:28:25.227-0500] {processor.py:186} INFO - Started process (PID=99643) to work on /Library/Frameworks/Python.framework/Versions/3.9/lib/python3.9/site-packages/airflow/example_dags/example_task_group_decorator.py
[2025-01-04T20:28:25.228-0500] {processor.py:914} INFO - Processing file /Library/Frameworks/Python.framework/Versions/3.9/lib/python3.9/site-packages/airflow/example_dags/example_task_group_decorator.py for tasks to queue
[2025-01-04T20:28:25.229-0500] {logging_mixin.py:190} INFO - [2025-01-04T20:28:25.229-0500] {dagbag.py:588} INFO - Filling up the DagBag from /Library/Frameworks/Python.framework/Versions/3.9/lib/python3.9/site-packages/airflow/example_dags/example_task_group_decorator.py
[2025-01-04T20:28:25.248-0500] {processor.py:925} INFO - DAG(s) 'example_task_group_decorator' retrieved from /Library/Frameworks/Python.framework/Versions/3.9/lib/python3.9/site-packages/airflow/example_dags/example_task_group_decorator.py
[2025-01-04T20:28:25.295-0500] {logging_mixin.py:190} INFO - [2025-01-04T20:28:25.294-0500] {dag.py:3239} INFO - Sync 1 DAGs
[2025-01-04T20:28:25.299-0500] {logging_mixin.py:190} INFO - [2025-01-04T20:28:25.299-0500] {dag.py:4180} INFO - Setting next_dagrun for example_task_group_decorator to None, run_after=None
[2025-01-04T20:28:25.307-0500] {processor.py:208} INFO - Processing /Library/Frameworks/Python.framework/Versions/3.9/lib/python3.9/site-packages/airflow/example_dags/example_task_group_decorator.py took 0.082 seconds
[2025-01-04T20:30:01.166-0500] {processor.py:186} INFO - Started process (PID=99886) to work on /Library/Frameworks/Python.framework/Versions/3.9/lib/python3.9/site-packages/airflow/example_dags/example_task_group_decorator.py
[2025-01-04T20:30:01.167-0500] {processor.py:914} INFO - Processing file /Library/Frameworks/Python.framework/Versions/3.9/lib/python3.9/site-packages/airflow/example_dags/example_task_group_decorator.py for tasks to queue
[2025-01-04T20:30:01.167-0500] {logging_mixin.py:190} INFO - [2025-01-04T20:30:01.167-0500] {dagbag.py:588} INFO - Filling up the DagBag from /Library/Frameworks/Python.framework/Versions/3.9/lib/python3.9/site-packages/airflow/example_dags/example_task_group_decorator.py
[2025-01-04T20:30:01.191-0500] {processor.py:925} INFO - DAG(s) 'example_task_group_decorator' retrieved from /Library/Frameworks/Python.framework/Versions/3.9/lib/python3.9/site-packages/airflow/example_dags/example_task_group_decorator.py
[2025-01-04T20:30:01.238-0500] {logging_mixin.py:190} INFO - [2025-01-04T20:30:01.238-0500] {dag.py:3239} INFO - Sync 1 DAGs
[2025-01-04T20:30:01.243-0500] {logging_mixin.py:190} INFO - [2025-01-04T20:30:01.243-0500] {dag.py:4180} INFO - Setting next_dagrun for example_task_group_decorator to None, run_after=None
[2025-01-04T20:30:01.255-0500] {processor.py:208} INFO - Processing /Library/Frameworks/Python.framework/Versions/3.9/lib/python3.9/site-packages/airflow/example_dags/example_task_group_decorator.py took 0.091 seconds
[2025-01-04T20:31:43.216-0500] {processor.py:186} INFO - Started process (PID=329) to work on /Library/Frameworks/Python.framework/Versions/3.9/lib/python3.9/site-packages/airflow/example_dags/example_task_group_decorator.py
[2025-01-04T20:31:43.218-0500] {processor.py:914} INFO - Processing file /Library/Frameworks/Python.framework/Versions/3.9/lib/python3.9/site-packages/airflow/example_dags/example_task_group_decorator.py for tasks to queue
[2025-01-04T20:31:43.218-0500] {logging_mixin.py:190} INFO - [2025-01-04T20:31:43.218-0500] {dagbag.py:588} INFO - Filling up the DagBag from /Library/Frameworks/Python.framework/Versions/3.9/lib/python3.9/site-packages/airflow/example_dags/example_task_group_decorator.py
[2025-01-04T20:31:43.245-0500] {processor.py:925} INFO - DAG(s) 'example_task_group_decorator' retrieved from /Library/Frameworks/Python.framework/Versions/3.9/lib/python3.9/site-packages/airflow/example_dags/example_task_group_decorator.py
[2025-01-04T20:31:43.296-0500] {logging_mixin.py:190} INFO - [2025-01-04T20:31:43.296-0500] {dag.py:3239} INFO - Sync 1 DAGs
[2025-01-04T20:31:43.301-0500] {logging_mixin.py:190} INFO - [2025-01-04T20:31:43.301-0500] {dag.py:4180} INFO - Setting next_dagrun for example_task_group_decorator to None, run_after=None
[2025-01-04T20:31:43.315-0500] {processor.py:208} INFO - Processing /Library/Frameworks/Python.framework/Versions/3.9/lib/python3.9/site-packages/airflow/example_dags/example_task_group_decorator.py took 0.101 seconds
[2025-01-04T20:33:21.513-0500] {processor.py:186} INFO - Started process (PID=715) to work on /Library/Frameworks/Python.framework/Versions/3.9/lib/python3.9/site-packages/airflow/example_dags/example_task_group_decorator.py
[2025-01-04T20:33:21.514-0500] {processor.py:914} INFO - Processing file /Library/Frameworks/Python.framework/Versions/3.9/lib/python3.9/site-packages/airflow/example_dags/example_task_group_decorator.py for tasks to queue
[2025-01-04T20:33:21.515-0500] {logging_mixin.py:190} INFO - [2025-01-04T20:33:21.515-0500] {dagbag.py:588} INFO - Filling up the DagBag from /Library/Frameworks/Python.framework/Versions/3.9/lib/python3.9/site-packages/airflow/example_dags/example_task_group_decorator.py
[2025-01-04T20:33:21.540-0500] {processor.py:925} INFO - DAG(s) 'example_task_group_decorator' retrieved from /Library/Frameworks/Python.framework/Versions/3.9/lib/python3.9/site-packages/airflow/example_dags/example_task_group_decorator.py
[2025-01-04T20:33:21.602-0500] {logging_mixin.py:190} INFO - [2025-01-04T20:33:21.601-0500] {dag.py:3239} INFO - Sync 1 DAGs
[2025-01-04T20:33:21.607-0500] {logging_mixin.py:190} INFO - [2025-01-04T20:33:21.607-0500] {dag.py:4180} INFO - Setting next_dagrun for example_task_group_decorator to None, run_after=None
[2025-01-04T20:33:21.623-0500] {processor.py:208} INFO - Processing /Library/Frameworks/Python.framework/Versions/3.9/lib/python3.9/site-packages/airflow/example_dags/example_task_group_decorator.py took 0.112 seconds
[2025-01-04T20:35:14.071-0500] {processor.py:186} INFO - Started process (PID=1079) to work on /Library/Frameworks/Python.framework/Versions/3.9/lib/python3.9/site-packages/airflow/example_dags/example_task_group_decorator.py
[2025-01-04T20:35:14.072-0500] {processor.py:914} INFO - Processing file /Library/Frameworks/Python.framework/Versions/3.9/lib/python3.9/site-packages/airflow/example_dags/example_task_group_decorator.py for tasks to queue
[2025-01-04T20:35:14.072-0500] {logging_mixin.py:190} INFO - [2025-01-04T20:35:14.072-0500] {dagbag.py:588} INFO - Filling up the DagBag from /Library/Frameworks/Python.framework/Versions/3.9/lib/python3.9/site-packages/airflow/example_dags/example_task_group_decorator.py
[2025-01-04T20:35:14.093-0500] {processor.py:925} INFO - DAG(s) 'example_task_group_decorator' retrieved from /Library/Frameworks/Python.framework/Versions/3.9/lib/python3.9/site-packages/airflow/example_dags/example_task_group_decorator.py
[2025-01-04T20:35:14.153-0500] {logging_mixin.py:190} INFO - [2025-01-04T20:35:14.153-0500] {dag.py:3239} INFO - Sync 1 DAGs
[2025-01-04T20:35:14.158-0500] {logging_mixin.py:190} INFO - [2025-01-04T20:35:14.157-0500] {dag.py:4180} INFO - Setting next_dagrun for example_task_group_decorator to None, run_after=None
[2025-01-04T20:35:14.169-0500] {processor.py:208} INFO - Processing /Library/Frameworks/Python.framework/Versions/3.9/lib/python3.9/site-packages/airflow/example_dags/example_task_group_decorator.py took 0.100 seconds
[2025-01-04T20:37:02.206-0500] {processor.py:186} INFO - Started process (PID=1411) to work on /Library/Frameworks/Python.framework/Versions/3.9/lib/python3.9/site-packages/airflow/example_dags/example_task_group_decorator.py
[2025-01-04T20:37:02.208-0500] {processor.py:914} INFO - Processing file /Library/Frameworks/Python.framework/Versions/3.9/lib/python3.9/site-packages/airflow/example_dags/example_task_group_decorator.py for tasks to queue
[2025-01-04T20:37:02.208-0500] {logging_mixin.py:190} INFO - [2025-01-04T20:37:02.208-0500] {dagbag.py:588} INFO - Filling up the DagBag from /Library/Frameworks/Python.framework/Versions/3.9/lib/python3.9/site-packages/airflow/example_dags/example_task_group_decorator.py
[2025-01-04T20:37:02.229-0500] {processor.py:925} INFO - DAG(s) 'example_task_group_decorator' retrieved from /Library/Frameworks/Python.framework/Versions/3.9/lib/python3.9/site-packages/airflow/example_dags/example_task_group_decorator.py
[2025-01-04T20:37:02.284-0500] {logging_mixin.py:190} INFO - [2025-01-04T20:37:02.283-0500] {dag.py:3239} INFO - Sync 1 DAGs
[2025-01-04T20:37:02.290-0500] {logging_mixin.py:190} INFO - [2025-01-04T20:37:02.290-0500] {dag.py:4180} INFO - Setting next_dagrun for example_task_group_decorator to None, run_after=None
[2025-01-04T20:37:02.302-0500] {processor.py:208} INFO - Processing /Library/Frameworks/Python.framework/Versions/3.9/lib/python3.9/site-packages/airflow/example_dags/example_task_group_decorator.py took 0.102 seconds
[2025-01-04T20:38:38.878-0500] {processor.py:186} INFO - Started process (PID=1745) to work on /Library/Frameworks/Python.framework/Versions/3.9/lib/python3.9/site-packages/airflow/example_dags/example_task_group_decorator.py
[2025-01-04T20:38:38.880-0500] {processor.py:914} INFO - Processing file /Library/Frameworks/Python.framework/Versions/3.9/lib/python3.9/site-packages/airflow/example_dags/example_task_group_decorator.py for tasks to queue
[2025-01-04T20:38:38.881-0500] {logging_mixin.py:190} INFO - [2025-01-04T20:38:38.881-0500] {dagbag.py:588} INFO - Filling up the DagBag from /Library/Frameworks/Python.framework/Versions/3.9/lib/python3.9/site-packages/airflow/example_dags/example_task_group_decorator.py
[2025-01-04T20:38:38.917-0500] {processor.py:925} INFO - DAG(s) 'example_task_group_decorator' retrieved from /Library/Frameworks/Python.framework/Versions/3.9/lib/python3.9/site-packages/airflow/example_dags/example_task_group_decorator.py
[2025-01-04T20:38:39.147-0500] {logging_mixin.py:190} INFO - [2025-01-04T20:38:39.146-0500] {dag.py:3239} INFO - Sync 1 DAGs
[2025-01-04T20:38:39.157-0500] {logging_mixin.py:190} INFO - [2025-01-04T20:38:39.157-0500] {dag.py:4180} INFO - Setting next_dagrun for example_task_group_decorator to None, run_after=None
[2025-01-04T20:38:39.200-0500] {processor.py:208} INFO - Processing /Library/Frameworks/Python.framework/Versions/3.9/lib/python3.9/site-packages/airflow/example_dags/example_task_group_decorator.py took 0.327 seconds
[2025-01-04T20:40:23.642-0500] {processor.py:186} INFO - Started process (PID=2065) to work on /Library/Frameworks/Python.framework/Versions/3.9/lib/python3.9/site-packages/airflow/example_dags/example_task_group_decorator.py
[2025-01-04T20:40:23.642-0500] {processor.py:914} INFO - Processing file /Library/Frameworks/Python.framework/Versions/3.9/lib/python3.9/site-packages/airflow/example_dags/example_task_group_decorator.py for tasks to queue
[2025-01-04T20:40:23.643-0500] {logging_mixin.py:190} INFO - [2025-01-04T20:40:23.643-0500] {dagbag.py:588} INFO - Filling up the DagBag from /Library/Frameworks/Python.framework/Versions/3.9/lib/python3.9/site-packages/airflow/example_dags/example_task_group_decorator.py
[2025-01-04T20:40:23.676-0500] {processor.py:925} INFO - DAG(s) 'example_task_group_decorator' retrieved from /Library/Frameworks/Python.framework/Versions/3.9/lib/python3.9/site-packages/airflow/example_dags/example_task_group_decorator.py
[2025-01-04T20:40:23.727-0500] {logging_mixin.py:190} INFO - [2025-01-04T20:40:23.727-0500] {dag.py:3239} INFO - Sync 1 DAGs
[2025-01-04T20:40:23.733-0500] {logging_mixin.py:190} INFO - [2025-01-04T20:40:23.733-0500] {dag.py:4180} INFO - Setting next_dagrun for example_task_group_decorator to None, run_after=None
[2025-01-04T20:40:23.755-0500] {processor.py:208} INFO - Processing /Library/Frameworks/Python.framework/Versions/3.9/lib/python3.9/site-packages/airflow/example_dags/example_task_group_decorator.py took 0.115 seconds
[2025-01-04T20:42:03.395-0500] {processor.py:186} INFO - Started process (PID=2271) to work on /Library/Frameworks/Python.framework/Versions/3.9/lib/python3.9/site-packages/airflow/example_dags/example_task_group_decorator.py
[2025-01-04T20:42:03.396-0500] {processor.py:914} INFO - Processing file /Library/Frameworks/Python.framework/Versions/3.9/lib/python3.9/site-packages/airflow/example_dags/example_task_group_decorator.py for tasks to queue
[2025-01-04T20:42:03.397-0500] {logging_mixin.py:190} INFO - [2025-01-04T20:42:03.396-0500] {dagbag.py:588} INFO - Filling up the DagBag from /Library/Frameworks/Python.framework/Versions/3.9/lib/python3.9/site-packages/airflow/example_dags/example_task_group_decorator.py
[2025-01-04T20:42:03.416-0500] {processor.py:925} INFO - DAG(s) 'example_task_group_decorator' retrieved from /Library/Frameworks/Python.framework/Versions/3.9/lib/python3.9/site-packages/airflow/example_dags/example_task_group_decorator.py
[2025-01-04T20:42:03.492-0500] {logging_mixin.py:190} INFO - [2025-01-04T20:42:03.492-0500] {dag.py:3239} INFO - Sync 1 DAGs
[2025-01-04T20:42:03.497-0500] {logging_mixin.py:190} INFO - [2025-01-04T20:42:03.497-0500] {dag.py:4180} INFO - Setting next_dagrun for example_task_group_decorator to None, run_after=None
[2025-01-04T20:42:03.512-0500] {processor.py:208} INFO - Processing /Library/Frameworks/Python.framework/Versions/3.9/lib/python3.9/site-packages/airflow/example_dags/example_task_group_decorator.py took 0.119 seconds
[2025-01-04T20:43:50.968-0500] {processor.py:186} INFO - Started process (PID=2569) to work on /Library/Frameworks/Python.framework/Versions/3.9/lib/python3.9/site-packages/airflow/example_dags/example_task_group_decorator.py
[2025-01-04T20:43:50.969-0500] {processor.py:914} INFO - Processing file /Library/Frameworks/Python.framework/Versions/3.9/lib/python3.9/site-packages/airflow/example_dags/example_task_group_decorator.py for tasks to queue
[2025-01-04T20:43:50.969-0500] {logging_mixin.py:190} INFO - [2025-01-04T20:43:50.969-0500] {dagbag.py:588} INFO - Filling up the DagBag from /Library/Frameworks/Python.framework/Versions/3.9/lib/python3.9/site-packages/airflow/example_dags/example_task_group_decorator.py
[2025-01-04T20:43:50.993-0500] {processor.py:925} INFO - DAG(s) 'example_task_group_decorator' retrieved from /Library/Frameworks/Python.framework/Versions/3.9/lib/python3.9/site-packages/airflow/example_dags/example_task_group_decorator.py
[2025-01-04T20:43:51.039-0500] {logging_mixin.py:190} INFO - [2025-01-04T20:43:51.039-0500] {dag.py:3239} INFO - Sync 1 DAGs
[2025-01-04T20:43:51.043-0500] {logging_mixin.py:190} INFO - [2025-01-04T20:43:51.043-0500] {dag.py:4180} INFO - Setting next_dagrun for example_task_group_decorator to None, run_after=None
[2025-01-04T20:43:51.053-0500] {processor.py:208} INFO - Processing /Library/Frameworks/Python.framework/Versions/3.9/lib/python3.9/site-packages/airflow/example_dags/example_task_group_decorator.py took 0.087 seconds
[2025-01-04T20:45:42.392-0500] {processor.py:186} INFO - Started process (PID=2906) to work on /Library/Frameworks/Python.framework/Versions/3.9/lib/python3.9/site-packages/airflow/example_dags/example_task_group_decorator.py
[2025-01-04T20:45:42.397-0500] {processor.py:914} INFO - Processing file /Library/Frameworks/Python.framework/Versions/3.9/lib/python3.9/site-packages/airflow/example_dags/example_task_group_decorator.py for tasks to queue
[2025-01-04T20:45:42.398-0500] {logging_mixin.py:190} INFO - [2025-01-04T20:45:42.398-0500] {dagbag.py:588} INFO - Filling up the DagBag from /Library/Frameworks/Python.framework/Versions/3.9/lib/python3.9/site-packages/airflow/example_dags/example_task_group_decorator.py
[2025-01-04T20:45:42.437-0500] {processor.py:925} INFO - DAG(s) 'example_task_group_decorator' retrieved from /Library/Frameworks/Python.framework/Versions/3.9/lib/python3.9/site-packages/airflow/example_dags/example_task_group_decorator.py
[2025-01-04T20:45:42.492-0500] {logging_mixin.py:190} INFO - [2025-01-04T20:45:42.491-0500] {dag.py:3239} INFO - Sync 1 DAGs
[2025-01-04T20:45:42.497-0500] {logging_mixin.py:190} INFO - [2025-01-04T20:45:42.497-0500] {dag.py:4180} INFO - Setting next_dagrun for example_task_group_decorator to None, run_after=None
[2025-01-04T20:45:42.513-0500] {processor.py:208} INFO - Processing /Library/Frameworks/Python.framework/Versions/3.9/lib/python3.9/site-packages/airflow/example_dags/example_task_group_decorator.py took 0.125 seconds
[2025-01-04T20:47:35.585-0500] {processor.py:186} INFO - Started process (PID=3205) to work on /Library/Frameworks/Python.framework/Versions/3.9/lib/python3.9/site-packages/airflow/example_dags/example_task_group_decorator.py
[2025-01-04T20:47:35.587-0500] {processor.py:914} INFO - Processing file /Library/Frameworks/Python.framework/Versions/3.9/lib/python3.9/site-packages/airflow/example_dags/example_task_group_decorator.py for tasks to queue
[2025-01-04T20:47:35.588-0500] {logging_mixin.py:190} INFO - [2025-01-04T20:47:35.588-0500] {dagbag.py:588} INFO - Filling up the DagBag from /Library/Frameworks/Python.framework/Versions/3.9/lib/python3.9/site-packages/airflow/example_dags/example_task_group_decorator.py
[2025-01-04T20:47:35.614-0500] {processor.py:925} INFO - DAG(s) 'example_task_group_decorator' retrieved from /Library/Frameworks/Python.framework/Versions/3.9/lib/python3.9/site-packages/airflow/example_dags/example_task_group_decorator.py
[2025-01-04T20:47:35.667-0500] {logging_mixin.py:190} INFO - [2025-01-04T20:47:35.667-0500] {dag.py:3239} INFO - Sync 1 DAGs
[2025-01-04T20:47:35.672-0500] {logging_mixin.py:190} INFO - [2025-01-04T20:47:35.672-0500] {dag.py:4180} INFO - Setting next_dagrun for example_task_group_decorator to None, run_after=None
[2025-01-04T20:47:35.681-0500] {processor.py:208} INFO - Processing /Library/Frameworks/Python.framework/Versions/3.9/lib/python3.9/site-packages/airflow/example_dags/example_task_group_decorator.py took 0.097 seconds
[2025-01-04T20:49:31.854-0500] {processor.py:186} INFO - Started process (PID=3606) to work on /Library/Frameworks/Python.framework/Versions/3.9/lib/python3.9/site-packages/airflow/example_dags/example_task_group_decorator.py
[2025-01-04T20:49:31.856-0500] {processor.py:914} INFO - Processing file /Library/Frameworks/Python.framework/Versions/3.9/lib/python3.9/site-packages/airflow/example_dags/example_task_group_decorator.py for tasks to queue
[2025-01-04T20:49:31.857-0500] {logging_mixin.py:190} INFO - [2025-01-04T20:49:31.857-0500] {dagbag.py:588} INFO - Filling up the DagBag from /Library/Frameworks/Python.framework/Versions/3.9/lib/python3.9/site-packages/airflow/example_dags/example_task_group_decorator.py
[2025-01-04T20:49:31.876-0500] {processor.py:925} INFO - DAG(s) 'example_task_group_decorator' retrieved from /Library/Frameworks/Python.framework/Versions/3.9/lib/python3.9/site-packages/airflow/example_dags/example_task_group_decorator.py
[2025-01-04T20:49:31.929-0500] {logging_mixin.py:190} INFO - [2025-01-04T20:49:31.929-0500] {dag.py:3239} INFO - Sync 1 DAGs
[2025-01-04T20:49:31.936-0500] {logging_mixin.py:190} INFO - [2025-01-04T20:49:31.936-0500] {dag.py:4180} INFO - Setting next_dagrun for example_task_group_decorator to None, run_after=None
[2025-01-04T20:49:31.950-0500] {processor.py:208} INFO - Processing /Library/Frameworks/Python.framework/Versions/3.9/lib/python3.9/site-packages/airflow/example_dags/example_task_group_decorator.py took 0.097 seconds
