[2025-01-04T20:25:59.967-0500] {processor.py:186} INFO - Started process (PID=99266) to work on /Library/Frameworks/Python.framework/Versions/3.9/lib/python3.9/site-packages/airflow/example_dags/example_trigger_target_dag.py
[2025-01-04T20:25:59.968-0500] {processor.py:914} INFO - Processing file /Library/Frameworks/Python.framework/Versions/3.9/lib/python3.9/site-packages/airflow/example_dags/example_trigger_target_dag.py for tasks to queue
[2025-01-04T20:25:59.968-0500] {logging_mixin.py:190} INFO - [2025-01-04T20:25:59.968-0500] {dagbag.py:588} INFO - Filling up the DagBag from /Library/Frameworks/Python.framework/Versions/3.9/lib/python3.9/site-packages/airflow/example_dags/example_trigger_target_dag.py
[2025-01-04T20:26:00.078-0500] {processor.py:925} INFO - DAG(s) 'example_trigger_target_dag' retrieved from /Library/Frameworks/Python.framework/Versions/3.9/lib/python3.9/site-packages/airflow/example_dags/example_trigger_target_dag.py
[2025-01-04T20:26:00.273-0500] {logging_mixin.py:190} INFO - [2025-01-04T20:26:00.273-0500] {override.py:1911} INFO - Created Permission View: can delete on DAG:example_trigger_target_dag
[2025-01-04T20:26:00.277-0500] {logging_mixin.py:190} INFO - [2025-01-04T20:26:00.277-0500] {override.py:1911} INFO - Created Permission View: can edit on DAG:example_trigger_target_dag
[2025-01-04T20:26:00.280-0500] {logging_mixin.py:190} INFO - [2025-01-04T20:26:00.280-0500] {override.py:1911} INFO - Created Permission View: can read on DAG:example_trigger_target_dag
[2025-01-04T20:26:00.283-0500] {logging_mixin.py:190} INFO - [2025-01-04T20:26:00.283-0500] {override.py:1911} INFO - Created Permission View: can create on DAG Run:example_trigger_target_dag
[2025-01-04T20:26:00.286-0500] {logging_mixin.py:190} INFO - [2025-01-04T20:26:00.285-0500] {override.py:1911} INFO - Created Permission View: can delete on DAG Run:example_trigger_target_dag
[2025-01-04T20:26:00.288-0500] {logging_mixin.py:190} INFO - [2025-01-04T20:26:00.288-0500] {override.py:1911} INFO - Created Permission View: menu access on DAG Run:example_trigger_target_dag
[2025-01-04T20:26:00.293-0500] {logging_mixin.py:190} INFO - [2025-01-04T20:26:00.292-0500] {override.py:1911} INFO - Created Permission View: can read on DAG Run:example_trigger_target_dag
[2025-01-04T20:26:00.294-0500] {logging_mixin.py:190} INFO - [2025-01-04T20:26:00.293-0500] {dag.py:3239} INFO - Sync 1 DAGs
[2025-01-04T20:26:00.304-0500] {logging_mixin.py:190} INFO - [2025-01-04T20:26:00.304-0500] {dag.py:3262} INFO - Creating ORM DAG for example_trigger_target_dag
[2025-01-04T20:26:00.305-0500] {logging_mixin.py:190} INFO - [2025-01-04T20:26:00.305-0500] {dag.py:4180} INFO - Setting next_dagrun for example_trigger_target_dag to None, run_after=None
[2025-01-04T20:26:00.427-0500] {processor.py:208} INFO - Processing /Library/Frameworks/Python.framework/Versions/3.9/lib/python3.9/site-packages/airflow/example_dags/example_trigger_target_dag.py took 0.462 seconds
[2025-01-04T20:28:19.376-0500] {processor.py:186} INFO - Started process (PID=99629) to work on /Library/Frameworks/Python.framework/Versions/3.9/lib/python3.9/site-packages/airflow/example_dags/example_trigger_target_dag.py
[2025-01-04T20:28:19.377-0500] {processor.py:914} INFO - Processing file /Library/Frameworks/Python.framework/Versions/3.9/lib/python3.9/site-packages/airflow/example_dags/example_trigger_target_dag.py for tasks to queue
[2025-01-04T20:28:19.377-0500] {logging_mixin.py:190} INFO - [2025-01-04T20:28:19.377-0500] {dagbag.py:588} INFO - Filling up the DagBag from /Library/Frameworks/Python.framework/Versions/3.9/lib/python3.9/site-packages/airflow/example_dags/example_trigger_target_dag.py
[2025-01-04T20:28:19.394-0500] {processor.py:925} INFO - DAG(s) 'example_trigger_target_dag' retrieved from /Library/Frameworks/Python.framework/Versions/3.9/lib/python3.9/site-packages/airflow/example_dags/example_trigger_target_dag.py
[2025-01-04T20:28:19.442-0500] {logging_mixin.py:190} INFO - [2025-01-04T20:28:19.442-0500] {dag.py:3239} INFO - Sync 1 DAGs
[2025-01-04T20:28:19.447-0500] {logging_mixin.py:190} INFO - [2025-01-04T20:28:19.446-0500] {dag.py:4180} INFO - Setting next_dagrun for example_trigger_target_dag to None, run_after=None
[2025-01-04T20:28:19.455-0500] {processor.py:208} INFO - Processing /Library/Frameworks/Python.framework/Versions/3.9/lib/python3.9/site-packages/airflow/example_dags/example_trigger_target_dag.py took 0.081 seconds
[2025-01-04T20:29:54.721-0500] {processor.py:186} INFO - Started process (PID=99875) to work on /Library/Frameworks/Python.framework/Versions/3.9/lib/python3.9/site-packages/airflow/example_dags/example_trigger_target_dag.py
[2025-01-04T20:29:54.722-0500] {processor.py:914} INFO - Processing file /Library/Frameworks/Python.framework/Versions/3.9/lib/python3.9/site-packages/airflow/example_dags/example_trigger_target_dag.py for tasks to queue
[2025-01-04T20:29:54.723-0500] {logging_mixin.py:190} INFO - [2025-01-04T20:29:54.723-0500] {dagbag.py:588} INFO - Filling up the DagBag from /Library/Frameworks/Python.framework/Versions/3.9/lib/python3.9/site-packages/airflow/example_dags/example_trigger_target_dag.py
[2025-01-04T20:29:54.739-0500] {processor.py:925} INFO - DAG(s) 'example_trigger_target_dag' retrieved from /Library/Frameworks/Python.framework/Versions/3.9/lib/python3.9/site-packages/airflow/example_dags/example_trigger_target_dag.py
[2025-01-04T20:29:54.781-0500] {logging_mixin.py:190} INFO - [2025-01-04T20:29:54.781-0500] {dag.py:3239} INFO - Sync 1 DAGs
[2025-01-04T20:29:54.785-0500] {logging_mixin.py:190} INFO - [2025-01-04T20:29:54.785-0500] {dag.py:4180} INFO - Setting next_dagrun for example_trigger_target_dag to None, run_after=None
[2025-01-04T20:29:54.796-0500] {processor.py:208} INFO - Processing /Library/Frameworks/Python.framework/Versions/3.9/lib/python3.9/site-packages/airflow/example_dags/example_trigger_target_dag.py took 0.077 seconds
[2025-01-04T20:31:35.072-0500] {processor.py:186} INFO - Started process (PID=308) to work on /Library/Frameworks/Python.framework/Versions/3.9/lib/python3.9/site-packages/airflow/example_dags/example_trigger_target_dag.py
[2025-01-04T20:31:35.073-0500] {processor.py:914} INFO - Processing file /Library/Frameworks/Python.framework/Versions/3.9/lib/python3.9/site-packages/airflow/example_dags/example_trigger_target_dag.py for tasks to queue
[2025-01-04T20:31:35.073-0500] {logging_mixin.py:190} INFO - [2025-01-04T20:31:35.073-0500] {dagbag.py:588} INFO - Filling up the DagBag from /Library/Frameworks/Python.framework/Versions/3.9/lib/python3.9/site-packages/airflow/example_dags/example_trigger_target_dag.py
[2025-01-04T20:31:35.090-0500] {processor.py:925} INFO - DAG(s) 'example_trigger_target_dag' retrieved from /Library/Frameworks/Python.framework/Versions/3.9/lib/python3.9/site-packages/airflow/example_dags/example_trigger_target_dag.py
[2025-01-04T20:31:35.133-0500] {logging_mixin.py:190} INFO - [2025-01-04T20:31:35.133-0500] {dag.py:3239} INFO - Sync 1 DAGs
[2025-01-04T20:31:35.137-0500] {logging_mixin.py:190} INFO - [2025-01-04T20:31:35.137-0500] {dag.py:4180} INFO - Setting next_dagrun for example_trigger_target_dag to None, run_after=None
[2025-01-04T20:31:35.147-0500] {processor.py:208} INFO - Processing /Library/Frameworks/Python.framework/Versions/3.9/lib/python3.9/site-packages/airflow/example_dags/example_trigger_target_dag.py took 0.078 seconds
[2025-01-04T20:33:13.967-0500] {processor.py:186} INFO - Started process (PID=681) to work on /Library/Frameworks/Python.framework/Versions/3.9/lib/python3.9/site-packages/airflow/example_dags/example_trigger_target_dag.py
[2025-01-04T20:33:13.968-0500] {processor.py:914} INFO - Processing file /Library/Frameworks/Python.framework/Versions/3.9/lib/python3.9/site-packages/airflow/example_dags/example_trigger_target_dag.py for tasks to queue
[2025-01-04T20:33:13.968-0500] {logging_mixin.py:190} INFO - [2025-01-04T20:33:13.968-0500] {dagbag.py:588} INFO - Filling up the DagBag from /Library/Frameworks/Python.framework/Versions/3.9/lib/python3.9/site-packages/airflow/example_dags/example_trigger_target_dag.py
[2025-01-04T20:33:13.996-0500] {processor.py:925} INFO - DAG(s) 'example_trigger_target_dag' retrieved from /Library/Frameworks/Python.framework/Versions/3.9/lib/python3.9/site-packages/airflow/example_dags/example_trigger_target_dag.py
[2025-01-04T20:33:14.057-0500] {logging_mixin.py:190} INFO - [2025-01-04T20:33:14.057-0500] {dag.py:3239} INFO - Sync 1 DAGs
[2025-01-04T20:33:14.064-0500] {logging_mixin.py:190} INFO - [2025-01-04T20:33:14.064-0500] {dag.py:4180} INFO - Setting next_dagrun for example_trigger_target_dag to None, run_after=None
[2025-01-04T20:33:14.078-0500] {processor.py:208} INFO - Processing /Library/Frameworks/Python.framework/Versions/3.9/lib/python3.9/site-packages/airflow/example_dags/example_trigger_target_dag.py took 0.113 seconds
[2025-01-04T20:35:06.537-0500] {processor.py:186} INFO - Started process (PID=1052) to work on /Library/Frameworks/Python.framework/Versions/3.9/lib/python3.9/site-packages/airflow/example_dags/example_trigger_target_dag.py
[2025-01-04T20:35:06.538-0500] {processor.py:914} INFO - Processing file /Library/Frameworks/Python.framework/Versions/3.9/lib/python3.9/site-packages/airflow/example_dags/example_trigger_target_dag.py for tasks to queue
[2025-01-04T20:35:06.539-0500] {logging_mixin.py:190} INFO - [2025-01-04T20:35:06.539-0500] {dagbag.py:588} INFO - Filling up the DagBag from /Library/Frameworks/Python.framework/Versions/3.9/lib/python3.9/site-packages/airflow/example_dags/example_trigger_target_dag.py
[2025-01-04T20:35:06.558-0500] {processor.py:925} INFO - DAG(s) 'example_trigger_target_dag' retrieved from /Library/Frameworks/Python.framework/Versions/3.9/lib/python3.9/site-packages/airflow/example_dags/example_trigger_target_dag.py
[2025-01-04T20:35:06.602-0500] {logging_mixin.py:190} INFO - [2025-01-04T20:35:06.602-0500] {dag.py:3239} INFO - Sync 1 DAGs
[2025-01-04T20:35:06.608-0500] {logging_mixin.py:190} INFO - [2025-01-04T20:35:06.608-0500] {dag.py:4180} INFO - Setting next_dagrun for example_trigger_target_dag to None, run_after=None
[2025-01-04T20:35:06.617-0500] {processor.py:208} INFO - Processing /Library/Frameworks/Python.framework/Versions/3.9/lib/python3.9/site-packages/airflow/example_dags/example_trigger_target_dag.py took 0.082 seconds
[2025-01-04T20:36:54.012-0500] {processor.py:186} INFO - Started process (PID=1384) to work on /Library/Frameworks/Python.framework/Versions/3.9/lib/python3.9/site-packages/airflow/example_dags/example_trigger_target_dag.py
[2025-01-04T20:36:54.014-0500] {processor.py:914} INFO - Processing file /Library/Frameworks/Python.framework/Versions/3.9/lib/python3.9/site-packages/airflow/example_dags/example_trigger_target_dag.py for tasks to queue
[2025-01-04T20:36:54.014-0500] {logging_mixin.py:190} INFO - [2025-01-04T20:36:54.014-0500] {dagbag.py:588} INFO - Filling up the DagBag from /Library/Frameworks/Python.framework/Versions/3.9/lib/python3.9/site-packages/airflow/example_dags/example_trigger_target_dag.py
[2025-01-04T20:36:54.032-0500] {processor.py:925} INFO - DAG(s) 'example_trigger_target_dag' retrieved from /Library/Frameworks/Python.framework/Versions/3.9/lib/python3.9/site-packages/airflow/example_dags/example_trigger_target_dag.py
[2025-01-04T20:36:54.079-0500] {logging_mixin.py:190} INFO - [2025-01-04T20:36:54.079-0500] {dag.py:3239} INFO - Sync 1 DAGs
[2025-01-04T20:36:54.084-0500] {logging_mixin.py:190} INFO - [2025-01-04T20:36:54.084-0500] {dag.py:4180} INFO - Setting next_dagrun for example_trigger_target_dag to None, run_after=None
[2025-01-04T20:36:54.098-0500] {processor.py:208} INFO - Processing /Library/Frameworks/Python.framework/Versions/3.9/lib/python3.9/site-packages/airflow/example_dags/example_trigger_target_dag.py took 0.087 seconds
[2025-01-04T20:38:31.219-0500] {processor.py:186} INFO - Started process (PID=1725) to work on /Library/Frameworks/Python.framework/Versions/3.9/lib/python3.9/site-packages/airflow/example_dags/example_trigger_target_dag.py
[2025-01-04T20:38:31.223-0500] {processor.py:914} INFO - Processing file /Library/Frameworks/Python.framework/Versions/3.9/lib/python3.9/site-packages/airflow/example_dags/example_trigger_target_dag.py for tasks to queue
[2025-01-04T20:38:31.223-0500] {logging_mixin.py:190} INFO - [2025-01-04T20:38:31.223-0500] {dagbag.py:588} INFO - Filling up the DagBag from /Library/Frameworks/Python.framework/Versions/3.9/lib/python3.9/site-packages/airflow/example_dags/example_trigger_target_dag.py
[2025-01-04T20:38:31.239-0500] {processor.py:925} INFO - DAG(s) 'example_trigger_target_dag' retrieved from /Library/Frameworks/Python.framework/Versions/3.9/lib/python3.9/site-packages/airflow/example_dags/example_trigger_target_dag.py
[2025-01-04T20:38:31.282-0500] {logging_mixin.py:190} INFO - [2025-01-04T20:38:31.282-0500] {dag.py:3239} INFO - Sync 1 DAGs
[2025-01-04T20:38:31.286-0500] {logging_mixin.py:190} INFO - [2025-01-04T20:38:31.286-0500] {dag.py:4180} INFO - Setting next_dagrun for example_trigger_target_dag to None, run_after=None
[2025-01-04T20:38:31.295-0500] {processor.py:208} INFO - Processing /Library/Frameworks/Python.framework/Versions/3.9/lib/python3.9/site-packages/airflow/example_dags/example_trigger_target_dag.py took 0.077 seconds
[2025-01-04T20:40:15.270-0500] {processor.py:186} INFO - Started process (PID=2042) to work on /Library/Frameworks/Python.framework/Versions/3.9/lib/python3.9/site-packages/airflow/example_dags/example_trigger_target_dag.py
[2025-01-04T20:40:15.272-0500] {processor.py:914} INFO - Processing file /Library/Frameworks/Python.framework/Versions/3.9/lib/python3.9/site-packages/airflow/example_dags/example_trigger_target_dag.py for tasks to queue
[2025-01-04T20:40:15.272-0500] {logging_mixin.py:190} INFO - [2025-01-04T20:40:15.272-0500] {dagbag.py:588} INFO - Filling up the DagBag from /Library/Frameworks/Python.framework/Versions/3.9/lib/python3.9/site-packages/airflow/example_dags/example_trigger_target_dag.py
[2025-01-04T20:40:15.292-0500] {processor.py:925} INFO - DAG(s) 'example_trigger_target_dag' retrieved from /Library/Frameworks/Python.framework/Versions/3.9/lib/python3.9/site-packages/airflow/example_dags/example_trigger_target_dag.py
[2025-01-04T20:40:15.341-0500] {logging_mixin.py:190} INFO - [2025-01-04T20:40:15.340-0500] {dag.py:3239} INFO - Sync 1 DAGs
[2025-01-04T20:40:15.347-0500] {logging_mixin.py:190} INFO - [2025-01-04T20:40:15.346-0500] {dag.py:4180} INFO - Setting next_dagrun for example_trigger_target_dag to None, run_after=None
[2025-01-04T20:40:15.358-0500] {processor.py:208} INFO - Processing /Library/Frameworks/Python.framework/Versions/3.9/lib/python3.9/site-packages/airflow/example_dags/example_trigger_target_dag.py took 0.092 seconds
[2025-01-04T20:41:56.932-0500] {processor.py:186} INFO - Started process (PID=2262) to work on /Library/Frameworks/Python.framework/Versions/3.9/lib/python3.9/site-packages/airflow/example_dags/example_trigger_target_dag.py
[2025-01-04T20:41:56.933-0500] {processor.py:914} INFO - Processing file /Library/Frameworks/Python.framework/Versions/3.9/lib/python3.9/site-packages/airflow/example_dags/example_trigger_target_dag.py for tasks to queue
[2025-01-04T20:41:56.934-0500] {logging_mixin.py:190} INFO - [2025-01-04T20:41:56.934-0500] {dagbag.py:588} INFO - Filling up the DagBag from /Library/Frameworks/Python.framework/Versions/3.9/lib/python3.9/site-packages/airflow/example_dags/example_trigger_target_dag.py
[2025-01-04T20:41:56.954-0500] {processor.py:925} INFO - DAG(s) 'example_trigger_target_dag' retrieved from /Library/Frameworks/Python.framework/Versions/3.9/lib/python3.9/site-packages/airflow/example_dags/example_trigger_target_dag.py
[2025-01-04T20:41:56.999-0500] {logging_mixin.py:190} INFO - [2025-01-04T20:41:56.999-0500] {dag.py:3239} INFO - Sync 1 DAGs
[2025-01-04T20:41:57.004-0500] {logging_mixin.py:190} INFO - [2025-01-04T20:41:57.004-0500] {dag.py:4180} INFO - Setting next_dagrun for example_trigger_target_dag to None, run_after=None
[2025-01-04T20:41:57.016-0500] {processor.py:208} INFO - Processing /Library/Frameworks/Python.framework/Versions/3.9/lib/python3.9/site-packages/airflow/example_dags/example_trigger_target_dag.py took 0.087 seconds
[2025-01-04T20:43:42.896-0500] {processor.py:186} INFO - Started process (PID=2557) to work on /Library/Frameworks/Python.framework/Versions/3.9/lib/python3.9/site-packages/airflow/example_dags/example_trigger_target_dag.py
[2025-01-04T20:43:42.897-0500] {processor.py:914} INFO - Processing file /Library/Frameworks/Python.framework/Versions/3.9/lib/python3.9/site-packages/airflow/example_dags/example_trigger_target_dag.py for tasks to queue
[2025-01-04T20:43:42.898-0500] {logging_mixin.py:190} INFO - [2025-01-04T20:43:42.897-0500] {dagbag.py:588} INFO - Filling up the DagBag from /Library/Frameworks/Python.framework/Versions/3.9/lib/python3.9/site-packages/airflow/example_dags/example_trigger_target_dag.py
[2025-01-04T20:43:42.914-0500] {processor.py:925} INFO - DAG(s) 'example_trigger_target_dag' retrieved from /Library/Frameworks/Python.framework/Versions/3.9/lib/python3.9/site-packages/airflow/example_dags/example_trigger_target_dag.py
[2025-01-04T20:43:42.958-0500] {logging_mixin.py:190} INFO - [2025-01-04T20:43:42.958-0500] {dag.py:3239} INFO - Sync 1 DAGs
[2025-01-04T20:43:42.962-0500] {logging_mixin.py:190} INFO - [2025-01-04T20:43:42.962-0500] {dag.py:4180} INFO - Setting next_dagrun for example_trigger_target_dag to None, run_after=None
[2025-01-04T20:43:42.971-0500] {processor.py:208} INFO - Processing /Library/Frameworks/Python.framework/Versions/3.9/lib/python3.9/site-packages/airflow/example_dags/example_trigger_target_dag.py took 0.077 seconds
[2025-01-04T20:45:30.597-0500] {processor.py:186} INFO - Started process (PID=2860) to work on /Library/Frameworks/Python.framework/Versions/3.9/lib/python3.9/site-packages/airflow/example_dags/example_trigger_target_dag.py
[2025-01-04T20:45:30.601-0500] {processor.py:914} INFO - Processing file /Library/Frameworks/Python.framework/Versions/3.9/lib/python3.9/site-packages/airflow/example_dags/example_trigger_target_dag.py for tasks to queue
[2025-01-04T20:45:30.602-0500] {logging_mixin.py:190} INFO - [2025-01-04T20:45:30.602-0500] {dagbag.py:588} INFO - Filling up the DagBag from /Library/Frameworks/Python.framework/Versions/3.9/lib/python3.9/site-packages/airflow/example_dags/example_trigger_target_dag.py
[2025-01-04T20:45:30.619-0500] {processor.py:925} INFO - DAG(s) 'example_trigger_target_dag' retrieved from /Library/Frameworks/Python.framework/Versions/3.9/lib/python3.9/site-packages/airflow/example_dags/example_trigger_target_dag.py
[2025-01-04T20:45:30.670-0500] {logging_mixin.py:190} INFO - [2025-01-04T20:45:30.670-0500] {dag.py:3239} INFO - Sync 1 DAGs
[2025-01-04T20:45:30.676-0500] {logging_mixin.py:190} INFO - [2025-01-04T20:45:30.676-0500] {dag.py:4180} INFO - Setting next_dagrun for example_trigger_target_dag to None, run_after=None
[2025-01-04T20:45:30.693-0500] {processor.py:208} INFO - Processing /Library/Frameworks/Python.framework/Versions/3.9/lib/python3.9/site-packages/airflow/example_dags/example_trigger_target_dag.py took 0.104 seconds
[2025-01-04T20:47:27.043-0500] {processor.py:186} INFO - Started process (PID=3188) to work on /Library/Frameworks/Python.framework/Versions/3.9/lib/python3.9/site-packages/airflow/example_dags/example_trigger_target_dag.py
[2025-01-04T20:47:27.045-0500] {processor.py:914} INFO - Processing file /Library/Frameworks/Python.framework/Versions/3.9/lib/python3.9/site-packages/airflow/example_dags/example_trigger_target_dag.py for tasks to queue
[2025-01-04T20:47:27.045-0500] {logging_mixin.py:190} INFO - [2025-01-04T20:47:27.045-0500] {dagbag.py:588} INFO - Filling up the DagBag from /Library/Frameworks/Python.framework/Versions/3.9/lib/python3.9/site-packages/airflow/example_dags/example_trigger_target_dag.py
[2025-01-04T20:47:27.061-0500] {processor.py:925} INFO - DAG(s) 'example_trigger_target_dag' retrieved from /Library/Frameworks/Python.framework/Versions/3.9/lib/python3.9/site-packages/airflow/example_dags/example_trigger_target_dag.py
[2025-01-04T20:47:27.106-0500] {logging_mixin.py:190} INFO - [2025-01-04T20:47:27.106-0500] {dag.py:3239} INFO - Sync 1 DAGs
[2025-01-04T20:47:27.110-0500] {logging_mixin.py:190} INFO - [2025-01-04T20:47:27.110-0500] {dag.py:4180} INFO - Setting next_dagrun for example_trigger_target_dag to None, run_after=None
[2025-01-04T20:47:27.123-0500] {processor.py:208} INFO - Processing /Library/Frameworks/Python.framework/Versions/3.9/lib/python3.9/site-packages/airflow/example_dags/example_trigger_target_dag.py took 0.082 seconds
[2025-01-04T20:49:25.512-0500] {processor.py:186} INFO - Started process (PID=3576) to work on /Library/Frameworks/Python.framework/Versions/3.9/lib/python3.9/site-packages/airflow/example_dags/example_trigger_target_dag.py
[2025-01-04T20:49:25.514-0500] {processor.py:914} INFO - Processing file /Library/Frameworks/Python.framework/Versions/3.9/lib/python3.9/site-packages/airflow/example_dags/example_trigger_target_dag.py for tasks to queue
[2025-01-04T20:49:25.514-0500] {logging_mixin.py:190} INFO - [2025-01-04T20:49:25.514-0500] {dagbag.py:588} INFO - Filling up the DagBag from /Library/Frameworks/Python.framework/Versions/3.9/lib/python3.9/site-packages/airflow/example_dags/example_trigger_target_dag.py
[2025-01-04T20:49:25.531-0500] {processor.py:925} INFO - DAG(s) 'example_trigger_target_dag' retrieved from /Library/Frameworks/Python.framework/Versions/3.9/lib/python3.9/site-packages/airflow/example_dags/example_trigger_target_dag.py
[2025-01-04T20:49:25.582-0500] {logging_mixin.py:190} INFO - [2025-01-04T20:49:25.582-0500] {dag.py:3239} INFO - Sync 1 DAGs
[2025-01-04T20:49:25.589-0500] {logging_mixin.py:190} INFO - [2025-01-04T20:49:25.589-0500] {dag.py:4180} INFO - Setting next_dagrun for example_trigger_target_dag to None, run_after=None
[2025-01-04T20:49:25.616-0500] {processor.py:208} INFO - Processing /Library/Frameworks/Python.framework/Versions/3.9/lib/python3.9/site-packages/airflow/example_dags/example_trigger_target_dag.py took 0.106 seconds
