[2025-01-04T20:25:56.963-0500] {processor.py:186} INFO - Started process (PID=99264) to work on /Library/Frameworks/Python.framework/Versions/3.9/lib/python3.9/site-packages/airflow/example_dags/example_workday_timetable.py
[2025-01-04T20:25:56.963-0500] {processor.py:914} INFO - Processing file /Library/Frameworks/Python.framework/Versions/3.9/lib/python3.9/site-packages/airflow/example_dags/example_workday_timetable.py for tasks to queue
[2025-01-04T20:25:56.964-0500] {logging_mixin.py:190} INFO - [2025-01-04T20:25:56.964-0500] {dagbag.py:588} INFO - Filling up the DagBag from /Library/Frameworks/Python.framework/Versions/3.9/lib/python3.9/site-packages/airflow/example_dags/example_workday_timetable.py
[2025-01-04T20:25:57.300-0500] {processor.py:925} INFO - DAG(s) 'example_workday_timetable' retrieved from /Library/Frameworks/Python.framework/Versions/3.9/lib/python3.9/site-packages/airflow/example_dags/example_workday_timetable.py
[2025-01-04T20:25:57.422-0500] {logging_mixin.py:190} INFO - [2025-01-04T20:25:57.422-0500] {override.py:1911} INFO - Created Permission View: can edit on DAG:example_workday_timetable
[2025-01-04T20:25:57.426-0500] {logging_mixin.py:190} INFO - [2025-01-04T20:25:57.426-0500] {override.py:1911} INFO - Created Permission View: can delete on DAG:example_workday_timetable
[2025-01-04T20:25:57.429-0500] {logging_mixin.py:190} INFO - [2025-01-04T20:25:57.429-0500] {override.py:1911} INFO - Created Permission View: can read on DAG:example_workday_timetable
[2025-01-04T20:25:57.432-0500] {logging_mixin.py:190} INFO - [2025-01-04T20:25:57.432-0500] {override.py:1911} INFO - Created Permission View: can create on DAG Run:example_workday_timetable
[2025-01-04T20:25:57.435-0500] {logging_mixin.py:190} INFO - [2025-01-04T20:25:57.435-0500] {override.py:1911} INFO - Created Permission View: can delete on DAG Run:example_workday_timetable
[2025-01-04T20:25:57.438-0500] {logging_mixin.py:190} INFO - [2025-01-04T20:25:57.438-0500] {override.py:1911} INFO - Created Permission View: menu access on DAG Run:example_workday_timetable
[2025-01-04T20:25:57.441-0500] {logging_mixin.py:190} INFO - [2025-01-04T20:25:57.441-0500] {override.py:1911} INFO - Created Permission View: can read on DAG Run:example_workday_timetable
[2025-01-04T20:25:57.441-0500] {logging_mixin.py:190} INFO - [2025-01-04T20:25:57.441-0500] {dag.py:3239} INFO - Sync 1 DAGs
[2025-01-04T20:25:57.446-0500] {logging_mixin.py:190} INFO - [2025-01-04T20:25:57.446-0500] {dag.py:3262} INFO - Creating ORM DAG for example_workday_timetable
[2025-01-04T20:25:57.473-0500] {logging_mixin.py:190} INFO - [2025-01-04T20:25:57.473-0500] {dag.py:4180} INFO - Setting next_dagrun for example_workday_timetable to 2021-01-04 00:00:00+00:00, run_after=2021-01-05 00:00:00+00:00
[2025-01-04T20:25:57.482-0500] {processor.py:208} INFO - Processing /Library/Frameworks/Python.framework/Versions/3.9/lib/python3.9/site-packages/airflow/example_dags/example_workday_timetable.py took 0.522 seconds
[2025-01-04T20:28:16.789-0500] {processor.py:186} INFO - Started process (PID=99623) to work on /Library/Frameworks/Python.framework/Versions/3.9/lib/python3.9/site-packages/airflow/example_dags/example_workday_timetable.py
[2025-01-04T20:28:16.790-0500] {processor.py:914} INFO - Processing file /Library/Frameworks/Python.framework/Versions/3.9/lib/python3.9/site-packages/airflow/example_dags/example_workday_timetable.py for tasks to queue
[2025-01-04T20:28:16.791-0500] {logging_mixin.py:190} INFO - [2025-01-04T20:28:16.791-0500] {dagbag.py:588} INFO - Filling up the DagBag from /Library/Frameworks/Python.framework/Versions/3.9/lib/python3.9/site-packages/airflow/example_dags/example_workday_timetable.py
[2025-01-04T20:28:17.116-0500] {processor.py:925} INFO - DAG(s) 'example_workday_timetable' retrieved from /Library/Frameworks/Python.framework/Versions/3.9/lib/python3.9/site-packages/airflow/example_dags/example_workday_timetable.py
[2025-01-04T20:28:17.178-0500] {logging_mixin.py:190} INFO - [2025-01-04T20:28:17.178-0500] {dag.py:3239} INFO - Sync 1 DAGs
[2025-01-04T20:28:17.206-0500] {logging_mixin.py:190} INFO - [2025-01-04T20:28:17.206-0500] {dag.py:4180} INFO - Setting next_dagrun for example_workday_timetable to 2021-01-04 00:00:00+00:00, run_after=2021-01-05 00:00:00+00:00
[2025-01-04T20:28:17.215-0500] {processor.py:208} INFO - Processing /Library/Frameworks/Python.framework/Versions/3.9/lib/python3.9/site-packages/airflow/example_dags/example_workday_timetable.py took 0.427 seconds
[2025-01-04T20:29:51.849-0500] {processor.py:186} INFO - Started process (PID=99869) to work on /Library/Frameworks/Python.framework/Versions/3.9/lib/python3.9/site-packages/airflow/example_dags/example_workday_timetable.py
[2025-01-04T20:29:51.850-0500] {processor.py:914} INFO - Processing file /Library/Frameworks/Python.framework/Versions/3.9/lib/python3.9/site-packages/airflow/example_dags/example_workday_timetable.py for tasks to queue
[2025-01-04T20:29:51.851-0500] {logging_mixin.py:190} INFO - [2025-01-04T20:29:51.851-0500] {dagbag.py:588} INFO - Filling up the DagBag from /Library/Frameworks/Python.framework/Versions/3.9/lib/python3.9/site-packages/airflow/example_dags/example_workday_timetable.py
[2025-01-04T20:29:52.451-0500] {processor.py:925} INFO - DAG(s) 'example_workday_timetable' retrieved from /Library/Frameworks/Python.framework/Versions/3.9/lib/python3.9/site-packages/airflow/example_dags/example_workday_timetable.py
[2025-01-04T20:29:52.563-0500] {logging_mixin.py:190} INFO - [2025-01-04T20:29:52.563-0500] {dag.py:3239} INFO - Sync 1 DAGs
[2025-01-04T20:29:52.597-0500] {logging_mixin.py:190} INFO - [2025-01-04T20:29:52.597-0500] {dag.py:4180} INFO - Setting next_dagrun for example_workday_timetable to 2021-01-04 00:00:00+00:00, run_after=2021-01-05 00:00:00+00:00
[2025-01-04T20:29:52.606-0500] {processor.py:208} INFO - Processing /Library/Frameworks/Python.framework/Versions/3.9/lib/python3.9/site-packages/airflow/example_dags/example_workday_timetable.py took 0.762 seconds
[2025-01-04T20:31:32.873-0500] {processor.py:186} INFO - Started process (PID=299) to work on /Library/Frameworks/Python.framework/Versions/3.9/lib/python3.9/site-packages/airflow/example_dags/example_workday_timetable.py
[2025-01-04T20:31:32.877-0500] {processor.py:914} INFO - Processing file /Library/Frameworks/Python.framework/Versions/3.9/lib/python3.9/site-packages/airflow/example_dags/example_workday_timetable.py for tasks to queue
[2025-01-04T20:31:32.880-0500] {logging_mixin.py:190} INFO - [2025-01-04T20:31:32.879-0500] {dagbag.py:588} INFO - Filling up the DagBag from /Library/Frameworks/Python.framework/Versions/3.9/lib/python3.9/site-packages/airflow/example_dags/example_workday_timetable.py
[2025-01-04T20:31:33.293-0500] {processor.py:925} INFO - DAG(s) 'example_workday_timetable' retrieved from /Library/Frameworks/Python.framework/Versions/3.9/lib/python3.9/site-packages/airflow/example_dags/example_workday_timetable.py
[2025-01-04T20:31:33.352-0500] {logging_mixin.py:190} INFO - [2025-01-04T20:31:33.352-0500] {dag.py:3239} INFO - Sync 1 DAGs
[2025-01-04T20:31:33.387-0500] {logging_mixin.py:190} INFO - [2025-01-04T20:31:33.387-0500] {dag.py:4180} INFO - Setting next_dagrun for example_workday_timetable to 2021-01-04 00:00:00+00:00, run_after=2021-01-05 00:00:00+00:00
[2025-01-04T20:31:33.398-0500] {processor.py:208} INFO - Processing /Library/Frameworks/Python.framework/Versions/3.9/lib/python3.9/site-packages/airflow/example_dags/example_workday_timetable.py took 0.533 seconds
[2025-01-04T20:33:11.171-0500] {processor.py:186} INFO - Started process (PID=675) to work on /Library/Frameworks/Python.framework/Versions/3.9/lib/python3.9/site-packages/airflow/example_dags/example_workday_timetable.py
[2025-01-04T20:33:11.171-0500] {processor.py:914} INFO - Processing file /Library/Frameworks/Python.framework/Versions/3.9/lib/python3.9/site-packages/airflow/example_dags/example_workday_timetable.py for tasks to queue
[2025-01-04T20:33:11.172-0500] {logging_mixin.py:190} INFO - [2025-01-04T20:33:11.172-0500] {dagbag.py:588} INFO - Filling up the DagBag from /Library/Frameworks/Python.framework/Versions/3.9/lib/python3.9/site-packages/airflow/example_dags/example_workday_timetable.py
[2025-01-04T20:33:11.619-0500] {processor.py:925} INFO - DAG(s) 'example_workday_timetable' retrieved from /Library/Frameworks/Python.framework/Versions/3.9/lib/python3.9/site-packages/airflow/example_dags/example_workday_timetable.py
[2025-01-04T20:33:11.675-0500] {logging_mixin.py:190} INFO - [2025-01-04T20:33:11.675-0500] {dag.py:3239} INFO - Sync 1 DAGs
[2025-01-04T20:33:11.703-0500] {logging_mixin.py:190} INFO - [2025-01-04T20:33:11.703-0500] {dag.py:4180} INFO - Setting next_dagrun for example_workday_timetable to 2021-01-04 00:00:00+00:00, run_after=2021-01-05 00:00:00+00:00
[2025-01-04T20:33:11.711-0500] {processor.py:208} INFO - Processing /Library/Frameworks/Python.framework/Versions/3.9/lib/python3.9/site-packages/airflow/example_dags/example_workday_timetable.py took 0.542 seconds
[2025-01-04T20:35:03.718-0500] {processor.py:186} INFO - Started process (PID=1047) to work on /Library/Frameworks/Python.framework/Versions/3.9/lib/python3.9/site-packages/airflow/example_dags/example_workday_timetable.py
[2025-01-04T20:35:03.719-0500] {processor.py:914} INFO - Processing file /Library/Frameworks/Python.framework/Versions/3.9/lib/python3.9/site-packages/airflow/example_dags/example_workday_timetable.py for tasks to queue
[2025-01-04T20:35:03.720-0500] {logging_mixin.py:190} INFO - [2025-01-04T20:35:03.720-0500] {dagbag.py:588} INFO - Filling up the DagBag from /Library/Frameworks/Python.framework/Versions/3.9/lib/python3.9/site-packages/airflow/example_dags/example_workday_timetable.py
[2025-01-04T20:35:04.119-0500] {processor.py:925} INFO - DAG(s) 'example_workday_timetable' retrieved from /Library/Frameworks/Python.framework/Versions/3.9/lib/python3.9/site-packages/airflow/example_dags/example_workday_timetable.py
[2025-01-04T20:35:04.196-0500] {logging_mixin.py:190} INFO - [2025-01-04T20:35:04.196-0500] {dag.py:3239} INFO - Sync 1 DAGs
[2025-01-04T20:35:04.227-0500] {logging_mixin.py:190} INFO - [2025-01-04T20:35:04.227-0500] {dag.py:4180} INFO - Setting next_dagrun for example_workday_timetable to 2021-01-04 00:00:00+00:00, run_after=2021-01-05 00:00:00+00:00
[2025-01-04T20:35:04.240-0500] {processor.py:208} INFO - Processing /Library/Frameworks/Python.framework/Versions/3.9/lib/python3.9/site-packages/airflow/example_dags/example_workday_timetable.py took 0.524 seconds
[2025-01-04T20:36:50.636-0500] {processor.py:186} INFO - Started process (PID=1378) to work on /Library/Frameworks/Python.framework/Versions/3.9/lib/python3.9/site-packages/airflow/example_dags/example_workday_timetable.py
[2025-01-04T20:36:50.638-0500] {processor.py:914} INFO - Processing file /Library/Frameworks/Python.framework/Versions/3.9/lib/python3.9/site-packages/airflow/example_dags/example_workday_timetable.py for tasks to queue
[2025-01-04T20:36:50.639-0500] {logging_mixin.py:190} INFO - [2025-01-04T20:36:50.639-0500] {dagbag.py:588} INFO - Filling up the DagBag from /Library/Frameworks/Python.framework/Versions/3.9/lib/python3.9/site-packages/airflow/example_dags/example_workday_timetable.py
[2025-01-04T20:36:51.101-0500] {processor.py:925} INFO - DAG(s) 'example_workday_timetable' retrieved from /Library/Frameworks/Python.framework/Versions/3.9/lib/python3.9/site-packages/airflow/example_dags/example_workday_timetable.py
[2025-01-04T20:36:51.167-0500] {logging_mixin.py:190} INFO - [2025-01-04T20:36:51.167-0500] {dag.py:3239} INFO - Sync 1 DAGs
[2025-01-04T20:36:51.217-0500] {logging_mixin.py:190} INFO - [2025-01-04T20:36:51.217-0500] {dag.py:4180} INFO - Setting next_dagrun for example_workday_timetable to 2021-01-04 00:00:00+00:00, run_after=2021-01-05 00:00:00+00:00
[2025-01-04T20:36:51.234-0500] {processor.py:208} INFO - Processing /Library/Frameworks/Python.framework/Versions/3.9/lib/python3.9/site-packages/airflow/example_dags/example_workday_timetable.py took 0.604 seconds
[2025-01-04T20:38:28.344-0500] {processor.py:186} INFO - Started process (PID=1709) to work on /Library/Frameworks/Python.framework/Versions/3.9/lib/python3.9/site-packages/airflow/example_dags/example_workday_timetable.py
[2025-01-04T20:38:28.351-0500] {processor.py:914} INFO - Processing file /Library/Frameworks/Python.framework/Versions/3.9/lib/python3.9/site-packages/airflow/example_dags/example_workday_timetable.py for tasks to queue
[2025-01-04T20:38:28.367-0500] {logging_mixin.py:190} INFO - [2025-01-04T20:38:28.366-0500] {dagbag.py:588} INFO - Filling up the DagBag from /Library/Frameworks/Python.framework/Versions/3.9/lib/python3.9/site-packages/airflow/example_dags/example_workday_timetable.py
[2025-01-04T20:38:28.842-0500] {processor.py:925} INFO - DAG(s) 'example_workday_timetable' retrieved from /Library/Frameworks/Python.framework/Versions/3.9/lib/python3.9/site-packages/airflow/example_dags/example_workday_timetable.py
[2025-01-04T20:38:28.940-0500] {logging_mixin.py:190} INFO - [2025-01-04T20:38:28.939-0500] {dag.py:3239} INFO - Sync 1 DAGs
[2025-01-04T20:38:29.002-0500] {logging_mixin.py:190} INFO - [2025-01-04T20:38:29.002-0500] {dag.py:4180} INFO - Setting next_dagrun for example_workday_timetable to 2021-01-04 00:00:00+00:00, run_after=2021-01-05 00:00:00+00:00
[2025-01-04T20:38:29.016-0500] {processor.py:208} INFO - Processing /Library/Frameworks/Python.framework/Versions/3.9/lib/python3.9/site-packages/airflow/example_dags/example_workday_timetable.py took 0.679 seconds
[2025-01-04T20:40:11.905-0500] {processor.py:186} INFO - Started process (PID=2031) to work on /Library/Frameworks/Python.framework/Versions/3.9/lib/python3.9/site-packages/airflow/example_dags/example_workday_timetable.py
[2025-01-04T20:40:11.906-0500] {processor.py:914} INFO - Processing file /Library/Frameworks/Python.framework/Versions/3.9/lib/python3.9/site-packages/airflow/example_dags/example_workday_timetable.py for tasks to queue
[2025-01-04T20:40:11.908-0500] {logging_mixin.py:190} INFO - [2025-01-04T20:40:11.907-0500] {dagbag.py:588} INFO - Filling up the DagBag from /Library/Frameworks/Python.framework/Versions/3.9/lib/python3.9/site-packages/airflow/example_dags/example_workday_timetable.py
[2025-01-04T20:40:12.317-0500] {processor.py:925} INFO - DAG(s) 'example_workday_timetable' retrieved from /Library/Frameworks/Python.framework/Versions/3.9/lib/python3.9/site-packages/airflow/example_dags/example_workday_timetable.py
[2025-01-04T20:40:12.430-0500] {logging_mixin.py:190} INFO - [2025-01-04T20:40:12.429-0500] {dag.py:3239} INFO - Sync 1 DAGs
[2025-01-04T20:40:12.475-0500] {logging_mixin.py:190} INFO - [2025-01-04T20:40:12.475-0500] {dag.py:4180} INFO - Setting next_dagrun for example_workday_timetable to 2021-01-04 00:00:00+00:00, run_after=2021-01-05 00:00:00+00:00
[2025-01-04T20:40:12.493-0500] {processor.py:208} INFO - Processing /Library/Frameworks/Python.framework/Versions/3.9/lib/python3.9/site-packages/airflow/example_dags/example_workday_timetable.py took 0.591 seconds
[2025-01-04T20:41:54.343-0500] {processor.py:186} INFO - Started process (PID=2257) to work on /Library/Frameworks/Python.framework/Versions/3.9/lib/python3.9/site-packages/airflow/example_dags/example_workday_timetable.py
[2025-01-04T20:41:54.345-0500] {processor.py:914} INFO - Processing file /Library/Frameworks/Python.framework/Versions/3.9/lib/python3.9/site-packages/airflow/example_dags/example_workday_timetable.py for tasks to queue
[2025-01-04T20:41:54.345-0500] {logging_mixin.py:190} INFO - [2025-01-04T20:41:54.345-0500] {dagbag.py:588} INFO - Filling up the DagBag from /Library/Frameworks/Python.framework/Versions/3.9/lib/python3.9/site-packages/airflow/example_dags/example_workday_timetable.py
[2025-01-04T20:41:54.642-0500] {processor.py:925} INFO - DAG(s) 'example_workday_timetable' retrieved from /Library/Frameworks/Python.framework/Versions/3.9/lib/python3.9/site-packages/airflow/example_dags/example_workday_timetable.py
[2025-01-04T20:41:54.696-0500] {logging_mixin.py:190} INFO - [2025-01-04T20:41:54.695-0500] {dag.py:3239} INFO - Sync 1 DAGs
[2025-01-04T20:41:54.724-0500] {logging_mixin.py:190} INFO - [2025-01-04T20:41:54.724-0500] {dag.py:4180} INFO - Setting next_dagrun for example_workday_timetable to 2021-01-04 00:00:00+00:00, run_after=2021-01-05 00:00:00+00:00
[2025-01-04T20:41:54.733-0500] {processor.py:208} INFO - Processing /Library/Frameworks/Python.framework/Versions/3.9/lib/python3.9/site-packages/airflow/example_dags/example_workday_timetable.py took 0.391 seconds
[2025-01-04T20:43:40.576-0500] {processor.py:186} INFO - Started process (PID=2553) to work on /Library/Frameworks/Python.framework/Versions/3.9/lib/python3.9/site-packages/airflow/example_dags/example_workday_timetable.py
[2025-01-04T20:43:40.577-0500] {processor.py:914} INFO - Processing file /Library/Frameworks/Python.framework/Versions/3.9/lib/python3.9/site-packages/airflow/example_dags/example_workday_timetable.py for tasks to queue
[2025-01-04T20:43:40.577-0500] {logging_mixin.py:190} INFO - [2025-01-04T20:43:40.577-0500] {dagbag.py:588} INFO - Filling up the DagBag from /Library/Frameworks/Python.framework/Versions/3.9/lib/python3.9/site-packages/airflow/example_dags/example_workday_timetable.py
[2025-01-04T20:43:41.169-0500] {processor.py:925} INFO - DAG(s) 'example_workday_timetable' retrieved from /Library/Frameworks/Python.framework/Versions/3.9/lib/python3.9/site-packages/airflow/example_dags/example_workday_timetable.py
[2025-01-04T20:43:41.227-0500] {logging_mixin.py:190} INFO - [2025-01-04T20:43:41.227-0500] {dag.py:3239} INFO - Sync 1 DAGs
[2025-01-04T20:43:41.271-0500] {logging_mixin.py:190} INFO - [2025-01-04T20:43:41.271-0500] {dag.py:4180} INFO - Setting next_dagrun for example_workday_timetable to 2021-01-04 00:00:00+00:00, run_after=2021-01-05 00:00:00+00:00
[2025-01-04T20:43:41.284-0500] {processor.py:208} INFO - Processing /Library/Frameworks/Python.framework/Versions/3.9/lib/python3.9/site-packages/airflow/example_dags/example_workday_timetable.py took 0.710 seconds
[2025-01-04T20:45:28.614-0500] {processor.py:186} INFO - Started process (PID=2854) to work on /Library/Frameworks/Python.framework/Versions/3.9/lib/python3.9/site-packages/airflow/example_dags/example_workday_timetable.py
[2025-01-04T20:45:28.616-0500] {processor.py:914} INFO - Processing file /Library/Frameworks/Python.framework/Versions/3.9/lib/python3.9/site-packages/airflow/example_dags/example_workday_timetable.py for tasks to queue
[2025-01-04T20:45:28.618-0500] {logging_mixin.py:190} INFO - [2025-01-04T20:45:28.618-0500] {dagbag.py:588} INFO - Filling up the DagBag from /Library/Frameworks/Python.framework/Versions/3.9/lib/python3.9/site-packages/airflow/example_dags/example_workday_timetable.py
[2025-01-04T20:45:29.123-0500] {processor.py:925} INFO - DAG(s) 'example_workday_timetable' retrieved from /Library/Frameworks/Python.framework/Versions/3.9/lib/python3.9/site-packages/airflow/example_dags/example_workday_timetable.py
[2025-01-04T20:45:29.204-0500] {logging_mixin.py:190} INFO - [2025-01-04T20:45:29.203-0500] {dag.py:3239} INFO - Sync 1 DAGs
[2025-01-04T20:45:29.237-0500] {logging_mixin.py:190} INFO - [2025-01-04T20:45:29.237-0500] {dag.py:4180} INFO - Setting next_dagrun for example_workday_timetable to 2021-01-04 00:00:00+00:00, run_after=2021-01-05 00:00:00+00:00
[2025-01-04T20:45:29.248-0500] {processor.py:208} INFO - Processing /Library/Frameworks/Python.framework/Versions/3.9/lib/python3.9/site-packages/airflow/example_dags/example_workday_timetable.py took 0.637 seconds
[2025-01-04T20:47:23.938-0500] {processor.py:186} INFO - Started process (PID=3183) to work on /Library/Frameworks/Python.framework/Versions/3.9/lib/python3.9/site-packages/airflow/example_dags/example_workday_timetable.py
[2025-01-04T20:47:23.939-0500] {processor.py:914} INFO - Processing file /Library/Frameworks/Python.framework/Versions/3.9/lib/python3.9/site-packages/airflow/example_dags/example_workday_timetable.py for tasks to queue
[2025-01-04T20:47:23.939-0500] {logging_mixin.py:190} INFO - [2025-01-04T20:47:23.939-0500] {dagbag.py:588} INFO - Filling up the DagBag from /Library/Frameworks/Python.framework/Versions/3.9/lib/python3.9/site-packages/airflow/example_dags/example_workday_timetable.py
[2025-01-04T20:47:24.551-0500] {processor.py:925} INFO - DAG(s) 'example_workday_timetable' retrieved from /Library/Frameworks/Python.framework/Versions/3.9/lib/python3.9/site-packages/airflow/example_dags/example_workday_timetable.py
[2025-01-04T20:47:24.687-0500] {logging_mixin.py:190} INFO - [2025-01-04T20:47:24.686-0500] {dag.py:3239} INFO - Sync 1 DAGs
[2025-01-04T20:47:24.720-0500] {logging_mixin.py:190} INFO - [2025-01-04T20:47:24.720-0500] {dag.py:4180} INFO - Setting next_dagrun for example_workday_timetable to 2021-01-04 00:00:00+00:00, run_after=2021-01-05 00:00:00+00:00
[2025-01-04T20:47:24.735-0500] {processor.py:208} INFO - Processing /Library/Frameworks/Python.framework/Versions/3.9/lib/python3.9/site-packages/airflow/example_dags/example_workday_timetable.py took 0.799 seconds
[2025-01-04T20:49:22.585-0500] {processor.py:186} INFO - Started process (PID=3561) to work on /Library/Frameworks/Python.framework/Versions/3.9/lib/python3.9/site-packages/airflow/example_dags/example_workday_timetable.py
[2025-01-04T20:49:22.586-0500] {processor.py:914} INFO - Processing file /Library/Frameworks/Python.framework/Versions/3.9/lib/python3.9/site-packages/airflow/example_dags/example_workday_timetable.py for tasks to queue
[2025-01-04T20:49:22.587-0500] {logging_mixin.py:190} INFO - [2025-01-04T20:49:22.587-0500] {dagbag.py:588} INFO - Filling up the DagBag from /Library/Frameworks/Python.framework/Versions/3.9/lib/python3.9/site-packages/airflow/example_dags/example_workday_timetable.py
[2025-01-04T20:49:23.027-0500] {processor.py:925} INFO - DAG(s) 'example_workday_timetable' retrieved from /Library/Frameworks/Python.framework/Versions/3.9/lib/python3.9/site-packages/airflow/example_dags/example_workday_timetable.py
[2025-01-04T20:49:23.099-0500] {logging_mixin.py:190} INFO - [2025-01-04T20:49:23.099-0500] {dag.py:3239} INFO - Sync 1 DAGs
[2025-01-04T20:49:23.135-0500] {logging_mixin.py:190} INFO - [2025-01-04T20:49:23.135-0500] {dag.py:4180} INFO - Setting next_dagrun for example_workday_timetable to 2021-01-04 00:00:00+00:00, run_after=2021-01-05 00:00:00+00:00
[2025-01-04T20:49:23.149-0500] {processor.py:208} INFO - Processing /Library/Frameworks/Python.framework/Versions/3.9/lib/python3.9/site-packages/airflow/example_dags/example_workday_timetable.py took 0.565 seconds
