[2025-01-04T20:26:50.651-0500] {processor.py:186} INFO - Started process (PID=99434) to work on /Library/Frameworks/Python.framework/Versions/3.9/lib/python3.9/site-packages/airflow/example_dags/example_outlet_event_extra.py
[2025-01-04T20:26:50.651-0500] {processor.py:914} INFO - Processing file /Library/Frameworks/Python.framework/Versions/3.9/lib/python3.9/site-packages/airflow/example_dags/example_outlet_event_extra.py for tasks to queue
[2025-01-04T20:26:50.652-0500] {logging_mixin.py:190} INFO - [2025-01-04T20:26:50.652-0500] {dagbag.py:588} INFO - Filling up the DagBag from /Library/Frameworks/Python.framework/Versions/3.9/lib/python3.9/site-packages/airflow/example_dags/example_outlet_event_extra.py
[2025-01-04T20:26:50.705-0500] {processor.py:925} INFO - DAG(s) 'dataset_with_extra_by_yield', 'dataset_with_extra_by_context', 'dataset_with_extra_from_classic_operator' retrieved from /Library/Frameworks/Python.framework/Versions/3.9/lib/python3.9/site-packages/airflow/example_dags/example_outlet_event_extra.py
[2025-01-04T20:26:50.792-0500] {logging_mixin.py:190} INFO - [2025-01-04T20:26:50.791-0500] {override.py:1911} INFO - Created Permission View: can delete on DAG:dataset_with_extra_by_yield
[2025-01-04T20:26:50.795-0500] {logging_mixin.py:190} INFO - [2025-01-04T20:26:50.795-0500] {override.py:1911} INFO - Created Permission View: can read on DAG:dataset_with_extra_by_yield
[2025-01-04T20:26:50.799-0500] {logging_mixin.py:190} INFO - [2025-01-04T20:26:50.799-0500] {override.py:1911} INFO - Created Permission View: can edit on DAG:dataset_with_extra_by_yield
[2025-01-04T20:26:50.802-0500] {logging_mixin.py:190} INFO - [2025-01-04T20:26:50.802-0500] {override.py:1911} INFO - Created Permission View: can delete on DAG Run:dataset_with_extra_by_yield
[2025-01-04T20:26:50.804-0500] {logging_mixin.py:190} INFO - [2025-01-04T20:26:50.804-0500] {override.py:1911} INFO - Created Permission View: can read on DAG Run:dataset_with_extra_by_yield
[2025-01-04T20:26:50.807-0500] {logging_mixin.py:190} INFO - [2025-01-04T20:26:50.806-0500] {override.py:1911} INFO - Created Permission View: menu access on DAG Run:dataset_with_extra_by_yield
[2025-01-04T20:26:50.809-0500] {logging_mixin.py:190} INFO - [2025-01-04T20:26:50.809-0500] {override.py:1911} INFO - Created Permission View: can create on DAG Run:dataset_with_extra_by_yield
[2025-01-04T20:26:50.815-0500] {logging_mixin.py:190} INFO - [2025-01-04T20:26:50.815-0500] {override.py:1911} INFO - Created Permission View: can delete on DAG:dataset_with_extra_by_context
[2025-01-04T20:26:50.817-0500] {logging_mixin.py:190} INFO - [2025-01-04T20:26:50.817-0500] {override.py:1911} INFO - Created Permission View: can read on DAG:dataset_with_extra_by_context
[2025-01-04T20:26:50.821-0500] {logging_mixin.py:190} INFO - [2025-01-04T20:26:50.821-0500] {override.py:1911} INFO - Created Permission View: can edit on DAG:dataset_with_extra_by_context
[2025-01-04T20:26:50.824-0500] {logging_mixin.py:190} INFO - [2025-01-04T20:26:50.824-0500] {override.py:1911} INFO - Created Permission View: can delete on DAG Run:dataset_with_extra_by_context
[2025-01-04T20:26:50.826-0500] {logging_mixin.py:190} INFO - [2025-01-04T20:26:50.826-0500] {override.py:1911} INFO - Created Permission View: can read on DAG Run:dataset_with_extra_by_context
[2025-01-04T20:26:50.829-0500] {logging_mixin.py:190} INFO - [2025-01-04T20:26:50.829-0500] {override.py:1911} INFO - Created Permission View: menu access on DAG Run:dataset_with_extra_by_context
[2025-01-04T20:26:50.831-0500] {logging_mixin.py:190} INFO - [2025-01-04T20:26:50.831-0500] {override.py:1911} INFO - Created Permission View: can create on DAG Run:dataset_with_extra_by_context
[2025-01-04T20:26:50.838-0500] {logging_mixin.py:190} INFO - [2025-01-04T20:26:50.837-0500] {override.py:1911} INFO - Created Permission View: can delete on DAG:dataset_with_extra_from_classic_operator
[2025-01-04T20:26:50.840-0500] {logging_mixin.py:190} INFO - [2025-01-04T20:26:50.840-0500] {override.py:1911} INFO - Created Permission View: can read on DAG:dataset_with_extra_from_classic_operator
[2025-01-04T20:26:50.842-0500] {logging_mixin.py:190} INFO - [2025-01-04T20:26:50.842-0500] {override.py:1911} INFO - Created Permission View: can edit on DAG:dataset_with_extra_from_classic_operator
[2025-01-04T20:26:50.845-0500] {logging_mixin.py:190} INFO - [2025-01-04T20:26:50.845-0500] {override.py:1911} INFO - Created Permission View: can delete on DAG Run:dataset_with_extra_from_classic_operator
[2025-01-04T20:26:50.847-0500] {logging_mixin.py:190} INFO - [2025-01-04T20:26:50.847-0500] {override.py:1911} INFO - Created Permission View: can read on DAG Run:dataset_with_extra_from_classic_operator
[2025-01-04T20:26:50.849-0500] {logging_mixin.py:190} INFO - [2025-01-04T20:26:50.849-0500] {override.py:1911} INFO - Created Permission View: menu access on DAG Run:dataset_with_extra_from_classic_operator
[2025-01-04T20:26:50.852-0500] {logging_mixin.py:190} INFO - [2025-01-04T20:26:50.852-0500] {override.py:1911} INFO - Created Permission View: can create on DAG Run:dataset_with_extra_from_classic_operator
[2025-01-04T20:26:50.852-0500] {logging_mixin.py:190} INFO - [2025-01-04T20:26:50.852-0500] {dag.py:3239} INFO - Sync 3 DAGs
[2025-01-04T20:26:50.857-0500] {logging_mixin.py:190} INFO - [2025-01-04T20:26:50.857-0500] {dag.py:3262} INFO - Creating ORM DAG for dataset_with_extra_by_yield
[2025-01-04T20:26:50.857-0500] {logging_mixin.py:190} INFO - [2025-01-04T20:26:50.857-0500] {dag.py:3262} INFO - Creating ORM DAG for dataset_with_extra_by_context
[2025-01-04T20:26:50.857-0500] {logging_mixin.py:190} INFO - [2025-01-04T20:26:50.857-0500] {dag.py:3262} INFO - Creating ORM DAG for dataset_with_extra_from_classic_operator
[2025-01-04T20:26:50.861-0500] {logging_mixin.py:190} INFO - [2025-01-04T20:26:50.861-0500] {dag.py:4180} INFO - Setting next_dagrun for dataset_with_extra_by_context to 2025-01-04 00:00:00+00:00, run_after=2025-01-05 00:00:00+00:00
[2025-01-04T20:26:50.862-0500] {logging_mixin.py:190} INFO - [2025-01-04T20:26:50.862-0500] {dag.py:4180} INFO - Setting next_dagrun for dataset_with_extra_by_yield to 2025-01-04 00:00:00+00:00, run_after=2025-01-05 00:00:00+00:00
[2025-01-04T20:26:50.863-0500] {logging_mixin.py:190} INFO - [2025-01-04T20:26:50.863-0500] {dag.py:4180} INFO - Setting next_dagrun for dataset_with_extra_from_classic_operator to 2025-01-04 00:00:00+00:00, run_after=2025-01-05 00:00:00+00:00
[2025-01-04T20:26:51.249-0500] {processor.py:208} INFO - Processing /Library/Frameworks/Python.framework/Versions/3.9/lib/python3.9/site-packages/airflow/example_dags/example_outlet_event_extra.py took 0.600 seconds
[2025-01-04T20:28:57.601-0500] {processor.py:186} INFO - Started process (PID=99739) to work on /Library/Frameworks/Python.framework/Versions/3.9/lib/python3.9/site-packages/airflow/example_dags/example_outlet_event_extra.py
[2025-01-04T20:28:57.603-0500] {processor.py:914} INFO - Processing file /Library/Frameworks/Python.framework/Versions/3.9/lib/python3.9/site-packages/airflow/example_dags/example_outlet_event_extra.py for tasks to queue
[2025-01-04T20:28:57.603-0500] {logging_mixin.py:190} INFO - [2025-01-04T20:28:57.603-0500] {dagbag.py:588} INFO - Filling up the DagBag from /Library/Frameworks/Python.framework/Versions/3.9/lib/python3.9/site-packages/airflow/example_dags/example_outlet_event_extra.py
[2025-01-04T20:28:57.653-0500] {processor.py:925} INFO - DAG(s) 'dataset_with_extra_by_context', 'dataset_with_extra_by_yield', 'dataset_with_extra_from_classic_operator' retrieved from /Library/Frameworks/Python.framework/Versions/3.9/lib/python3.9/site-packages/airflow/example_dags/example_outlet_event_extra.py
[2025-01-04T20:28:57.697-0500] {logging_mixin.py:190} INFO - [2025-01-04T20:28:57.697-0500] {dag.py:3239} INFO - Sync 3 DAGs
[2025-01-04T20:28:57.706-0500] {logging_mixin.py:190} INFO - [2025-01-04T20:28:57.706-0500] {dag.py:4180} INFO - Setting next_dagrun for dataset_with_extra_by_context to 2025-01-04 00:00:00+00:00, run_after=2025-01-05 00:00:00+00:00
[2025-01-04T20:28:57.708-0500] {logging_mixin.py:190} INFO - [2025-01-04T20:28:57.708-0500] {dag.py:4180} INFO - Setting next_dagrun for dataset_with_extra_by_yield to 2025-01-04 00:00:00+00:00, run_after=2025-01-05 00:00:00+00:00
[2025-01-04T20:28:57.709-0500] {logging_mixin.py:190} INFO - [2025-01-04T20:28:57.709-0500] {dag.py:4180} INFO - Setting next_dagrun for dataset_with_extra_from_classic_operator to 2025-01-04 00:00:00+00:00, run_after=2025-01-05 00:00:00+00:00
[2025-01-04T20:28:57.720-0500] {processor.py:208} INFO - Processing /Library/Frameworks/Python.framework/Versions/3.9/lib/python3.9/site-packages/airflow/example_dags/example_outlet_event_extra.py took 0.120 seconds
[2025-01-04T20:32:19.513-0500] {processor.py:186} INFO - Started process (PID=464) to work on /Library/Frameworks/Python.framework/Versions/3.9/lib/python3.9/site-packages/airflow/example_dags/example_outlet_event_extra.py
[2025-01-04T20:32:19.516-0500] {processor.py:914} INFO - Processing file /Library/Frameworks/Python.framework/Versions/3.9/lib/python3.9/site-packages/airflow/example_dags/example_outlet_event_extra.py for tasks to queue
[2025-01-04T20:32:19.517-0500] {logging_mixin.py:190} INFO - [2025-01-04T20:32:19.517-0500] {dagbag.py:588} INFO - Filling up the DagBag from /Library/Frameworks/Python.framework/Versions/3.9/lib/python3.9/site-packages/airflow/example_dags/example_outlet_event_extra.py
[2025-01-04T20:32:19.563-0500] {processor.py:925} INFO - DAG(s) 'dataset_with_extra_from_classic_operator', 'dataset_with_extra_by_context', 'dataset_with_extra_by_yield' retrieved from /Library/Frameworks/Python.framework/Versions/3.9/lib/python3.9/site-packages/airflow/example_dags/example_outlet_event_extra.py
[2025-01-04T20:32:19.614-0500] {logging_mixin.py:190} INFO - [2025-01-04T20:32:19.614-0500] {dag.py:3239} INFO - Sync 3 DAGs
[2025-01-04T20:32:19.622-0500] {logging_mixin.py:190} INFO - [2025-01-04T20:32:19.622-0500] {dag.py:4180} INFO - Setting next_dagrun for dataset_with_extra_by_context to 2025-01-04 00:00:00+00:00, run_after=2025-01-05 00:00:00+00:00
[2025-01-04T20:32:19.624-0500] {logging_mixin.py:190} INFO - [2025-01-04T20:32:19.624-0500] {dag.py:4180} INFO - Setting next_dagrun for dataset_with_extra_by_yield to 2025-01-04 00:00:00+00:00, run_after=2025-01-05 00:00:00+00:00
[2025-01-04T20:32:19.625-0500] {logging_mixin.py:190} INFO - [2025-01-04T20:32:19.625-0500] {dag.py:4180} INFO - Setting next_dagrun for dataset_with_extra_from_classic_operator to 2025-01-04 00:00:00+00:00, run_after=2025-01-05 00:00:00+00:00
[2025-01-04T20:32:19.639-0500] {processor.py:208} INFO - Processing /Library/Frameworks/Python.framework/Versions/3.9/lib/python3.9/site-packages/airflow/example_dags/example_outlet_event_extra.py took 0.128 seconds
[2025-01-04T20:35:54.773-0500] {processor.py:186} INFO - Started process (PID=1210) to work on /Library/Frameworks/Python.framework/Versions/3.9/lib/python3.9/site-packages/airflow/example_dags/example_outlet_event_extra.py
[2025-01-04T20:35:54.774-0500] {processor.py:914} INFO - Processing file /Library/Frameworks/Python.framework/Versions/3.9/lib/python3.9/site-packages/airflow/example_dags/example_outlet_event_extra.py for tasks to queue
[2025-01-04T20:35:54.775-0500] {logging_mixin.py:190} INFO - [2025-01-04T20:35:54.775-0500] {dagbag.py:588} INFO - Filling up the DagBag from /Library/Frameworks/Python.framework/Versions/3.9/lib/python3.9/site-packages/airflow/example_dags/example_outlet_event_extra.py
[2025-01-04T20:35:54.831-0500] {processor.py:925} INFO - DAG(s) 'dataset_with_extra_by_context', 'dataset_with_extra_from_classic_operator', 'dataset_with_extra_by_yield' retrieved from /Library/Frameworks/Python.framework/Versions/3.9/lib/python3.9/site-packages/airflow/example_dags/example_outlet_event_extra.py
[2025-01-04T20:35:54.891-0500] {logging_mixin.py:190} INFO - [2025-01-04T20:35:54.890-0500] {dag.py:3239} INFO - Sync 3 DAGs
[2025-01-04T20:35:54.899-0500] {logging_mixin.py:190} INFO - [2025-01-04T20:35:54.899-0500] {dag.py:4180} INFO - Setting next_dagrun for dataset_with_extra_by_context to 2025-01-04 00:00:00+00:00, run_after=2025-01-05 00:00:00+00:00
[2025-01-04T20:35:54.902-0500] {logging_mixin.py:190} INFO - [2025-01-04T20:35:54.902-0500] {dag.py:4180} INFO - Setting next_dagrun for dataset_with_extra_by_yield to 2025-01-04 00:00:00+00:00, run_after=2025-01-05 00:00:00+00:00
[2025-01-04T20:35:54.906-0500] {logging_mixin.py:190} INFO - [2025-01-04T20:35:54.906-0500] {dag.py:4180} INFO - Setting next_dagrun for dataset_with_extra_from_classic_operator to 2025-01-04 00:00:00+00:00, run_after=2025-01-05 00:00:00+00:00
[2025-01-04T20:35:54.924-0500] {processor.py:208} INFO - Processing /Library/Frameworks/Python.framework/Versions/3.9/lib/python3.9/site-packages/airflow/example_dags/example_outlet_event_extra.py took 0.153 seconds
[2025-01-04T20:39:19.273-0500] {processor.py:186} INFO - Started process (PID=1865) to work on /Library/Frameworks/Python.framework/Versions/3.9/lib/python3.9/site-packages/airflow/example_dags/example_outlet_event_extra.py
[2025-01-04T20:39:19.275-0500] {processor.py:914} INFO - Processing file /Library/Frameworks/Python.framework/Versions/3.9/lib/python3.9/site-packages/airflow/example_dags/example_outlet_event_extra.py for tasks to queue
[2025-01-04T20:39:19.275-0500] {logging_mixin.py:190} INFO - [2025-01-04T20:39:19.275-0500] {dagbag.py:588} INFO - Filling up the DagBag from /Library/Frameworks/Python.framework/Versions/3.9/lib/python3.9/site-packages/airflow/example_dags/example_outlet_event_extra.py
[2025-01-04T20:39:19.322-0500] {processor.py:925} INFO - DAG(s) 'dataset_with_extra_by_yield', 'dataset_with_extra_by_context', 'dataset_with_extra_from_classic_operator' retrieved from /Library/Frameworks/Python.framework/Versions/3.9/lib/python3.9/site-packages/airflow/example_dags/example_outlet_event_extra.py
[2025-01-04T20:39:19.367-0500] {logging_mixin.py:190} INFO - [2025-01-04T20:39:19.367-0500] {dag.py:3239} INFO - Sync 3 DAGs
[2025-01-04T20:39:19.378-0500] {logging_mixin.py:190} INFO - [2025-01-04T20:39:19.378-0500] {dag.py:4180} INFO - Setting next_dagrun for dataset_with_extra_by_context to 2025-01-04 00:00:00+00:00, run_after=2025-01-05 00:00:00+00:00
[2025-01-04T20:39:19.380-0500] {logging_mixin.py:190} INFO - [2025-01-04T20:39:19.380-0500] {dag.py:4180} INFO - Setting next_dagrun for dataset_with_extra_by_yield to 2025-01-04 00:00:00+00:00, run_after=2025-01-05 00:00:00+00:00
[2025-01-04T20:39:19.381-0500] {logging_mixin.py:190} INFO - [2025-01-04T20:39:19.381-0500] {dag.py:4180} INFO - Setting next_dagrun for dataset_with_extra_from_classic_operator to 2025-01-04 00:00:00+00:00, run_after=2025-01-05 00:00:00+00:00
[2025-01-04T20:39:19.391-0500] {processor.py:208} INFO - Processing /Library/Frameworks/Python.framework/Versions/3.9/lib/python3.9/site-packages/airflow/example_dags/example_outlet_event_extra.py took 0.120 seconds
[2025-01-04T20:42:42.600-0500] {processor.py:186} INFO - Started process (PID=2367) to work on /Library/Frameworks/Python.framework/Versions/3.9/lib/python3.9/site-packages/airflow/example_dags/example_outlet_event_extra.py
[2025-01-04T20:42:42.602-0500] {processor.py:914} INFO - Processing file /Library/Frameworks/Python.framework/Versions/3.9/lib/python3.9/site-packages/airflow/example_dags/example_outlet_event_extra.py for tasks to queue
[2025-01-04T20:42:42.603-0500] {logging_mixin.py:190} INFO - [2025-01-04T20:42:42.603-0500] {dagbag.py:588} INFO - Filling up the DagBag from /Library/Frameworks/Python.framework/Versions/3.9/lib/python3.9/site-packages/airflow/example_dags/example_outlet_event_extra.py
[2025-01-04T20:42:42.661-0500] {processor.py:925} INFO - DAG(s) 'dataset_with_extra_from_classic_operator', 'dataset_with_extra_by_context', 'dataset_with_extra_by_yield' retrieved from /Library/Frameworks/Python.framework/Versions/3.9/lib/python3.9/site-packages/airflow/example_dags/example_outlet_event_extra.py
[2025-01-04T20:42:42.726-0500] {logging_mixin.py:190} INFO - [2025-01-04T20:42:42.726-0500] {dag.py:3239} INFO - Sync 3 DAGs
[2025-01-04T20:42:42.741-0500] {logging_mixin.py:190} INFO - [2025-01-04T20:42:42.740-0500] {dag.py:4180} INFO - Setting next_dagrun for dataset_with_extra_by_context to 2025-01-04 00:00:00+00:00, run_after=2025-01-05 00:00:00+00:00
[2025-01-04T20:42:42.744-0500] {logging_mixin.py:190} INFO - [2025-01-04T20:42:42.744-0500] {dag.py:4180} INFO - Setting next_dagrun for dataset_with_extra_by_yield to 2025-01-04 00:00:00+00:00, run_after=2025-01-05 00:00:00+00:00
[2025-01-04T20:42:42.745-0500] {logging_mixin.py:190} INFO - [2025-01-04T20:42:42.745-0500] {dag.py:4180} INFO - Setting next_dagrun for dataset_with_extra_from_classic_operator to 2025-01-04 00:00:00+00:00, run_after=2025-01-05 00:00:00+00:00
[2025-01-04T20:42:42.762-0500] {processor.py:208} INFO - Processing /Library/Frameworks/Python.framework/Versions/3.9/lib/python3.9/site-packages/airflow/example_dags/example_outlet_event_extra.py took 0.164 seconds
[2025-01-04T20:46:23.417-0500] {processor.py:186} INFO - Started process (PID=3019) to work on /Library/Frameworks/Python.framework/Versions/3.9/lib/python3.9/site-packages/airflow/example_dags/example_outlet_event_extra.py
[2025-01-04T20:46:23.418-0500] {processor.py:914} INFO - Processing file /Library/Frameworks/Python.framework/Versions/3.9/lib/python3.9/site-packages/airflow/example_dags/example_outlet_event_extra.py for tasks to queue
[2025-01-04T20:46:23.419-0500] {logging_mixin.py:190} INFO - [2025-01-04T20:46:23.419-0500] {dagbag.py:588} INFO - Filling up the DagBag from /Library/Frameworks/Python.framework/Versions/3.9/lib/python3.9/site-packages/airflow/example_dags/example_outlet_event_extra.py
[2025-01-04T20:46:23.466-0500] {processor.py:925} INFO - DAG(s) 'dataset_with_extra_by_yield', 'dataset_with_extra_from_classic_operator', 'dataset_with_extra_by_context' retrieved from /Library/Frameworks/Python.framework/Versions/3.9/lib/python3.9/site-packages/airflow/example_dags/example_outlet_event_extra.py
[2025-01-04T20:46:23.519-0500] {logging_mixin.py:190} INFO - [2025-01-04T20:46:23.519-0500] {dag.py:3239} INFO - Sync 3 DAGs
[2025-01-04T20:46:23.529-0500] {logging_mixin.py:190} INFO - [2025-01-04T20:46:23.529-0500] {dag.py:4180} INFO - Setting next_dagrun for dataset_with_extra_by_context to 2025-01-04 00:00:00+00:00, run_after=2025-01-05 00:00:00+00:00
[2025-01-04T20:46:23.531-0500] {logging_mixin.py:190} INFO - [2025-01-04T20:46:23.531-0500] {dag.py:4180} INFO - Setting next_dagrun for dataset_with_extra_by_yield to 2025-01-04 00:00:00+00:00, run_after=2025-01-05 00:00:00+00:00
[2025-01-04T20:46:23.532-0500] {logging_mixin.py:190} INFO - [2025-01-04T20:46:23.532-0500] {dag.py:4180} INFO - Setting next_dagrun for dataset_with_extra_from_classic_operator to 2025-01-04 00:00:00+00:00, run_after=2025-01-05 00:00:00+00:00
[2025-01-04T20:46:23.544-0500] {processor.py:208} INFO - Processing /Library/Frameworks/Python.framework/Versions/3.9/lib/python3.9/site-packages/airflow/example_dags/example_outlet_event_extra.py took 0.129 seconds
