[2025-01-04T20:27:09.387-0500] {processor.py:186} INFO - Started process (PID=99452) to work on /Library/Frameworks/Python.framework/Versions/3.9/lib/python3.9/site-packages/airflow/example_dags/example_dynamic_task_mapping_with_no_taskflow_operators.py
[2025-01-04T20:27:09.387-0500] {processor.py:914} INFO - Processing file /Library/Frameworks/Python.framework/Versions/3.9/lib/python3.9/site-packages/airflow/example_dags/example_dynamic_task_mapping_with_no_taskflow_operators.py for tasks to queue
[2025-01-04T20:27:09.388-0500] {logging_mixin.py:190} INFO - [2025-01-04T20:27:09.388-0500] {dagbag.py:588} INFO - Filling up the DagBag from /Library/Frameworks/Python.framework/Versions/3.9/lib/python3.9/site-packages/airflow/example_dags/example_dynamic_task_mapping_with_no_taskflow_operators.py
[2025-01-04T20:27:09.391-0500] {processor.py:925} INFO - DAG(s) 'example_dynamic_task_mapping_with_no_taskflow_operators' retrieved from /Library/Frameworks/Python.framework/Versions/3.9/lib/python3.9/site-packages/airflow/example_dags/example_dynamic_task_mapping_with_no_taskflow_operators.py
[2025-01-04T20:27:09.473-0500] {logging_mixin.py:190} INFO - [2025-01-04T20:27:09.473-0500] {override.py:1911} INFO - Created Permission View: can read on DAG:example_dynamic_task_mapping_with_no_taskflow_operators
[2025-01-04T20:27:09.476-0500] {logging_mixin.py:190} INFO - [2025-01-04T20:27:09.476-0500] {override.py:1911} INFO - Created Permission View: can delete on DAG:example_dynamic_task_mapping_with_no_taskflow_operators
[2025-01-04T20:27:09.480-0500] {logging_mixin.py:190} INFO - [2025-01-04T20:27:09.480-0500] {override.py:1911} INFO - Created Permission View: can edit on DAG:example_dynamic_task_mapping_with_no_taskflow_operators
[2025-01-04T20:27:09.485-0500] {logging_mixin.py:190} INFO - [2025-01-04T20:27:09.485-0500] {override.py:1911} INFO - Created Permission View: can read on DAG Run:example_dynamic_task_mapping_with_no_taskflow_operators
[2025-01-04T20:27:09.491-0500] {logging_mixin.py:190} INFO - [2025-01-04T20:27:09.491-0500] {override.py:1911} INFO - Created Permission View: menu access on DAG Run:example_dynamic_task_mapping_with_no_taskflow_operators
[2025-01-04T20:27:09.494-0500] {logging_mixin.py:190} INFO - [2025-01-04T20:27:09.494-0500] {override.py:1911} INFO - Created Permission View: can create on DAG Run:example_dynamic_task_mapping_with_no_taskflow_operators
[2025-01-04T20:27:09.498-0500] {logging_mixin.py:190} INFO - [2025-01-04T20:27:09.498-0500] {override.py:1911} INFO - Created Permission View: can delete on DAG Run:example_dynamic_task_mapping_with_no_taskflow_operators
[2025-01-04T20:27:09.498-0500] {logging_mixin.py:190} INFO - [2025-01-04T20:27:09.498-0500] {dag.py:3239} INFO - Sync 1 DAGs
[2025-01-04T20:27:09.504-0500] {logging_mixin.py:190} INFO - [2025-01-04T20:27:09.503-0500] {dag.py:3262} INFO - Creating ORM DAG for example_dynamic_task_mapping_with_no_taskflow_operators
[2025-01-04T20:27:09.504-0500] {logging_mixin.py:190} INFO - [2025-01-04T20:27:09.504-0500] {dag.py:4180} INFO - Setting next_dagrun for example_dynamic_task_mapping_with_no_taskflow_operators to None, run_after=None
[2025-01-04T20:27:09.511-0500] {processor.py:208} INFO - Processing /Library/Frameworks/Python.framework/Versions/3.9/lib/python3.9/site-packages/airflow/example_dags/example_dynamic_task_mapping_with_no_taskflow_operators.py took 0.127 seconds
[2025-01-04T20:29:14.188-0500] {processor.py:186} INFO - Started process (PID=99767) to work on /Library/Frameworks/Python.framework/Versions/3.9/lib/python3.9/site-packages/airflow/example_dags/example_dynamic_task_mapping_with_no_taskflow_operators.py
[2025-01-04T20:29:14.189-0500] {processor.py:914} INFO - Processing file /Library/Frameworks/Python.framework/Versions/3.9/lib/python3.9/site-packages/airflow/example_dags/example_dynamic_task_mapping_with_no_taskflow_operators.py for tasks to queue
[2025-01-04T20:29:14.189-0500] {logging_mixin.py:190} INFO - [2025-01-04T20:29:14.189-0500] {dagbag.py:588} INFO - Filling up the DagBag from /Library/Frameworks/Python.framework/Versions/3.9/lib/python3.9/site-packages/airflow/example_dags/example_dynamic_task_mapping_with_no_taskflow_operators.py
[2025-01-04T20:29:14.192-0500] {processor.py:925} INFO - DAG(s) 'example_dynamic_task_mapping_with_no_taskflow_operators' retrieved from /Library/Frameworks/Python.framework/Versions/3.9/lib/python3.9/site-packages/airflow/example_dags/example_dynamic_task_mapping_with_no_taskflow_operators.py
[2025-01-04T20:29:14.237-0500] {logging_mixin.py:190} INFO - [2025-01-04T20:29:14.236-0500] {dag.py:3239} INFO - Sync 1 DAGs
[2025-01-04T20:29:14.243-0500] {logging_mixin.py:190} INFO - [2025-01-04T20:29:14.243-0500] {dag.py:4180} INFO - Setting next_dagrun for example_dynamic_task_mapping_with_no_taskflow_operators to None, run_after=None
[2025-01-04T20:29:14.250-0500] {processor.py:208} INFO - Processing /Library/Frameworks/Python.framework/Versions/3.9/lib/python3.9/site-packages/airflow/example_dags/example_dynamic_task_mapping_with_no_taskflow_operators.py took 0.064 seconds
[2025-01-04T20:32:36.797-0500] {processor.py:186} INFO - Started process (PID=556) to work on /Library/Frameworks/Python.framework/Versions/3.9/lib/python3.9/site-packages/airflow/example_dags/example_dynamic_task_mapping_with_no_taskflow_operators.py
[2025-01-04T20:32:36.798-0500] {processor.py:914} INFO - Processing file /Library/Frameworks/Python.framework/Versions/3.9/lib/python3.9/site-packages/airflow/example_dags/example_dynamic_task_mapping_with_no_taskflow_operators.py for tasks to queue
[2025-01-04T20:32:36.799-0500] {logging_mixin.py:190} INFO - [2025-01-04T20:32:36.799-0500] {dagbag.py:588} INFO - Filling up the DagBag from /Library/Frameworks/Python.framework/Versions/3.9/lib/python3.9/site-packages/airflow/example_dags/example_dynamic_task_mapping_with_no_taskflow_operators.py
[2025-01-04T20:32:36.803-0500] {processor.py:925} INFO - DAG(s) 'example_dynamic_task_mapping_with_no_taskflow_operators' retrieved from /Library/Frameworks/Python.framework/Versions/3.9/lib/python3.9/site-packages/airflow/example_dags/example_dynamic_task_mapping_with_no_taskflow_operators.py
[2025-01-04T20:32:36.867-0500] {logging_mixin.py:190} INFO - [2025-01-04T20:32:36.867-0500] {dag.py:3239} INFO - Sync 1 DAGs
[2025-01-04T20:32:36.873-0500] {logging_mixin.py:190} INFO - [2025-01-04T20:32:36.873-0500] {dag.py:4180} INFO - Setting next_dagrun for example_dynamic_task_mapping_with_no_taskflow_operators to None, run_after=None
[2025-01-04T20:32:36.884-0500] {processor.py:208} INFO - Processing /Library/Frameworks/Python.framework/Versions/3.9/lib/python3.9/site-packages/airflow/example_dags/example_dynamic_task_mapping_with_no_taskflow_operators.py took 0.089 seconds
[2025-01-04T20:36:11.316-0500] {processor.py:186} INFO - Started process (PID=1265) to work on /Library/Frameworks/Python.framework/Versions/3.9/lib/python3.9/site-packages/airflow/example_dags/example_dynamic_task_mapping_with_no_taskflow_operators.py
[2025-01-04T20:36:11.317-0500] {processor.py:914} INFO - Processing file /Library/Frameworks/Python.framework/Versions/3.9/lib/python3.9/site-packages/airflow/example_dags/example_dynamic_task_mapping_with_no_taskflow_operators.py for tasks to queue
[2025-01-04T20:36:11.318-0500] {logging_mixin.py:190} INFO - [2025-01-04T20:36:11.318-0500] {dagbag.py:588} INFO - Filling up the DagBag from /Library/Frameworks/Python.framework/Versions/3.9/lib/python3.9/site-packages/airflow/example_dags/example_dynamic_task_mapping_with_no_taskflow_operators.py
[2025-01-04T20:36:11.322-0500] {processor.py:925} INFO - DAG(s) 'example_dynamic_task_mapping_with_no_taskflow_operators' retrieved from /Library/Frameworks/Python.framework/Versions/3.9/lib/python3.9/site-packages/airflow/example_dags/example_dynamic_task_mapping_with_no_taskflow_operators.py
[2025-01-04T20:36:11.373-0500] {logging_mixin.py:190} INFO - [2025-01-04T20:36:11.373-0500] {dag.py:3239} INFO - Sync 1 DAGs
[2025-01-04T20:36:11.378-0500] {logging_mixin.py:190} INFO - [2025-01-04T20:36:11.378-0500] {dag.py:4180} INFO - Setting next_dagrun for example_dynamic_task_mapping_with_no_taskflow_operators to None, run_after=None
[2025-01-04T20:36:11.397-0500] {processor.py:208} INFO - Processing /Library/Frameworks/Python.framework/Versions/3.9/lib/python3.9/site-packages/airflow/example_dags/example_dynamic_task_mapping_with_no_taskflow_operators.py took 0.083 seconds
[2025-01-04T20:39:37.568-0500] {processor.py:186} INFO - Started process (PID=1922) to work on /Library/Frameworks/Python.framework/Versions/3.9/lib/python3.9/site-packages/airflow/example_dags/example_dynamic_task_mapping_with_no_taskflow_operators.py
[2025-01-04T20:39:37.569-0500] {processor.py:914} INFO - Processing file /Library/Frameworks/Python.framework/Versions/3.9/lib/python3.9/site-packages/airflow/example_dags/example_dynamic_task_mapping_with_no_taskflow_operators.py for tasks to queue
[2025-01-04T20:39:37.569-0500] {logging_mixin.py:190} INFO - [2025-01-04T20:39:37.569-0500] {dagbag.py:588} INFO - Filling up the DagBag from /Library/Frameworks/Python.framework/Versions/3.9/lib/python3.9/site-packages/airflow/example_dags/example_dynamic_task_mapping_with_no_taskflow_operators.py
[2025-01-04T20:39:37.573-0500] {processor.py:925} INFO - DAG(s) 'example_dynamic_task_mapping_with_no_taskflow_operators' retrieved from /Library/Frameworks/Python.framework/Versions/3.9/lib/python3.9/site-packages/airflow/example_dags/example_dynamic_task_mapping_with_no_taskflow_operators.py
[2025-01-04T20:39:37.619-0500] {logging_mixin.py:190} INFO - [2025-01-04T20:39:37.619-0500] {dag.py:3239} INFO - Sync 1 DAGs
[2025-01-04T20:39:37.625-0500] {logging_mixin.py:190} INFO - [2025-01-04T20:39:37.624-0500] {dag.py:4180} INFO - Setting next_dagrun for example_dynamic_task_mapping_with_no_taskflow_operators to None, run_after=None
[2025-01-04T20:39:37.637-0500] {processor.py:208} INFO - Processing /Library/Frameworks/Python.framework/Versions/3.9/lib/python3.9/site-packages/airflow/example_dags/example_dynamic_task_mapping_with_no_taskflow_operators.py took 0.070 seconds
[2025-01-04T20:43:02.456-0500] {processor.py:186} INFO - Started process (PID=2391) to work on /Library/Frameworks/Python.framework/Versions/3.9/lib/python3.9/site-packages/airflow/example_dags/example_dynamic_task_mapping_with_no_taskflow_operators.py
[2025-01-04T20:43:02.458-0500] {processor.py:914} INFO - Processing file /Library/Frameworks/Python.framework/Versions/3.9/lib/python3.9/site-packages/airflow/example_dags/example_dynamic_task_mapping_with_no_taskflow_operators.py for tasks to queue
[2025-01-04T20:43:02.459-0500] {logging_mixin.py:190} INFO - [2025-01-04T20:43:02.459-0500] {dagbag.py:588} INFO - Filling up the DagBag from /Library/Frameworks/Python.framework/Versions/3.9/lib/python3.9/site-packages/airflow/example_dags/example_dynamic_task_mapping_with_no_taskflow_operators.py
[2025-01-04T20:43:02.471-0500] {processor.py:925} INFO - DAG(s) 'example_dynamic_task_mapping_with_no_taskflow_operators' retrieved from /Library/Frameworks/Python.framework/Versions/3.9/lib/python3.9/site-packages/airflow/example_dags/example_dynamic_task_mapping_with_no_taskflow_operators.py
[2025-01-04T20:43:02.575-0500] {logging_mixin.py:190} INFO - [2025-01-04T20:43:02.575-0500] {dag.py:3239} INFO - Sync 1 DAGs
[2025-01-04T20:43:02.589-0500] {logging_mixin.py:190} INFO - [2025-01-04T20:43:02.589-0500] {dag.py:4180} INFO - Setting next_dagrun for example_dynamic_task_mapping_with_no_taskflow_operators to None, run_after=None
[2025-01-04T20:43:02.627-0500] {processor.py:208} INFO - Processing /Library/Frameworks/Python.framework/Versions/3.9/lib/python3.9/site-packages/airflow/example_dags/example_dynamic_task_mapping_with_no_taskflow_operators.py took 0.178 seconds
[2025-01-04T20:46:41.800-0500] {processor.py:186} INFO - Started process (PID=3065) to work on /Library/Frameworks/Python.framework/Versions/3.9/lib/python3.9/site-packages/airflow/example_dags/example_dynamic_task_mapping_with_no_taskflow_operators.py
[2025-01-04T20:46:41.802-0500] {processor.py:914} INFO - Processing file /Library/Frameworks/Python.framework/Versions/3.9/lib/python3.9/site-packages/airflow/example_dags/example_dynamic_task_mapping_with_no_taskflow_operators.py for tasks to queue
[2025-01-04T20:46:41.802-0500] {logging_mixin.py:190} INFO - [2025-01-04T20:46:41.802-0500] {dagbag.py:588} INFO - Filling up the DagBag from /Library/Frameworks/Python.framework/Versions/3.9/lib/python3.9/site-packages/airflow/example_dags/example_dynamic_task_mapping_with_no_taskflow_operators.py
[2025-01-04T20:46:41.806-0500] {processor.py:925} INFO - DAG(s) 'example_dynamic_task_mapping_with_no_taskflow_operators' retrieved from /Library/Frameworks/Python.framework/Versions/3.9/lib/python3.9/site-packages/airflow/example_dags/example_dynamic_task_mapping_with_no_taskflow_operators.py
[2025-01-04T20:46:41.879-0500] {logging_mixin.py:190} INFO - [2025-01-04T20:46:41.879-0500] {dag.py:3239} INFO - Sync 1 DAGs
[2025-01-04T20:46:41.886-0500] {logging_mixin.py:190} INFO - [2025-01-04T20:46:41.885-0500] {dag.py:4180} INFO - Setting next_dagrun for example_dynamic_task_mapping_with_no_taskflow_operators to None, run_after=None
[2025-01-04T20:46:41.895-0500] {processor.py:208} INFO - Processing /Library/Frameworks/Python.framework/Versions/3.9/lib/python3.9/site-packages/airflow/example_dags/example_dynamic_task_mapping_with_no_taskflow_operators.py took 0.098 seconds
