[2025-01-04T20:26:52.782-0500] {processor.py:186} INFO - Started process (PID=99436) to work on /Library/Frameworks/Python.framework/Versions/3.9/lib/python3.9/site-packages/airflow/example_dags/example_nested_branch_dag.py
[2025-01-04T20:26:52.785-0500] {processor.py:914} INFO - Processing file /Library/Frameworks/Python.framework/Versions/3.9/lib/python3.9/site-packages/airflow/example_dags/example_nested_branch_dag.py for tasks to queue
[2025-01-04T20:26:52.786-0500] {logging_mixin.py:190} INFO - [2025-01-04T20:26:52.786-0500] {dagbag.py:588} INFO - Filling up the DagBag from /Library/Frameworks/Python.framework/Versions/3.9/lib/python3.9/site-packages/airflow/example_dags/example_nested_branch_dag.py
[2025-01-04T20:26:52.811-0500] {processor.py:925} INFO - DAG(s) 'example_nested_branch_dag' retrieved from /Library/Frameworks/Python.framework/Versions/3.9/lib/python3.9/site-packages/airflow/example_dags/example_nested_branch_dag.py
[2025-01-04T20:26:52.910-0500] {logging_mixin.py:190} INFO - [2025-01-04T20:26:52.910-0500] {override.py:1911} INFO - Created Permission View: can edit on DAG:example_nested_branch_dag
[2025-01-04T20:26:52.916-0500] {logging_mixin.py:190} INFO - [2025-01-04T20:26:52.916-0500] {override.py:1911} INFO - Created Permission View: can read on DAG:example_nested_branch_dag
[2025-01-04T20:26:52.919-0500] {logging_mixin.py:190} INFO - [2025-01-04T20:26:52.919-0500] {override.py:1911} INFO - Created Permission View: can delete on DAG:example_nested_branch_dag
[2025-01-04T20:26:52.923-0500] {logging_mixin.py:190} INFO - [2025-01-04T20:26:52.922-0500] {override.py:1911} INFO - Created Permission View: menu access on DAG Run:example_nested_branch_dag
[2025-01-04T20:26:52.925-0500] {logging_mixin.py:190} INFO - [2025-01-04T20:26:52.925-0500] {override.py:1911} INFO - Created Permission View: can read on DAG Run:example_nested_branch_dag
[2025-01-04T20:26:52.927-0500] {logging_mixin.py:190} INFO - [2025-01-04T20:26:52.927-0500] {override.py:1911} INFO - Created Permission View: can create on DAG Run:example_nested_branch_dag
[2025-01-04T20:26:52.930-0500] {logging_mixin.py:190} INFO - [2025-01-04T20:26:52.930-0500] {override.py:1911} INFO - Created Permission View: can delete on DAG Run:example_nested_branch_dag
[2025-01-04T20:26:52.930-0500] {logging_mixin.py:190} INFO - [2025-01-04T20:26:52.930-0500] {dag.py:3239} INFO - Sync 1 DAGs
[2025-01-04T20:26:52.935-0500] {logging_mixin.py:190} INFO - [2025-01-04T20:26:52.935-0500] {dag.py:3262} INFO - Creating ORM DAG for example_nested_branch_dag
[2025-01-04T20:26:52.939-0500] {logging_mixin.py:190} INFO - [2025-01-04T20:26:52.939-0500] {dag.py:4180} INFO - Setting next_dagrun for example_nested_branch_dag to 2025-01-04 00:00:00+00:00, run_after=2025-01-05 00:00:00+00:00
[2025-01-04T20:26:52.946-0500] {processor.py:208} INFO - Processing /Library/Frameworks/Python.framework/Versions/3.9/lib/python3.9/site-packages/airflow/example_dags/example_nested_branch_dag.py took 0.171 seconds
[2025-01-04T20:28:59.753-0500] {processor.py:186} INFO - Started process (PID=99745) to work on /Library/Frameworks/Python.framework/Versions/3.9/lib/python3.9/site-packages/airflow/example_dags/example_nested_branch_dag.py
[2025-01-04T20:28:59.755-0500] {processor.py:914} INFO - Processing file /Library/Frameworks/Python.framework/Versions/3.9/lib/python3.9/site-packages/airflow/example_dags/example_nested_branch_dag.py for tasks to queue
[2025-01-04T20:28:59.756-0500] {logging_mixin.py:190} INFO - [2025-01-04T20:28:59.756-0500] {dagbag.py:588} INFO - Filling up the DagBag from /Library/Frameworks/Python.framework/Versions/3.9/lib/python3.9/site-packages/airflow/example_dags/example_nested_branch_dag.py
[2025-01-04T20:28:59.776-0500] {processor.py:925} INFO - DAG(s) 'example_nested_branch_dag' retrieved from /Library/Frameworks/Python.framework/Versions/3.9/lib/python3.9/site-packages/airflow/example_dags/example_nested_branch_dag.py
[2025-01-04T20:28:59.824-0500] {logging_mixin.py:190} INFO - [2025-01-04T20:28:59.824-0500] {dag.py:3239} INFO - Sync 1 DAGs
[2025-01-04T20:28:59.832-0500] {logging_mixin.py:190} INFO - [2025-01-04T20:28:59.832-0500] {dag.py:4180} INFO - Setting next_dagrun for example_nested_branch_dag to 2025-01-04 00:00:00+00:00, run_after=2025-01-05 00:00:00+00:00
[2025-01-04T20:28:59.840-0500] {processor.py:208} INFO - Processing /Library/Frameworks/Python.framework/Versions/3.9/lib/python3.9/site-packages/airflow/example_dags/example_nested_branch_dag.py took 0.089 seconds
[2025-01-04T20:32:21.674-0500] {processor.py:186} INFO - Started process (PID=473) to work on /Library/Frameworks/Python.framework/Versions/3.9/lib/python3.9/site-packages/airflow/example_dags/example_nested_branch_dag.py
[2025-01-04T20:32:21.675-0500] {processor.py:914} INFO - Processing file /Library/Frameworks/Python.framework/Versions/3.9/lib/python3.9/site-packages/airflow/example_dags/example_nested_branch_dag.py for tasks to queue
[2025-01-04T20:32:21.675-0500] {logging_mixin.py:190} INFO - [2025-01-04T20:32:21.675-0500] {dagbag.py:588} INFO - Filling up the DagBag from /Library/Frameworks/Python.framework/Versions/3.9/lib/python3.9/site-packages/airflow/example_dags/example_nested_branch_dag.py
[2025-01-04T20:32:21.691-0500] {processor.py:925} INFO - DAG(s) 'example_nested_branch_dag' retrieved from /Library/Frameworks/Python.framework/Versions/3.9/lib/python3.9/site-packages/airflow/example_dags/example_nested_branch_dag.py
[2025-01-04T20:32:21.735-0500] {logging_mixin.py:190} INFO - [2025-01-04T20:32:21.734-0500] {dag.py:3239} INFO - Sync 1 DAGs
[2025-01-04T20:32:21.743-0500] {logging_mixin.py:190} INFO - [2025-01-04T20:32:21.743-0500] {dag.py:4180} INFO - Setting next_dagrun for example_nested_branch_dag to 2025-01-04 00:00:00+00:00, run_after=2025-01-05 00:00:00+00:00
[2025-01-04T20:32:21.752-0500] {processor.py:208} INFO - Processing /Library/Frameworks/Python.framework/Versions/3.9/lib/python3.9/site-packages/airflow/example_dags/example_nested_branch_dag.py took 0.080 seconds
[2025-01-04T20:35:56.496-0500] {processor.py:186} INFO - Started process (PID=1214) to work on /Library/Frameworks/Python.framework/Versions/3.9/lib/python3.9/site-packages/airflow/example_dags/example_nested_branch_dag.py
[2025-01-04T20:35:56.500-0500] {processor.py:914} INFO - Processing file /Library/Frameworks/Python.framework/Versions/3.9/lib/python3.9/site-packages/airflow/example_dags/example_nested_branch_dag.py for tasks to queue
[2025-01-04T20:35:56.501-0500] {logging_mixin.py:190} INFO - [2025-01-04T20:35:56.501-0500] {dagbag.py:588} INFO - Filling up the DagBag from /Library/Frameworks/Python.framework/Versions/3.9/lib/python3.9/site-packages/airflow/example_dags/example_nested_branch_dag.py
[2025-01-04T20:35:56.528-0500] {processor.py:925} INFO - DAG(s) 'example_nested_branch_dag' retrieved from /Library/Frameworks/Python.framework/Versions/3.9/lib/python3.9/site-packages/airflow/example_dags/example_nested_branch_dag.py
[2025-01-04T20:35:56.576-0500] {logging_mixin.py:190} INFO - [2025-01-04T20:35:56.575-0500] {dag.py:3239} INFO - Sync 1 DAGs
[2025-01-04T20:35:56.584-0500] {logging_mixin.py:190} INFO - [2025-01-04T20:35:56.584-0500] {dag.py:4180} INFO - Setting next_dagrun for example_nested_branch_dag to 2025-01-04 00:00:00+00:00, run_after=2025-01-05 00:00:00+00:00
[2025-01-04T20:35:56.595-0500] {processor.py:208} INFO - Processing /Library/Frameworks/Python.framework/Versions/3.9/lib/python3.9/site-packages/airflow/example_dags/example_nested_branch_dag.py took 0.101 seconds
[2025-01-04T20:39:22.255-0500] {processor.py:186} INFO - Started process (PID=1874) to work on /Library/Frameworks/Python.framework/Versions/3.9/lib/python3.9/site-packages/airflow/example_dags/example_nested_branch_dag.py
[2025-01-04T20:39:22.255-0500] {processor.py:914} INFO - Processing file /Library/Frameworks/Python.framework/Versions/3.9/lib/python3.9/site-packages/airflow/example_dags/example_nested_branch_dag.py for tasks to queue
[2025-01-04T20:39:22.256-0500] {logging_mixin.py:190} INFO - [2025-01-04T20:39:22.256-0500] {dagbag.py:588} INFO - Filling up the DagBag from /Library/Frameworks/Python.framework/Versions/3.9/lib/python3.9/site-packages/airflow/example_dags/example_nested_branch_dag.py
[2025-01-04T20:39:22.274-0500] {processor.py:925} INFO - DAG(s) 'example_nested_branch_dag' retrieved from /Library/Frameworks/Python.framework/Versions/3.9/lib/python3.9/site-packages/airflow/example_dags/example_nested_branch_dag.py
[2025-01-04T20:39:22.330-0500] {logging_mixin.py:190} INFO - [2025-01-04T20:39:22.330-0500] {dag.py:3239} INFO - Sync 1 DAGs
[2025-01-04T20:39:22.339-0500] {logging_mixin.py:190} INFO - [2025-01-04T20:39:22.339-0500] {dag.py:4180} INFO - Setting next_dagrun for example_nested_branch_dag to 2025-01-04 00:00:00+00:00, run_after=2025-01-05 00:00:00+00:00
[2025-01-04T20:39:22.349-0500] {processor.py:208} INFO - Processing /Library/Frameworks/Python.framework/Versions/3.9/lib/python3.9/site-packages/airflow/example_dags/example_nested_branch_dag.py took 0.096 seconds
[2025-01-04T20:42:44.951-0500] {processor.py:186} INFO - Started process (PID=2369) to work on /Library/Frameworks/Python.framework/Versions/3.9/lib/python3.9/site-packages/airflow/example_dags/example_nested_branch_dag.py
[2025-01-04T20:42:44.954-0500] {processor.py:914} INFO - Processing file /Library/Frameworks/Python.framework/Versions/3.9/lib/python3.9/site-packages/airflow/example_dags/example_nested_branch_dag.py for tasks to queue
[2025-01-04T20:42:44.954-0500] {logging_mixin.py:190} INFO - [2025-01-04T20:42:44.954-0500] {dagbag.py:588} INFO - Filling up the DagBag from /Library/Frameworks/Python.framework/Versions/3.9/lib/python3.9/site-packages/airflow/example_dags/example_nested_branch_dag.py
[2025-01-04T20:42:44.975-0500] {processor.py:925} INFO - DAG(s) 'example_nested_branch_dag' retrieved from /Library/Frameworks/Python.framework/Versions/3.9/lib/python3.9/site-packages/airflow/example_dags/example_nested_branch_dag.py
[2025-01-04T20:42:45.031-0500] {logging_mixin.py:190} INFO - [2025-01-04T20:42:45.031-0500] {dag.py:3239} INFO - Sync 1 DAGs
[2025-01-04T20:42:45.040-0500] {logging_mixin.py:190} INFO - [2025-01-04T20:42:45.040-0500] {dag.py:4180} INFO - Setting next_dagrun for example_nested_branch_dag to 2025-01-04 00:00:00+00:00, run_after=2025-01-05 00:00:00+00:00
[2025-01-04T20:42:45.069-0500] {processor.py:208} INFO - Processing /Library/Frameworks/Python.framework/Versions/3.9/lib/python3.9/site-packages/airflow/example_dags/example_nested_branch_dag.py took 0.121 seconds
[2025-01-04T20:46:24.997-0500] {processor.py:186} INFO - Started process (PID=3023) to work on /Library/Frameworks/Python.framework/Versions/3.9/lib/python3.9/site-packages/airflow/example_dags/example_nested_branch_dag.py
[2025-01-04T20:46:24.998-0500] {processor.py:914} INFO - Processing file /Library/Frameworks/Python.framework/Versions/3.9/lib/python3.9/site-packages/airflow/example_dags/example_nested_branch_dag.py for tasks to queue
[2025-01-04T20:46:24.999-0500] {logging_mixin.py:190} INFO - [2025-01-04T20:46:24.999-0500] {dagbag.py:588} INFO - Filling up the DagBag from /Library/Frameworks/Python.framework/Versions/3.9/lib/python3.9/site-packages/airflow/example_dags/example_nested_branch_dag.py
[2025-01-04T20:46:25.025-0500] {processor.py:925} INFO - DAG(s) 'example_nested_branch_dag' retrieved from /Library/Frameworks/Python.framework/Versions/3.9/lib/python3.9/site-packages/airflow/example_dags/example_nested_branch_dag.py
[2025-01-04T20:46:25.134-0500] {logging_mixin.py:190} INFO - [2025-01-04T20:46:25.134-0500] {dag.py:3239} INFO - Sync 1 DAGs
[2025-01-04T20:46:25.161-0500] {logging_mixin.py:190} INFO - [2025-01-04T20:46:25.160-0500] {dag.py:4180} INFO - Setting next_dagrun for example_nested_branch_dag to 2025-01-04 00:00:00+00:00, run_after=2025-01-05 00:00:00+00:00
[2025-01-04T20:46:25.196-0500] {processor.py:208} INFO - Processing /Library/Frameworks/Python.framework/Versions/3.9/lib/python3.9/site-packages/airflow/example_dags/example_nested_branch_dag.py took 0.202 seconds
