[2025-01-04T20:26:59.623-0500] {processor.py:186} INFO - Started process (PID=99443) to work on /Library/Frameworks/Python.framework/Versions/3.9/lib/python3.9/site-packages/airflow/example_dags/example_latest_only.py
[2025-01-04T20:26:59.624-0500] {processor.py:914} INFO - Processing file /Library/Frameworks/Python.framework/Versions/3.9/lib/python3.9/site-packages/airflow/example_dags/example_latest_only.py for tasks to queue
[2025-01-04T20:26:59.624-0500] {logging_mixin.py:190} INFO - [2025-01-04T20:26:59.624-0500] {dagbag.py:588} INFO - Filling up the DagBag from /Library/Frameworks/Python.framework/Versions/3.9/lib/python3.9/site-packages/airflow/example_dags/example_latest_only.py
[2025-01-04T20:26:59.631-0500] {processor.py:925} INFO - DAG(s) 'latest_only' retrieved from /Library/Frameworks/Python.framework/Versions/3.9/lib/python3.9/site-packages/airflow/example_dags/example_latest_only.py
[2025-01-04T20:26:59.727-0500] {logging_mixin.py:190} INFO - [2025-01-04T20:26:59.727-0500] {override.py:1911} INFO - Created Permission View: can edit on DAG:latest_only
[2025-01-04T20:26:59.731-0500] {logging_mixin.py:190} INFO - [2025-01-04T20:26:59.731-0500] {override.py:1911} INFO - Created Permission View: can read on DAG:latest_only
[2025-01-04T20:26:59.733-0500] {logging_mixin.py:190} INFO - [2025-01-04T20:26:59.733-0500] {override.py:1911} INFO - Created Permission View: can delete on DAG:latest_only
[2025-01-04T20:26:59.737-0500] {logging_mixin.py:190} INFO - [2025-01-04T20:26:59.737-0500] {override.py:1911} INFO - Created Permission View: can read on DAG Run:latest_only
[2025-01-04T20:26:59.740-0500] {logging_mixin.py:190} INFO - [2025-01-04T20:26:59.740-0500] {override.py:1911} INFO - Created Permission View: menu access on DAG Run:latest_only
[2025-01-04T20:26:59.743-0500] {logging_mixin.py:190} INFO - [2025-01-04T20:26:59.743-0500] {override.py:1911} INFO - Created Permission View: can create on DAG Run:latest_only
[2025-01-04T20:26:59.750-0500] {logging_mixin.py:190} INFO - [2025-01-04T20:26:59.749-0500] {override.py:1911} INFO - Created Permission View: can delete on DAG Run:latest_only
[2025-01-04T20:26:59.750-0500] {logging_mixin.py:190} INFO - [2025-01-04T20:26:59.750-0500] {dag.py:3239} INFO - Sync 1 DAGs
[2025-01-04T20:26:59.763-0500] {logging_mixin.py:190} INFO - [2025-01-04T20:26:59.763-0500] {dag.py:3262} INFO - Creating ORM DAG for latest_only
[2025-01-04T20:26:59.769-0500] {logging_mixin.py:190} INFO - [2025-01-04T20:26:59.769-0500] {dag.py:4180} INFO - Setting next_dagrun for latest_only to 2025-01-04 20:00:00+00:00, run_after=2025-01-05 00:00:00+00:00
[2025-01-04T20:26:59.781-0500] {processor.py:208} INFO - Processing /Library/Frameworks/Python.framework/Versions/3.9/lib/python3.9/site-packages/airflow/example_dags/example_latest_only.py took 0.160 seconds
[2025-01-04T20:29:05.840-0500] {processor.py:186} INFO - Started process (PID=99755) to work on /Library/Frameworks/Python.framework/Versions/3.9/lib/python3.9/site-packages/airflow/example_dags/example_latest_only.py
[2025-01-04T20:29:05.841-0500] {processor.py:914} INFO - Processing file /Library/Frameworks/Python.framework/Versions/3.9/lib/python3.9/site-packages/airflow/example_dags/example_latest_only.py for tasks to queue
[2025-01-04T20:29:05.841-0500] {logging_mixin.py:190} INFO - [2025-01-04T20:29:05.841-0500] {dagbag.py:588} INFO - Filling up the DagBag from /Library/Frameworks/Python.framework/Versions/3.9/lib/python3.9/site-packages/airflow/example_dags/example_latest_only.py
[2025-01-04T20:29:05.844-0500] {processor.py:925} INFO - DAG(s) 'latest_only' retrieved from /Library/Frameworks/Python.framework/Versions/3.9/lib/python3.9/site-packages/airflow/example_dags/example_latest_only.py
[2025-01-04T20:29:05.898-0500] {logging_mixin.py:190} INFO - [2025-01-04T20:29:05.898-0500] {dag.py:3239} INFO - Sync 1 DAGs
[2025-01-04T20:29:05.906-0500] {logging_mixin.py:190} INFO - [2025-01-04T20:29:05.905-0500] {dag.py:4180} INFO - Setting next_dagrun for latest_only to 2025-01-04 20:00:00+00:00, run_after=2025-01-05 00:00:00+00:00
[2025-01-04T20:29:05.913-0500] {processor.py:208} INFO - Processing /Library/Frameworks/Python.framework/Versions/3.9/lib/python3.9/site-packages/airflow/example_dags/example_latest_only.py took 0.074 seconds
[2025-01-04T20:32:28.285-0500] {processor.py:186} INFO - Started process (PID=494) to work on /Library/Frameworks/Python.framework/Versions/3.9/lib/python3.9/site-packages/airflow/example_dags/example_latest_only.py
[2025-01-04T20:32:28.286-0500] {processor.py:914} INFO - Processing file /Library/Frameworks/Python.framework/Versions/3.9/lib/python3.9/site-packages/airflow/example_dags/example_latest_only.py for tasks to queue
[2025-01-04T20:32:28.286-0500] {logging_mixin.py:190} INFO - [2025-01-04T20:32:28.286-0500] {dagbag.py:588} INFO - Filling up the DagBag from /Library/Frameworks/Python.framework/Versions/3.9/lib/python3.9/site-packages/airflow/example_dags/example_latest_only.py
[2025-01-04T20:32:28.290-0500] {processor.py:925} INFO - DAG(s) 'latest_only' retrieved from /Library/Frameworks/Python.framework/Versions/3.9/lib/python3.9/site-packages/airflow/example_dags/example_latest_only.py
[2025-01-04T20:32:28.354-0500] {logging_mixin.py:190} INFO - [2025-01-04T20:32:28.354-0500] {dag.py:3239} INFO - Sync 1 DAGs
[2025-01-04T20:32:28.376-0500] {logging_mixin.py:190} INFO - [2025-01-04T20:32:28.376-0500] {dag.py:4180} INFO - Setting next_dagrun for latest_only to 2025-01-04 20:00:00+00:00, run_after=2025-01-05 00:00:00+00:00
[2025-01-04T20:32:28.389-0500] {processor.py:208} INFO - Processing /Library/Frameworks/Python.framework/Versions/3.9/lib/python3.9/site-packages/airflow/example_dags/example_latest_only.py took 0.106 seconds
[2025-01-04T20:36:02.712-0500] {processor.py:186} INFO - Started process (PID=1231) to work on /Library/Frameworks/Python.framework/Versions/3.9/lib/python3.9/site-packages/airflow/example_dags/example_latest_only.py
[2025-01-04T20:36:02.712-0500] {processor.py:914} INFO - Processing file /Library/Frameworks/Python.framework/Versions/3.9/lib/python3.9/site-packages/airflow/example_dags/example_latest_only.py for tasks to queue
[2025-01-04T20:36:02.713-0500] {logging_mixin.py:190} INFO - [2025-01-04T20:36:02.713-0500] {dagbag.py:588} INFO - Filling up the DagBag from /Library/Frameworks/Python.framework/Versions/3.9/lib/python3.9/site-packages/airflow/example_dags/example_latest_only.py
[2025-01-04T20:36:02.716-0500] {processor.py:925} INFO - DAG(s) 'latest_only' retrieved from /Library/Frameworks/Python.framework/Versions/3.9/lib/python3.9/site-packages/airflow/example_dags/example_latest_only.py
[2025-01-04T20:36:02.759-0500] {logging_mixin.py:190} INFO - [2025-01-04T20:36:02.759-0500] {dag.py:3239} INFO - Sync 1 DAGs
[2025-01-04T20:36:02.767-0500] {logging_mixin.py:190} INFO - [2025-01-04T20:36:02.767-0500] {dag.py:4180} INFO - Setting next_dagrun for latest_only to 2025-01-04 20:00:00+00:00, run_after=2025-01-05 00:00:00+00:00
[2025-01-04T20:36:02.777-0500] {processor.py:208} INFO - Processing /Library/Frameworks/Python.framework/Versions/3.9/lib/python3.9/site-packages/airflow/example_dags/example_latest_only.py took 0.067 seconds
[2025-01-04T20:39:29.630-0500] {processor.py:186} INFO - Started process (PID=1895) to work on /Library/Frameworks/Python.framework/Versions/3.9/lib/python3.9/site-packages/airflow/example_dags/example_latest_only.py
[2025-01-04T20:39:29.631-0500] {processor.py:914} INFO - Processing file /Library/Frameworks/Python.framework/Versions/3.9/lib/python3.9/site-packages/airflow/example_dags/example_latest_only.py for tasks to queue
[2025-01-04T20:39:29.632-0500] {logging_mixin.py:190} INFO - [2025-01-04T20:39:29.632-0500] {dagbag.py:588} INFO - Filling up the DagBag from /Library/Frameworks/Python.framework/Versions/3.9/lib/python3.9/site-packages/airflow/example_dags/example_latest_only.py
[2025-01-04T20:39:29.635-0500] {processor.py:925} INFO - DAG(s) 'latest_only' retrieved from /Library/Frameworks/Python.framework/Versions/3.9/lib/python3.9/site-packages/airflow/example_dags/example_latest_only.py
[2025-01-04T20:39:29.685-0500] {logging_mixin.py:190} INFO - [2025-01-04T20:39:29.685-0500] {dag.py:3239} INFO - Sync 1 DAGs
[2025-01-04T20:39:29.696-0500] {logging_mixin.py:190} INFO - [2025-01-04T20:39:29.696-0500] {dag.py:4180} INFO - Setting next_dagrun for latest_only to 2025-01-04 20:00:00+00:00, run_after=2025-01-05 00:00:00+00:00
[2025-01-04T20:39:29.707-0500] {processor.py:208} INFO - Processing /Library/Frameworks/Python.framework/Versions/3.9/lib/python3.9/site-packages/airflow/example_dags/example_latest_only.py took 0.080 seconds
[2025-01-04T20:42:51.789-0500] {processor.py:186} INFO - Started process (PID=2377) to work on /Library/Frameworks/Python.framework/Versions/3.9/lib/python3.9/site-packages/airflow/example_dags/example_latest_only.py
[2025-01-04T20:42:51.790-0500] {processor.py:914} INFO - Processing file /Library/Frameworks/Python.framework/Versions/3.9/lib/python3.9/site-packages/airflow/example_dags/example_latest_only.py for tasks to queue
[2025-01-04T20:42:51.791-0500] {logging_mixin.py:190} INFO - [2025-01-04T20:42:51.791-0500] {dagbag.py:588} INFO - Filling up the DagBag from /Library/Frameworks/Python.framework/Versions/3.9/lib/python3.9/site-packages/airflow/example_dags/example_latest_only.py
[2025-01-04T20:42:51.795-0500] {processor.py:925} INFO - DAG(s) 'latest_only' retrieved from /Library/Frameworks/Python.framework/Versions/3.9/lib/python3.9/site-packages/airflow/example_dags/example_latest_only.py
[2025-01-04T20:42:51.847-0500] {logging_mixin.py:190} INFO - [2025-01-04T20:42:51.847-0500] {dag.py:3239} INFO - Sync 1 DAGs
[2025-01-04T20:42:51.857-0500] {logging_mixin.py:190} INFO - [2025-01-04T20:42:51.857-0500] {dag.py:4180} INFO - Setting next_dagrun for latest_only to 2025-01-04 20:00:00+00:00, run_after=2025-01-05 00:00:00+00:00
[2025-01-04T20:42:51.882-0500] {processor.py:208} INFO - Processing /Library/Frameworks/Python.framework/Versions/3.9/lib/python3.9/site-packages/airflow/example_dags/example_latest_only.py took 0.096 seconds
[2025-01-04T20:46:33.261-0500] {processor.py:186} INFO - Started process (PID=3041) to work on /Library/Frameworks/Python.framework/Versions/3.9/lib/python3.9/site-packages/airflow/example_dags/example_latest_only.py
[2025-01-04T20:46:33.263-0500] {processor.py:914} INFO - Processing file /Library/Frameworks/Python.framework/Versions/3.9/lib/python3.9/site-packages/airflow/example_dags/example_latest_only.py for tasks to queue
[2025-01-04T20:46:33.263-0500] {logging_mixin.py:190} INFO - [2025-01-04T20:46:33.263-0500] {dagbag.py:588} INFO - Filling up the DagBag from /Library/Frameworks/Python.framework/Versions/3.9/lib/python3.9/site-packages/airflow/example_dags/example_latest_only.py
[2025-01-04T20:46:33.267-0500] {processor.py:925} INFO - DAG(s) 'latest_only' retrieved from /Library/Frameworks/Python.framework/Versions/3.9/lib/python3.9/site-packages/airflow/example_dags/example_latest_only.py
[2025-01-04T20:46:33.316-0500] {logging_mixin.py:190} INFO - [2025-01-04T20:46:33.315-0500] {dag.py:3239} INFO - Sync 1 DAGs
[2025-01-04T20:46:33.325-0500] {logging_mixin.py:190} INFO - [2025-01-04T20:46:33.324-0500] {dag.py:4180} INFO - Setting next_dagrun for latest_only to 2025-01-04 20:00:00+00:00, run_after=2025-01-05 00:00:00+00:00
[2025-01-04T20:46:33.337-0500] {processor.py:208} INFO - Processing /Library/Frameworks/Python.framework/Versions/3.9/lib/python3.9/site-packages/airflow/example_dags/example_latest_only.py took 0.078 seconds
