[2025-01-04T20:26:26.583-0500] {processor.py:186} INFO - Started process (PID=99335) to work on /Library/Frameworks/Python.framework/Versions/3.9/lib/python3.9/site-packages/airflow/example_dags/example_short_circuit_decorator.py
[2025-01-04T20:26:26.585-0500] {processor.py:914} INFO - Processing file /Library/Frameworks/Python.framework/Versions/3.9/lib/python3.9/site-packages/airflow/example_dags/example_short_circuit_decorator.py for tasks to queue
[2025-01-04T20:26:26.586-0500] {logging_mixin.py:190} INFO - [2025-01-04T20:26:26.586-0500] {dagbag.py:588} INFO - Filling up the DagBag from /Library/Frameworks/Python.framework/Versions/3.9/lib/python3.9/site-packages/airflow/example_dags/example_short_circuit_decorator.py
[2025-01-04T20:26:26.621-0500] {processor.py:925} INFO - DAG(s) 'example_short_circuit_decorator' retrieved from /Library/Frameworks/Python.framework/Versions/3.9/lib/python3.9/site-packages/airflow/example_dags/example_short_circuit_decorator.py
[2025-01-04T20:26:26.743-0500] {logging_mixin.py:190} INFO - [2025-01-04T20:26:26.742-0500] {override.py:1911} INFO - Created Permission View: can edit on DAG:example_short_circuit_decorator
[2025-01-04T20:26:26.747-0500] {logging_mixin.py:190} INFO - [2025-01-04T20:26:26.747-0500] {override.py:1911} INFO - Created Permission View: can read on DAG:example_short_circuit_decorator
[2025-01-04T20:26:26.750-0500] {logging_mixin.py:190} INFO - [2025-01-04T20:26:26.750-0500] {override.py:1911} INFO - Created Permission View: can delete on DAG:example_short_circuit_decorator
[2025-01-04T20:26:26.756-0500] {logging_mixin.py:190} INFO - [2025-01-04T20:26:26.756-0500] {override.py:1911} INFO - Created Permission View: menu access on DAG Run:example_short_circuit_decorator
[2025-01-04T20:26:26.763-0500] {logging_mixin.py:190} INFO - [2025-01-04T20:26:26.762-0500] {override.py:1911} INFO - Created Permission View: can read on DAG Run:example_short_circuit_decorator
[2025-01-04T20:26:26.765-0500] {logging_mixin.py:190} INFO - [2025-01-04T20:26:26.765-0500] {override.py:1911} INFO - Created Permission View: can create on DAG Run:example_short_circuit_decorator
[2025-01-04T20:26:26.768-0500] {logging_mixin.py:190} INFO - [2025-01-04T20:26:26.768-0500] {override.py:1911} INFO - Created Permission View: can delete on DAG Run:example_short_circuit_decorator
[2025-01-04T20:26:26.768-0500] {logging_mixin.py:190} INFO - [2025-01-04T20:26:26.768-0500] {dag.py:3239} INFO - Sync 1 DAGs
[2025-01-04T20:26:26.774-0500] {logging_mixin.py:190} INFO - [2025-01-04T20:26:26.774-0500] {dag.py:3262} INFO - Creating ORM DAG for example_short_circuit_decorator
[2025-01-04T20:26:26.774-0500] {logging_mixin.py:190} INFO - [2025-01-04T20:26:26.774-0500] {dag.py:4180} INFO - Setting next_dagrun for example_short_circuit_decorator to None, run_after=None
[2025-01-04T20:26:26.782-0500] {processor.py:208} INFO - Processing /Library/Frameworks/Python.framework/Versions/3.9/lib/python3.9/site-packages/airflow/example_dags/example_short_circuit_decorator.py took 0.204 seconds
[2025-01-04T20:28:36.951-0500] {processor.py:186} INFO - Started process (PID=99676) to work on /Library/Frameworks/Python.framework/Versions/3.9/lib/python3.9/site-packages/airflow/example_dags/example_short_circuit_decorator.py
[2025-01-04T20:28:36.958-0500] {processor.py:914} INFO - Processing file /Library/Frameworks/Python.framework/Versions/3.9/lib/python3.9/site-packages/airflow/example_dags/example_short_circuit_decorator.py for tasks to queue
[2025-01-04T20:28:36.958-0500] {logging_mixin.py:190} INFO - [2025-01-04T20:28:36.958-0500] {dagbag.py:588} INFO - Filling up the DagBag from /Library/Frameworks/Python.framework/Versions/3.9/lib/python3.9/site-packages/airflow/example_dags/example_short_circuit_decorator.py
[2025-01-04T20:28:36.978-0500] {processor.py:925} INFO - DAG(s) 'example_short_circuit_decorator' retrieved from /Library/Frameworks/Python.framework/Versions/3.9/lib/python3.9/site-packages/airflow/example_dags/example_short_circuit_decorator.py
[2025-01-04T20:28:37.026-0500] {logging_mixin.py:190} INFO - [2025-01-04T20:28:37.026-0500] {dag.py:3239} INFO - Sync 1 DAGs
[2025-01-04T20:28:37.032-0500] {logging_mixin.py:190} INFO - [2025-01-04T20:28:37.031-0500] {dag.py:4180} INFO - Setting next_dagrun for example_short_circuit_decorator to None, run_after=None
[2025-01-04T20:28:37.042-0500] {processor.py:208} INFO - Processing /Library/Frameworks/Python.framework/Versions/3.9/lib/python3.9/site-packages/airflow/example_dags/example_short_circuit_decorator.py took 0.095 seconds
[2025-01-04T20:30:15.074-0500] {processor.py:186} INFO - Started process (PID=99927) to work on /Library/Frameworks/Python.framework/Versions/3.9/lib/python3.9/site-packages/airflow/example_dags/example_short_circuit_decorator.py
[2025-01-04T20:30:15.074-0500] {processor.py:914} INFO - Processing file /Library/Frameworks/Python.framework/Versions/3.9/lib/python3.9/site-packages/airflow/example_dags/example_short_circuit_decorator.py for tasks to queue
[2025-01-04T20:30:15.075-0500] {logging_mixin.py:190} INFO - [2025-01-04T20:30:15.075-0500] {dagbag.py:588} INFO - Filling up the DagBag from /Library/Frameworks/Python.framework/Versions/3.9/lib/python3.9/site-packages/airflow/example_dags/example_short_circuit_decorator.py
[2025-01-04T20:30:15.094-0500] {processor.py:925} INFO - DAG(s) 'example_short_circuit_decorator' retrieved from /Library/Frameworks/Python.framework/Versions/3.9/lib/python3.9/site-packages/airflow/example_dags/example_short_circuit_decorator.py
[2025-01-04T20:30:15.138-0500] {logging_mixin.py:190} INFO - [2025-01-04T20:30:15.138-0500] {dag.py:3239} INFO - Sync 1 DAGs
[2025-01-04T20:30:15.142-0500] {logging_mixin.py:190} INFO - [2025-01-04T20:30:15.142-0500] {dag.py:4180} INFO - Setting next_dagrun for example_short_circuit_decorator to None, run_after=None
[2025-01-04T20:30:15.151-0500] {processor.py:208} INFO - Processing /Library/Frameworks/Python.framework/Versions/3.9/lib/python3.9/site-packages/airflow/example_dags/example_short_circuit_decorator.py took 0.079 seconds
[2025-01-04T20:31:55.194-0500] {processor.py:186} INFO - Started process (PID=372) to work on /Library/Frameworks/Python.framework/Versions/3.9/lib/python3.9/site-packages/airflow/example_dags/example_short_circuit_decorator.py
[2025-01-04T20:31:55.195-0500] {processor.py:914} INFO - Processing file /Library/Frameworks/Python.framework/Versions/3.9/lib/python3.9/site-packages/airflow/example_dags/example_short_circuit_decorator.py for tasks to queue
[2025-01-04T20:31:55.196-0500] {logging_mixin.py:190} INFO - [2025-01-04T20:31:55.196-0500] {dagbag.py:588} INFO - Filling up the DagBag from /Library/Frameworks/Python.framework/Versions/3.9/lib/python3.9/site-packages/airflow/example_dags/example_short_circuit_decorator.py
[2025-01-04T20:31:55.222-0500] {processor.py:925} INFO - DAG(s) 'example_short_circuit_decorator' retrieved from /Library/Frameworks/Python.framework/Versions/3.9/lib/python3.9/site-packages/airflow/example_dags/example_short_circuit_decorator.py
[2025-01-04T20:31:55.269-0500] {logging_mixin.py:190} INFO - [2025-01-04T20:31:55.269-0500] {dag.py:3239} INFO - Sync 1 DAGs
[2025-01-04T20:31:55.274-0500] {logging_mixin.py:190} INFO - [2025-01-04T20:31:55.274-0500] {dag.py:4180} INFO - Setting next_dagrun for example_short_circuit_decorator to None, run_after=None
[2025-01-04T20:31:55.286-0500] {processor.py:208} INFO - Processing /Library/Frameworks/Python.framework/Versions/3.9/lib/python3.9/site-packages/airflow/example_dags/example_short_circuit_decorator.py took 0.094 seconds
[2025-01-04T20:33:36.347-0500] {processor.py:186} INFO - Started process (PID=761) to work on /Library/Frameworks/Python.framework/Versions/3.9/lib/python3.9/site-packages/airflow/example_dags/example_short_circuit_decorator.py
[2025-01-04T20:33:36.348-0500] {processor.py:914} INFO - Processing file /Library/Frameworks/Python.framework/Versions/3.9/lib/python3.9/site-packages/airflow/example_dags/example_short_circuit_decorator.py for tasks to queue
[2025-01-04T20:33:36.349-0500] {logging_mixin.py:190} INFO - [2025-01-04T20:33:36.349-0500] {dagbag.py:588} INFO - Filling up the DagBag from /Library/Frameworks/Python.framework/Versions/3.9/lib/python3.9/site-packages/airflow/example_dags/example_short_circuit_decorator.py
[2025-01-04T20:33:36.367-0500] {processor.py:925} INFO - DAG(s) 'example_short_circuit_decorator' retrieved from /Library/Frameworks/Python.framework/Versions/3.9/lib/python3.9/site-packages/airflow/example_dags/example_short_circuit_decorator.py
[2025-01-04T20:33:36.418-0500] {logging_mixin.py:190} INFO - [2025-01-04T20:33:36.418-0500] {dag.py:3239} INFO - Sync 1 DAGs
[2025-01-04T20:33:36.423-0500] {logging_mixin.py:190} INFO - [2025-01-04T20:33:36.423-0500] {dag.py:4180} INFO - Setting next_dagrun for example_short_circuit_decorator to None, run_after=None
[2025-01-04T20:33:36.434-0500] {processor.py:208} INFO - Processing /Library/Frameworks/Python.framework/Versions/3.9/lib/python3.9/site-packages/airflow/example_dags/example_short_circuit_decorator.py took 0.089 seconds
[2025-01-04T20:35:27.151-0500] {processor.py:186} INFO - Started process (PID=1117) to work on /Library/Frameworks/Python.framework/Versions/3.9/lib/python3.9/site-packages/airflow/example_dags/example_short_circuit_decorator.py
[2025-01-04T20:35:27.154-0500] {processor.py:914} INFO - Processing file /Library/Frameworks/Python.framework/Versions/3.9/lib/python3.9/site-packages/airflow/example_dags/example_short_circuit_decorator.py for tasks to queue
[2025-01-04T20:35:27.181-0500] {logging_mixin.py:190} INFO - [2025-01-04T20:35:27.178-0500] {dagbag.py:588} INFO - Filling up the DagBag from /Library/Frameworks/Python.framework/Versions/3.9/lib/python3.9/site-packages/airflow/example_dags/example_short_circuit_decorator.py
[2025-01-04T20:35:27.301-0500] {processor.py:925} INFO - DAG(s) 'example_short_circuit_decorator' retrieved from /Library/Frameworks/Python.framework/Versions/3.9/lib/python3.9/site-packages/airflow/example_dags/example_short_circuit_decorator.py
[2025-01-04T20:35:27.740-0500] {logging_mixin.py:190} INFO - [2025-01-04T20:35:27.730-0500] {dag.py:3239} INFO - Sync 1 DAGs
[2025-01-04T20:35:27.761-0500] {logging_mixin.py:190} INFO - [2025-01-04T20:35:27.760-0500] {dag.py:4180} INFO - Setting next_dagrun for example_short_circuit_decorator to None, run_after=None
[2025-01-04T20:35:27.788-0500] {processor.py:208} INFO - Processing /Library/Frameworks/Python.framework/Versions/3.9/lib/python3.9/site-packages/airflow/example_dags/example_short_circuit_decorator.py took 0.652 seconds
[2025-01-04T20:37:15.924-0500] {processor.py:186} INFO - Started process (PID=1460) to work on /Library/Frameworks/Python.framework/Versions/3.9/lib/python3.9/site-packages/airflow/example_dags/example_short_circuit_decorator.py
[2025-01-04T20:37:15.925-0500] {processor.py:914} INFO - Processing file /Library/Frameworks/Python.framework/Versions/3.9/lib/python3.9/site-packages/airflow/example_dags/example_short_circuit_decorator.py for tasks to queue
[2025-01-04T20:37:15.926-0500] {logging_mixin.py:190} INFO - [2025-01-04T20:37:15.926-0500] {dagbag.py:588} INFO - Filling up the DagBag from /Library/Frameworks/Python.framework/Versions/3.9/lib/python3.9/site-packages/airflow/example_dags/example_short_circuit_decorator.py
[2025-01-04T20:37:15.947-0500] {processor.py:925} INFO - DAG(s) 'example_short_circuit_decorator' retrieved from /Library/Frameworks/Python.framework/Versions/3.9/lib/python3.9/site-packages/airflow/example_dags/example_short_circuit_decorator.py
[2025-01-04T20:37:16.001-0500] {logging_mixin.py:190} INFO - [2025-01-04T20:37:16.000-0500] {dag.py:3239} INFO - Sync 1 DAGs
[2025-01-04T20:37:16.008-0500] {logging_mixin.py:190} INFO - [2025-01-04T20:37:16.008-0500] {dag.py:4180} INFO - Setting next_dagrun for example_short_circuit_decorator to None, run_after=None
[2025-01-04T20:37:16.021-0500] {processor.py:208} INFO - Processing /Library/Frameworks/Python.framework/Versions/3.9/lib/python3.9/site-packages/airflow/example_dags/example_short_circuit_decorator.py took 0.099 seconds
[2025-01-04T20:38:57.458-0500] {processor.py:186} INFO - Started process (PID=1810) to work on /Library/Frameworks/Python.framework/Versions/3.9/lib/python3.9/site-packages/airflow/example_dags/example_short_circuit_decorator.py
[2025-01-04T20:38:57.459-0500] {processor.py:914} INFO - Processing file /Library/Frameworks/Python.framework/Versions/3.9/lib/python3.9/site-packages/airflow/example_dags/example_short_circuit_decorator.py for tasks to queue
[2025-01-04T20:38:57.460-0500] {logging_mixin.py:190} INFO - [2025-01-04T20:38:57.460-0500] {dagbag.py:588} INFO - Filling up the DagBag from /Library/Frameworks/Python.framework/Versions/3.9/lib/python3.9/site-packages/airflow/example_dags/example_short_circuit_decorator.py
[2025-01-04T20:38:57.487-0500] {processor.py:925} INFO - DAG(s) 'example_short_circuit_decorator' retrieved from /Library/Frameworks/Python.framework/Versions/3.9/lib/python3.9/site-packages/airflow/example_dags/example_short_circuit_decorator.py
[2025-01-04T20:38:57.549-0500] {logging_mixin.py:190} INFO - [2025-01-04T20:38:57.549-0500] {dag.py:3239} INFO - Sync 1 DAGs
[2025-01-04T20:38:57.554-0500] {logging_mixin.py:190} INFO - [2025-01-04T20:38:57.554-0500] {dag.py:4180} INFO - Setting next_dagrun for example_short_circuit_decorator to None, run_after=None
[2025-01-04T20:38:57.565-0500] {processor.py:208} INFO - Processing /Library/Frameworks/Python.framework/Versions/3.9/lib/python3.9/site-packages/airflow/example_dags/example_short_circuit_decorator.py took 0.111 seconds
[2025-01-04T20:40:37.818-0500] {processor.py:186} INFO - Started process (PID=2117) to work on /Library/Frameworks/Python.framework/Versions/3.9/lib/python3.9/site-packages/airflow/example_dags/example_short_circuit_decorator.py
[2025-01-04T20:40:37.819-0500] {processor.py:914} INFO - Processing file /Library/Frameworks/Python.framework/Versions/3.9/lib/python3.9/site-packages/airflow/example_dags/example_short_circuit_decorator.py for tasks to queue
[2025-01-04T20:40:37.820-0500] {logging_mixin.py:190} INFO - [2025-01-04T20:40:37.820-0500] {dagbag.py:588} INFO - Filling up the DagBag from /Library/Frameworks/Python.framework/Versions/3.9/lib/python3.9/site-packages/airflow/example_dags/example_short_circuit_decorator.py
[2025-01-04T20:40:37.839-0500] {processor.py:925} INFO - DAG(s) 'example_short_circuit_decorator' retrieved from /Library/Frameworks/Python.framework/Versions/3.9/lib/python3.9/site-packages/airflow/example_dags/example_short_circuit_decorator.py
[2025-01-04T20:40:37.884-0500] {logging_mixin.py:190} INFO - [2025-01-04T20:40:37.884-0500] {dag.py:3239} INFO - Sync 1 DAGs
[2025-01-04T20:40:37.888-0500] {logging_mixin.py:190} INFO - [2025-01-04T20:40:37.888-0500] {dag.py:4180} INFO - Setting next_dagrun for example_short_circuit_decorator to None, run_after=None
[2025-01-04T20:40:37.897-0500] {processor.py:208} INFO - Processing /Library/Frameworks/Python.framework/Versions/3.9/lib/python3.9/site-packages/airflow/example_dags/example_short_circuit_decorator.py took 0.081 seconds
[2025-01-04T20:42:18.610-0500] {processor.py:186} INFO - Started process (PID=2315) to work on /Library/Frameworks/Python.framework/Versions/3.9/lib/python3.9/site-packages/airflow/example_dags/example_short_circuit_decorator.py
[2025-01-04T20:42:18.612-0500] {processor.py:914} INFO - Processing file /Library/Frameworks/Python.framework/Versions/3.9/lib/python3.9/site-packages/airflow/example_dags/example_short_circuit_decorator.py for tasks to queue
[2025-01-04T20:42:18.613-0500] {logging_mixin.py:190} INFO - [2025-01-04T20:42:18.613-0500] {dagbag.py:588} INFO - Filling up the DagBag from /Library/Frameworks/Python.framework/Versions/3.9/lib/python3.9/site-packages/airflow/example_dags/example_short_circuit_decorator.py
[2025-01-04T20:42:18.648-0500] {processor.py:925} INFO - DAG(s) 'example_short_circuit_decorator' retrieved from /Library/Frameworks/Python.framework/Versions/3.9/lib/python3.9/site-packages/airflow/example_dags/example_short_circuit_decorator.py
[2025-01-04T20:42:18.697-0500] {logging_mixin.py:190} INFO - [2025-01-04T20:42:18.697-0500] {dag.py:3239} INFO - Sync 1 DAGs
[2025-01-04T20:42:18.705-0500] {logging_mixin.py:190} INFO - [2025-01-04T20:42:18.705-0500] {dag.py:4180} INFO - Setting next_dagrun for example_short_circuit_decorator to None, run_after=None
[2025-01-04T20:42:18.716-0500] {processor.py:208} INFO - Processing /Library/Frameworks/Python.framework/Versions/3.9/lib/python3.9/site-packages/airflow/example_dags/example_short_circuit_decorator.py took 0.108 seconds
[2025-01-04T20:44:03.397-0500] {processor.py:186} INFO - Started process (PID=2602) to work on /Library/Frameworks/Python.framework/Versions/3.9/lib/python3.9/site-packages/airflow/example_dags/example_short_circuit_decorator.py
[2025-01-04T20:44:03.398-0500] {processor.py:914} INFO - Processing file /Library/Frameworks/Python.framework/Versions/3.9/lib/python3.9/site-packages/airflow/example_dags/example_short_circuit_decorator.py for tasks to queue
[2025-01-04T20:44:03.399-0500] {logging_mixin.py:190} INFO - [2025-01-04T20:44:03.399-0500] {dagbag.py:588} INFO - Filling up the DagBag from /Library/Frameworks/Python.framework/Versions/3.9/lib/python3.9/site-packages/airflow/example_dags/example_short_circuit_decorator.py
[2025-01-04T20:44:03.427-0500] {processor.py:925} INFO - DAG(s) 'example_short_circuit_decorator' retrieved from /Library/Frameworks/Python.framework/Versions/3.9/lib/python3.9/site-packages/airflow/example_dags/example_short_circuit_decorator.py
[2025-01-04T20:44:03.477-0500] {logging_mixin.py:190} INFO - [2025-01-04T20:44:03.477-0500] {dag.py:3239} INFO - Sync 1 DAGs
[2025-01-04T20:44:03.485-0500] {logging_mixin.py:190} INFO - [2025-01-04T20:44:03.485-0500] {dag.py:4180} INFO - Setting next_dagrun for example_short_circuit_decorator to None, run_after=None
[2025-01-04T20:44:03.499-0500] {processor.py:208} INFO - Processing /Library/Frameworks/Python.framework/Versions/3.9/lib/python3.9/site-packages/airflow/example_dags/example_short_circuit_decorator.py took 0.104 seconds
[2025-01-04T20:45:58.367-0500] {processor.py:186} INFO - Started process (PID=2952) to work on /Library/Frameworks/Python.framework/Versions/3.9/lib/python3.9/site-packages/airflow/example_dags/example_short_circuit_decorator.py
[2025-01-04T20:45:58.368-0500] {processor.py:914} INFO - Processing file /Library/Frameworks/Python.framework/Versions/3.9/lib/python3.9/site-packages/airflow/example_dags/example_short_circuit_decorator.py for tasks to queue
[2025-01-04T20:45:58.369-0500] {logging_mixin.py:190} INFO - [2025-01-04T20:45:58.369-0500] {dagbag.py:588} INFO - Filling up the DagBag from /Library/Frameworks/Python.framework/Versions/3.9/lib/python3.9/site-packages/airflow/example_dags/example_short_circuit_decorator.py
[2025-01-04T20:45:58.465-0500] {processor.py:925} INFO - DAG(s) 'example_short_circuit_decorator' retrieved from /Library/Frameworks/Python.framework/Versions/3.9/lib/python3.9/site-packages/airflow/example_dags/example_short_circuit_decorator.py
[2025-01-04T20:45:58.700-0500] {logging_mixin.py:190} INFO - [2025-01-04T20:45:58.699-0500] {dag.py:3239} INFO - Sync 1 DAGs
[2025-01-04T20:45:58.741-0500] {logging_mixin.py:190} INFO - [2025-01-04T20:45:58.740-0500] {dag.py:4180} INFO - Setting next_dagrun for example_short_circuit_decorator to None, run_after=None
[2025-01-04T20:45:58.778-0500] {processor.py:208} INFO - Processing /Library/Frameworks/Python.framework/Versions/3.9/lib/python3.9/site-packages/airflow/example_dags/example_short_circuit_decorator.py took 0.414 seconds
[2025-01-04T20:47:51.414-0500] {processor.py:186} INFO - Started process (PID=3228) to work on /Library/Frameworks/Python.framework/Versions/3.9/lib/python3.9/site-packages/airflow/example_dags/example_short_circuit_decorator.py
[2025-01-04T20:47:51.419-0500] {processor.py:914} INFO - Processing file /Library/Frameworks/Python.framework/Versions/3.9/lib/python3.9/site-packages/airflow/example_dags/example_short_circuit_decorator.py for tasks to queue
[2025-01-04T20:47:51.420-0500] {logging_mixin.py:190} INFO - [2025-01-04T20:47:51.420-0500] {dagbag.py:588} INFO - Filling up the DagBag from /Library/Frameworks/Python.framework/Versions/3.9/lib/python3.9/site-packages/airflow/example_dags/example_short_circuit_decorator.py
[2025-01-04T20:47:51.460-0500] {processor.py:925} INFO - DAG(s) 'example_short_circuit_decorator' retrieved from /Library/Frameworks/Python.framework/Versions/3.9/lib/python3.9/site-packages/airflow/example_dags/example_short_circuit_decorator.py
[2025-01-04T20:47:51.599-0500] {logging_mixin.py:190} INFO - [2025-01-04T20:47:51.596-0500] {dag.py:3239} INFO - Sync 1 DAGs
[2025-01-04T20:47:51.642-0500] {logging_mixin.py:190} INFO - [2025-01-04T20:47:51.640-0500] {dag.py:4180} INFO - Setting next_dagrun for example_short_circuit_decorator to None, run_after=None
[2025-01-04T20:47:51.665-0500] {processor.py:208} INFO - Processing /Library/Frameworks/Python.framework/Versions/3.9/lib/python3.9/site-packages/airflow/example_dags/example_short_circuit_decorator.py took 0.254 seconds
[2025-01-04T20:49:44.047-0500] {processor.py:186} INFO - Started process (PID=3664) to work on /Library/Frameworks/Python.framework/Versions/3.9/lib/python3.9/site-packages/airflow/example_dags/example_short_circuit_decorator.py
[2025-01-04T20:49:44.049-0500] {processor.py:914} INFO - Processing file /Library/Frameworks/Python.framework/Versions/3.9/lib/python3.9/site-packages/airflow/example_dags/example_short_circuit_decorator.py for tasks to queue
[2025-01-04T20:49:44.049-0500] {logging_mixin.py:190} INFO - [2025-01-04T20:49:44.049-0500] {dagbag.py:588} INFO - Filling up the DagBag from /Library/Frameworks/Python.framework/Versions/3.9/lib/python3.9/site-packages/airflow/example_dags/example_short_circuit_decorator.py
[2025-01-04T20:49:44.081-0500] {processor.py:925} INFO - DAG(s) 'example_short_circuit_decorator' retrieved from /Library/Frameworks/Python.framework/Versions/3.9/lib/python3.9/site-packages/airflow/example_dags/example_short_circuit_decorator.py
[2025-01-04T20:49:44.152-0500] {logging_mixin.py:190} INFO - [2025-01-04T20:49:44.152-0500] {dag.py:3239} INFO - Sync 1 DAGs
[2025-01-04T20:49:44.159-0500] {logging_mixin.py:190} INFO - [2025-01-04T20:49:44.159-0500] {dag.py:4180} INFO - Setting next_dagrun for example_short_circuit_decorator to None, run_after=None
[2025-01-04T20:49:44.170-0500] {processor.py:208} INFO - Processing /Library/Frameworks/Python.framework/Versions/3.9/lib/python3.9/site-packages/airflow/example_dags/example_short_circuit_decorator.py took 0.125 seconds
