[2025-01-04T20:26:14.243-0500] {processor.py:186} INFO - Started process (PID=99280) to work on /Library/Frameworks/Python.framework/Versions/3.9/lib/python3.9/site-packages/airflow/example_dags/example_subdag_operator.py
[2025-01-04T20:26:14.244-0500] {processor.py:914} INFO - Processing file /Library/Frameworks/Python.framework/Versions/3.9/lib/python3.9/site-packages/airflow/example_dags/example_subdag_operator.py for tasks to queue
[2025-01-04T20:26:14.244-0500] {logging_mixin.py:190} INFO - [2025-01-04T20:26:14.244-0500] {dagbag.py:588} INFO - Filling up the DagBag from /Library/Frameworks/Python.framework/Versions/3.9/lib/python3.9/site-packages/airflow/example_dags/example_subdag_operator.py
[2025-01-04T20:26:14.326-0500] {processor.py:925} INFO - DAG(s) 'example_subdag_operator.section-1', 'example_subdag_operator.section-2', 'example_subdag_operator' retrieved from /Library/Frameworks/Python.framework/Versions/3.9/lib/python3.9/site-packages/airflow/example_dags/example_subdag_operator.py
[2025-01-04T20:26:14.980-0500] {logging_mixin.py:190} INFO - [2025-01-04T20:26:14.980-0500] {override.py:1911} INFO - Created Permission View: can read on DAG:example_subdag_operator
[2025-01-04T20:26:14.985-0500] {logging_mixin.py:190} INFO - [2025-01-04T20:26:14.984-0500] {override.py:1911} INFO - Created Permission View: can delete on DAG:example_subdag_operator
[2025-01-04T20:26:14.987-0500] {logging_mixin.py:190} INFO - [2025-01-04T20:26:14.987-0500] {override.py:1911} INFO - Created Permission View: can edit on DAG:example_subdag_operator
[2025-01-04T20:26:14.990-0500] {logging_mixin.py:190} INFO - [2025-01-04T20:26:14.990-0500] {override.py:1911} INFO - Created Permission View: can read on DAG Run:example_subdag_operator
[2025-01-04T20:26:14.993-0500] {logging_mixin.py:190} INFO - [2025-01-04T20:26:14.993-0500] {override.py:1911} INFO - Created Permission View: can delete on DAG Run:example_subdag_operator
[2025-01-04T20:26:14.996-0500] {logging_mixin.py:190} INFO - [2025-01-04T20:26:14.996-0500] {override.py:1911} INFO - Created Permission View: can create on DAG Run:example_subdag_operator
[2025-01-04T20:26:14.998-0500] {logging_mixin.py:190} INFO - [2025-01-04T20:26:14.998-0500] {override.py:1911} INFO - Created Permission View: menu access on DAG Run:example_subdag_operator
[2025-01-04T20:26:14.998-0500] {logging_mixin.py:190} INFO - [2025-01-04T20:26:14.998-0500] {dag.py:3239} INFO - Sync 3 DAGs
[2025-01-04T20:26:15.003-0500] {logging_mixin.py:190} INFO - [2025-01-04T20:26:15.003-0500] {dag.py:3262} INFO - Creating ORM DAG for example_subdag_operator.section-2
[2025-01-04T20:26:15.003-0500] {logging_mixin.py:190} INFO - [2025-01-04T20:26:15.003-0500] {dag.py:3262} INFO - Creating ORM DAG for example_subdag_operator
[2025-01-04T20:26:15.003-0500] {logging_mixin.py:190} INFO - [2025-01-04T20:26:15.003-0500] {dag.py:3262} INFO - Creating ORM DAG for example_subdag_operator.section-1
[2025-01-04T20:26:15.007-0500] {logging_mixin.py:190} INFO - [2025-01-04T20:26:15.007-0500] {dag.py:4180} INFO - Setting next_dagrun for example_subdag_operator to 2022-01-01 00:00:00+00:00, run_after=2022-01-01 00:00:00+00:00
[2025-01-04T20:26:15.008-0500] {logging_mixin.py:190} INFO - [2025-01-04T20:26:15.008-0500] {dag.py:4180} INFO - Setting next_dagrun for example_subdag_operator.section-1 to None, run_after=None
[2025-01-04T20:26:15.008-0500] {logging_mixin.py:190} INFO - [2025-01-04T20:26:15.008-0500] {dag.py:4180} INFO - Setting next_dagrun for example_subdag_operator.section-2 to None, run_after=None
[2025-01-04T20:26:15.011-0500] {logging_mixin.py:190} INFO - [2025-01-04T20:26:15.011-0500] {dag.py:3239} INFO - Sync 2 DAGs
[2025-01-04T20:26:15.013-0500] {logging_mixin.py:190} INFO - [2025-01-04T20:26:15.013-0500] {dag.py:4180} INFO - Setting next_dagrun for example_subdag_operator.section-1 to None, run_after=None
[2025-01-04T20:26:15.014-0500] {logging_mixin.py:190} INFO - [2025-01-04T20:26:15.014-0500] {dag.py:4180} INFO - Setting next_dagrun for example_subdag_operator.section-2 to None, run_after=None
[2025-01-04T20:26:15.019-0500] {processor.py:208} INFO - Processing /Library/Frameworks/Python.framework/Versions/3.9/lib/python3.9/site-packages/airflow/example_dags/example_subdag_operator.py took 0.778 seconds
[2025-01-04T20:28:28.840-0500] {processor.py:186} INFO - Started process (PID=99652) to work on /Library/Frameworks/Python.framework/Versions/3.9/lib/python3.9/site-packages/airflow/example_dags/example_subdag_operator.py
[2025-01-04T20:28:28.841-0500] {processor.py:914} INFO - Processing file /Library/Frameworks/Python.framework/Versions/3.9/lib/python3.9/site-packages/airflow/example_dags/example_subdag_operator.py for tasks to queue
[2025-01-04T20:28:28.843-0500] {logging_mixin.py:190} INFO - [2025-01-04T20:28:28.843-0500] {dagbag.py:588} INFO - Filling up the DagBag from /Library/Frameworks/Python.framework/Versions/3.9/lib/python3.9/site-packages/airflow/example_dags/example_subdag_operator.py
[2025-01-04T20:28:28.909-0500] {processor.py:925} INFO - DAG(s) 'example_subdag_operator.section-1', 'example_subdag_operator.section-2', 'example_subdag_operator' retrieved from /Library/Frameworks/Python.framework/Versions/3.9/lib/python3.9/site-packages/airflow/example_dags/example_subdag_operator.py
[2025-01-04T20:28:29.273-0500] {logging_mixin.py:190} INFO - [2025-01-04T20:28:29.273-0500] {dag.py:3239} INFO - Sync 3 DAGs
[2025-01-04T20:28:29.281-0500] {logging_mixin.py:190} INFO - [2025-01-04T20:28:29.281-0500] {dag.py:4180} INFO - Setting next_dagrun for example_subdag_operator to 2022-01-01 00:00:00+00:00, run_after=2022-01-01 00:00:00+00:00
[2025-01-04T20:28:29.282-0500] {logging_mixin.py:190} INFO - [2025-01-04T20:28:29.282-0500] {dag.py:4180} INFO - Setting next_dagrun for example_subdag_operator.section-1 to None, run_after=None
[2025-01-04T20:28:29.283-0500] {logging_mixin.py:190} INFO - [2025-01-04T20:28:29.283-0500] {dag.py:4180} INFO - Setting next_dagrun for example_subdag_operator.section-2 to None, run_after=None
[2025-01-04T20:28:29.285-0500] {logging_mixin.py:190} INFO - [2025-01-04T20:28:29.285-0500] {dag.py:3239} INFO - Sync 2 DAGs
[2025-01-04T20:28:29.288-0500] {logging_mixin.py:190} INFO - [2025-01-04T20:28:29.288-0500] {dag.py:4180} INFO - Setting next_dagrun for example_subdag_operator.section-1 to None, run_after=None
[2025-01-04T20:28:29.288-0500] {logging_mixin.py:190} INFO - [2025-01-04T20:28:29.288-0500] {dag.py:4180} INFO - Setting next_dagrun for example_subdag_operator.section-2 to None, run_after=None
[2025-01-04T20:28:29.295-0500] {processor.py:208} INFO - Processing /Library/Frameworks/Python.framework/Versions/3.9/lib/python3.9/site-packages/airflow/example_dags/example_subdag_operator.py took 0.459 seconds
[2025-01-04T20:30:05.216-0500] {processor.py:186} INFO - Started process (PID=99899) to work on /Library/Frameworks/Python.framework/Versions/3.9/lib/python3.9/site-packages/airflow/example_dags/example_subdag_operator.py
[2025-01-04T20:30:05.217-0500] {processor.py:914} INFO - Processing file /Library/Frameworks/Python.framework/Versions/3.9/lib/python3.9/site-packages/airflow/example_dags/example_subdag_operator.py for tasks to queue
[2025-01-04T20:30:05.218-0500] {logging_mixin.py:190} INFO - [2025-01-04T20:30:05.218-0500] {dagbag.py:588} INFO - Filling up the DagBag from /Library/Frameworks/Python.framework/Versions/3.9/lib/python3.9/site-packages/airflow/example_dags/example_subdag_operator.py
[2025-01-04T20:30:05.273-0500] {processor.py:925} INFO - DAG(s) 'example_subdag_operator.section-1', 'example_subdag_operator.section-2', 'example_subdag_operator' retrieved from /Library/Frameworks/Python.framework/Versions/3.9/lib/python3.9/site-packages/airflow/example_dags/example_subdag_operator.py
[2025-01-04T20:30:05.680-0500] {logging_mixin.py:190} INFO - [2025-01-04T20:30:05.680-0500] {dag.py:3239} INFO - Sync 3 DAGs
[2025-01-04T20:30:05.692-0500] {logging_mixin.py:190} INFO - [2025-01-04T20:30:05.692-0500] {dag.py:4180} INFO - Setting next_dagrun for example_subdag_operator to 2022-01-01 00:00:00+00:00, run_after=2022-01-01 00:00:00+00:00
[2025-01-04T20:30:05.694-0500] {logging_mixin.py:190} INFO - [2025-01-04T20:30:05.694-0500] {dag.py:4180} INFO - Setting next_dagrun for example_subdag_operator.section-1 to None, run_after=None
[2025-01-04T20:30:05.695-0500] {logging_mixin.py:190} INFO - [2025-01-04T20:30:05.695-0500] {dag.py:4180} INFO - Setting next_dagrun for example_subdag_operator.section-2 to None, run_after=None
[2025-01-04T20:30:05.698-0500] {logging_mixin.py:190} INFO - [2025-01-04T20:30:05.698-0500] {dag.py:3239} INFO - Sync 2 DAGs
[2025-01-04T20:30:05.700-0500] {logging_mixin.py:190} INFO - [2025-01-04T20:30:05.700-0500] {dag.py:4180} INFO - Setting next_dagrun for example_subdag_operator.section-1 to None, run_after=None
[2025-01-04T20:30:05.701-0500] {logging_mixin.py:190} INFO - [2025-01-04T20:30:05.701-0500] {dag.py:4180} INFO - Setting next_dagrun for example_subdag_operator.section-2 to None, run_after=None
[2025-01-04T20:30:05.708-0500] {processor.py:208} INFO - Processing /Library/Frameworks/Python.framework/Versions/3.9/lib/python3.9/site-packages/airflow/example_dags/example_subdag_operator.py took 0.494 seconds
[2025-01-04T20:31:47.133-0500] {processor.py:186} INFO - Started process (PID=341) to work on /Library/Frameworks/Python.framework/Versions/3.9/lib/python3.9/site-packages/airflow/example_dags/example_subdag_operator.py
[2025-01-04T20:31:47.134-0500] {processor.py:914} INFO - Processing file /Library/Frameworks/Python.framework/Versions/3.9/lib/python3.9/site-packages/airflow/example_dags/example_subdag_operator.py for tasks to queue
[2025-01-04T20:31:47.135-0500] {logging_mixin.py:190} INFO - [2025-01-04T20:31:47.135-0500] {dagbag.py:588} INFO - Filling up the DagBag from /Library/Frameworks/Python.framework/Versions/3.9/lib/python3.9/site-packages/airflow/example_dags/example_subdag_operator.py
[2025-01-04T20:31:47.196-0500] {processor.py:925} INFO - DAG(s) 'example_subdag_operator.section-1', 'example_subdag_operator.section-2', 'example_subdag_operator' retrieved from /Library/Frameworks/Python.framework/Versions/3.9/lib/python3.9/site-packages/airflow/example_dags/example_subdag_operator.py
[2025-01-04T20:31:47.624-0500] {logging_mixin.py:190} INFO - [2025-01-04T20:31:47.569-0500] {dag.py:3239} INFO - Sync 3 DAGs
[2025-01-04T20:31:47.664-0500] {logging_mixin.py:190} INFO - [2025-01-04T20:31:47.663-0500] {dag.py:4180} INFO - Setting next_dagrun for example_subdag_operator to 2022-01-01 00:00:00+00:00, run_after=2022-01-01 00:00:00+00:00
[2025-01-04T20:31:47.667-0500] {logging_mixin.py:190} INFO - [2025-01-04T20:31:47.667-0500] {dag.py:4180} INFO - Setting next_dagrun for example_subdag_operator.section-1 to None, run_after=None
[2025-01-04T20:31:47.667-0500] {logging_mixin.py:190} INFO - [2025-01-04T20:31:47.667-0500] {dag.py:4180} INFO - Setting next_dagrun for example_subdag_operator.section-2 to None, run_after=None
[2025-01-04T20:31:47.671-0500] {logging_mixin.py:190} INFO - [2025-01-04T20:31:47.670-0500] {dag.py:3239} INFO - Sync 2 DAGs
[2025-01-04T20:31:47.673-0500] {logging_mixin.py:190} INFO - [2025-01-04T20:31:47.673-0500] {dag.py:4180} INFO - Setting next_dagrun for example_subdag_operator.section-1 to None, run_after=None
[2025-01-04T20:31:47.673-0500] {logging_mixin.py:190} INFO - [2025-01-04T20:31:47.673-0500] {dag.py:4180} INFO - Setting next_dagrun for example_subdag_operator.section-2 to None, run_after=None
[2025-01-04T20:31:47.682-0500] {processor.py:208} INFO - Processing /Library/Frameworks/Python.framework/Versions/3.9/lib/python3.9/site-packages/airflow/example_dags/example_subdag_operator.py took 0.550 seconds
[2025-01-04T20:33:25.656-0500] {processor.py:186} INFO - Started process (PID=731) to work on /Library/Frameworks/Python.framework/Versions/3.9/lib/python3.9/site-packages/airflow/example_dags/example_subdag_operator.py
[2025-01-04T20:33:25.658-0500] {processor.py:914} INFO - Processing file /Library/Frameworks/Python.framework/Versions/3.9/lib/python3.9/site-packages/airflow/example_dags/example_subdag_operator.py for tasks to queue
[2025-01-04T20:33:25.658-0500] {logging_mixin.py:190} INFO - [2025-01-04T20:33:25.658-0500] {dagbag.py:588} INFO - Filling up the DagBag from /Library/Frameworks/Python.framework/Versions/3.9/lib/python3.9/site-packages/airflow/example_dags/example_subdag_operator.py
[2025-01-04T20:33:25.708-0500] {processor.py:925} INFO - DAG(s) 'example_subdag_operator.section-1', 'example_subdag_operator.section-2', 'example_subdag_operator' retrieved from /Library/Frameworks/Python.framework/Versions/3.9/lib/python3.9/site-packages/airflow/example_dags/example_subdag_operator.py
[2025-01-04T20:33:26.433-0500] {logging_mixin.py:190} INFO - [2025-01-04T20:33:26.433-0500] {dag.py:3239} INFO - Sync 3 DAGs
[2025-01-04T20:33:26.450-0500] {logging_mixin.py:190} INFO - [2025-01-04T20:33:26.450-0500] {dag.py:4180} INFO - Setting next_dagrun for example_subdag_operator to 2022-01-01 00:00:00+00:00, run_after=2022-01-01 00:00:00+00:00
[2025-01-04T20:33:26.452-0500] {logging_mixin.py:190} INFO - [2025-01-04T20:33:26.452-0500] {dag.py:4180} INFO - Setting next_dagrun for example_subdag_operator.section-1 to None, run_after=None
[2025-01-04T20:33:26.453-0500] {logging_mixin.py:190} INFO - [2025-01-04T20:33:26.453-0500] {dag.py:4180} INFO - Setting next_dagrun for example_subdag_operator.section-2 to None, run_after=None
[2025-01-04T20:33:26.457-0500] {logging_mixin.py:190} INFO - [2025-01-04T20:33:26.457-0500] {dag.py:3239} INFO - Sync 2 DAGs
[2025-01-04T20:33:26.459-0500] {logging_mixin.py:190} INFO - [2025-01-04T20:33:26.459-0500] {dag.py:4180} INFO - Setting next_dagrun for example_subdag_operator.section-1 to None, run_after=None
[2025-01-04T20:33:26.460-0500] {logging_mixin.py:190} INFO - [2025-01-04T20:33:26.460-0500] {dag.py:4180} INFO - Setting next_dagrun for example_subdag_operator.section-2 to None, run_after=None
[2025-01-04T20:33:26.469-0500] {processor.py:208} INFO - Processing /Library/Frameworks/Python.framework/Versions/3.9/lib/python3.9/site-packages/airflow/example_dags/example_subdag_operator.py took 0.814 seconds
[2025-01-04T20:35:17.816-0500] {processor.py:186} INFO - Started process (PID=1089) to work on /Library/Frameworks/Python.framework/Versions/3.9/lib/python3.9/site-packages/airflow/example_dags/example_subdag_operator.py
[2025-01-04T20:35:17.820-0500] {processor.py:914} INFO - Processing file /Library/Frameworks/Python.framework/Versions/3.9/lib/python3.9/site-packages/airflow/example_dags/example_subdag_operator.py for tasks to queue
[2025-01-04T20:35:17.821-0500] {logging_mixin.py:190} INFO - [2025-01-04T20:35:17.821-0500] {dagbag.py:588} INFO - Filling up the DagBag from /Library/Frameworks/Python.framework/Versions/3.9/lib/python3.9/site-packages/airflow/example_dags/example_subdag_operator.py
[2025-01-04T20:35:17.986-0500] {processor.py:925} INFO - DAG(s) 'example_subdag_operator.section-1', 'example_subdag_operator.section-2', 'example_subdag_operator' retrieved from /Library/Frameworks/Python.framework/Versions/3.9/lib/python3.9/site-packages/airflow/example_dags/example_subdag_operator.py
[2025-01-04T20:35:18.347-0500] {logging_mixin.py:190} INFO - [2025-01-04T20:35:18.346-0500] {dag.py:3239} INFO - Sync 3 DAGs
[2025-01-04T20:35:18.356-0500] {logging_mixin.py:190} INFO - [2025-01-04T20:35:18.355-0500] {dag.py:4180} INFO - Setting next_dagrun for example_subdag_operator to 2022-01-01 00:00:00+00:00, run_after=2022-01-01 00:00:00+00:00
[2025-01-04T20:35:18.357-0500] {logging_mixin.py:190} INFO - [2025-01-04T20:35:18.357-0500] {dag.py:4180} INFO - Setting next_dagrun for example_subdag_operator.section-1 to None, run_after=None
[2025-01-04T20:35:18.357-0500] {logging_mixin.py:190} INFO - [2025-01-04T20:35:18.357-0500] {dag.py:4180} INFO - Setting next_dagrun for example_subdag_operator.section-2 to None, run_after=None
[2025-01-04T20:35:18.359-0500] {logging_mixin.py:190} INFO - [2025-01-04T20:35:18.359-0500] {dag.py:3239} INFO - Sync 2 DAGs
[2025-01-04T20:35:18.361-0500] {logging_mixin.py:190} INFO - [2025-01-04T20:35:18.361-0500] {dag.py:4180} INFO - Setting next_dagrun for example_subdag_operator.section-1 to None, run_after=None
[2025-01-04T20:35:18.361-0500] {logging_mixin.py:190} INFO - [2025-01-04T20:35:18.361-0500] {dag.py:4180} INFO - Setting next_dagrun for example_subdag_operator.section-2 to None, run_after=None
[2025-01-04T20:35:18.369-0500] {processor.py:208} INFO - Processing /Library/Frameworks/Python.framework/Versions/3.9/lib/python3.9/site-packages/airflow/example_dags/example_subdag_operator.py took 0.555 seconds
[2025-01-04T20:37:06.644-0500] {processor.py:186} INFO - Started process (PID=1421) to work on /Library/Frameworks/Python.framework/Versions/3.9/lib/python3.9/site-packages/airflow/example_dags/example_subdag_operator.py
[2025-01-04T20:37:06.645-0500] {processor.py:914} INFO - Processing file /Library/Frameworks/Python.framework/Versions/3.9/lib/python3.9/site-packages/airflow/example_dags/example_subdag_operator.py for tasks to queue
[2025-01-04T20:37:06.646-0500] {logging_mixin.py:190} INFO - [2025-01-04T20:37:06.646-0500] {dagbag.py:588} INFO - Filling up the DagBag from /Library/Frameworks/Python.framework/Versions/3.9/lib/python3.9/site-packages/airflow/example_dags/example_subdag_operator.py
[2025-01-04T20:37:06.693-0500] {processor.py:925} INFO - DAG(s) 'example_subdag_operator.section-1', 'example_subdag_operator.section-2', 'example_subdag_operator' retrieved from /Library/Frameworks/Python.framework/Versions/3.9/lib/python3.9/site-packages/airflow/example_dags/example_subdag_operator.py
[2025-01-04T20:37:07.039-0500] {logging_mixin.py:190} INFO - [2025-01-04T20:37:07.039-0500] {dag.py:3239} INFO - Sync 3 DAGs
[2025-01-04T20:37:07.047-0500] {logging_mixin.py:190} INFO - [2025-01-04T20:37:07.047-0500] {dag.py:4180} INFO - Setting next_dagrun for example_subdag_operator to 2022-01-01 00:00:00+00:00, run_after=2022-01-01 00:00:00+00:00
[2025-01-04T20:37:07.049-0500] {logging_mixin.py:190} INFO - [2025-01-04T20:37:07.049-0500] {dag.py:4180} INFO - Setting next_dagrun for example_subdag_operator.section-1 to None, run_after=None
[2025-01-04T20:37:07.049-0500] {logging_mixin.py:190} INFO - [2025-01-04T20:37:07.049-0500] {dag.py:4180} INFO - Setting next_dagrun for example_subdag_operator.section-2 to None, run_after=None
[2025-01-04T20:37:07.051-0500] {logging_mixin.py:190} INFO - [2025-01-04T20:37:07.051-0500] {dag.py:3239} INFO - Sync 2 DAGs
[2025-01-04T20:37:07.053-0500] {logging_mixin.py:190} INFO - [2025-01-04T20:37:07.053-0500] {dag.py:4180} INFO - Setting next_dagrun for example_subdag_operator.section-1 to None, run_after=None
[2025-01-04T20:37:07.053-0500] {logging_mixin.py:190} INFO - [2025-01-04T20:37:07.053-0500] {dag.py:4180} INFO - Setting next_dagrun for example_subdag_operator.section-2 to None, run_after=None
[2025-01-04T20:37:07.059-0500] {processor.py:208} INFO - Processing /Library/Frameworks/Python.framework/Versions/3.9/lib/python3.9/site-packages/airflow/example_dags/example_subdag_operator.py took 0.416 seconds
[2025-01-04T20:38:44.145-0500] {processor.py:186} INFO - Started process (PID=1764) to work on /Library/Frameworks/Python.framework/Versions/3.9/lib/python3.9/site-packages/airflow/example_dags/example_subdag_operator.py
[2025-01-04T20:38:44.148-0500] {processor.py:914} INFO - Processing file /Library/Frameworks/Python.framework/Versions/3.9/lib/python3.9/site-packages/airflow/example_dags/example_subdag_operator.py for tasks to queue
[2025-01-04T20:38:44.149-0500] {logging_mixin.py:190} INFO - [2025-01-04T20:38:44.148-0500] {dagbag.py:588} INFO - Filling up the DagBag from /Library/Frameworks/Python.framework/Versions/3.9/lib/python3.9/site-packages/airflow/example_dags/example_subdag_operator.py
[2025-01-04T20:38:44.346-0500] {processor.py:925} INFO - DAG(s) 'example_subdag_operator.section-1', 'example_subdag_operator.section-2', 'example_subdag_operator' retrieved from /Library/Frameworks/Python.framework/Versions/3.9/lib/python3.9/site-packages/airflow/example_dags/example_subdag_operator.py
[2025-01-04T20:38:45.084-0500] {logging_mixin.py:190} INFO - [2025-01-04T20:38:45.083-0500] {dag.py:3239} INFO - Sync 3 DAGs
[2025-01-04T20:38:45.098-0500] {logging_mixin.py:190} INFO - [2025-01-04T20:38:45.098-0500] {dag.py:4180} INFO - Setting next_dagrun for example_subdag_operator to 2022-01-01 00:00:00+00:00, run_after=2022-01-01 00:00:00+00:00
[2025-01-04T20:38:45.101-0500] {logging_mixin.py:190} INFO - [2025-01-04T20:38:45.100-0500] {dag.py:4180} INFO - Setting next_dagrun for example_subdag_operator.section-1 to None, run_after=None
[2025-01-04T20:38:45.101-0500] {logging_mixin.py:190} INFO - [2025-01-04T20:38:45.101-0500] {dag.py:4180} INFO - Setting next_dagrun for example_subdag_operator.section-2 to None, run_after=None
[2025-01-04T20:38:45.105-0500] {logging_mixin.py:190} INFO - [2025-01-04T20:38:45.105-0500] {dag.py:3239} INFO - Sync 2 DAGs
[2025-01-04T20:38:45.112-0500] {logging_mixin.py:190} INFO - [2025-01-04T20:38:45.112-0500] {dag.py:4180} INFO - Setting next_dagrun for example_subdag_operator.section-1 to None, run_after=None
[2025-01-04T20:38:45.114-0500] {logging_mixin.py:190} INFO - [2025-01-04T20:38:45.113-0500] {dag.py:4180} INFO - Setting next_dagrun for example_subdag_operator.section-2 to None, run_after=None
[2025-01-04T20:38:45.143-0500] {processor.py:208} INFO - Processing /Library/Frameworks/Python.framework/Versions/3.9/lib/python3.9/site-packages/airflow/example_dags/example_subdag_operator.py took 1.004 seconds
[2025-01-04T20:40:28.959-0500] {processor.py:186} INFO - Started process (PID=2078) to work on /Library/Frameworks/Python.framework/Versions/3.9/lib/python3.9/site-packages/airflow/example_dags/example_subdag_operator.py
[2025-01-04T20:40:28.962-0500] {processor.py:914} INFO - Processing file /Library/Frameworks/Python.framework/Versions/3.9/lib/python3.9/site-packages/airflow/example_dags/example_subdag_operator.py for tasks to queue
[2025-01-04T20:40:28.962-0500] {logging_mixin.py:190} INFO - [2025-01-04T20:40:28.962-0500] {dagbag.py:588} INFO - Filling up the DagBag from /Library/Frameworks/Python.framework/Versions/3.9/lib/python3.9/site-packages/airflow/example_dags/example_subdag_operator.py
[2025-01-04T20:40:29.024-0500] {processor.py:925} INFO - DAG(s) 'example_subdag_operator.section-1', 'example_subdag_operator.section-2', 'example_subdag_operator' retrieved from /Library/Frameworks/Python.framework/Versions/3.9/lib/python3.9/site-packages/airflow/example_dags/example_subdag_operator.py
[2025-01-04T20:40:29.411-0500] {logging_mixin.py:190} INFO - [2025-01-04T20:40:29.411-0500] {dag.py:3239} INFO - Sync 3 DAGs
[2025-01-04T20:40:29.421-0500] {logging_mixin.py:190} INFO - [2025-01-04T20:40:29.421-0500] {dag.py:4180} INFO - Setting next_dagrun for example_subdag_operator to 2022-01-01 00:00:00+00:00, run_after=2022-01-01 00:00:00+00:00
[2025-01-04T20:40:29.422-0500] {logging_mixin.py:190} INFO - [2025-01-04T20:40:29.422-0500] {dag.py:4180} INFO - Setting next_dagrun for example_subdag_operator.section-1 to None, run_after=None
[2025-01-04T20:40:29.423-0500] {logging_mixin.py:190} INFO - [2025-01-04T20:40:29.423-0500] {dag.py:4180} INFO - Setting next_dagrun for example_subdag_operator.section-2 to None, run_after=None
[2025-01-04T20:40:29.425-0500] {logging_mixin.py:190} INFO - [2025-01-04T20:40:29.425-0500] {dag.py:3239} INFO - Sync 2 DAGs
[2025-01-04T20:40:29.427-0500] {logging_mixin.py:190} INFO - [2025-01-04T20:40:29.427-0500] {dag.py:4180} INFO - Setting next_dagrun for example_subdag_operator.section-1 to None, run_after=None
[2025-01-04T20:40:29.427-0500] {logging_mixin.py:190} INFO - [2025-01-04T20:40:29.427-0500] {dag.py:4180} INFO - Setting next_dagrun for example_subdag_operator.section-2 to None, run_after=None
[2025-01-04T20:40:29.434-0500] {processor.py:208} INFO - Processing /Library/Frameworks/Python.framework/Versions/3.9/lib/python3.9/site-packages/airflow/example_dags/example_subdag_operator.py took 0.477 seconds
[2025-01-04T20:42:08.588-0500] {processor.py:186} INFO - Started process (PID=2296) to work on /Library/Frameworks/Python.framework/Versions/3.9/lib/python3.9/site-packages/airflow/example_dags/example_subdag_operator.py
[2025-01-04T20:42:08.589-0500] {processor.py:914} INFO - Processing file /Library/Frameworks/Python.framework/Versions/3.9/lib/python3.9/site-packages/airflow/example_dags/example_subdag_operator.py for tasks to queue
[2025-01-04T20:42:08.590-0500] {logging_mixin.py:190} INFO - [2025-01-04T20:42:08.589-0500] {dagbag.py:588} INFO - Filling up the DagBag from /Library/Frameworks/Python.framework/Versions/3.9/lib/python3.9/site-packages/airflow/example_dags/example_subdag_operator.py
[2025-01-04T20:42:08.646-0500] {processor.py:925} INFO - DAG(s) 'example_subdag_operator.section-1', 'example_subdag_operator.section-2', 'example_subdag_operator' retrieved from /Library/Frameworks/Python.framework/Versions/3.9/lib/python3.9/site-packages/airflow/example_dags/example_subdag_operator.py
[2025-01-04T20:42:09.051-0500] {logging_mixin.py:190} INFO - [2025-01-04T20:42:09.051-0500] {dag.py:3239} INFO - Sync 3 DAGs
[2025-01-04T20:42:09.060-0500] {logging_mixin.py:190} INFO - [2025-01-04T20:42:09.060-0500] {dag.py:4180} INFO - Setting next_dagrun for example_subdag_operator to 2022-01-01 00:00:00+00:00, run_after=2022-01-01 00:00:00+00:00
[2025-01-04T20:42:09.062-0500] {logging_mixin.py:190} INFO - [2025-01-04T20:42:09.062-0500] {dag.py:4180} INFO - Setting next_dagrun for example_subdag_operator.section-1 to None, run_after=None
[2025-01-04T20:42:09.063-0500] {logging_mixin.py:190} INFO - [2025-01-04T20:42:09.063-0500] {dag.py:4180} INFO - Setting next_dagrun for example_subdag_operator.section-2 to None, run_after=None
[2025-01-04T20:42:09.065-0500] {logging_mixin.py:190} INFO - [2025-01-04T20:42:09.065-0500] {dag.py:3239} INFO - Sync 2 DAGs
[2025-01-04T20:42:09.067-0500] {logging_mixin.py:190} INFO - [2025-01-04T20:42:09.067-0500] {dag.py:4180} INFO - Setting next_dagrun for example_subdag_operator.section-1 to None, run_after=None
[2025-01-04T20:42:09.067-0500] {logging_mixin.py:190} INFO - [2025-01-04T20:42:09.067-0500] {dag.py:4180} INFO - Setting next_dagrun for example_subdag_operator.section-2 to None, run_after=None
[2025-01-04T20:42:09.078-0500] {processor.py:208} INFO - Processing /Library/Frameworks/Python.framework/Versions/3.9/lib/python3.9/site-packages/airflow/example_dags/example_subdag_operator.py took 0.492 seconds
[2025-01-04T20:43:54.048-0500] {processor.py:186} INFO - Started process (PID=2573) to work on /Library/Frameworks/Python.framework/Versions/3.9/lib/python3.9/site-packages/airflow/example_dags/example_subdag_operator.py
[2025-01-04T20:43:54.049-0500] {processor.py:914} INFO - Processing file /Library/Frameworks/Python.framework/Versions/3.9/lib/python3.9/site-packages/airflow/example_dags/example_subdag_operator.py for tasks to queue
[2025-01-04T20:43:54.050-0500] {logging_mixin.py:190} INFO - [2025-01-04T20:43:54.050-0500] {dagbag.py:588} INFO - Filling up the DagBag from /Library/Frameworks/Python.framework/Versions/3.9/lib/python3.9/site-packages/airflow/example_dags/example_subdag_operator.py
[2025-01-04T20:43:54.099-0500] {processor.py:925} INFO - DAG(s) 'example_subdag_operator.section-1', 'example_subdag_operator.section-2', 'example_subdag_operator' retrieved from /Library/Frameworks/Python.framework/Versions/3.9/lib/python3.9/site-packages/airflow/example_dags/example_subdag_operator.py
[2025-01-04T20:43:54.489-0500] {logging_mixin.py:190} INFO - [2025-01-04T20:43:54.489-0500] {dag.py:3239} INFO - Sync 3 DAGs
[2025-01-04T20:43:54.501-0500] {logging_mixin.py:190} INFO - [2025-01-04T20:43:54.501-0500] {dag.py:4180} INFO - Setting next_dagrun for example_subdag_operator to 2022-01-01 00:00:00+00:00, run_after=2022-01-01 00:00:00+00:00
[2025-01-04T20:43:54.504-0500] {logging_mixin.py:190} INFO - [2025-01-04T20:43:54.504-0500] {dag.py:4180} INFO - Setting next_dagrun for example_subdag_operator.section-1 to None, run_after=None
[2025-01-04T20:43:54.505-0500] {logging_mixin.py:190} INFO - [2025-01-04T20:43:54.505-0500] {dag.py:4180} INFO - Setting next_dagrun for example_subdag_operator.section-2 to None, run_after=None
[2025-01-04T20:43:54.508-0500] {logging_mixin.py:190} INFO - [2025-01-04T20:43:54.508-0500] {dag.py:3239} INFO - Sync 2 DAGs
[2025-01-04T20:43:54.511-0500] {logging_mixin.py:190} INFO - [2025-01-04T20:43:54.511-0500] {dag.py:4180} INFO - Setting next_dagrun for example_subdag_operator.section-1 to None, run_after=None
[2025-01-04T20:43:54.511-0500] {logging_mixin.py:190} INFO - [2025-01-04T20:43:54.511-0500] {dag.py:4180} INFO - Setting next_dagrun for example_subdag_operator.section-2 to None, run_after=None
[2025-01-04T20:43:54.519-0500] {processor.py:208} INFO - Processing /Library/Frameworks/Python.framework/Versions/3.9/lib/python3.9/site-packages/airflow/example_dags/example_subdag_operator.py took 0.472 seconds
[2025-01-04T20:45:47.201-0500] {processor.py:186} INFO - Started process (PID=2910) to work on /Library/Frameworks/Python.framework/Versions/3.9/lib/python3.9/site-packages/airflow/example_dags/example_subdag_operator.py
[2025-01-04T20:45:47.212-0500] {processor.py:914} INFO - Processing file /Library/Frameworks/Python.framework/Versions/3.9/lib/python3.9/site-packages/airflow/example_dags/example_subdag_operator.py for tasks to queue
[2025-01-04T20:45:47.216-0500] {logging_mixin.py:190} INFO - [2025-01-04T20:45:47.215-0500] {dagbag.py:588} INFO - Filling up the DagBag from /Library/Frameworks/Python.framework/Versions/3.9/lib/python3.9/site-packages/airflow/example_dags/example_subdag_operator.py
[2025-01-04T20:45:47.382-0500] {processor.py:925} INFO - DAG(s) 'example_subdag_operator.section-1', 'example_subdag_operator.section-2', 'example_subdag_operator' retrieved from /Library/Frameworks/Python.framework/Versions/3.9/lib/python3.9/site-packages/airflow/example_dags/example_subdag_operator.py
[2025-01-04T20:45:47.861-0500] {logging_mixin.py:190} INFO - [2025-01-04T20:45:47.860-0500] {dag.py:3239} INFO - Sync 3 DAGs
[2025-01-04T20:45:47.894-0500] {logging_mixin.py:190} INFO - [2025-01-04T20:45:47.894-0500] {dag.py:4180} INFO - Setting next_dagrun for example_subdag_operator to 2022-01-01 00:00:00+00:00, run_after=2022-01-01 00:00:00+00:00
[2025-01-04T20:45:47.896-0500] {logging_mixin.py:190} INFO - [2025-01-04T20:45:47.896-0500] {dag.py:4180} INFO - Setting next_dagrun for example_subdag_operator.section-1 to None, run_after=None
[2025-01-04T20:45:47.896-0500] {logging_mixin.py:190} INFO - [2025-01-04T20:45:47.896-0500] {dag.py:4180} INFO - Setting next_dagrun for example_subdag_operator.section-2 to None, run_after=None
[2025-01-04T20:45:47.899-0500] {logging_mixin.py:190} INFO - [2025-01-04T20:45:47.899-0500] {dag.py:3239} INFO - Sync 2 DAGs
[2025-01-04T20:45:47.900-0500] {logging_mixin.py:190} INFO - [2025-01-04T20:45:47.900-0500] {dag.py:4180} INFO - Setting next_dagrun for example_subdag_operator.section-1 to None, run_after=None
[2025-01-04T20:45:47.901-0500] {logging_mixin.py:190} INFO - [2025-01-04T20:45:47.901-0500] {dag.py:4180} INFO - Setting next_dagrun for example_subdag_operator.section-2 to None, run_after=None
[2025-01-04T20:45:47.906-0500] {processor.py:208} INFO - Processing /Library/Frameworks/Python.framework/Versions/3.9/lib/python3.9/site-packages/airflow/example_dags/example_subdag_operator.py took 0.749 seconds
[2025-01-04T20:47:41.409-0500] {processor.py:186} INFO - Started process (PID=3213) to work on /Library/Frameworks/Python.framework/Versions/3.9/lib/python3.9/site-packages/airflow/example_dags/example_subdag_operator.py
[2025-01-04T20:47:41.414-0500] {processor.py:914} INFO - Processing file /Library/Frameworks/Python.framework/Versions/3.9/lib/python3.9/site-packages/airflow/example_dags/example_subdag_operator.py for tasks to queue
[2025-01-04T20:47:41.416-0500] {logging_mixin.py:190} INFO - [2025-01-04T20:47:41.416-0500] {dagbag.py:588} INFO - Filling up the DagBag from /Library/Frameworks/Python.framework/Versions/3.9/lib/python3.9/site-packages/airflow/example_dags/example_subdag_operator.py
[2025-01-04T20:47:41.485-0500] {processor.py:925} INFO - DAG(s) 'example_subdag_operator.section-1', 'example_subdag_operator.section-2', 'example_subdag_operator' retrieved from /Library/Frameworks/Python.framework/Versions/3.9/lib/python3.9/site-packages/airflow/example_dags/example_subdag_operator.py
[2025-01-04T20:47:41.977-0500] {logging_mixin.py:190} INFO - [2025-01-04T20:47:41.976-0500] {dag.py:3239} INFO - Sync 3 DAGs
[2025-01-04T20:47:41.993-0500] {logging_mixin.py:190} INFO - [2025-01-04T20:47:41.993-0500] {dag.py:4180} INFO - Setting next_dagrun for example_subdag_operator to 2022-01-01 00:00:00+00:00, run_after=2022-01-01 00:00:00+00:00
[2025-01-04T20:47:41.994-0500] {logging_mixin.py:190} INFO - [2025-01-04T20:47:41.994-0500] {dag.py:4180} INFO - Setting next_dagrun for example_subdag_operator.section-1 to None, run_after=None
[2025-01-04T20:47:41.995-0500] {logging_mixin.py:190} INFO - [2025-01-04T20:47:41.995-0500] {dag.py:4180} INFO - Setting next_dagrun for example_subdag_operator.section-2 to None, run_after=None
[2025-01-04T20:47:42.004-0500] {logging_mixin.py:190} INFO - [2025-01-04T20:47:42.003-0500] {dag.py:3239} INFO - Sync 2 DAGs
[2025-01-04T20:47:42.007-0500] {logging_mixin.py:190} INFO - [2025-01-04T20:47:42.007-0500] {dag.py:4180} INFO - Setting next_dagrun for example_subdag_operator.section-1 to None, run_after=None
[2025-01-04T20:47:42.008-0500] {logging_mixin.py:190} INFO - [2025-01-04T20:47:42.008-0500] {dag.py:4180} INFO - Setting next_dagrun for example_subdag_operator.section-2 to None, run_after=None
[2025-01-04T20:47:42.017-0500] {processor.py:208} INFO - Processing /Library/Frameworks/Python.framework/Versions/3.9/lib/python3.9/site-packages/airflow/example_dags/example_subdag_operator.py took 0.611 seconds
[2025-01-04T20:49:35.857-0500] {processor.py:186} INFO - Started process (PID=3630) to work on /Library/Frameworks/Python.framework/Versions/3.9/lib/python3.9/site-packages/airflow/example_dags/example_subdag_operator.py
[2025-01-04T20:49:35.859-0500] {processor.py:914} INFO - Processing file /Library/Frameworks/Python.framework/Versions/3.9/lib/python3.9/site-packages/airflow/example_dags/example_subdag_operator.py for tasks to queue
[2025-01-04T20:49:35.859-0500] {logging_mixin.py:190} INFO - [2025-01-04T20:49:35.859-0500] {dagbag.py:588} INFO - Filling up the DagBag from /Library/Frameworks/Python.framework/Versions/3.9/lib/python3.9/site-packages/airflow/example_dags/example_subdag_operator.py
[2025-01-04T20:49:35.918-0500] {processor.py:925} INFO - DAG(s) 'example_subdag_operator.section-1', 'example_subdag_operator.section-2', 'example_subdag_operator' retrieved from /Library/Frameworks/Python.framework/Versions/3.9/lib/python3.9/site-packages/airflow/example_dags/example_subdag_operator.py
[2025-01-04T20:49:36.258-0500] {logging_mixin.py:190} INFO - [2025-01-04T20:49:36.258-0500] {dag.py:3239} INFO - Sync 3 DAGs
[2025-01-04T20:49:36.266-0500] {logging_mixin.py:190} INFO - [2025-01-04T20:49:36.266-0500] {dag.py:4180} INFO - Setting next_dagrun for example_subdag_operator to 2022-01-01 00:00:00+00:00, run_after=2022-01-01 00:00:00+00:00
[2025-01-04T20:49:36.268-0500] {logging_mixin.py:190} INFO - [2025-01-04T20:49:36.267-0500] {dag.py:4180} INFO - Setting next_dagrun for example_subdag_operator.section-1 to None, run_after=None
[2025-01-04T20:49:36.268-0500] {logging_mixin.py:190} INFO - [2025-01-04T20:49:36.268-0500] {dag.py:4180} INFO - Setting next_dagrun for example_subdag_operator.section-2 to None, run_after=None
[2025-01-04T20:49:36.271-0500] {logging_mixin.py:190} INFO - [2025-01-04T20:49:36.270-0500] {dag.py:3239} INFO - Sync 2 DAGs
[2025-01-04T20:49:36.272-0500] {logging_mixin.py:190} INFO - [2025-01-04T20:49:36.272-0500] {dag.py:4180} INFO - Setting next_dagrun for example_subdag_operator.section-1 to None, run_after=None
[2025-01-04T20:49:36.273-0500] {logging_mixin.py:190} INFO - [2025-01-04T20:49:36.273-0500] {dag.py:4180} INFO - Setting next_dagrun for example_subdag_operator.section-2 to None, run_after=None
[2025-01-04T20:49:36.282-0500] {processor.py:208} INFO - Processing /Library/Frameworks/Python.framework/Versions/3.9/lib/python3.9/site-packages/airflow/example_dags/example_subdag_operator.py took 0.427 seconds
