[2025-01-04T20:26:11.324-0500] {processor.py:186} INFO - Started process (PID=99274) to work on /Library/Frameworks/Python.framework/Versions/3.9/lib/python3.9/site-packages/airflow/example_dags/example_task_group.py
[2025-01-04T20:26:11.325-0500] {processor.py:914} INFO - Processing file /Library/Frameworks/Python.framework/Versions/3.9/lib/python3.9/site-packages/airflow/example_dags/example_task_group.py for tasks to queue
[2025-01-04T20:26:11.325-0500] {logging_mixin.py:190} INFO - [2025-01-04T20:26:11.325-0500] {dagbag.py:588} INFO - Filling up the DagBag from /Library/Frameworks/Python.framework/Versions/3.9/lib/python3.9/site-packages/airflow/example_dags/example_task_group.py
[2025-01-04T20:26:11.330-0500] {processor.py:925} INFO - DAG(s) 'example_task_group' retrieved from /Library/Frameworks/Python.framework/Versions/3.9/lib/python3.9/site-packages/airflow/example_dags/example_task_group.py
[2025-01-04T20:26:11.463-0500] {logging_mixin.py:190} INFO - [2025-01-04T20:26:11.460-0500] {override.py:1911} INFO - Created Permission View: can read on DAG:example_task_group
[2025-01-04T20:26:11.468-0500] {logging_mixin.py:190} INFO - [2025-01-04T20:26:11.468-0500] {override.py:1911} INFO - Created Permission View: can delete on DAG:example_task_group
[2025-01-04T20:26:11.474-0500] {logging_mixin.py:190} INFO - [2025-01-04T20:26:11.473-0500] {override.py:1911} INFO - Created Permission View: can edit on DAG:example_task_group
[2025-01-04T20:26:11.478-0500] {logging_mixin.py:190} INFO - [2025-01-04T20:26:11.478-0500] {override.py:1911} INFO - Created Permission View: can read on DAG Run:example_task_group
[2025-01-04T20:26:11.485-0500] {logging_mixin.py:190} INFO - [2025-01-04T20:26:11.482-0500] {override.py:1911} INFO - Created Permission View: can create on DAG Run:example_task_group
[2025-01-04T20:26:11.495-0500] {logging_mixin.py:190} INFO - [2025-01-04T20:26:11.492-0500] {override.py:1911} INFO - Created Permission View: can delete on DAG Run:example_task_group
[2025-01-04T20:26:11.504-0500] {logging_mixin.py:190} INFO - [2025-01-04T20:26:11.504-0500] {override.py:1911} INFO - Created Permission View: menu access on DAG Run:example_task_group
[2025-01-04T20:26:11.504-0500] {logging_mixin.py:190} INFO - [2025-01-04T20:26:11.504-0500] {dag.py:3239} INFO - Sync 1 DAGs
[2025-01-04T20:26:11.515-0500] {logging_mixin.py:190} INFO - [2025-01-04T20:26:11.515-0500] {dag.py:3262} INFO - Creating ORM DAG for example_task_group
[2025-01-04T20:26:11.516-0500] {logging_mixin.py:190} INFO - [2025-01-04T20:26:11.516-0500] {dag.py:4180} INFO - Setting next_dagrun for example_task_group to None, run_after=None
[2025-01-04T20:26:11.529-0500] {processor.py:208} INFO - Processing /Library/Frameworks/Python.framework/Versions/3.9/lib/python3.9/site-packages/airflow/example_dags/example_task_group.py took 0.208 seconds
[2025-01-04T20:28:26.744-0500] {processor.py:186} INFO - Started process (PID=99645) to work on /Library/Frameworks/Python.framework/Versions/3.9/lib/python3.9/site-packages/airflow/example_dags/example_task_group.py
[2025-01-04T20:28:26.745-0500] {processor.py:914} INFO - Processing file /Library/Frameworks/Python.framework/Versions/3.9/lib/python3.9/site-packages/airflow/example_dags/example_task_group.py for tasks to queue
[2025-01-04T20:28:26.745-0500] {logging_mixin.py:190} INFO - [2025-01-04T20:28:26.745-0500] {dagbag.py:588} INFO - Filling up the DagBag from /Library/Frameworks/Python.framework/Versions/3.9/lib/python3.9/site-packages/airflow/example_dags/example_task_group.py
[2025-01-04T20:28:26.749-0500] {processor.py:925} INFO - DAG(s) 'example_task_group' retrieved from /Library/Frameworks/Python.framework/Versions/3.9/lib/python3.9/site-packages/airflow/example_dags/example_task_group.py
[2025-01-04T20:28:26.793-0500] {logging_mixin.py:190} INFO - [2025-01-04T20:28:26.792-0500] {dag.py:3239} INFO - Sync 1 DAGs
[2025-01-04T20:28:26.799-0500] {logging_mixin.py:190} INFO - [2025-01-04T20:28:26.799-0500] {dag.py:4180} INFO - Setting next_dagrun for example_task_group to None, run_after=None
[2025-01-04T20:28:26.807-0500] {processor.py:208} INFO - Processing /Library/Frameworks/Python.framework/Versions/3.9/lib/python3.9/site-packages/airflow/example_dags/example_task_group.py took 0.065 seconds
[2025-01-04T20:30:03.447-0500] {processor.py:186} INFO - Started process (PID=99891) to work on /Library/Frameworks/Python.framework/Versions/3.9/lib/python3.9/site-packages/airflow/example_dags/example_task_group.py
[2025-01-04T20:30:03.448-0500] {processor.py:914} INFO - Processing file /Library/Frameworks/Python.framework/Versions/3.9/lib/python3.9/site-packages/airflow/example_dags/example_task_group.py for tasks to queue
[2025-01-04T20:30:03.448-0500] {logging_mixin.py:190} INFO - [2025-01-04T20:30:03.448-0500] {dagbag.py:588} INFO - Filling up the DagBag from /Library/Frameworks/Python.framework/Versions/3.9/lib/python3.9/site-packages/airflow/example_dags/example_task_group.py
[2025-01-04T20:30:03.453-0500] {processor.py:925} INFO - DAG(s) 'example_task_group' retrieved from /Library/Frameworks/Python.framework/Versions/3.9/lib/python3.9/site-packages/airflow/example_dags/example_task_group.py
[2025-01-04T20:30:03.498-0500] {logging_mixin.py:190} INFO - [2025-01-04T20:30:03.498-0500] {dag.py:3239} INFO - Sync 1 DAGs
[2025-01-04T20:30:03.504-0500] {logging_mixin.py:190} INFO - [2025-01-04T20:30:03.503-0500] {dag.py:4180} INFO - Setting next_dagrun for example_task_group to None, run_after=None
[2025-01-04T20:30:03.515-0500] {processor.py:208} INFO - Processing /Library/Frameworks/Python.framework/Versions/3.9/lib/python3.9/site-packages/airflow/example_dags/example_task_group.py took 0.070 seconds
[2025-01-04T20:31:45.486-0500] {processor.py:186} INFO - Started process (PID=333) to work on /Library/Frameworks/Python.framework/Versions/3.9/lib/python3.9/site-packages/airflow/example_dags/example_task_group.py
[2025-01-04T20:31:45.487-0500] {processor.py:914} INFO - Processing file /Library/Frameworks/Python.framework/Versions/3.9/lib/python3.9/site-packages/airflow/example_dags/example_task_group.py for tasks to queue
[2025-01-04T20:31:45.488-0500] {logging_mixin.py:190} INFO - [2025-01-04T20:31:45.488-0500] {dagbag.py:588} INFO - Filling up the DagBag from /Library/Frameworks/Python.framework/Versions/3.9/lib/python3.9/site-packages/airflow/example_dags/example_task_group.py
[2025-01-04T20:31:45.493-0500] {processor.py:925} INFO - DAG(s) 'example_task_group' retrieved from /Library/Frameworks/Python.framework/Versions/3.9/lib/python3.9/site-packages/airflow/example_dags/example_task_group.py
[2025-01-04T20:31:45.543-0500] {logging_mixin.py:190} INFO - [2025-01-04T20:31:45.543-0500] {dag.py:3239} INFO - Sync 1 DAGs
[2025-01-04T20:31:45.548-0500] {logging_mixin.py:190} INFO - [2025-01-04T20:31:45.548-0500] {dag.py:4180} INFO - Setting next_dagrun for example_task_group to None, run_after=None
[2025-01-04T20:31:45.559-0500] {processor.py:208} INFO - Processing /Library/Frameworks/Python.framework/Versions/3.9/lib/python3.9/site-packages/airflow/example_dags/example_task_group.py took 0.074 seconds
[2025-01-04T20:33:23.904-0500] {processor.py:186} INFO - Started process (PID=728) to work on /Library/Frameworks/Python.framework/Versions/3.9/lib/python3.9/site-packages/airflow/example_dags/example_task_group.py
[2025-01-04T20:33:23.905-0500] {processor.py:914} INFO - Processing file /Library/Frameworks/Python.framework/Versions/3.9/lib/python3.9/site-packages/airflow/example_dags/example_task_group.py for tasks to queue
[2025-01-04T20:33:23.905-0500] {logging_mixin.py:190} INFO - [2025-01-04T20:33:23.905-0500] {dagbag.py:588} INFO - Filling up the DagBag from /Library/Frameworks/Python.framework/Versions/3.9/lib/python3.9/site-packages/airflow/example_dags/example_task_group.py
[2025-01-04T20:33:23.909-0500] {processor.py:925} INFO - DAG(s) 'example_task_group' retrieved from /Library/Frameworks/Python.framework/Versions/3.9/lib/python3.9/site-packages/airflow/example_dags/example_task_group.py
[2025-01-04T20:33:23.960-0500] {logging_mixin.py:190} INFO - [2025-01-04T20:33:23.960-0500] {dag.py:3239} INFO - Sync 1 DAGs
[2025-01-04T20:33:23.966-0500] {logging_mixin.py:190} INFO - [2025-01-04T20:33:23.965-0500] {dag.py:4180} INFO - Setting next_dagrun for example_task_group to None, run_after=None
[2025-01-04T20:33:23.981-0500] {processor.py:208} INFO - Processing /Library/Frameworks/Python.framework/Versions/3.9/lib/python3.9/site-packages/airflow/example_dags/example_task_group.py took 0.080 seconds
[2025-01-04T20:35:15.499-0500] {processor.py:186} INFO - Started process (PID=1081) to work on /Library/Frameworks/Python.framework/Versions/3.9/lib/python3.9/site-packages/airflow/example_dags/example_task_group.py
[2025-01-04T20:35:15.500-0500] {processor.py:914} INFO - Processing file /Library/Frameworks/Python.framework/Versions/3.9/lib/python3.9/site-packages/airflow/example_dags/example_task_group.py for tasks to queue
[2025-01-04T20:35:15.501-0500] {logging_mixin.py:190} INFO - [2025-01-04T20:35:15.501-0500] {dagbag.py:588} INFO - Filling up the DagBag from /Library/Frameworks/Python.framework/Versions/3.9/lib/python3.9/site-packages/airflow/example_dags/example_task_group.py
[2025-01-04T20:35:15.505-0500] {processor.py:925} INFO - DAG(s) 'example_task_group' retrieved from /Library/Frameworks/Python.framework/Versions/3.9/lib/python3.9/site-packages/airflow/example_dags/example_task_group.py
[2025-01-04T20:35:15.555-0500] {logging_mixin.py:190} INFO - [2025-01-04T20:35:15.555-0500] {dag.py:3239} INFO - Sync 1 DAGs
[2025-01-04T20:35:15.561-0500] {logging_mixin.py:190} INFO - [2025-01-04T20:35:15.561-0500] {dag.py:4180} INFO - Setting next_dagrun for example_task_group to None, run_after=None
[2025-01-04T20:35:15.574-0500] {processor.py:208} INFO - Processing /Library/Frameworks/Python.framework/Versions/3.9/lib/python3.9/site-packages/airflow/example_dags/example_task_group.py took 0.077 seconds
[2025-01-04T20:37:04.547-0500] {processor.py:186} INFO - Started process (PID=1415) to work on /Library/Frameworks/Python.framework/Versions/3.9/lib/python3.9/site-packages/airflow/example_dags/example_task_group.py
[2025-01-04T20:37:04.548-0500] {processor.py:914} INFO - Processing file /Library/Frameworks/Python.framework/Versions/3.9/lib/python3.9/site-packages/airflow/example_dags/example_task_group.py for tasks to queue
[2025-01-04T20:37:04.549-0500] {logging_mixin.py:190} INFO - [2025-01-04T20:37:04.549-0500] {dagbag.py:588} INFO - Filling up the DagBag from /Library/Frameworks/Python.framework/Versions/3.9/lib/python3.9/site-packages/airflow/example_dags/example_task_group.py
[2025-01-04T20:37:04.553-0500] {processor.py:925} INFO - DAG(s) 'example_task_group' retrieved from /Library/Frameworks/Python.framework/Versions/3.9/lib/python3.9/site-packages/airflow/example_dags/example_task_group.py
[2025-01-04T20:37:04.647-0500] {logging_mixin.py:190} INFO - [2025-01-04T20:37:04.647-0500] {dag.py:3239} INFO - Sync 1 DAGs
[2025-01-04T20:37:04.653-0500] {logging_mixin.py:190} INFO - [2025-01-04T20:37:04.653-0500] {dag.py:4180} INFO - Setting next_dagrun for example_task_group to None, run_after=None
[2025-01-04T20:37:04.676-0500] {processor.py:208} INFO - Processing /Library/Frameworks/Python.framework/Versions/3.9/lib/python3.9/site-packages/airflow/example_dags/example_task_group.py took 0.131 seconds
[2025-01-04T20:38:41.608-0500] {processor.py:186} INFO - Started process (PID=1757) to work on /Library/Frameworks/Python.framework/Versions/3.9/lib/python3.9/site-packages/airflow/example_dags/example_task_group.py
[2025-01-04T20:38:41.610-0500] {processor.py:914} INFO - Processing file /Library/Frameworks/Python.framework/Versions/3.9/lib/python3.9/site-packages/airflow/example_dags/example_task_group.py for tasks to queue
[2025-01-04T20:38:41.610-0500] {logging_mixin.py:190} INFO - [2025-01-04T20:38:41.610-0500] {dagbag.py:588} INFO - Filling up the DagBag from /Library/Frameworks/Python.framework/Versions/3.9/lib/python3.9/site-packages/airflow/example_dags/example_task_group.py
[2025-01-04T20:38:41.615-0500] {processor.py:925} INFO - DAG(s) 'example_task_group' retrieved from /Library/Frameworks/Python.framework/Versions/3.9/lib/python3.9/site-packages/airflow/example_dags/example_task_group.py
[2025-01-04T20:38:41.664-0500] {logging_mixin.py:190} INFO - [2025-01-04T20:38:41.664-0500] {dag.py:3239} INFO - Sync 1 DAGs
[2025-01-04T20:38:41.672-0500] {logging_mixin.py:190} INFO - [2025-01-04T20:38:41.672-0500] {dag.py:4180} INFO - Setting next_dagrun for example_task_group to None, run_after=None
[2025-01-04T20:38:41.683-0500] {processor.py:208} INFO - Processing /Library/Frameworks/Python.framework/Versions/3.9/lib/python3.9/site-packages/airflow/example_dags/example_task_group.py took 0.076 seconds
[2025-01-04T20:40:26.562-0500] {processor.py:186} INFO - Started process (PID=2074) to work on /Library/Frameworks/Python.framework/Versions/3.9/lib/python3.9/site-packages/airflow/example_dags/example_task_group.py
[2025-01-04T20:40:26.563-0500] {processor.py:914} INFO - Processing file /Library/Frameworks/Python.framework/Versions/3.9/lib/python3.9/site-packages/airflow/example_dags/example_task_group.py for tasks to queue
[2025-01-04T20:40:26.563-0500] {logging_mixin.py:190} INFO - [2025-01-04T20:40:26.563-0500] {dagbag.py:588} INFO - Filling up the DagBag from /Library/Frameworks/Python.framework/Versions/3.9/lib/python3.9/site-packages/airflow/example_dags/example_task_group.py
[2025-01-04T20:40:26.568-0500] {processor.py:925} INFO - DAG(s) 'example_task_group' retrieved from /Library/Frameworks/Python.framework/Versions/3.9/lib/python3.9/site-packages/airflow/example_dags/example_task_group.py
[2025-01-04T20:40:26.621-0500] {logging_mixin.py:190} INFO - [2025-01-04T20:40:26.621-0500] {dag.py:3239} INFO - Sync 1 DAGs
[2025-01-04T20:40:26.626-0500] {logging_mixin.py:190} INFO - [2025-01-04T20:40:26.626-0500] {dag.py:4180} INFO - Setting next_dagrun for example_task_group to None, run_after=None
[2025-01-04T20:40:26.639-0500] {processor.py:208} INFO - Processing /Library/Frameworks/Python.framework/Versions/3.9/lib/python3.9/site-packages/airflow/example_dags/example_task_group.py took 0.078 seconds
[2025-01-04T20:42:06.276-0500] {processor.py:186} INFO - Started process (PID=2273) to work on /Library/Frameworks/Python.framework/Versions/3.9/lib/python3.9/site-packages/airflow/example_dags/example_task_group.py
[2025-01-04T20:42:06.279-0500] {processor.py:914} INFO - Processing file /Library/Frameworks/Python.framework/Versions/3.9/lib/python3.9/site-packages/airflow/example_dags/example_task_group.py for tasks to queue
[2025-01-04T20:42:06.280-0500] {logging_mixin.py:190} INFO - [2025-01-04T20:42:06.279-0500] {dagbag.py:588} INFO - Filling up the DagBag from /Library/Frameworks/Python.framework/Versions/3.9/lib/python3.9/site-packages/airflow/example_dags/example_task_group.py
[2025-01-04T20:42:06.285-0500] {processor.py:925} INFO - DAG(s) 'example_task_group' retrieved from /Library/Frameworks/Python.framework/Versions/3.9/lib/python3.9/site-packages/airflow/example_dags/example_task_group.py
[2025-01-04T20:42:06.335-0500] {logging_mixin.py:190} INFO - [2025-01-04T20:42:06.335-0500] {dag.py:3239} INFO - Sync 1 DAGs
[2025-01-04T20:42:06.341-0500] {logging_mixin.py:190} INFO - [2025-01-04T20:42:06.341-0500] {dag.py:4180} INFO - Setting next_dagrun for example_task_group to None, run_after=None
[2025-01-04T20:42:06.351-0500] {processor.py:208} INFO - Processing /Library/Frameworks/Python.framework/Versions/3.9/lib/python3.9/site-packages/airflow/example_dags/example_task_group.py took 0.077 seconds
[2025-01-04T20:43:52.514-0500] {processor.py:186} INFO - Started process (PID=2571) to work on /Library/Frameworks/Python.framework/Versions/3.9/lib/python3.9/site-packages/airflow/example_dags/example_task_group.py
[2025-01-04T20:43:52.515-0500] {processor.py:914} INFO - Processing file /Library/Frameworks/Python.framework/Versions/3.9/lib/python3.9/site-packages/airflow/example_dags/example_task_group.py for tasks to queue
[2025-01-04T20:43:52.516-0500] {logging_mixin.py:190} INFO - [2025-01-04T20:43:52.516-0500] {dagbag.py:588} INFO - Filling up the DagBag from /Library/Frameworks/Python.framework/Versions/3.9/lib/python3.9/site-packages/airflow/example_dags/example_task_group.py
[2025-01-04T20:43:52.520-0500] {processor.py:925} INFO - DAG(s) 'example_task_group' retrieved from /Library/Frameworks/Python.framework/Versions/3.9/lib/python3.9/site-packages/airflow/example_dags/example_task_group.py
[2025-01-04T20:43:52.563-0500] {logging_mixin.py:190} INFO - [2025-01-04T20:43:52.563-0500] {dag.py:3239} INFO - Sync 1 DAGs
[2025-01-04T20:43:52.568-0500] {logging_mixin.py:190} INFO - [2025-01-04T20:43:52.568-0500] {dag.py:4180} INFO - Setting next_dagrun for example_task_group to None, run_after=None
[2025-01-04T20:43:52.578-0500] {processor.py:208} INFO - Processing /Library/Frameworks/Python.framework/Versions/3.9/lib/python3.9/site-packages/airflow/example_dags/example_task_group.py took 0.065 seconds
[2025-01-04T20:45:44.725-0500] {processor.py:186} INFO - Started process (PID=2908) to work on /Library/Frameworks/Python.framework/Versions/3.9/lib/python3.9/site-packages/airflow/example_dags/example_task_group.py
[2025-01-04T20:45:44.727-0500] {processor.py:914} INFO - Processing file /Library/Frameworks/Python.framework/Versions/3.9/lib/python3.9/site-packages/airflow/example_dags/example_task_group.py for tasks to queue
[2025-01-04T20:45:44.728-0500] {logging_mixin.py:190} INFO - [2025-01-04T20:45:44.728-0500] {dagbag.py:588} INFO - Filling up the DagBag from /Library/Frameworks/Python.framework/Versions/3.9/lib/python3.9/site-packages/airflow/example_dags/example_task_group.py
[2025-01-04T20:45:44.734-0500] {processor.py:925} INFO - DAG(s) 'example_task_group' retrieved from /Library/Frameworks/Python.framework/Versions/3.9/lib/python3.9/site-packages/airflow/example_dags/example_task_group.py
[2025-01-04T20:45:44.782-0500] {logging_mixin.py:190} INFO - [2025-01-04T20:45:44.782-0500] {dag.py:3239} INFO - Sync 1 DAGs
[2025-01-04T20:45:44.789-0500] {logging_mixin.py:190} INFO - [2025-01-04T20:45:44.788-0500] {dag.py:4180} INFO - Setting next_dagrun for example_task_group to None, run_after=None
[2025-01-04T20:45:44.800-0500] {processor.py:208} INFO - Processing /Library/Frameworks/Python.framework/Versions/3.9/lib/python3.9/site-packages/airflow/example_dags/example_task_group.py took 0.077 seconds
[2025-01-04T20:47:38.634-0500] {processor.py:186} INFO - Started process (PID=3209) to work on /Library/Frameworks/Python.framework/Versions/3.9/lib/python3.9/site-packages/airflow/example_dags/example_task_group.py
[2025-01-04T20:47:38.635-0500] {processor.py:914} INFO - Processing file /Library/Frameworks/Python.framework/Versions/3.9/lib/python3.9/site-packages/airflow/example_dags/example_task_group.py for tasks to queue
[2025-01-04T20:47:38.635-0500] {logging_mixin.py:190} INFO - [2025-01-04T20:47:38.635-0500] {dagbag.py:588} INFO - Filling up the DagBag from /Library/Frameworks/Python.framework/Versions/3.9/lib/python3.9/site-packages/airflow/example_dags/example_task_group.py
[2025-01-04T20:47:38.640-0500] {processor.py:925} INFO - DAG(s) 'example_task_group' retrieved from /Library/Frameworks/Python.framework/Versions/3.9/lib/python3.9/site-packages/airflow/example_dags/example_task_group.py
[2025-01-04T20:47:38.699-0500] {logging_mixin.py:190} INFO - [2025-01-04T20:47:38.699-0500] {dag.py:3239} INFO - Sync 1 DAGs
[2025-01-04T20:47:38.706-0500] {logging_mixin.py:190} INFO - [2025-01-04T20:47:38.706-0500] {dag.py:4180} INFO - Setting next_dagrun for example_task_group to None, run_after=None
[2025-01-04T20:47:38.732-0500] {processor.py:208} INFO - Processing /Library/Frameworks/Python.framework/Versions/3.9/lib/python3.9/site-packages/airflow/example_dags/example_task_group.py took 0.100 seconds
[2025-01-04T20:49:34.209-0500] {processor.py:186} INFO - Started process (PID=3613) to work on /Library/Frameworks/Python.framework/Versions/3.9/lib/python3.9/site-packages/airflow/example_dags/example_task_group.py
[2025-01-04T20:49:34.210-0500] {processor.py:914} INFO - Processing file /Library/Frameworks/Python.framework/Versions/3.9/lib/python3.9/site-packages/airflow/example_dags/example_task_group.py for tasks to queue
[2025-01-04T20:49:34.210-0500] {logging_mixin.py:190} INFO - [2025-01-04T20:49:34.210-0500] {dagbag.py:588} INFO - Filling up the DagBag from /Library/Frameworks/Python.framework/Versions/3.9/lib/python3.9/site-packages/airflow/example_dags/example_task_group.py
[2025-01-04T20:49:34.215-0500] {processor.py:925} INFO - DAG(s) 'example_task_group' retrieved from /Library/Frameworks/Python.framework/Versions/3.9/lib/python3.9/site-packages/airflow/example_dags/example_task_group.py
[2025-01-04T20:49:34.268-0500] {logging_mixin.py:190} INFO - [2025-01-04T20:49:34.268-0500] {dag.py:3239} INFO - Sync 1 DAGs
[2025-01-04T20:49:34.274-0500] {logging_mixin.py:190} INFO - [2025-01-04T20:49:34.274-0500] {dag.py:4180} INFO - Setting next_dagrun for example_task_group to None, run_after=None
[2025-01-04T20:49:34.285-0500] {processor.py:208} INFO - Processing /Library/Frameworks/Python.framework/Versions/3.9/lib/python3.9/site-packages/airflow/example_dags/example_task_group.py took 0.078 seconds
