[2025-01-04T20:27:22.975-0500] {processor.py:186} INFO - Started process (PID=99472) to work on /Library/Frameworks/Python.framework/Versions/3.9/lib/python3.9/site-packages/airflow/example_dags/example_dataset_alias.py
[2025-01-04T20:27:22.976-0500] {processor.py:914} INFO - Processing file /Library/Frameworks/Python.framework/Versions/3.9/lib/python3.9/site-packages/airflow/example_dags/example_dataset_alias.py for tasks to queue
[2025-01-04T20:27:22.976-0500] {logging_mixin.py:190} INFO - [2025-01-04T20:27:22.976-0500] {dagbag.py:588} INFO - Filling up the DagBag from /Library/Frameworks/Python.framework/Versions/3.9/lib/python3.9/site-packages/airflow/example_dags/example_dataset_alias.py
[2025-01-04T20:27:23.083-0500] {processor.py:925} INFO - DAG(s) 'dataset_alias_example_alias_producer', 'dataset_s3_bucket_producer', 'dataset_alias_example_alias_consumer', 'dataset_s3_bucket_consumer' retrieved from /Library/Frameworks/Python.framework/Versions/3.9/lib/python3.9/site-packages/airflow/example_dags/example_dataset_alias.py
[2025-01-04T20:27:23.136-0500] {logging_mixin.py:190} INFO - [2025-01-04T20:27:23.136-0500] {override.py:1911} INFO - Created Permission View: can read on DAG:dataset_alias_example_alias_producer
[2025-01-04T20:27:23.140-0500] {logging_mixin.py:190} INFO - [2025-01-04T20:27:23.140-0500] {override.py:1911} INFO - Created Permission View: can delete on DAG:dataset_alias_example_alias_producer
[2025-01-04T20:27:23.142-0500] {logging_mixin.py:190} INFO - [2025-01-04T20:27:23.142-0500] {override.py:1911} INFO - Created Permission View: can edit on DAG:dataset_alias_example_alias_producer
[2025-01-04T20:27:23.146-0500] {logging_mixin.py:190} INFO - [2025-01-04T20:27:23.146-0500] {override.py:1911} INFO - Created Permission View: can read on DAG Run:dataset_alias_example_alias_producer
[2025-01-04T20:27:23.149-0500] {logging_mixin.py:190} INFO - [2025-01-04T20:27:23.148-0500] {override.py:1911} INFO - Created Permission View: menu access on DAG Run:dataset_alias_example_alias_producer
[2025-01-04T20:27:23.152-0500] {logging_mixin.py:190} INFO - [2025-01-04T20:27:23.151-0500] {override.py:1911} INFO - Created Permission View: can delete on DAG Run:dataset_alias_example_alias_producer
[2025-01-04T20:27:23.157-0500] {logging_mixin.py:190} INFO - [2025-01-04T20:27:23.157-0500] {override.py:1911} INFO - Created Permission View: can create on DAG Run:dataset_alias_example_alias_producer
[2025-01-04T20:27:23.164-0500] {logging_mixin.py:190} INFO - [2025-01-04T20:27:23.164-0500] {override.py:1911} INFO - Created Permission View: can read on DAG:dataset_s3_bucket_producer
[2025-01-04T20:27:23.167-0500] {logging_mixin.py:190} INFO - [2025-01-04T20:27:23.167-0500] {override.py:1911} INFO - Created Permission View: can delete on DAG:dataset_s3_bucket_producer
[2025-01-04T20:27:23.170-0500] {logging_mixin.py:190} INFO - [2025-01-04T20:27:23.170-0500] {override.py:1911} INFO - Created Permission View: can edit on DAG:dataset_s3_bucket_producer
[2025-01-04T20:27:23.173-0500] {logging_mixin.py:190} INFO - [2025-01-04T20:27:23.173-0500] {override.py:1911} INFO - Created Permission View: can read on DAG Run:dataset_s3_bucket_producer
[2025-01-04T20:27:23.176-0500] {logging_mixin.py:190} INFO - [2025-01-04T20:27:23.176-0500] {override.py:1911} INFO - Created Permission View: menu access on DAG Run:dataset_s3_bucket_producer
[2025-01-04T20:27:23.178-0500] {logging_mixin.py:190} INFO - [2025-01-04T20:27:23.178-0500] {override.py:1911} INFO - Created Permission View: can delete on DAG Run:dataset_s3_bucket_producer
[2025-01-04T20:27:23.180-0500] {logging_mixin.py:190} INFO - [2025-01-04T20:27:23.180-0500] {override.py:1911} INFO - Created Permission View: can create on DAG Run:dataset_s3_bucket_producer
[2025-01-04T20:27:23.185-0500] {logging_mixin.py:190} INFO - [2025-01-04T20:27:23.185-0500] {override.py:1911} INFO - Created Permission View: can read on DAG:dataset_alias_example_alias_consumer
[2025-01-04T20:27:23.187-0500] {logging_mixin.py:190} INFO - [2025-01-04T20:27:23.187-0500] {override.py:1911} INFO - Created Permission View: can delete on DAG:dataset_alias_example_alias_consumer
[2025-01-04T20:27:23.189-0500] {logging_mixin.py:190} INFO - [2025-01-04T20:27:23.189-0500] {override.py:1911} INFO - Created Permission View: can edit on DAG:dataset_alias_example_alias_consumer
[2025-01-04T20:27:23.192-0500] {logging_mixin.py:190} INFO - [2025-01-04T20:27:23.192-0500] {override.py:1911} INFO - Created Permission View: can read on DAG Run:dataset_alias_example_alias_consumer
[2025-01-04T20:27:23.194-0500] {logging_mixin.py:190} INFO - [2025-01-04T20:27:23.194-0500] {override.py:1911} INFO - Created Permission View: menu access on DAG Run:dataset_alias_example_alias_consumer
[2025-01-04T20:27:23.197-0500] {logging_mixin.py:190} INFO - [2025-01-04T20:27:23.196-0500] {override.py:1911} INFO - Created Permission View: can delete on DAG Run:dataset_alias_example_alias_consumer
[2025-01-04T20:27:23.199-0500] {logging_mixin.py:190} INFO - [2025-01-04T20:27:23.199-0500] {override.py:1911} INFO - Created Permission View: can create on DAG Run:dataset_alias_example_alias_consumer
[2025-01-04T20:27:23.206-0500] {logging_mixin.py:190} INFO - [2025-01-04T20:27:23.206-0500] {override.py:1911} INFO - Created Permission View: can read on DAG:dataset_s3_bucket_consumer
[2025-01-04T20:27:23.209-0500] {logging_mixin.py:190} INFO - [2025-01-04T20:27:23.209-0500] {override.py:1911} INFO - Created Permission View: can delete on DAG:dataset_s3_bucket_consumer
[2025-01-04T20:27:23.211-0500] {logging_mixin.py:190} INFO - [2025-01-04T20:27:23.211-0500] {override.py:1911} INFO - Created Permission View: can edit on DAG:dataset_s3_bucket_consumer
[2025-01-04T20:27:23.214-0500] {logging_mixin.py:190} INFO - [2025-01-04T20:27:23.214-0500] {override.py:1911} INFO - Created Permission View: can read on DAG Run:dataset_s3_bucket_consumer
[2025-01-04T20:27:23.216-0500] {logging_mixin.py:190} INFO - [2025-01-04T20:27:23.216-0500] {override.py:1911} INFO - Created Permission View: menu access on DAG Run:dataset_s3_bucket_consumer
[2025-01-04T20:27:23.218-0500] {logging_mixin.py:190} INFO - [2025-01-04T20:27:23.218-0500] {override.py:1911} INFO - Created Permission View: can delete on DAG Run:dataset_s3_bucket_consumer
[2025-01-04T20:27:23.220-0500] {logging_mixin.py:190} INFO - [2025-01-04T20:27:23.220-0500] {override.py:1911} INFO - Created Permission View: can create on DAG Run:dataset_s3_bucket_consumer
[2025-01-04T20:27:23.221-0500] {logging_mixin.py:190} INFO - [2025-01-04T20:27:23.220-0500] {dag.py:3239} INFO - Sync 4 DAGs
[2025-01-04T20:27:23.226-0500] {logging_mixin.py:190} INFO - [2025-01-04T20:27:23.226-0500] {dag.py:3262} INFO - Creating ORM DAG for dataset_s3_bucket_producer
[2025-01-04T20:27:23.227-0500] {logging_mixin.py:190} INFO - [2025-01-04T20:27:23.226-0500] {dag.py:3262} INFO - Creating ORM DAG for dataset_s3_bucket_consumer
[2025-01-04T20:27:23.227-0500] {logging_mixin.py:190} INFO - [2025-01-04T20:27:23.227-0500] {dag.py:3262} INFO - Creating ORM DAG for dataset_alias_example_alias_consumer
[2025-01-04T20:27:23.227-0500] {logging_mixin.py:190} INFO - [2025-01-04T20:27:23.227-0500] {dag.py:3262} INFO - Creating ORM DAG for dataset_alias_example_alias_producer
[2025-01-04T20:27:23.231-0500] {logging_mixin.py:190} INFO - [2025-01-04T20:27:23.231-0500] {dag.py:4180} INFO - Setting next_dagrun for dataset_alias_example_alias_consumer to None, run_after=None
[2025-01-04T20:27:23.231-0500] {logging_mixin.py:190} INFO - [2025-01-04T20:27:23.231-0500] {dag.py:4180} INFO - Setting next_dagrun for dataset_alias_example_alias_producer to None, run_after=None
[2025-01-04T20:27:23.231-0500] {logging_mixin.py:190} INFO - [2025-01-04T20:27:23.231-0500] {dag.py:4180} INFO - Setting next_dagrun for dataset_s3_bucket_consumer to None, run_after=None
[2025-01-04T20:27:23.231-0500] {logging_mixin.py:190} INFO - [2025-01-04T20:27:23.231-0500] {dag.py:4180} INFO - Setting next_dagrun for dataset_s3_bucket_producer to None, run_after=None
[2025-01-04T20:27:23.594-0500] {processor.py:208} INFO - Processing /Library/Frameworks/Python.framework/Versions/3.9/lib/python3.9/site-packages/airflow/example_dags/example_dataset_alias.py took 0.621 seconds
[2025-01-04T20:30:33.149-0500] {processor.py:186} INFO - Started process (PID=99993) to work on /Library/Frameworks/Python.framework/Versions/3.9/lib/python3.9/site-packages/airflow/example_dags/example_dataset_alias.py
[2025-01-04T20:30:33.150-0500] {processor.py:914} INFO - Processing file /Library/Frameworks/Python.framework/Versions/3.9/lib/python3.9/site-packages/airflow/example_dags/example_dataset_alias.py for tasks to queue
[2025-01-04T20:30:33.151-0500] {logging_mixin.py:190} INFO - [2025-01-04T20:30:33.151-0500] {dagbag.py:588} INFO - Filling up the DagBag from /Library/Frameworks/Python.framework/Versions/3.9/lib/python3.9/site-packages/airflow/example_dags/example_dataset_alias.py
[2025-01-04T20:30:33.262-0500] {processor.py:925} INFO - DAG(s) 'dataset_alias_example_alias_producer', 'dataset_s3_bucket_consumer', 'dataset_s3_bucket_producer', 'dataset_alias_example_alias_consumer' retrieved from /Library/Frameworks/Python.framework/Versions/3.9/lib/python3.9/site-packages/airflow/example_dags/example_dataset_alias.py
[2025-01-04T20:30:33.289-0500] {logging_mixin.py:190} INFO - [2025-01-04T20:30:33.288-0500] {dag.py:3239} INFO - Sync 4 DAGs
[2025-01-04T20:30:33.302-0500] {logging_mixin.py:190} INFO - [2025-01-04T20:30:33.302-0500] {dag.py:4180} INFO - Setting next_dagrun for dataset_alias_example_alias_consumer to None, run_after=None
[2025-01-04T20:30:33.303-0500] {logging_mixin.py:190} INFO - [2025-01-04T20:30:33.303-0500] {dag.py:4180} INFO - Setting next_dagrun for dataset_alias_example_alias_producer to None, run_after=None
[2025-01-04T20:30:33.304-0500] {logging_mixin.py:190} INFO - [2025-01-04T20:30:33.304-0500] {dag.py:4180} INFO - Setting next_dagrun for dataset_s3_bucket_consumer to None, run_after=None
[2025-01-04T20:30:33.304-0500] {logging_mixin.py:190} INFO - [2025-01-04T20:30:33.304-0500] {dag.py:4180} INFO - Setting next_dagrun for dataset_s3_bucket_producer to None, run_after=None
[2025-01-04T20:30:33.316-0500] {processor.py:208} INFO - Processing /Library/Frameworks/Python.framework/Versions/3.9/lib/python3.9/site-packages/airflow/example_dags/example_dataset_alias.py took 0.174 seconds
[2025-01-04T20:34:02.825-0500] {processor.py:186} INFO - Started process (PID=821) to work on /Library/Frameworks/Python.framework/Versions/3.9/lib/python3.9/site-packages/airflow/example_dags/example_dataset_alias.py
[2025-01-04T20:34:02.826-0500] {processor.py:914} INFO - Processing file /Library/Frameworks/Python.framework/Versions/3.9/lib/python3.9/site-packages/airflow/example_dags/example_dataset_alias.py for tasks to queue
[2025-01-04T20:34:02.827-0500] {logging_mixin.py:190} INFO - [2025-01-04T20:34:02.827-0500] {dagbag.py:588} INFO - Filling up the DagBag from /Library/Frameworks/Python.framework/Versions/3.9/lib/python3.9/site-packages/airflow/example_dags/example_dataset_alias.py
[2025-01-04T20:34:02.955-0500] {processor.py:925} INFO - DAG(s) 'dataset_alias_example_alias_producer', 'dataset_s3_bucket_consumer', 'dataset_alias_example_alias_consumer', 'dataset_s3_bucket_producer' retrieved from /Library/Frameworks/Python.framework/Versions/3.9/lib/python3.9/site-packages/airflow/example_dags/example_dataset_alias.py
[2025-01-04T20:34:02.968-0500] {logging_mixin.py:190} INFO - [2025-01-04T20:34:02.968-0500] {dag.py:3239} INFO - Sync 4 DAGs
[2025-01-04T20:34:02.978-0500] {logging_mixin.py:190} INFO - [2025-01-04T20:34:02.978-0500] {dag.py:4180} INFO - Setting next_dagrun for dataset_alias_example_alias_consumer to None, run_after=None
[2025-01-04T20:34:02.981-0500] {logging_mixin.py:190} INFO - [2025-01-04T20:34:02.981-0500] {dag.py:4180} INFO - Setting next_dagrun for dataset_alias_example_alias_producer to None, run_after=None
[2025-01-04T20:34:02.981-0500] {logging_mixin.py:190} INFO - [2025-01-04T20:34:02.981-0500] {dag.py:4180} INFO - Setting next_dagrun for dataset_s3_bucket_consumer to None, run_after=None
[2025-01-04T20:34:02.982-0500] {logging_mixin.py:190} INFO - [2025-01-04T20:34:02.982-0500] {dag.py:4180} INFO - Setting next_dagrun for dataset_s3_bucket_producer to None, run_after=None
[2025-01-04T20:34:02.999-0500] {processor.py:208} INFO - Processing /Library/Frameworks/Python.framework/Versions/3.9/lib/python3.9/site-packages/airflow/example_dags/example_dataset_alias.py took 0.179 seconds
[2025-01-04T20:37:37.116-0500] {processor.py:186} INFO - Started process (PID=1544) to work on /Library/Frameworks/Python.framework/Versions/3.9/lib/python3.9/site-packages/airflow/example_dags/example_dataset_alias.py
[2025-01-04T20:37:37.117-0500] {processor.py:914} INFO - Processing file /Library/Frameworks/Python.framework/Versions/3.9/lib/python3.9/site-packages/airflow/example_dags/example_dataset_alias.py for tasks to queue
[2025-01-04T20:37:37.118-0500] {logging_mixin.py:190} INFO - [2025-01-04T20:37:37.118-0500] {dagbag.py:588} INFO - Filling up the DagBag from /Library/Frameworks/Python.framework/Versions/3.9/lib/python3.9/site-packages/airflow/example_dags/example_dataset_alias.py
[2025-01-04T20:37:37.220-0500] {processor.py:925} INFO - DAG(s) 'dataset_s3_bucket_consumer', 'dataset_s3_bucket_producer', 'dataset_alias_example_alias_consumer', 'dataset_alias_example_alias_producer' retrieved from /Library/Frameworks/Python.framework/Versions/3.9/lib/python3.9/site-packages/airflow/example_dags/example_dataset_alias.py
[2025-01-04T20:37:37.234-0500] {logging_mixin.py:190} INFO - [2025-01-04T20:37:37.234-0500] {dag.py:3239} INFO - Sync 4 DAGs
[2025-01-04T20:37:37.247-0500] {logging_mixin.py:190} INFO - [2025-01-04T20:37:37.246-0500] {dag.py:4180} INFO - Setting next_dagrun for dataset_alias_example_alias_consumer to None, run_after=None
[2025-01-04T20:37:37.249-0500] {logging_mixin.py:190} INFO - [2025-01-04T20:37:37.248-0500] {dag.py:4180} INFO - Setting next_dagrun for dataset_alias_example_alias_producer to None, run_after=None
[2025-01-04T20:37:37.249-0500] {logging_mixin.py:190} INFO - [2025-01-04T20:37:37.249-0500] {dag.py:4180} INFO - Setting next_dagrun for dataset_s3_bucket_consumer to None, run_after=None
[2025-01-04T20:37:37.250-0500] {logging_mixin.py:190} INFO - [2025-01-04T20:37:37.250-0500] {dag.py:4180} INFO - Setting next_dagrun for dataset_s3_bucket_producer to None, run_after=None
[2025-01-04T20:37:37.268-0500] {processor.py:208} INFO - Processing /Library/Frameworks/Python.framework/Versions/3.9/lib/python3.9/site-packages/airflow/example_dags/example_dataset_alias.py took 0.154 seconds
[2025-01-04T20:41:02.723-0500] {processor.py:186} INFO - Started process (PID=2186) to work on /Library/Frameworks/Python.framework/Versions/3.9/lib/python3.9/site-packages/airflow/example_dags/example_dataset_alias.py
[2025-01-04T20:41:02.725-0500] {processor.py:914} INFO - Processing file /Library/Frameworks/Python.framework/Versions/3.9/lib/python3.9/site-packages/airflow/example_dags/example_dataset_alias.py for tasks to queue
[2025-01-04T20:41:02.725-0500] {logging_mixin.py:190} INFO - [2025-01-04T20:41:02.725-0500] {dagbag.py:588} INFO - Filling up the DagBag from /Library/Frameworks/Python.framework/Versions/3.9/lib/python3.9/site-packages/airflow/example_dags/example_dataset_alias.py
[2025-01-04T20:41:02.864-0500] {processor.py:925} INFO - DAG(s) 'dataset_alias_example_alias_producer', 'dataset_s3_bucket_producer', 'dataset_s3_bucket_consumer', 'dataset_alias_example_alias_consumer' retrieved from /Library/Frameworks/Python.framework/Versions/3.9/lib/python3.9/site-packages/airflow/example_dags/example_dataset_alias.py
[2025-01-04T20:41:02.880-0500] {logging_mixin.py:190} INFO - [2025-01-04T20:41:02.880-0500] {dag.py:3239} INFO - Sync 4 DAGs
[2025-01-04T20:41:02.890-0500] {logging_mixin.py:190} INFO - [2025-01-04T20:41:02.890-0500] {dag.py:4180} INFO - Setting next_dagrun for dataset_alias_example_alias_consumer to None, run_after=None
[2025-01-04T20:41:02.892-0500] {logging_mixin.py:190} INFO - [2025-01-04T20:41:02.892-0500] {dag.py:4180} INFO - Setting next_dagrun for dataset_alias_example_alias_producer to None, run_after=None
[2025-01-04T20:41:02.893-0500] {logging_mixin.py:190} INFO - [2025-01-04T20:41:02.893-0500] {dag.py:4180} INFO - Setting next_dagrun for dataset_s3_bucket_consumer to None, run_after=None
[2025-01-04T20:41:02.893-0500] {logging_mixin.py:190} INFO - [2025-01-04T20:41:02.893-0500] {dag.py:4180} INFO - Setting next_dagrun for dataset_s3_bucket_producer to None, run_after=None
[2025-01-04T20:41:02.908-0500] {processor.py:208} INFO - Processing /Library/Frameworks/Python.framework/Versions/3.9/lib/python3.9/site-packages/airflow/example_dags/example_dataset_alias.py took 0.188 seconds
[2025-01-04T20:44:30.553-0500] {processor.py:186} INFO - Started process (PID=2688) to work on /Library/Frameworks/Python.framework/Versions/3.9/lib/python3.9/site-packages/airflow/example_dags/example_dataset_alias.py
[2025-01-04T20:44:30.556-0500] {processor.py:914} INFO - Processing file /Library/Frameworks/Python.framework/Versions/3.9/lib/python3.9/site-packages/airflow/example_dags/example_dataset_alias.py for tasks to queue
[2025-01-04T20:44:30.557-0500] {logging_mixin.py:190} INFO - [2025-01-04T20:44:30.557-0500] {dagbag.py:588} INFO - Filling up the DagBag from /Library/Frameworks/Python.framework/Versions/3.9/lib/python3.9/site-packages/airflow/example_dags/example_dataset_alias.py
[2025-01-04T20:44:30.750-0500] {processor.py:925} INFO - DAG(s) 'dataset_s3_bucket_producer', 'dataset_alias_example_alias_producer', 'dataset_s3_bucket_consumer', 'dataset_alias_example_alias_consumer' retrieved from /Library/Frameworks/Python.framework/Versions/3.9/lib/python3.9/site-packages/airflow/example_dags/example_dataset_alias.py
[2025-01-04T20:44:30.847-0500] {logging_mixin.py:190} INFO - [2025-01-04T20:44:30.846-0500] {dag.py:3239} INFO - Sync 4 DAGs
[2025-01-04T20:44:30.869-0500] {logging_mixin.py:190} INFO - [2025-01-04T20:44:30.869-0500] {dag.py:4180} INFO - Setting next_dagrun for dataset_alias_example_alias_consumer to None, run_after=None
[2025-01-04T20:44:30.872-0500] {logging_mixin.py:190} INFO - [2025-01-04T20:44:30.872-0500] {dag.py:4180} INFO - Setting next_dagrun for dataset_alias_example_alias_producer to None, run_after=None
[2025-01-04T20:44:30.873-0500] {logging_mixin.py:190} INFO - [2025-01-04T20:44:30.873-0500] {dag.py:4180} INFO - Setting next_dagrun for dataset_s3_bucket_consumer to None, run_after=None
[2025-01-04T20:44:30.873-0500] {logging_mixin.py:190} INFO - [2025-01-04T20:44:30.873-0500] {dag.py:4180} INFO - Setting next_dagrun for dataset_s3_bucket_producer to None, run_after=None
[2025-01-04T20:44:30.891-0500] {processor.py:208} INFO - Processing /Library/Frameworks/Python.framework/Versions/3.9/lib/python3.9/site-packages/airflow/example_dags/example_dataset_alias.py took 0.342 seconds
[2025-01-04T20:48:16.624-0500] {processor.py:186} INFO - Started process (PID=3325) to work on /Library/Frameworks/Python.framework/Versions/3.9/lib/python3.9/site-packages/airflow/example_dags/example_dataset_alias.py
[2025-01-04T20:48:16.625-0500] {processor.py:914} INFO - Processing file /Library/Frameworks/Python.framework/Versions/3.9/lib/python3.9/site-packages/airflow/example_dags/example_dataset_alias.py for tasks to queue
[2025-01-04T20:48:16.626-0500] {logging_mixin.py:190} INFO - [2025-01-04T20:48:16.626-0500] {dagbag.py:588} INFO - Filling up the DagBag from /Library/Frameworks/Python.framework/Versions/3.9/lib/python3.9/site-packages/airflow/example_dags/example_dataset_alias.py
[2025-01-04T20:48:16.699-0500] {processor.py:925} INFO - DAG(s) 'dataset_s3_bucket_producer', 'dataset_alias_example_alias_producer', 'dataset_s3_bucket_consumer', 'dataset_alias_example_alias_consumer' retrieved from /Library/Frameworks/Python.framework/Versions/3.9/lib/python3.9/site-packages/airflow/example_dags/example_dataset_alias.py
[2025-01-04T20:48:16.711-0500] {logging_mixin.py:190} INFO - [2025-01-04T20:48:16.711-0500] {dag.py:3239} INFO - Sync 4 DAGs
[2025-01-04T20:48:16.719-0500] {logging_mixin.py:190} INFO - [2025-01-04T20:48:16.719-0500] {dag.py:4180} INFO - Setting next_dagrun for dataset_alias_example_alias_consumer to None, run_after=None
[2025-01-04T20:48:16.721-0500] {logging_mixin.py:190} INFO - [2025-01-04T20:48:16.721-0500] {dag.py:4180} INFO - Setting next_dagrun for dataset_alias_example_alias_producer to None, run_after=None
[2025-01-04T20:48:16.721-0500] {logging_mixin.py:190} INFO - [2025-01-04T20:48:16.721-0500] {dag.py:4180} INFO - Setting next_dagrun for dataset_s3_bucket_consumer to None, run_after=None
[2025-01-04T20:48:16.722-0500] {logging_mixin.py:190} INFO - [2025-01-04T20:48:16.722-0500] {dag.py:4180} INFO - Setting next_dagrun for dataset_s3_bucket_producer to None, run_after=None
[2025-01-04T20:48:16.733-0500] {processor.py:208} INFO - Processing /Library/Frameworks/Python.framework/Versions/3.9/lib/python3.9/site-packages/airflow/example_dags/example_dataset_alias.py took 0.110 seconds
