[2025-01-04T20:27:43.647-0500] {processor.py:186} INFO - Started process (PID=99539) to work on /Library/Frameworks/Python.framework/Versions/3.9/lib/python3.9/site-packages/airflow/example_dags/example_bash_operator.py
[2025-01-04T20:27:43.647-0500] {processor.py:914} INFO - Processing file /Library/Frameworks/Python.framework/Versions/3.9/lib/python3.9/site-packages/airflow/example_dags/example_bash_operator.py for tasks to queue
[2025-01-04T20:27:43.648-0500] {logging_mixin.py:190} INFO - [2025-01-04T20:27:43.648-0500] {dagbag.py:588} INFO - Filling up the DagBag from /Library/Frameworks/Python.framework/Versions/3.9/lib/python3.9/site-packages/airflow/example_dags/example_bash_operator.py
[2025-01-04T20:27:43.660-0500] {processor.py:925} INFO - DAG(s) 'example_bash_operator' retrieved from /Library/Frameworks/Python.framework/Versions/3.9/lib/python3.9/site-packages/airflow/example_dags/example_bash_operator.py
[2025-01-04T20:27:43.765-0500] {logging_mixin.py:190} INFO - [2025-01-04T20:27:43.765-0500] {override.py:1911} INFO - Created Permission View: can delete on DAG:example_bash_operator
[2025-01-04T20:27:43.769-0500] {logging_mixin.py:190} INFO - [2025-01-04T20:27:43.769-0500] {override.py:1911} INFO - Created Permission View: can edit on DAG:example_bash_operator
[2025-01-04T20:27:43.772-0500] {logging_mixin.py:190} INFO - [2025-01-04T20:27:43.771-0500] {override.py:1911} INFO - Created Permission View: can read on DAG:example_bash_operator
[2025-01-04T20:27:43.775-0500] {logging_mixin.py:190} INFO - [2025-01-04T20:27:43.774-0500] {override.py:1911} INFO - Created Permission View: can delete on DAG Run:example_bash_operator
[2025-01-04T20:27:43.777-0500] {logging_mixin.py:190} INFO - [2025-01-04T20:27:43.777-0500] {override.py:1911} INFO - Created Permission View: can create on DAG Run:example_bash_operator
[2025-01-04T20:27:43.779-0500] {logging_mixin.py:190} INFO - [2025-01-04T20:27:43.779-0500] {override.py:1911} INFO - Created Permission View: menu access on DAG Run:example_bash_operator
[2025-01-04T20:27:43.781-0500] {logging_mixin.py:190} INFO - [2025-01-04T20:27:43.781-0500] {override.py:1911} INFO - Created Permission View: can read on DAG Run:example_bash_operator
[2025-01-04T20:27:43.781-0500] {logging_mixin.py:190} INFO - [2025-01-04T20:27:43.781-0500] {dag.py:3239} INFO - Sync 1 DAGs
[2025-01-04T20:27:43.786-0500] {logging_mixin.py:190} INFO - [2025-01-04T20:27:43.786-0500] {dag.py:3262} INFO - Creating ORM DAG for example_bash_operator
[2025-01-04T20:27:43.791-0500] {logging_mixin.py:190} INFO - [2025-01-04T20:27:43.790-0500] {dag.py:4180} INFO - Setting next_dagrun for example_bash_operator to 2025-01-04 00:00:00+00:00, run_after=2025-01-05 00:00:00+00:00
[2025-01-04T20:27:43.797-0500] {processor.py:208} INFO - Processing /Library/Frameworks/Python.framework/Versions/3.9/lib/python3.9/site-packages/airflow/example_dags/example_bash_operator.py took 0.152 seconds
[2025-01-04T20:30:53.931-0500] {processor.py:186} INFO - Started process (PID=171) to work on /Library/Frameworks/Python.framework/Versions/3.9/lib/python3.9/site-packages/airflow/example_dags/example_bash_operator.py
[2025-01-04T20:30:53.931-0500] {processor.py:914} INFO - Processing file /Library/Frameworks/Python.framework/Versions/3.9/lib/python3.9/site-packages/airflow/example_dags/example_bash_operator.py for tasks to queue
[2025-01-04T20:30:53.932-0500] {logging_mixin.py:190} INFO - [2025-01-04T20:30:53.932-0500] {dagbag.py:588} INFO - Filling up the DagBag from /Library/Frameworks/Python.framework/Versions/3.9/lib/python3.9/site-packages/airflow/example_dags/example_bash_operator.py
[2025-01-04T20:30:53.937-0500] {processor.py:925} INFO - DAG(s) 'example_bash_operator' retrieved from /Library/Frameworks/Python.framework/Versions/3.9/lib/python3.9/site-packages/airflow/example_dags/example_bash_operator.py
[2025-01-04T20:30:53.984-0500] {logging_mixin.py:190} INFO - [2025-01-04T20:30:53.984-0500] {dag.py:3239} INFO - Sync 1 DAGs
[2025-01-04T20:30:53.994-0500] {logging_mixin.py:190} INFO - [2025-01-04T20:30:53.994-0500] {dag.py:4180} INFO - Setting next_dagrun for example_bash_operator to 2025-01-04 00:00:00+00:00, run_after=2025-01-05 00:00:00+00:00
[2025-01-04T20:30:54.004-0500] {processor.py:208} INFO - Processing /Library/Frameworks/Python.framework/Versions/3.9/lib/python3.9/site-packages/airflow/example_dags/example_bash_operator.py took 0.076 seconds
[2025-01-04T20:34:24.120-0500] {processor.py:186} INFO - Started process (PID=929) to work on /Library/Frameworks/Python.framework/Versions/3.9/lib/python3.9/site-packages/airflow/example_dags/example_bash_operator.py
[2025-01-04T20:34:24.121-0500] {processor.py:914} INFO - Processing file /Library/Frameworks/Python.framework/Versions/3.9/lib/python3.9/site-packages/airflow/example_dags/example_bash_operator.py for tasks to queue
[2025-01-04T20:34:24.122-0500] {logging_mixin.py:190} INFO - [2025-01-04T20:34:24.121-0500] {dagbag.py:588} INFO - Filling up the DagBag from /Library/Frameworks/Python.framework/Versions/3.9/lib/python3.9/site-packages/airflow/example_dags/example_bash_operator.py
[2025-01-04T20:34:24.129-0500] {processor.py:925} INFO - DAG(s) 'example_bash_operator' retrieved from /Library/Frameworks/Python.framework/Versions/3.9/lib/python3.9/site-packages/airflow/example_dags/example_bash_operator.py
[2025-01-04T20:34:24.193-0500] {logging_mixin.py:190} INFO - [2025-01-04T20:34:24.192-0500] {dag.py:3239} INFO - Sync 1 DAGs
[2025-01-04T20:34:24.202-0500] {logging_mixin.py:190} INFO - [2025-01-04T20:34:24.202-0500] {dag.py:4180} INFO - Setting next_dagrun for example_bash_operator to 2025-01-04 00:00:00+00:00, run_after=2025-01-05 00:00:00+00:00
[2025-01-04T20:34:24.216-0500] {processor.py:208} INFO - Processing /Library/Frameworks/Python.framework/Versions/3.9/lib/python3.9/site-packages/airflow/example_dags/example_bash_operator.py took 0.098 seconds
[2025-01-04T20:37:55.089-0500] {processor.py:186} INFO - Started process (PID=1598) to work on /Library/Frameworks/Python.framework/Versions/3.9/lib/python3.9/site-packages/airflow/example_dags/example_bash_operator.py
[2025-01-04T20:37:55.090-0500] {processor.py:914} INFO - Processing file /Library/Frameworks/Python.framework/Versions/3.9/lib/python3.9/site-packages/airflow/example_dags/example_bash_operator.py for tasks to queue
[2025-01-04T20:37:55.091-0500] {logging_mixin.py:190} INFO - [2025-01-04T20:37:55.091-0500] {dagbag.py:588} INFO - Filling up the DagBag from /Library/Frameworks/Python.framework/Versions/3.9/lib/python3.9/site-packages/airflow/example_dags/example_bash_operator.py
[2025-01-04T20:37:55.098-0500] {processor.py:925} INFO - DAG(s) 'example_bash_operator' retrieved from /Library/Frameworks/Python.framework/Versions/3.9/lib/python3.9/site-packages/airflow/example_dags/example_bash_operator.py
[2025-01-04T20:37:55.149-0500] {logging_mixin.py:190} INFO - [2025-01-04T20:37:55.149-0500] {dag.py:3239} INFO - Sync 1 DAGs
[2025-01-04T20:37:55.159-0500] {logging_mixin.py:190} INFO - [2025-01-04T20:37:55.159-0500] {dag.py:4180} INFO - Setting next_dagrun for example_bash_operator to 2025-01-04 00:00:00+00:00, run_after=2025-01-05 00:00:00+00:00
[2025-01-04T20:37:55.169-0500] {processor.py:208} INFO - Processing /Library/Frameworks/Python.framework/Versions/3.9/lib/python3.9/site-packages/airflow/example_dags/example_bash_operator.py took 0.081 seconds
[2025-01-04T20:41:23.098-0500] {processor.py:186} INFO - Started process (PID=2220) to work on /Library/Frameworks/Python.framework/Versions/3.9/lib/python3.9/site-packages/airflow/example_dags/example_bash_operator.py
[2025-01-04T20:41:23.099-0500] {processor.py:914} INFO - Processing file /Library/Frameworks/Python.framework/Versions/3.9/lib/python3.9/site-packages/airflow/example_dags/example_bash_operator.py for tasks to queue
[2025-01-04T20:41:23.100-0500] {logging_mixin.py:190} INFO - [2025-01-04T20:41:23.099-0500] {dagbag.py:588} INFO - Filling up the DagBag from /Library/Frameworks/Python.framework/Versions/3.9/lib/python3.9/site-packages/airflow/example_dags/example_bash_operator.py
[2025-01-04T20:41:23.107-0500] {processor.py:925} INFO - DAG(s) 'example_bash_operator' retrieved from /Library/Frameworks/Python.framework/Versions/3.9/lib/python3.9/site-packages/airflow/example_dags/example_bash_operator.py
[2025-01-04T20:41:23.172-0500] {logging_mixin.py:190} INFO - [2025-01-04T20:41:23.172-0500] {dag.py:3239} INFO - Sync 1 DAGs
[2025-01-04T20:41:23.188-0500] {logging_mixin.py:190} INFO - [2025-01-04T20:41:23.187-0500] {dag.py:4180} INFO - Setting next_dagrun for example_bash_operator to 2025-01-04 00:00:00+00:00, run_after=2025-01-05 00:00:00+00:00
[2025-01-04T20:41:23.209-0500] {processor.py:208} INFO - Processing /Library/Frameworks/Python.framework/Versions/3.9/lib/python3.9/site-packages/airflow/example_dags/example_bash_operator.py took 0.113 seconds
[2025-01-04T20:44:51.680-0500] {processor.py:186} INFO - Started process (PID=2718) to work on /Library/Frameworks/Python.framework/Versions/3.9/lib/python3.9/site-packages/airflow/example_dags/example_bash_operator.py
[2025-01-04T20:44:51.681-0500] {processor.py:914} INFO - Processing file /Library/Frameworks/Python.framework/Versions/3.9/lib/python3.9/site-packages/airflow/example_dags/example_bash_operator.py for tasks to queue
[2025-01-04T20:44:51.682-0500] {logging_mixin.py:190} INFO - [2025-01-04T20:44:51.681-0500] {dagbag.py:588} INFO - Filling up the DagBag from /Library/Frameworks/Python.framework/Versions/3.9/lib/python3.9/site-packages/airflow/example_dags/example_bash_operator.py
[2025-01-04T20:44:51.688-0500] {processor.py:925} INFO - DAG(s) 'example_bash_operator' retrieved from /Library/Frameworks/Python.framework/Versions/3.9/lib/python3.9/site-packages/airflow/example_dags/example_bash_operator.py
[2025-01-04T20:44:51.738-0500] {logging_mixin.py:190} INFO - [2025-01-04T20:44:51.738-0500] {dag.py:3239} INFO - Sync 1 DAGs
[2025-01-04T20:44:51.747-0500] {logging_mixin.py:190} INFO - [2025-01-04T20:44:51.747-0500] {dag.py:4180} INFO - Setting next_dagrun for example_bash_operator to 2025-01-04 00:00:00+00:00, run_after=2025-01-05 00:00:00+00:00
[2025-01-04T20:44:51.758-0500] {processor.py:208} INFO - Processing /Library/Frameworks/Python.framework/Versions/3.9/lib/python3.9/site-packages/airflow/example_dags/example_bash_operator.py took 0.080 seconds
[2025-01-04T20:48:38.630-0500] {processor.py:186} INFO - Started process (PID=3397) to work on /Library/Frameworks/Python.framework/Versions/3.9/lib/python3.9/site-packages/airflow/example_dags/example_bash_operator.py
[2025-01-04T20:48:38.631-0500] {processor.py:914} INFO - Processing file /Library/Frameworks/Python.framework/Versions/3.9/lib/python3.9/site-packages/airflow/example_dags/example_bash_operator.py for tasks to queue
[2025-01-04T20:48:38.632-0500] {logging_mixin.py:190} INFO - [2025-01-04T20:48:38.632-0500] {dagbag.py:588} INFO - Filling up the DagBag from /Library/Frameworks/Python.framework/Versions/3.9/lib/python3.9/site-packages/airflow/example_dags/example_bash_operator.py
[2025-01-04T20:48:38.640-0500] {processor.py:925} INFO - DAG(s) 'example_bash_operator' retrieved from /Library/Frameworks/Python.framework/Versions/3.9/lib/python3.9/site-packages/airflow/example_dags/example_bash_operator.py
[2025-01-04T20:48:38.703-0500] {logging_mixin.py:190} INFO - [2025-01-04T20:48:38.703-0500] {dag.py:3239} INFO - Sync 1 DAGs
[2025-01-04T20:48:38.715-0500] {logging_mixin.py:190} INFO - [2025-01-04T20:48:38.715-0500] {dag.py:4180} INFO - Setting next_dagrun for example_bash_operator to 2025-01-04 00:00:00+00:00, run_after=2025-01-05 00:00:00+00:00
[2025-01-04T20:48:38.726-0500] {processor.py:208} INFO - Processing /Library/Frameworks/Python.framework/Versions/3.9/lib/python3.9/site-packages/airflow/example_dags/example_bash_operator.py took 0.097 seconds
