[2025-01-04T20:26:29.329-0500] {processor.py:186} INFO - Started process (PID=99357) to work on /Library/Frameworks/Python.framework/Versions/3.9/lib/python3.9/site-packages/airflow/example_dags/example_setup_teardown_taskflow.py
[2025-01-04T20:26:29.333-0500] {processor.py:914} INFO - Processing file /Library/Frameworks/Python.framework/Versions/3.9/lib/python3.9/site-packages/airflow/example_dags/example_setup_teardown_taskflow.py for tasks to queue
[2025-01-04T20:26:29.334-0500] {logging_mixin.py:190} INFO - [2025-01-04T20:26:29.334-0500] {dagbag.py:588} INFO - Filling up the DagBag from /Library/Frameworks/Python.framework/Versions/3.9/lib/python3.9/site-packages/airflow/example_dags/example_setup_teardown_taskflow.py
[2025-01-04T20:26:29.376-0500] {processor.py:925} INFO - DAG(s) 'example_setup_teardown_taskflow' retrieved from /Library/Frameworks/Python.framework/Versions/3.9/lib/python3.9/site-packages/airflow/example_dags/example_setup_teardown_taskflow.py
[2025-01-04T20:26:29.554-0500] {logging_mixin.py:190} INFO - [2025-01-04T20:26:29.553-0500] {override.py:1911} INFO - Created Permission View: can edit on DAG:example_setup_teardown_taskflow
[2025-01-04T20:26:29.559-0500] {logging_mixin.py:190} INFO - [2025-01-04T20:26:29.558-0500] {override.py:1911} INFO - Created Permission View: can read on DAG:example_setup_teardown_taskflow
[2025-01-04T20:26:29.562-0500] {logging_mixin.py:190} INFO - [2025-01-04T20:26:29.562-0500] {override.py:1911} INFO - Created Permission View: can delete on DAG:example_setup_teardown_taskflow
[2025-01-04T20:26:29.567-0500] {logging_mixin.py:190} INFO - [2025-01-04T20:26:29.567-0500] {override.py:1911} INFO - Created Permission View: menu access on DAG Run:example_setup_teardown_taskflow
[2025-01-04T20:26:29.570-0500] {logging_mixin.py:190} INFO - [2025-01-04T20:26:29.570-0500] {override.py:1911} INFO - Created Permission View: can create on DAG Run:example_setup_teardown_taskflow
[2025-01-04T20:26:29.574-0500] {logging_mixin.py:190} INFO - [2025-01-04T20:26:29.573-0500] {override.py:1911} INFO - Created Permission View: can read on DAG Run:example_setup_teardown_taskflow
[2025-01-04T20:26:29.577-0500] {logging_mixin.py:190} INFO - [2025-01-04T20:26:29.577-0500] {override.py:1911} INFO - Created Permission View: can delete on DAG Run:example_setup_teardown_taskflow
[2025-01-04T20:26:29.577-0500] {logging_mixin.py:190} INFO - [2025-01-04T20:26:29.577-0500] {dag.py:3239} INFO - Sync 1 DAGs
[2025-01-04T20:26:29.584-0500] {logging_mixin.py:190} INFO - [2025-01-04T20:26:29.583-0500] {dag.py:3262} INFO - Creating ORM DAG for example_setup_teardown_taskflow
[2025-01-04T20:26:29.584-0500] {logging_mixin.py:190} INFO - [2025-01-04T20:26:29.584-0500] {dag.py:4180} INFO - Setting next_dagrun for example_setup_teardown_taskflow to None, run_after=None
[2025-01-04T20:26:29.597-0500] {processor.py:208} INFO - Processing /Library/Frameworks/Python.framework/Versions/3.9/lib/python3.9/site-packages/airflow/example_dags/example_setup_teardown_taskflow.py took 0.285 seconds
[2025-01-04T20:28:39.351-0500] {processor.py:186} INFO - Started process (PID=99684) to work on /Library/Frameworks/Python.framework/Versions/3.9/lib/python3.9/site-packages/airflow/example_dags/example_setup_teardown_taskflow.py
[2025-01-04T20:28:39.352-0500] {processor.py:914} INFO - Processing file /Library/Frameworks/Python.framework/Versions/3.9/lib/python3.9/site-packages/airflow/example_dags/example_setup_teardown_taskflow.py for tasks to queue
[2025-01-04T20:28:39.353-0500] {logging_mixin.py:190} INFO - [2025-01-04T20:28:39.353-0500] {dagbag.py:588} INFO - Filling up the DagBag from /Library/Frameworks/Python.framework/Versions/3.9/lib/python3.9/site-packages/airflow/example_dags/example_setup_teardown_taskflow.py
[2025-01-04T20:28:39.375-0500] {processor.py:925} INFO - DAG(s) 'example_setup_teardown_taskflow' retrieved from /Library/Frameworks/Python.framework/Versions/3.9/lib/python3.9/site-packages/airflow/example_dags/example_setup_teardown_taskflow.py
[2025-01-04T20:28:39.420-0500] {logging_mixin.py:190} INFO - [2025-01-04T20:28:39.420-0500] {dag.py:3239} INFO - Sync 1 DAGs
[2025-01-04T20:28:39.425-0500] {logging_mixin.py:190} INFO - [2025-01-04T20:28:39.425-0500] {dag.py:4180} INFO - Setting next_dagrun for example_setup_teardown_taskflow to None, run_after=None
[2025-01-04T20:28:39.433-0500] {processor.py:208} INFO - Processing /Library/Frameworks/Python.framework/Versions/3.9/lib/python3.9/site-packages/airflow/example_dags/example_setup_teardown_taskflow.py took 0.083 seconds
[2025-01-04T20:30:17.243-0500] {processor.py:186} INFO - Started process (PID=99932) to work on /Library/Frameworks/Python.framework/Versions/3.9/lib/python3.9/site-packages/airflow/example_dags/example_setup_teardown_taskflow.py
[2025-01-04T20:30:17.244-0500] {processor.py:914} INFO - Processing file /Library/Frameworks/Python.framework/Versions/3.9/lib/python3.9/site-packages/airflow/example_dags/example_setup_teardown_taskflow.py for tasks to queue
[2025-01-04T20:30:17.245-0500] {logging_mixin.py:190} INFO - [2025-01-04T20:30:17.245-0500] {dagbag.py:588} INFO - Filling up the DagBag from /Library/Frameworks/Python.framework/Versions/3.9/lib/python3.9/site-packages/airflow/example_dags/example_setup_teardown_taskflow.py
[2025-01-04T20:30:17.264-0500] {processor.py:925} INFO - DAG(s) 'example_setup_teardown_taskflow' retrieved from /Library/Frameworks/Python.framework/Versions/3.9/lib/python3.9/site-packages/airflow/example_dags/example_setup_teardown_taskflow.py
[2025-01-04T20:30:17.320-0500] {logging_mixin.py:190} INFO - [2025-01-04T20:30:17.319-0500] {dag.py:3239} INFO - Sync 1 DAGs
[2025-01-04T20:30:17.324-0500] {logging_mixin.py:190} INFO - [2025-01-04T20:30:17.324-0500] {dag.py:4180} INFO - Setting next_dagrun for example_setup_teardown_taskflow to None, run_after=None
[2025-01-04T20:30:17.335-0500] {processor.py:208} INFO - Processing /Library/Frameworks/Python.framework/Versions/3.9/lib/python3.9/site-packages/airflow/example_dags/example_setup_teardown_taskflow.py took 0.094 seconds
[2025-01-04T20:31:57.317-0500] {processor.py:186} INFO - Started process (PID=381) to work on /Library/Frameworks/Python.framework/Versions/3.9/lib/python3.9/site-packages/airflow/example_dags/example_setup_teardown_taskflow.py
[2025-01-04T20:31:57.318-0500] {processor.py:914} INFO - Processing file /Library/Frameworks/Python.framework/Versions/3.9/lib/python3.9/site-packages/airflow/example_dags/example_setup_teardown_taskflow.py for tasks to queue
[2025-01-04T20:31:57.319-0500] {logging_mixin.py:190} INFO - [2025-01-04T20:31:57.318-0500] {dagbag.py:588} INFO - Filling up the DagBag from /Library/Frameworks/Python.framework/Versions/3.9/lib/python3.9/site-packages/airflow/example_dags/example_setup_teardown_taskflow.py
[2025-01-04T20:31:57.336-0500] {processor.py:925} INFO - DAG(s) 'example_setup_teardown_taskflow' retrieved from /Library/Frameworks/Python.framework/Versions/3.9/lib/python3.9/site-packages/airflow/example_dags/example_setup_teardown_taskflow.py
[2025-01-04T20:31:57.382-0500] {logging_mixin.py:190} INFO - [2025-01-04T20:31:57.382-0500] {dag.py:3239} INFO - Sync 1 DAGs
[2025-01-04T20:31:57.387-0500] {logging_mixin.py:190} INFO - [2025-01-04T20:31:57.387-0500] {dag.py:4180} INFO - Setting next_dagrun for example_setup_teardown_taskflow to None, run_after=None
[2025-01-04T20:31:57.396-0500] {processor.py:208} INFO - Processing /Library/Frameworks/Python.framework/Versions/3.9/lib/python3.9/site-packages/airflow/example_dags/example_setup_teardown_taskflow.py took 0.081 seconds
[2025-01-04T20:33:37.919-0500] {processor.py:186} INFO - Started process (PID=765) to work on /Library/Frameworks/Python.framework/Versions/3.9/lib/python3.9/site-packages/airflow/example_dags/example_setup_teardown_taskflow.py
[2025-01-04T20:33:37.919-0500] {processor.py:914} INFO - Processing file /Library/Frameworks/Python.framework/Versions/3.9/lib/python3.9/site-packages/airflow/example_dags/example_setup_teardown_taskflow.py for tasks to queue
[2025-01-04T20:33:37.920-0500] {logging_mixin.py:190} INFO - [2025-01-04T20:33:37.920-0500] {dagbag.py:588} INFO - Filling up the DagBag from /Library/Frameworks/Python.framework/Versions/3.9/lib/python3.9/site-packages/airflow/example_dags/example_setup_teardown_taskflow.py
[2025-01-04T20:33:37.937-0500] {processor.py:925} INFO - DAG(s) 'example_setup_teardown_taskflow' retrieved from /Library/Frameworks/Python.framework/Versions/3.9/lib/python3.9/site-packages/airflow/example_dags/example_setup_teardown_taskflow.py
[2025-01-04T20:33:37.981-0500] {logging_mixin.py:190} INFO - [2025-01-04T20:33:37.981-0500] {dag.py:3239} INFO - Sync 1 DAGs
[2025-01-04T20:33:37.986-0500] {logging_mixin.py:190} INFO - [2025-01-04T20:33:37.986-0500] {dag.py:4180} INFO - Setting next_dagrun for example_setup_teardown_taskflow to None, run_after=None
[2025-01-04T20:33:37.996-0500] {processor.py:208} INFO - Processing /Library/Frameworks/Python.framework/Versions/3.9/lib/python3.9/site-packages/airflow/example_dags/example_setup_teardown_taskflow.py took 0.079 seconds
[2025-01-04T20:35:30.485-0500] {processor.py:186} INFO - Started process (PID=1134) to work on /Library/Frameworks/Python.framework/Versions/3.9/lib/python3.9/site-packages/airflow/example_dags/example_setup_teardown_taskflow.py
[2025-01-04T20:35:30.486-0500] {processor.py:914} INFO - Processing file /Library/Frameworks/Python.framework/Versions/3.9/lib/python3.9/site-packages/airflow/example_dags/example_setup_teardown_taskflow.py for tasks to queue
[2025-01-04T20:35:30.486-0500] {logging_mixin.py:190} INFO - [2025-01-04T20:35:30.486-0500] {dagbag.py:588} INFO - Filling up the DagBag from /Library/Frameworks/Python.framework/Versions/3.9/lib/python3.9/site-packages/airflow/example_dags/example_setup_teardown_taskflow.py
[2025-01-04T20:35:30.506-0500] {processor.py:925} INFO - DAG(s) 'example_setup_teardown_taskflow' retrieved from /Library/Frameworks/Python.framework/Versions/3.9/lib/python3.9/site-packages/airflow/example_dags/example_setup_teardown_taskflow.py
[2025-01-04T20:35:30.555-0500] {logging_mixin.py:190} INFO - [2025-01-04T20:35:30.554-0500] {dag.py:3239} INFO - Sync 1 DAGs
[2025-01-04T20:35:30.562-0500] {logging_mixin.py:190} INFO - [2025-01-04T20:35:30.562-0500] {dag.py:4180} INFO - Setting next_dagrun for example_setup_teardown_taskflow to None, run_after=None
[2025-01-04T20:35:30.585-0500] {processor.py:208} INFO - Processing /Library/Frameworks/Python.framework/Versions/3.9/lib/python3.9/site-packages/airflow/example_dags/example_setup_teardown_taskflow.py took 0.102 seconds
[2025-01-04T20:37:18.338-0500] {processor.py:186} INFO - Started process (PID=1469) to work on /Library/Frameworks/Python.framework/Versions/3.9/lib/python3.9/site-packages/airflow/example_dags/example_setup_teardown_taskflow.py
[2025-01-04T20:37:18.340-0500] {processor.py:914} INFO - Processing file /Library/Frameworks/Python.framework/Versions/3.9/lib/python3.9/site-packages/airflow/example_dags/example_setup_teardown_taskflow.py for tasks to queue
[2025-01-04T20:37:18.340-0500] {logging_mixin.py:190} INFO - [2025-01-04T20:37:18.340-0500] {dagbag.py:588} INFO - Filling up the DagBag from /Library/Frameworks/Python.framework/Versions/3.9/lib/python3.9/site-packages/airflow/example_dags/example_setup_teardown_taskflow.py
[2025-01-04T20:37:18.363-0500] {processor.py:925} INFO - DAG(s) 'example_setup_teardown_taskflow' retrieved from /Library/Frameworks/Python.framework/Versions/3.9/lib/python3.9/site-packages/airflow/example_dags/example_setup_teardown_taskflow.py
[2025-01-04T20:37:18.410-0500] {logging_mixin.py:190} INFO - [2025-01-04T20:37:18.409-0500] {dag.py:3239} INFO - Sync 1 DAGs
[2025-01-04T20:37:18.415-0500] {logging_mixin.py:190} INFO - [2025-01-04T20:37:18.415-0500] {dag.py:4180} INFO - Setting next_dagrun for example_setup_teardown_taskflow to None, run_after=None
[2025-01-04T20:37:18.437-0500] {processor.py:208} INFO - Processing /Library/Frameworks/Python.framework/Versions/3.9/lib/python3.9/site-packages/airflow/example_dags/example_setup_teardown_taskflow.py took 0.103 seconds
[2025-01-04T20:39:00.766-0500] {processor.py:186} INFO - Started process (PID=1814) to work on /Library/Frameworks/Python.framework/Versions/3.9/lib/python3.9/site-packages/airflow/example_dags/example_setup_teardown_taskflow.py
[2025-01-04T20:39:00.767-0500] {processor.py:914} INFO - Processing file /Library/Frameworks/Python.framework/Versions/3.9/lib/python3.9/site-packages/airflow/example_dags/example_setup_teardown_taskflow.py for tasks to queue
[2025-01-04T20:39:00.768-0500] {logging_mixin.py:190} INFO - [2025-01-04T20:39:00.768-0500] {dagbag.py:588} INFO - Filling up the DagBag from /Library/Frameworks/Python.framework/Versions/3.9/lib/python3.9/site-packages/airflow/example_dags/example_setup_teardown_taskflow.py
[2025-01-04T20:39:00.799-0500] {processor.py:925} INFO - DAG(s) 'example_setup_teardown_taskflow' retrieved from /Library/Frameworks/Python.framework/Versions/3.9/lib/python3.9/site-packages/airflow/example_dags/example_setup_teardown_taskflow.py
[2025-01-04T20:39:00.870-0500] {logging_mixin.py:190} INFO - [2025-01-04T20:39:00.870-0500] {dag.py:3239} INFO - Sync 1 DAGs
[2025-01-04T20:39:00.878-0500] {logging_mixin.py:190} INFO - [2025-01-04T20:39:00.877-0500] {dag.py:4180} INFO - Setting next_dagrun for example_setup_teardown_taskflow to None, run_after=None
[2025-01-04T20:39:00.894-0500] {processor.py:208} INFO - Processing /Library/Frameworks/Python.framework/Versions/3.9/lib/python3.9/site-packages/airflow/example_dags/example_setup_teardown_taskflow.py took 0.130 seconds
[2025-01-04T20:40:41.116-0500] {processor.py:186} INFO - Started process (PID=2124) to work on /Library/Frameworks/Python.framework/Versions/3.9/lib/python3.9/site-packages/airflow/example_dags/example_setup_teardown_taskflow.py
[2025-01-04T20:40:41.117-0500] {processor.py:914} INFO - Processing file /Library/Frameworks/Python.framework/Versions/3.9/lib/python3.9/site-packages/airflow/example_dags/example_setup_teardown_taskflow.py for tasks to queue
[2025-01-04T20:40:41.118-0500] {logging_mixin.py:190} INFO - [2025-01-04T20:40:41.118-0500] {dagbag.py:588} INFO - Filling up the DagBag from /Library/Frameworks/Python.framework/Versions/3.9/lib/python3.9/site-packages/airflow/example_dags/example_setup_teardown_taskflow.py
[2025-01-04T20:40:41.138-0500] {processor.py:925} INFO - DAG(s) 'example_setup_teardown_taskflow' retrieved from /Library/Frameworks/Python.framework/Versions/3.9/lib/python3.9/site-packages/airflow/example_dags/example_setup_teardown_taskflow.py
[2025-01-04T20:40:41.186-0500] {logging_mixin.py:190} INFO - [2025-01-04T20:40:41.186-0500] {dag.py:3239} INFO - Sync 1 DAGs
[2025-01-04T20:40:41.191-0500] {logging_mixin.py:190} INFO - [2025-01-04T20:40:41.191-0500] {dag.py:4180} INFO - Setting next_dagrun for example_setup_teardown_taskflow to None, run_after=None
[2025-01-04T20:40:41.204-0500] {processor.py:208} INFO - Processing /Library/Frameworks/Python.framework/Versions/3.9/lib/python3.9/site-packages/airflow/example_dags/example_setup_teardown_taskflow.py took 0.090 seconds
[2025-01-04T20:42:21.526-0500] {processor.py:186} INFO - Started process (PID=2318) to work on /Library/Frameworks/Python.framework/Versions/3.9/lib/python3.9/site-packages/airflow/example_dags/example_setup_teardown_taskflow.py
[2025-01-04T20:42:21.528-0500] {processor.py:914} INFO - Processing file /Library/Frameworks/Python.framework/Versions/3.9/lib/python3.9/site-packages/airflow/example_dags/example_setup_teardown_taskflow.py for tasks to queue
[2025-01-04T20:42:21.531-0500] {logging_mixin.py:190} INFO - [2025-01-04T20:42:21.530-0500] {dagbag.py:588} INFO - Filling up the DagBag from /Library/Frameworks/Python.framework/Versions/3.9/lib/python3.9/site-packages/airflow/example_dags/example_setup_teardown_taskflow.py
[2025-01-04T20:42:21.565-0500] {processor.py:925} INFO - DAG(s) 'example_setup_teardown_taskflow' retrieved from /Library/Frameworks/Python.framework/Versions/3.9/lib/python3.9/site-packages/airflow/example_dags/example_setup_teardown_taskflow.py
[2025-01-04T20:42:21.703-0500] {logging_mixin.py:190} INFO - [2025-01-04T20:42:21.703-0500] {dag.py:3239} INFO - Sync 1 DAGs
[2025-01-04T20:42:21.709-0500] {logging_mixin.py:190} INFO - [2025-01-04T20:42:21.709-0500] {dag.py:4180} INFO - Setting next_dagrun for example_setup_teardown_taskflow to None, run_after=None
[2025-01-04T20:42:21.723-0500] {processor.py:208} INFO - Processing /Library/Frameworks/Python.framework/Versions/3.9/lib/python3.9/site-packages/airflow/example_dags/example_setup_teardown_taskflow.py took 0.199 seconds
[2025-01-04T20:44:05.164-0500] {processor.py:186} INFO - Started process (PID=2613) to work on /Library/Frameworks/Python.framework/Versions/3.9/lib/python3.9/site-packages/airflow/example_dags/example_setup_teardown_taskflow.py
[2025-01-04T20:44:05.165-0500] {processor.py:914} INFO - Processing file /Library/Frameworks/Python.framework/Versions/3.9/lib/python3.9/site-packages/airflow/example_dags/example_setup_teardown_taskflow.py for tasks to queue
[2025-01-04T20:44:05.165-0500] {logging_mixin.py:190} INFO - [2025-01-04T20:44:05.165-0500] {dagbag.py:588} INFO - Filling up the DagBag from /Library/Frameworks/Python.framework/Versions/3.9/lib/python3.9/site-packages/airflow/example_dags/example_setup_teardown_taskflow.py
[2025-01-04T20:44:05.183-0500] {processor.py:925} INFO - DAG(s) 'example_setup_teardown_taskflow' retrieved from /Library/Frameworks/Python.framework/Versions/3.9/lib/python3.9/site-packages/airflow/example_dags/example_setup_teardown_taskflow.py
[2025-01-04T20:44:05.294-0500] {logging_mixin.py:190} INFO - [2025-01-04T20:44:05.294-0500] {dag.py:3239} INFO - Sync 1 DAGs
[2025-01-04T20:44:05.300-0500] {logging_mixin.py:190} INFO - [2025-01-04T20:44:05.300-0500] {dag.py:4180} INFO - Setting next_dagrun for example_setup_teardown_taskflow to None, run_after=None
[2025-01-04T20:44:05.314-0500] {processor.py:208} INFO - Processing /Library/Frameworks/Python.framework/Versions/3.9/lib/python3.9/site-packages/airflow/example_dags/example_setup_teardown_taskflow.py took 0.153 seconds
[2025-01-04T20:46:01.682-0500] {processor.py:186} INFO - Started process (PID=2970) to work on /Library/Frameworks/Python.framework/Versions/3.9/lib/python3.9/site-packages/airflow/example_dags/example_setup_teardown_taskflow.py
[2025-01-04T20:46:01.683-0500] {processor.py:914} INFO - Processing file /Library/Frameworks/Python.framework/Versions/3.9/lib/python3.9/site-packages/airflow/example_dags/example_setup_teardown_taskflow.py for tasks to queue
[2025-01-04T20:46:01.684-0500] {logging_mixin.py:190} INFO - [2025-01-04T20:46:01.684-0500] {dagbag.py:588} INFO - Filling up the DagBag from /Library/Frameworks/Python.framework/Versions/3.9/lib/python3.9/site-packages/airflow/example_dags/example_setup_teardown_taskflow.py
[2025-01-04T20:46:01.715-0500] {processor.py:925} INFO - DAG(s) 'example_setup_teardown_taskflow' retrieved from /Library/Frameworks/Python.framework/Versions/3.9/lib/python3.9/site-packages/airflow/example_dags/example_setup_teardown_taskflow.py
[2025-01-04T20:46:01.771-0500] {logging_mixin.py:190} INFO - [2025-01-04T20:46:01.771-0500] {dag.py:3239} INFO - Sync 1 DAGs
[2025-01-04T20:46:01.777-0500] {logging_mixin.py:190} INFO - [2025-01-04T20:46:01.777-0500] {dag.py:4180} INFO - Setting next_dagrun for example_setup_teardown_taskflow to None, run_after=None
[2025-01-04T20:46:01.792-0500] {processor.py:208} INFO - Processing /Library/Frameworks/Python.framework/Versions/3.9/lib/python3.9/site-packages/airflow/example_dags/example_setup_teardown_taskflow.py took 0.112 seconds
[2025-01-04T20:47:54.556-0500] {processor.py:186} INFO - Started process (PID=3232) to work on /Library/Frameworks/Python.framework/Versions/3.9/lib/python3.9/site-packages/airflow/example_dags/example_setup_teardown_taskflow.py
[2025-01-04T20:47:54.558-0500] {processor.py:914} INFO - Processing file /Library/Frameworks/Python.framework/Versions/3.9/lib/python3.9/site-packages/airflow/example_dags/example_setup_teardown_taskflow.py for tasks to queue
[2025-01-04T20:47:54.560-0500] {logging_mixin.py:190} INFO - [2025-01-04T20:47:54.560-0500] {dagbag.py:588} INFO - Filling up the DagBag from /Library/Frameworks/Python.framework/Versions/3.9/lib/python3.9/site-packages/airflow/example_dags/example_setup_teardown_taskflow.py
[2025-01-04T20:47:54.581-0500] {processor.py:925} INFO - DAG(s) 'example_setup_teardown_taskflow' retrieved from /Library/Frameworks/Python.framework/Versions/3.9/lib/python3.9/site-packages/airflow/example_dags/example_setup_teardown_taskflow.py
[2025-01-04T20:47:54.655-0500] {logging_mixin.py:190} INFO - [2025-01-04T20:47:54.655-0500] {dag.py:3239} INFO - Sync 1 DAGs
[2025-01-04T20:47:54.661-0500] {logging_mixin.py:190} INFO - [2025-01-04T20:47:54.661-0500] {dag.py:4180} INFO - Setting next_dagrun for example_setup_teardown_taskflow to None, run_after=None
[2025-01-04T20:47:54.674-0500] {processor.py:208} INFO - Processing /Library/Frameworks/Python.framework/Versions/3.9/lib/python3.9/site-packages/airflow/example_dags/example_setup_teardown_taskflow.py took 0.123 seconds
[2025-01-04T20:49:46.814-0500] {processor.py:186} INFO - Started process (PID=3677) to work on /Library/Frameworks/Python.framework/Versions/3.9/lib/python3.9/site-packages/airflow/example_dags/example_setup_teardown_taskflow.py
[2025-01-04T20:49:46.815-0500] {processor.py:914} INFO - Processing file /Library/Frameworks/Python.framework/Versions/3.9/lib/python3.9/site-packages/airflow/example_dags/example_setup_teardown_taskflow.py for tasks to queue
[2025-01-04T20:49:46.816-0500] {logging_mixin.py:190} INFO - [2025-01-04T20:49:46.816-0500] {dagbag.py:588} INFO - Filling up the DagBag from /Library/Frameworks/Python.framework/Versions/3.9/lib/python3.9/site-packages/airflow/example_dags/example_setup_teardown_taskflow.py
[2025-01-04T20:49:46.869-0500] {processor.py:925} INFO - DAG(s) 'example_setup_teardown_taskflow' retrieved from /Library/Frameworks/Python.framework/Versions/3.9/lib/python3.9/site-packages/airflow/example_dags/example_setup_teardown_taskflow.py
[2025-01-04T20:49:46.935-0500] {logging_mixin.py:190} INFO - [2025-01-04T20:49:46.934-0500] {dag.py:3239} INFO - Sync 1 DAGs
[2025-01-04T20:49:46.942-0500] {logging_mixin.py:190} INFO - [2025-01-04T20:49:46.942-0500] {dag.py:4180} INFO - Setting next_dagrun for example_setup_teardown_taskflow to None, run_after=None
[2025-01-04T20:49:46.952-0500] {processor.py:208} INFO - Processing /Library/Frameworks/Python.framework/Versions/3.9/lib/python3.9/site-packages/airflow/example_dags/example_setup_teardown_taskflow.py took 0.141 seconds
