[2025-01-04T20:26:02.702-0500] {processor.py:186} INFO - Started process (PID=99268) to work on /Library/Frameworks/Python.framework/Versions/3.9/lib/python3.9/site-packages/airflow/example_dags/example_trigger_controller_dag.py
[2025-01-04T20:26:02.702-0500] {processor.py:914} INFO - Processing file /Library/Frameworks/Python.framework/Versions/3.9/lib/python3.9/site-packages/airflow/example_dags/example_trigger_controller_dag.py for tasks to queue
[2025-01-04T20:26:02.703-0500] {logging_mixin.py:190} INFO - [2025-01-04T20:26:02.702-0500] {dagbag.py:588} INFO - Filling up the DagBag from /Library/Frameworks/Python.framework/Versions/3.9/lib/python3.9/site-packages/airflow/example_dags/example_trigger_controller_dag.py
[2025-01-04T20:26:02.712-0500] {processor.py:925} INFO - DAG(s) 'example_trigger_controller_dag' retrieved from /Library/Frameworks/Python.framework/Versions/3.9/lib/python3.9/site-packages/airflow/example_dags/example_trigger_controller_dag.py
[2025-01-04T20:26:02.812-0500] {logging_mixin.py:190} INFO - [2025-01-04T20:26:02.811-0500] {override.py:1911} INFO - Created Permission View: can edit on DAG:example_trigger_controller_dag
[2025-01-04T20:26:02.817-0500] {logging_mixin.py:190} INFO - [2025-01-04T20:26:02.816-0500] {override.py:1911} INFO - Created Permission View: can read on DAG:example_trigger_controller_dag
[2025-01-04T20:26:02.823-0500] {logging_mixin.py:190} INFO - [2025-01-04T20:26:02.823-0500] {override.py:1911} INFO - Created Permission View: can delete on DAG:example_trigger_controller_dag
[2025-01-04T20:26:02.828-0500] {logging_mixin.py:190} INFO - [2025-01-04T20:26:02.828-0500] {override.py:1911} INFO - Created Permission View: can read on DAG Run:example_trigger_controller_dag
[2025-01-04T20:26:02.831-0500] {logging_mixin.py:190} INFO - [2025-01-04T20:26:02.831-0500] {override.py:1911} INFO - Created Permission View: can create on DAG Run:example_trigger_controller_dag
[2025-01-04T20:26:02.834-0500] {logging_mixin.py:190} INFO - [2025-01-04T20:26:02.834-0500] {override.py:1911} INFO - Created Permission View: menu access on DAG Run:example_trigger_controller_dag
[2025-01-04T20:26:02.837-0500] {logging_mixin.py:190} INFO - [2025-01-04T20:26:02.837-0500] {override.py:1911} INFO - Created Permission View: can delete on DAG Run:example_trigger_controller_dag
[2025-01-04T20:26:02.837-0500] {logging_mixin.py:190} INFO - [2025-01-04T20:26:02.837-0500] {dag.py:3239} INFO - Sync 1 DAGs
[2025-01-04T20:26:02.846-0500] {logging_mixin.py:190} INFO - [2025-01-04T20:26:02.845-0500] {dag.py:3262} INFO - Creating ORM DAG for example_trigger_controller_dag
[2025-01-04T20:26:02.850-0500] {logging_mixin.py:190} INFO - [2025-01-04T20:26:02.850-0500] {dag.py:4180} INFO - Setting next_dagrun for example_trigger_controller_dag to 2021-01-01 00:00:00+00:00, run_after=2021-01-01 00:00:00+00:00
[2025-01-04T20:26:02.864-0500] {processor.py:208} INFO - Processing /Library/Frameworks/Python.framework/Versions/3.9/lib/python3.9/site-packages/airflow/example_dags/example_trigger_controller_dag.py took 0.165 seconds
[2025-01-04T20:28:20.690-0500] {processor.py:186} INFO - Started process (PID=99635) to work on /Library/Frameworks/Python.framework/Versions/3.9/lib/python3.9/site-packages/airflow/example_dags/example_trigger_controller_dag.py
[2025-01-04T20:28:20.692-0500] {processor.py:914} INFO - Processing file /Library/Frameworks/Python.framework/Versions/3.9/lib/python3.9/site-packages/airflow/example_dags/example_trigger_controller_dag.py for tasks to queue
[2025-01-04T20:28:20.692-0500] {logging_mixin.py:190} INFO - [2025-01-04T20:28:20.692-0500] {dagbag.py:588} INFO - Filling up the DagBag from /Library/Frameworks/Python.framework/Versions/3.9/lib/python3.9/site-packages/airflow/example_dags/example_trigger_controller_dag.py
[2025-01-04T20:28:20.697-0500] {processor.py:925} INFO - DAG(s) 'example_trigger_controller_dag' retrieved from /Library/Frameworks/Python.framework/Versions/3.9/lib/python3.9/site-packages/airflow/example_dags/example_trigger_controller_dag.py
[2025-01-04T20:28:20.740-0500] {logging_mixin.py:190} INFO - [2025-01-04T20:28:20.739-0500] {dag.py:3239} INFO - Sync 1 DAGs
[2025-01-04T20:28:20.749-0500] {logging_mixin.py:190} INFO - [2025-01-04T20:28:20.749-0500] {dag.py:4180} INFO - Setting next_dagrun for example_trigger_controller_dag to 2021-01-01 00:00:00+00:00, run_after=2021-01-01 00:00:00+00:00
[2025-01-04T20:28:20.758-0500] {processor.py:208} INFO - Processing /Library/Frameworks/Python.framework/Versions/3.9/lib/python3.9/site-packages/airflow/example_dags/example_trigger_controller_dag.py took 0.069 seconds
[2025-01-04T20:29:56.853-0500] {processor.py:186} INFO - Started process (PID=99877) to work on /Library/Frameworks/Python.framework/Versions/3.9/lib/python3.9/site-packages/airflow/example_dags/example_trigger_controller_dag.py
[2025-01-04T20:29:56.854-0500] {processor.py:914} INFO - Processing file /Library/Frameworks/Python.framework/Versions/3.9/lib/python3.9/site-packages/airflow/example_dags/example_trigger_controller_dag.py for tasks to queue
[2025-01-04T20:29:56.855-0500] {logging_mixin.py:190} INFO - [2025-01-04T20:29:56.855-0500] {dagbag.py:588} INFO - Filling up the DagBag from /Library/Frameworks/Python.framework/Versions/3.9/lib/python3.9/site-packages/airflow/example_dags/example_trigger_controller_dag.py
[2025-01-04T20:29:56.863-0500] {processor.py:925} INFO - DAG(s) 'example_trigger_controller_dag' retrieved from /Library/Frameworks/Python.framework/Versions/3.9/lib/python3.9/site-packages/airflow/example_dags/example_trigger_controller_dag.py
[2025-01-04T20:29:56.905-0500] {logging_mixin.py:190} INFO - [2025-01-04T20:29:56.905-0500] {dag.py:3239} INFO - Sync 1 DAGs
[2025-01-04T20:29:56.912-0500] {logging_mixin.py:190} INFO - [2025-01-04T20:29:56.912-0500] {dag.py:4180} INFO - Setting next_dagrun for example_trigger_controller_dag to 2021-01-01 00:00:00+00:00, run_after=2021-01-01 00:00:00+00:00
[2025-01-04T20:29:56.920-0500] {processor.py:208} INFO - Processing /Library/Frameworks/Python.framework/Versions/3.9/lib/python3.9/site-packages/airflow/example_dags/example_trigger_controller_dag.py took 0.071 seconds
[2025-01-04T20:31:37.766-0500] {processor.py:186} INFO - Started process (PID=313) to work on /Library/Frameworks/Python.framework/Versions/3.9/lib/python3.9/site-packages/airflow/example_dags/example_trigger_controller_dag.py
[2025-01-04T20:31:37.768-0500] {processor.py:914} INFO - Processing file /Library/Frameworks/Python.framework/Versions/3.9/lib/python3.9/site-packages/airflow/example_dags/example_trigger_controller_dag.py for tasks to queue
[2025-01-04T20:31:37.769-0500] {logging_mixin.py:190} INFO - [2025-01-04T20:31:37.769-0500] {dagbag.py:588} INFO - Filling up the DagBag from /Library/Frameworks/Python.framework/Versions/3.9/lib/python3.9/site-packages/airflow/example_dags/example_trigger_controller_dag.py
[2025-01-04T20:31:37.781-0500] {processor.py:925} INFO - DAG(s) 'example_trigger_controller_dag' retrieved from /Library/Frameworks/Python.framework/Versions/3.9/lib/python3.9/site-packages/airflow/example_dags/example_trigger_controller_dag.py
[2025-01-04T20:31:37.857-0500] {logging_mixin.py:190} INFO - [2025-01-04T20:31:37.856-0500] {dag.py:3239} INFO - Sync 1 DAGs
[2025-01-04T20:31:37.868-0500] {logging_mixin.py:190} INFO - [2025-01-04T20:31:37.868-0500] {dag.py:4180} INFO - Setting next_dagrun for example_trigger_controller_dag to 2021-01-01 00:00:00+00:00, run_after=2021-01-01 00:00:00+00:00
[2025-01-04T20:31:37.880-0500] {processor.py:208} INFO - Processing /Library/Frameworks/Python.framework/Versions/3.9/lib/python3.9/site-packages/airflow/example_dags/example_trigger_controller_dag.py took 0.116 seconds
[2025-01-04T20:33:16.135-0500] {processor.py:186} INFO - Started process (PID=700) to work on /Library/Frameworks/Python.framework/Versions/3.9/lib/python3.9/site-packages/airflow/example_dags/example_trigger_controller_dag.py
[2025-01-04T20:33:16.137-0500] {processor.py:914} INFO - Processing file /Library/Frameworks/Python.framework/Versions/3.9/lib/python3.9/site-packages/airflow/example_dags/example_trigger_controller_dag.py for tasks to queue
[2025-01-04T20:33:16.137-0500] {logging_mixin.py:190} INFO - [2025-01-04T20:33:16.137-0500] {dagbag.py:588} INFO - Filling up the DagBag from /Library/Frameworks/Python.framework/Versions/3.9/lib/python3.9/site-packages/airflow/example_dags/example_trigger_controller_dag.py
[2025-01-04T20:33:16.142-0500] {processor.py:925} INFO - DAG(s) 'example_trigger_controller_dag' retrieved from /Library/Frameworks/Python.framework/Versions/3.9/lib/python3.9/site-packages/airflow/example_dags/example_trigger_controller_dag.py
[2025-01-04T20:33:16.195-0500] {logging_mixin.py:190} INFO - [2025-01-04T20:33:16.195-0500] {dag.py:3239} INFO - Sync 1 DAGs
[2025-01-04T20:33:16.204-0500] {logging_mixin.py:190} INFO - [2025-01-04T20:33:16.204-0500] {dag.py:4180} INFO - Setting next_dagrun for example_trigger_controller_dag to 2021-01-01 00:00:00+00:00, run_after=2021-01-01 00:00:00+00:00
[2025-01-04T20:33:16.214-0500] {processor.py:208} INFO - Processing /Library/Frameworks/Python.framework/Versions/3.9/lib/python3.9/site-packages/airflow/example_dags/example_trigger_controller_dag.py took 0.080 seconds
[2025-01-04T20:35:08.866-0500] {processor.py:186} INFO - Started process (PID=1061) to work on /Library/Frameworks/Python.framework/Versions/3.9/lib/python3.9/site-packages/airflow/example_dags/example_trigger_controller_dag.py
[2025-01-04T20:35:08.868-0500] {processor.py:914} INFO - Processing file /Library/Frameworks/Python.framework/Versions/3.9/lib/python3.9/site-packages/airflow/example_dags/example_trigger_controller_dag.py for tasks to queue
[2025-01-04T20:35:08.869-0500] {logging_mixin.py:190} INFO - [2025-01-04T20:35:08.869-0500] {dagbag.py:588} INFO - Filling up the DagBag from /Library/Frameworks/Python.framework/Versions/3.9/lib/python3.9/site-packages/airflow/example_dags/example_trigger_controller_dag.py
[2025-01-04T20:35:08.875-0500] {processor.py:925} INFO - DAG(s) 'example_trigger_controller_dag' retrieved from /Library/Frameworks/Python.framework/Versions/3.9/lib/python3.9/site-packages/airflow/example_dags/example_trigger_controller_dag.py
[2025-01-04T20:35:08.930-0500] {logging_mixin.py:190} INFO - [2025-01-04T20:35:08.929-0500] {dag.py:3239} INFO - Sync 1 DAGs
[2025-01-04T20:35:08.944-0500] {logging_mixin.py:190} INFO - [2025-01-04T20:35:08.943-0500] {dag.py:4180} INFO - Setting next_dagrun for example_trigger_controller_dag to 2021-01-01 00:00:00+00:00, run_after=2021-01-01 00:00:00+00:00
[2025-01-04T20:35:08.955-0500] {processor.py:208} INFO - Processing /Library/Frameworks/Python.framework/Versions/3.9/lib/python3.9/site-packages/airflow/example_dags/example_trigger_controller_dag.py took 0.091 seconds
[2025-01-04T20:36:56.390-0500] {processor.py:186} INFO - Started process (PID=1394) to work on /Library/Frameworks/Python.framework/Versions/3.9/lib/python3.9/site-packages/airflow/example_dags/example_trigger_controller_dag.py
[2025-01-04T20:36:56.391-0500] {processor.py:914} INFO - Processing file /Library/Frameworks/Python.framework/Versions/3.9/lib/python3.9/site-packages/airflow/example_dags/example_trigger_controller_dag.py for tasks to queue
[2025-01-04T20:36:56.391-0500] {logging_mixin.py:190} INFO - [2025-01-04T20:36:56.391-0500] {dagbag.py:588} INFO - Filling up the DagBag from /Library/Frameworks/Python.framework/Versions/3.9/lib/python3.9/site-packages/airflow/example_dags/example_trigger_controller_dag.py
[2025-01-04T20:36:56.397-0500] {processor.py:925} INFO - DAG(s) 'example_trigger_controller_dag' retrieved from /Library/Frameworks/Python.framework/Versions/3.9/lib/python3.9/site-packages/airflow/example_dags/example_trigger_controller_dag.py
[2025-01-04T20:36:56.445-0500] {logging_mixin.py:190} INFO - [2025-01-04T20:36:56.444-0500] {dag.py:3239} INFO - Sync 1 DAGs
[2025-01-04T20:36:56.453-0500] {logging_mixin.py:190} INFO - [2025-01-04T20:36:56.453-0500] {dag.py:4180} INFO - Setting next_dagrun for example_trigger_controller_dag to 2021-01-01 00:00:00+00:00, run_after=2021-01-01 00:00:00+00:00
[2025-01-04T20:36:56.462-0500] {processor.py:208} INFO - Processing /Library/Frameworks/Python.framework/Versions/3.9/lib/python3.9/site-packages/airflow/example_dags/example_trigger_controller_dag.py took 0.074 seconds
[2025-01-04T20:38:33.558-0500] {processor.py:186} INFO - Started process (PID=1729) to work on /Library/Frameworks/Python.framework/Versions/3.9/lib/python3.9/site-packages/airflow/example_dags/example_trigger_controller_dag.py
[2025-01-04T20:38:33.560-0500] {processor.py:914} INFO - Processing file /Library/Frameworks/Python.framework/Versions/3.9/lib/python3.9/site-packages/airflow/example_dags/example_trigger_controller_dag.py for tasks to queue
[2025-01-04T20:38:33.561-0500] {logging_mixin.py:190} INFO - [2025-01-04T20:38:33.561-0500] {dagbag.py:588} INFO - Filling up the DagBag from /Library/Frameworks/Python.framework/Versions/3.9/lib/python3.9/site-packages/airflow/example_dags/example_trigger_controller_dag.py
[2025-01-04T20:38:33.567-0500] {processor.py:925} INFO - DAG(s) 'example_trigger_controller_dag' retrieved from /Library/Frameworks/Python.framework/Versions/3.9/lib/python3.9/site-packages/airflow/example_dags/example_trigger_controller_dag.py
[2025-01-04T20:38:33.628-0500] {logging_mixin.py:190} INFO - [2025-01-04T20:38:33.628-0500] {dag.py:3239} INFO - Sync 1 DAGs
[2025-01-04T20:38:33.638-0500] {logging_mixin.py:190} INFO - [2025-01-04T20:38:33.638-0500] {dag.py:4180} INFO - Setting next_dagrun for example_trigger_controller_dag to 2021-01-01 00:00:00+00:00, run_after=2021-01-01 00:00:00+00:00
[2025-01-04T20:38:33.650-0500] {processor.py:208} INFO - Processing /Library/Frameworks/Python.framework/Versions/3.9/lib/python3.9/site-packages/airflow/example_dags/example_trigger_controller_dag.py took 0.094 seconds
[2025-01-04T20:40:18.381-0500] {processor.py:186} INFO - Started process (PID=2050) to work on /Library/Frameworks/Python.framework/Versions/3.9/lib/python3.9/site-packages/airflow/example_dags/example_trigger_controller_dag.py
[2025-01-04T20:40:18.382-0500] {processor.py:914} INFO - Processing file /Library/Frameworks/Python.framework/Versions/3.9/lib/python3.9/site-packages/airflow/example_dags/example_trigger_controller_dag.py for tasks to queue
[2025-01-04T20:40:18.383-0500] {logging_mixin.py:190} INFO - [2025-01-04T20:40:18.383-0500] {dagbag.py:588} INFO - Filling up the DagBag from /Library/Frameworks/Python.framework/Versions/3.9/lib/python3.9/site-packages/airflow/example_dags/example_trigger_controller_dag.py
[2025-01-04T20:40:18.392-0500] {processor.py:925} INFO - DAG(s) 'example_trigger_controller_dag' retrieved from /Library/Frameworks/Python.framework/Versions/3.9/lib/python3.9/site-packages/airflow/example_dags/example_trigger_controller_dag.py
[2025-01-04T20:40:18.440-0500] {logging_mixin.py:190} INFO - [2025-01-04T20:40:18.440-0500] {dag.py:3239} INFO - Sync 1 DAGs
[2025-01-04T20:40:18.449-0500] {logging_mixin.py:190} INFO - [2025-01-04T20:40:18.448-0500] {dag.py:4180} INFO - Setting next_dagrun for example_trigger_controller_dag to 2021-01-01 00:00:00+00:00, run_after=2021-01-01 00:00:00+00:00
[2025-01-04T20:40:18.468-0500] {processor.py:208} INFO - Processing /Library/Frameworks/Python.framework/Versions/3.9/lib/python3.9/site-packages/airflow/example_dags/example_trigger_controller_dag.py took 0.089 seconds
[2025-01-04T20:41:59.152-0500] {processor.py:186} INFO - Started process (PID=2265) to work on /Library/Frameworks/Python.framework/Versions/3.9/lib/python3.9/site-packages/airflow/example_dags/example_trigger_controller_dag.py
[2025-01-04T20:41:59.153-0500] {processor.py:914} INFO - Processing file /Library/Frameworks/Python.framework/Versions/3.9/lib/python3.9/site-packages/airflow/example_dags/example_trigger_controller_dag.py for tasks to queue
[2025-01-04T20:41:59.153-0500] {logging_mixin.py:190} INFO - [2025-01-04T20:41:59.153-0500] {dagbag.py:588} INFO - Filling up the DagBag from /Library/Frameworks/Python.framework/Versions/3.9/lib/python3.9/site-packages/airflow/example_dags/example_trigger_controller_dag.py
[2025-01-04T20:41:59.158-0500] {processor.py:925} INFO - DAG(s) 'example_trigger_controller_dag' retrieved from /Library/Frameworks/Python.framework/Versions/3.9/lib/python3.9/site-packages/airflow/example_dags/example_trigger_controller_dag.py
[2025-01-04T20:41:59.202-0500] {logging_mixin.py:190} INFO - [2025-01-04T20:41:59.201-0500] {dag.py:3239} INFO - Sync 1 DAGs
[2025-01-04T20:41:59.209-0500] {logging_mixin.py:190} INFO - [2025-01-04T20:41:59.209-0500] {dag.py:4180} INFO - Setting next_dagrun for example_trigger_controller_dag to 2021-01-01 00:00:00+00:00, run_after=2021-01-01 00:00:00+00:00
[2025-01-04T20:41:59.220-0500] {processor.py:208} INFO - Processing /Library/Frameworks/Python.framework/Versions/3.9/lib/python3.9/site-packages/airflow/example_dags/example_trigger_controller_dag.py took 0.070 seconds
[2025-01-04T20:43:45.931-0500] {processor.py:186} INFO - Started process (PID=2559) to work on /Library/Frameworks/Python.framework/Versions/3.9/lib/python3.9/site-packages/airflow/example_dags/example_trigger_controller_dag.py
[2025-01-04T20:43:45.938-0500] {processor.py:914} INFO - Processing file /Library/Frameworks/Python.framework/Versions/3.9/lib/python3.9/site-packages/airflow/example_dags/example_trigger_controller_dag.py for tasks to queue
[2025-01-04T20:43:45.940-0500] {logging_mixin.py:190} INFO - [2025-01-04T20:43:45.940-0500] {dagbag.py:588} INFO - Filling up the DagBag from /Library/Frameworks/Python.framework/Versions/3.9/lib/python3.9/site-packages/airflow/example_dags/example_trigger_controller_dag.py
[2025-01-04T20:43:45.952-0500] {processor.py:925} INFO - DAG(s) 'example_trigger_controller_dag' retrieved from /Library/Frameworks/Python.framework/Versions/3.9/lib/python3.9/site-packages/airflow/example_dags/example_trigger_controller_dag.py
[2025-01-04T20:43:46.038-0500] {logging_mixin.py:190} INFO - [2025-01-04T20:43:46.037-0500] {dag.py:3239} INFO - Sync 1 DAGs
[2025-01-04T20:43:46.049-0500] {logging_mixin.py:190} INFO - [2025-01-04T20:43:46.048-0500] {dag.py:4180} INFO - Setting next_dagrun for example_trigger_controller_dag to 2021-01-01 00:00:00+00:00, run_after=2021-01-01 00:00:00+00:00
[2025-01-04T20:43:46.082-0500] {processor.py:208} INFO - Processing /Library/Frameworks/Python.framework/Versions/3.9/lib/python3.9/site-packages/airflow/example_dags/example_trigger_controller_dag.py took 0.158 seconds
[2025-01-04T20:45:36.092-0500] {processor.py:186} INFO - Started process (PID=2880) to work on /Library/Frameworks/Python.framework/Versions/3.9/lib/python3.9/site-packages/airflow/example_dags/example_trigger_controller_dag.py
[2025-01-04T20:45:36.093-0500] {processor.py:914} INFO - Processing file /Library/Frameworks/Python.framework/Versions/3.9/lib/python3.9/site-packages/airflow/example_dags/example_trigger_controller_dag.py for tasks to queue
[2025-01-04T20:45:36.093-0500] {logging_mixin.py:190} INFO - [2025-01-04T20:45:36.093-0500] {dagbag.py:588} INFO - Filling up the DagBag from /Library/Frameworks/Python.framework/Versions/3.9/lib/python3.9/site-packages/airflow/example_dags/example_trigger_controller_dag.py
[2025-01-04T20:45:36.100-0500] {processor.py:925} INFO - DAG(s) 'example_trigger_controller_dag' retrieved from /Library/Frameworks/Python.framework/Versions/3.9/lib/python3.9/site-packages/airflow/example_dags/example_trigger_controller_dag.py
[2025-01-04T20:45:36.142-0500] {logging_mixin.py:190} INFO - [2025-01-04T20:45:36.142-0500] {dag.py:3239} INFO - Sync 1 DAGs
[2025-01-04T20:45:36.150-0500] {logging_mixin.py:190} INFO - [2025-01-04T20:45:36.150-0500] {dag.py:4180} INFO - Setting next_dagrun for example_trigger_controller_dag to 2021-01-01 00:00:00+00:00, run_after=2021-01-01 00:00:00+00:00
[2025-01-04T20:45:36.160-0500] {processor.py:208} INFO - Processing /Library/Frameworks/Python.framework/Versions/3.9/lib/python3.9/site-packages/airflow/example_dags/example_trigger_controller_dag.py took 0.071 seconds
[2025-01-04T20:47:29.209-0500] {processor.py:186} INFO - Started process (PID=3196) to work on /Library/Frameworks/Python.framework/Versions/3.9/lib/python3.9/site-packages/airflow/example_dags/example_trigger_controller_dag.py
[2025-01-04T20:47:29.211-0500] {processor.py:914} INFO - Processing file /Library/Frameworks/Python.framework/Versions/3.9/lib/python3.9/site-packages/airflow/example_dags/example_trigger_controller_dag.py for tasks to queue
[2025-01-04T20:47:29.212-0500] {logging_mixin.py:190} INFO - [2025-01-04T20:47:29.212-0500] {dagbag.py:588} INFO - Filling up the DagBag from /Library/Frameworks/Python.framework/Versions/3.9/lib/python3.9/site-packages/airflow/example_dags/example_trigger_controller_dag.py
[2025-01-04T20:47:29.221-0500] {processor.py:925} INFO - DAG(s) 'example_trigger_controller_dag' retrieved from /Library/Frameworks/Python.framework/Versions/3.9/lib/python3.9/site-packages/airflow/example_dags/example_trigger_controller_dag.py
[2025-01-04T20:47:29.283-0500] {logging_mixin.py:190} INFO - [2025-01-04T20:47:29.282-0500] {dag.py:3239} INFO - Sync 1 DAGs
[2025-01-04T20:47:29.295-0500] {logging_mixin.py:190} INFO - [2025-01-04T20:47:29.294-0500] {dag.py:4180} INFO - Setting next_dagrun for example_trigger_controller_dag to 2021-01-01 00:00:00+00:00, run_after=2021-01-01 00:00:00+00:00
[2025-01-04T20:47:29.308-0500] {processor.py:208} INFO - Processing /Library/Frameworks/Python.framework/Versions/3.9/lib/python3.9/site-packages/airflow/example_dags/example_trigger_controller_dag.py took 0.101 seconds
[2025-01-04T20:49:27.698-0500] {processor.py:186} INFO - Started process (PID=3590) to work on /Library/Frameworks/Python.framework/Versions/3.9/lib/python3.9/site-packages/airflow/example_dags/example_trigger_controller_dag.py
[2025-01-04T20:49:27.699-0500] {processor.py:914} INFO - Processing file /Library/Frameworks/Python.framework/Versions/3.9/lib/python3.9/site-packages/airflow/example_dags/example_trigger_controller_dag.py for tasks to queue
[2025-01-04T20:49:27.700-0500] {logging_mixin.py:190} INFO - [2025-01-04T20:49:27.700-0500] {dagbag.py:588} INFO - Filling up the DagBag from /Library/Frameworks/Python.framework/Versions/3.9/lib/python3.9/site-packages/airflow/example_dags/example_trigger_controller_dag.py
[2025-01-04T20:49:27.706-0500] {processor.py:925} INFO - DAG(s) 'example_trigger_controller_dag' retrieved from /Library/Frameworks/Python.framework/Versions/3.9/lib/python3.9/site-packages/airflow/example_dags/example_trigger_controller_dag.py
[2025-01-04T20:49:27.754-0500] {logging_mixin.py:190} INFO - [2025-01-04T20:49:27.754-0500] {dag.py:3239} INFO - Sync 1 DAGs
[2025-01-04T20:49:27.762-0500] {logging_mixin.py:190} INFO - [2025-01-04T20:49:27.762-0500] {dag.py:4180} INFO - Setting next_dagrun for example_trigger_controller_dag to 2021-01-01 00:00:00+00:00, run_after=2021-01-01 00:00:00+00:00
[2025-01-04T20:49:27.772-0500] {processor.py:208} INFO - Processing /Library/Frameworks/Python.framework/Versions/3.9/lib/python3.9/site-packages/airflow/example_dags/example_trigger_controller_dag.py took 0.077 seconds
