[2025-01-04T20:26:23.298-0500] {processor.py:186} INFO - Started process (PID=99327) to work on /Library/Frameworks/Python.framework/Versions/3.9/lib/python3.9/site-packages/airflow/example_dags/example_short_circuit_operator.py
[2025-01-04T20:26:23.299-0500] {processor.py:914} INFO - Processing file /Library/Frameworks/Python.framework/Versions/3.9/lib/python3.9/site-packages/airflow/example_dags/example_short_circuit_operator.py for tasks to queue
[2025-01-04T20:26:23.301-0500] {logging_mixin.py:190} INFO - [2025-01-04T20:26:23.301-0500] {dagbag.py:588} INFO - Filling up the DagBag from /Library/Frameworks/Python.framework/Versions/3.9/lib/python3.9/site-packages/airflow/example_dags/example_short_circuit_operator.py
[2025-01-04T20:26:23.334-0500] {processor.py:925} INFO - DAG(s) 'example_short_circuit_operator' retrieved from /Library/Frameworks/Python.framework/Versions/3.9/lib/python3.9/site-packages/airflow/example_dags/example_short_circuit_operator.py
[2025-01-04T20:26:23.426-0500] {logging_mixin.py:190} INFO - [2025-01-04T20:26:23.425-0500] {override.py:1911} INFO - Created Permission View: can edit on DAG:example_short_circuit_operator
[2025-01-04T20:26:23.430-0500] {logging_mixin.py:190} INFO - [2025-01-04T20:26:23.430-0500] {override.py:1911} INFO - Created Permission View: can delete on DAG:example_short_circuit_operator
[2025-01-04T20:26:23.432-0500] {logging_mixin.py:190} INFO - [2025-01-04T20:26:23.432-0500] {override.py:1911} INFO - Created Permission View: can read on DAG:example_short_circuit_operator
[2025-01-04T20:26:23.435-0500] {logging_mixin.py:190} INFO - [2025-01-04T20:26:23.435-0500] {override.py:1911} INFO - Created Permission View: menu access on DAG Run:example_short_circuit_operator
[2025-01-04T20:26:23.438-0500] {logging_mixin.py:190} INFO - [2025-01-04T20:26:23.438-0500] {override.py:1911} INFO - Created Permission View: can delete on DAG Run:example_short_circuit_operator
[2025-01-04T20:26:23.440-0500] {logging_mixin.py:190} INFO - [2025-01-04T20:26:23.440-0500] {override.py:1911} INFO - Created Permission View: can read on DAG Run:example_short_circuit_operator
[2025-01-04T20:26:23.443-0500] {logging_mixin.py:190} INFO - [2025-01-04T20:26:23.443-0500] {override.py:1911} INFO - Created Permission View: can create on DAG Run:example_short_circuit_operator
[2025-01-04T20:26:23.443-0500] {logging_mixin.py:190} INFO - [2025-01-04T20:26:23.443-0500] {dag.py:3239} INFO - Sync 1 DAGs
[2025-01-04T20:26:23.448-0500] {logging_mixin.py:190} INFO - [2025-01-04T20:26:23.448-0500] {dag.py:3262} INFO - Creating ORM DAG for example_short_circuit_operator
[2025-01-04T20:26:23.448-0500] {logging_mixin.py:190} INFO - [2025-01-04T20:26:23.448-0500] {dag.py:4180} INFO - Setting next_dagrun for example_short_circuit_operator to None, run_after=None
[2025-01-04T20:26:23.457-0500] {processor.py:208} INFO - Processing /Library/Frameworks/Python.framework/Versions/3.9/lib/python3.9/site-packages/airflow/example_dags/example_short_circuit_operator.py took 0.163 seconds
[2025-01-04T20:28:35.268-0500] {processor.py:186} INFO - Started process (PID=99668) to work on /Library/Frameworks/Python.framework/Versions/3.9/lib/python3.9/site-packages/airflow/example_dags/example_short_circuit_operator.py
[2025-01-04T20:28:35.269-0500] {processor.py:914} INFO - Processing file /Library/Frameworks/Python.framework/Versions/3.9/lib/python3.9/site-packages/airflow/example_dags/example_short_circuit_operator.py for tasks to queue
[2025-01-04T20:28:35.269-0500] {logging_mixin.py:190} INFO - [2025-01-04T20:28:35.269-0500] {dagbag.py:588} INFO - Filling up the DagBag from /Library/Frameworks/Python.framework/Versions/3.9/lib/python3.9/site-packages/airflow/example_dags/example_short_circuit_operator.py
[2025-01-04T20:28:35.282-0500] {processor.py:925} INFO - DAG(s) 'example_short_circuit_operator' retrieved from /Library/Frameworks/Python.framework/Versions/3.9/lib/python3.9/site-packages/airflow/example_dags/example_short_circuit_operator.py
[2025-01-04T20:28:35.334-0500] {logging_mixin.py:190} INFO - [2025-01-04T20:28:35.334-0500] {dag.py:3239} INFO - Sync 1 DAGs
[2025-01-04T20:28:35.340-0500] {logging_mixin.py:190} INFO - [2025-01-04T20:28:35.340-0500] {dag.py:4180} INFO - Setting next_dagrun for example_short_circuit_operator to None, run_after=None
[2025-01-04T20:28:35.350-0500] {processor.py:208} INFO - Processing /Library/Frameworks/Python.framework/Versions/3.9/lib/python3.9/site-packages/airflow/example_dags/example_short_circuit_operator.py took 0.083 seconds
[2025-01-04T20:30:12.550-0500] {processor.py:186} INFO - Started process (PID=99919) to work on /Library/Frameworks/Python.framework/Versions/3.9/lib/python3.9/site-packages/airflow/example_dags/example_short_circuit_operator.py
[2025-01-04T20:30:12.551-0500] {processor.py:914} INFO - Processing file /Library/Frameworks/Python.framework/Versions/3.9/lib/python3.9/site-packages/airflow/example_dags/example_short_circuit_operator.py for tasks to queue
[2025-01-04T20:30:12.552-0500] {logging_mixin.py:190} INFO - [2025-01-04T20:30:12.552-0500] {dagbag.py:588} INFO - Filling up the DagBag from /Library/Frameworks/Python.framework/Versions/3.9/lib/python3.9/site-packages/airflow/example_dags/example_short_circuit_operator.py
[2025-01-04T20:30:12.568-0500] {processor.py:925} INFO - DAG(s) 'example_short_circuit_operator' retrieved from /Library/Frameworks/Python.framework/Versions/3.9/lib/python3.9/site-packages/airflow/example_dags/example_short_circuit_operator.py
[2025-01-04T20:30:12.614-0500] {logging_mixin.py:190} INFO - [2025-01-04T20:30:12.614-0500] {dag.py:3239} INFO - Sync 1 DAGs
[2025-01-04T20:30:12.620-0500] {logging_mixin.py:190} INFO - [2025-01-04T20:30:12.620-0500] {dag.py:4180} INFO - Setting next_dagrun for example_short_circuit_operator to None, run_after=None
[2025-01-04T20:30:12.633-0500] {processor.py:208} INFO - Processing /Library/Frameworks/Python.framework/Versions/3.9/lib/python3.9/site-packages/airflow/example_dags/example_short_circuit_operator.py took 0.085 seconds
[2025-01-04T20:31:53.146-0500] {processor.py:186} INFO - Started process (PID=365) to work on /Library/Frameworks/Python.framework/Versions/3.9/lib/python3.9/site-packages/airflow/example_dags/example_short_circuit_operator.py
[2025-01-04T20:31:53.147-0500] {processor.py:914} INFO - Processing file /Library/Frameworks/Python.framework/Versions/3.9/lib/python3.9/site-packages/airflow/example_dags/example_short_circuit_operator.py for tasks to queue
[2025-01-04T20:31:53.148-0500] {logging_mixin.py:190} INFO - [2025-01-04T20:31:53.148-0500] {dagbag.py:588} INFO - Filling up the DagBag from /Library/Frameworks/Python.framework/Versions/3.9/lib/python3.9/site-packages/airflow/example_dags/example_short_circuit_operator.py
[2025-01-04T20:31:53.160-0500] {processor.py:925} INFO - DAG(s) 'example_short_circuit_operator' retrieved from /Library/Frameworks/Python.framework/Versions/3.9/lib/python3.9/site-packages/airflow/example_dags/example_short_circuit_operator.py
[2025-01-04T20:31:53.203-0500] {logging_mixin.py:190} INFO - [2025-01-04T20:31:53.203-0500] {dag.py:3239} INFO - Sync 1 DAGs
[2025-01-04T20:31:53.207-0500] {logging_mixin.py:190} INFO - [2025-01-04T20:31:53.207-0500] {dag.py:4180} INFO - Setting next_dagrun for example_short_circuit_operator to None, run_after=None
[2025-01-04T20:31:53.217-0500] {processor.py:208} INFO - Processing /Library/Frameworks/Python.framework/Versions/3.9/lib/python3.9/site-packages/airflow/example_dags/example_short_circuit_operator.py took 0.078 seconds
[2025-01-04T20:33:33.993-0500] {processor.py:186} INFO - Started process (PID=757) to work on /Library/Frameworks/Python.framework/Versions/3.9/lib/python3.9/site-packages/airflow/example_dags/example_short_circuit_operator.py
[2025-01-04T20:33:33.995-0500] {processor.py:914} INFO - Processing file /Library/Frameworks/Python.framework/Versions/3.9/lib/python3.9/site-packages/airflow/example_dags/example_short_circuit_operator.py for tasks to queue
[2025-01-04T20:33:33.995-0500] {logging_mixin.py:190} INFO - [2025-01-04T20:33:33.995-0500] {dagbag.py:588} INFO - Filling up the DagBag from /Library/Frameworks/Python.framework/Versions/3.9/lib/python3.9/site-packages/airflow/example_dags/example_short_circuit_operator.py
[2025-01-04T20:33:34.008-0500] {processor.py:925} INFO - DAG(s) 'example_short_circuit_operator' retrieved from /Library/Frameworks/Python.framework/Versions/3.9/lib/python3.9/site-packages/airflow/example_dags/example_short_circuit_operator.py
[2025-01-04T20:33:34.052-0500] {logging_mixin.py:190} INFO - [2025-01-04T20:33:34.052-0500] {dag.py:3239} INFO - Sync 1 DAGs
[2025-01-04T20:33:34.056-0500] {logging_mixin.py:190} INFO - [2025-01-04T20:33:34.056-0500] {dag.py:4180} INFO - Setting next_dagrun for example_short_circuit_operator to None, run_after=None
[2025-01-04T20:33:34.072-0500] {processor.py:208} INFO - Processing /Library/Frameworks/Python.framework/Versions/3.9/lib/python3.9/site-packages/airflow/example_dags/example_short_circuit_operator.py took 0.080 seconds
[2025-01-04T20:35:24.892-0500] {processor.py:186} INFO - Started process (PID=1114) to work on /Library/Frameworks/Python.framework/Versions/3.9/lib/python3.9/site-packages/airflow/example_dags/example_short_circuit_operator.py
[2025-01-04T20:35:24.894-0500] {processor.py:914} INFO - Processing file /Library/Frameworks/Python.framework/Versions/3.9/lib/python3.9/site-packages/airflow/example_dags/example_short_circuit_operator.py for tasks to queue
[2025-01-04T20:35:24.895-0500] {logging_mixin.py:190} INFO - [2025-01-04T20:35:24.895-0500] {dagbag.py:588} INFO - Filling up the DagBag from /Library/Frameworks/Python.framework/Versions/3.9/lib/python3.9/site-packages/airflow/example_dags/example_short_circuit_operator.py
[2025-01-04T20:35:24.906-0500] {processor.py:925} INFO - DAG(s) 'example_short_circuit_operator' retrieved from /Library/Frameworks/Python.framework/Versions/3.9/lib/python3.9/site-packages/airflow/example_dags/example_short_circuit_operator.py
[2025-01-04T20:35:24.950-0500] {logging_mixin.py:190} INFO - [2025-01-04T20:35:24.950-0500] {dag.py:3239} INFO - Sync 1 DAGs
[2025-01-04T20:35:24.968-0500] {logging_mixin.py:190} INFO - [2025-01-04T20:35:24.968-0500] {dag.py:4180} INFO - Setting next_dagrun for example_short_circuit_operator to None, run_after=None
[2025-01-04T20:35:24.995-0500] {processor.py:208} INFO - Processing /Library/Frameworks/Python.framework/Versions/3.9/lib/python3.9/site-packages/airflow/example_dags/example_short_circuit_operator.py took 0.105 seconds
[2025-01-04T20:37:14.487-0500] {processor.py:186} INFO - Started process (PID=1452) to work on /Library/Frameworks/Python.framework/Versions/3.9/lib/python3.9/site-packages/airflow/example_dags/example_short_circuit_operator.py
[2025-01-04T20:37:14.490-0500] {processor.py:914} INFO - Processing file /Library/Frameworks/Python.framework/Versions/3.9/lib/python3.9/site-packages/airflow/example_dags/example_short_circuit_operator.py for tasks to queue
[2025-01-04T20:37:14.490-0500] {logging_mixin.py:190} INFO - [2025-01-04T20:37:14.490-0500] {dagbag.py:588} INFO - Filling up the DagBag from /Library/Frameworks/Python.framework/Versions/3.9/lib/python3.9/site-packages/airflow/example_dags/example_short_circuit_operator.py
[2025-01-04T20:37:14.503-0500] {processor.py:925} INFO - DAG(s) 'example_short_circuit_operator' retrieved from /Library/Frameworks/Python.framework/Versions/3.9/lib/python3.9/site-packages/airflow/example_dags/example_short_circuit_operator.py
[2025-01-04T20:37:14.553-0500] {logging_mixin.py:190} INFO - [2025-01-04T20:37:14.553-0500] {dag.py:3239} INFO - Sync 1 DAGs
[2025-01-04T20:37:14.557-0500] {logging_mixin.py:190} INFO - [2025-01-04T20:37:14.557-0500] {dag.py:4180} INFO - Setting next_dagrun for example_short_circuit_operator to None, run_after=None
[2025-01-04T20:37:14.566-0500] {processor.py:208} INFO - Processing /Library/Frameworks/Python.framework/Versions/3.9/lib/python3.9/site-packages/airflow/example_dags/example_short_circuit_operator.py took 0.081 seconds
[2025-01-04T20:38:54.635-0500] {processor.py:186} INFO - Started process (PID=1801) to work on /Library/Frameworks/Python.framework/Versions/3.9/lib/python3.9/site-packages/airflow/example_dags/example_short_circuit_operator.py
[2025-01-04T20:38:54.638-0500] {processor.py:914} INFO - Processing file /Library/Frameworks/Python.framework/Versions/3.9/lib/python3.9/site-packages/airflow/example_dags/example_short_circuit_operator.py for tasks to queue
[2025-01-04T20:38:54.749-0500] {logging_mixin.py:190} INFO - [2025-01-04T20:38:54.745-0500] {dagbag.py:588} INFO - Filling up the DagBag from /Library/Frameworks/Python.framework/Versions/3.9/lib/python3.9/site-packages/airflow/example_dags/example_short_circuit_operator.py
[2025-01-04T20:38:54.849-0500] {processor.py:925} INFO - DAG(s) 'example_short_circuit_operator' retrieved from /Library/Frameworks/Python.framework/Versions/3.9/lib/python3.9/site-packages/airflow/example_dags/example_short_circuit_operator.py
[2025-01-04T20:38:54.989-0500] {logging_mixin.py:190} INFO - [2025-01-04T20:38:54.989-0500] {dag.py:3239} INFO - Sync 1 DAGs
[2025-01-04T20:38:54.999-0500] {logging_mixin.py:190} INFO - [2025-01-04T20:38:54.999-0500] {dag.py:4180} INFO - Setting next_dagrun for example_short_circuit_operator to None, run_after=None
[2025-01-04T20:38:55.031-0500] {processor.py:208} INFO - Processing /Library/Frameworks/Python.framework/Versions/3.9/lib/python3.9/site-packages/airflow/example_dags/example_short_circuit_operator.py took 0.402 seconds
[2025-01-04T20:40:35.884-0500] {processor.py:186} INFO - Started process (PID=2109) to work on /Library/Frameworks/Python.framework/Versions/3.9/lib/python3.9/site-packages/airflow/example_dags/example_short_circuit_operator.py
[2025-01-04T20:40:35.885-0500] {processor.py:914} INFO - Processing file /Library/Frameworks/Python.framework/Versions/3.9/lib/python3.9/site-packages/airflow/example_dags/example_short_circuit_operator.py for tasks to queue
[2025-01-04T20:40:35.885-0500] {logging_mixin.py:190} INFO - [2025-01-04T20:40:35.885-0500] {dagbag.py:588} INFO - Filling up the DagBag from /Library/Frameworks/Python.framework/Versions/3.9/lib/python3.9/site-packages/airflow/example_dags/example_short_circuit_operator.py
[2025-01-04T20:40:35.898-0500] {processor.py:925} INFO - DAG(s) 'example_short_circuit_operator' retrieved from /Library/Frameworks/Python.framework/Versions/3.9/lib/python3.9/site-packages/airflow/example_dags/example_short_circuit_operator.py
[2025-01-04T20:40:35.944-0500] {logging_mixin.py:190} INFO - [2025-01-04T20:40:35.943-0500] {dag.py:3239} INFO - Sync 1 DAGs
[2025-01-04T20:40:35.948-0500] {logging_mixin.py:190} INFO - [2025-01-04T20:40:35.948-0500] {dag.py:4180} INFO - Setting next_dagrun for example_short_circuit_operator to None, run_after=None
[2025-01-04T20:40:35.962-0500] {processor.py:208} INFO - Processing /Library/Frameworks/Python.framework/Versions/3.9/lib/python3.9/site-packages/airflow/example_dags/example_short_circuit_operator.py took 0.080 seconds
[2025-01-04T20:42:16.680-0500] {processor.py:186} INFO - Started process (PID=2309) to work on /Library/Frameworks/Python.framework/Versions/3.9/lib/python3.9/site-packages/airflow/example_dags/example_short_circuit_operator.py
[2025-01-04T20:42:16.681-0500] {processor.py:914} INFO - Processing file /Library/Frameworks/Python.framework/Versions/3.9/lib/python3.9/site-packages/airflow/example_dags/example_short_circuit_operator.py for tasks to queue
[2025-01-04T20:42:16.682-0500] {logging_mixin.py:190} INFO - [2025-01-04T20:42:16.682-0500] {dagbag.py:588} INFO - Filling up the DagBag from /Library/Frameworks/Python.framework/Versions/3.9/lib/python3.9/site-packages/airflow/example_dags/example_short_circuit_operator.py
[2025-01-04T20:42:16.699-0500] {processor.py:925} INFO - DAG(s) 'example_short_circuit_operator' retrieved from /Library/Frameworks/Python.framework/Versions/3.9/lib/python3.9/site-packages/airflow/example_dags/example_short_circuit_operator.py
[2025-01-04T20:42:16.755-0500] {logging_mixin.py:190} INFO - [2025-01-04T20:42:16.754-0500] {dag.py:3239} INFO - Sync 1 DAGs
[2025-01-04T20:42:16.760-0500] {logging_mixin.py:190} INFO - [2025-01-04T20:42:16.760-0500] {dag.py:4180} INFO - Setting next_dagrun for example_short_circuit_operator to None, run_after=None
[2025-01-04T20:42:16.779-0500] {processor.py:208} INFO - Processing /Library/Frameworks/Python.framework/Versions/3.9/lib/python3.9/site-packages/airflow/example_dags/example_short_circuit_operator.py took 0.101 seconds
[2025-01-04T20:44:01.077-0500] {processor.py:186} INFO - Started process (PID=2584) to work on /Library/Frameworks/Python.framework/Versions/3.9/lib/python3.9/site-packages/airflow/example_dags/example_short_circuit_operator.py
[2025-01-04T20:44:01.078-0500] {processor.py:914} INFO - Processing file /Library/Frameworks/Python.framework/Versions/3.9/lib/python3.9/site-packages/airflow/example_dags/example_short_circuit_operator.py for tasks to queue
[2025-01-04T20:44:01.078-0500] {logging_mixin.py:190} INFO - [2025-01-04T20:44:01.078-0500] {dagbag.py:588} INFO - Filling up the DagBag from /Library/Frameworks/Python.framework/Versions/3.9/lib/python3.9/site-packages/airflow/example_dags/example_short_circuit_operator.py
[2025-01-04T20:44:01.090-0500] {processor.py:925} INFO - DAG(s) 'example_short_circuit_operator' retrieved from /Library/Frameworks/Python.framework/Versions/3.9/lib/python3.9/site-packages/airflow/example_dags/example_short_circuit_operator.py
[2025-01-04T20:44:01.136-0500] {logging_mixin.py:190} INFO - [2025-01-04T20:44:01.136-0500] {dag.py:3239} INFO - Sync 1 DAGs
[2025-01-04T20:44:01.141-0500] {logging_mixin.py:190} INFO - [2025-01-04T20:44:01.141-0500] {dag.py:4180} INFO - Setting next_dagrun for example_short_circuit_operator to None, run_after=None
[2025-01-04T20:44:01.152-0500] {processor.py:208} INFO - Processing /Library/Frameworks/Python.framework/Versions/3.9/lib/python3.9/site-packages/airflow/example_dags/example_short_circuit_operator.py took 0.076 seconds
[2025-01-04T20:45:54.529-0500] {processor.py:186} INFO - Started process (PID=2940) to work on /Library/Frameworks/Python.framework/Versions/3.9/lib/python3.9/site-packages/airflow/example_dags/example_short_circuit_operator.py
[2025-01-04T20:45:54.530-0500] {processor.py:914} INFO - Processing file /Library/Frameworks/Python.framework/Versions/3.9/lib/python3.9/site-packages/airflow/example_dags/example_short_circuit_operator.py for tasks to queue
[2025-01-04T20:45:54.531-0500] {logging_mixin.py:190} INFO - [2025-01-04T20:45:54.531-0500] {dagbag.py:588} INFO - Filling up the DagBag from /Library/Frameworks/Python.framework/Versions/3.9/lib/python3.9/site-packages/airflow/example_dags/example_short_circuit_operator.py
[2025-01-04T20:45:54.651-0500] {processor.py:925} INFO - DAG(s) 'example_short_circuit_operator' retrieved from /Library/Frameworks/Python.framework/Versions/3.9/lib/python3.9/site-packages/airflow/example_dags/example_short_circuit_operator.py
[2025-01-04T20:45:54.845-0500] {logging_mixin.py:190} INFO - [2025-01-04T20:45:54.844-0500] {dag.py:3239} INFO - Sync 1 DAGs
[2025-01-04T20:45:54.853-0500] {logging_mixin.py:190} INFO - [2025-01-04T20:45:54.853-0500] {dag.py:4180} INFO - Setting next_dagrun for example_short_circuit_operator to None, run_after=None
[2025-01-04T20:45:54.869-0500] {processor.py:208} INFO - Processing /Library/Frameworks/Python.framework/Versions/3.9/lib/python3.9/site-packages/airflow/example_dags/example_short_circuit_operator.py took 0.344 seconds
[2025-01-04T20:47:49.211-0500] {processor.py:186} INFO - Started process (PID=3225) to work on /Library/Frameworks/Python.framework/Versions/3.9/lib/python3.9/site-packages/airflow/example_dags/example_short_circuit_operator.py
[2025-01-04T20:47:49.212-0500] {processor.py:914} INFO - Processing file /Library/Frameworks/Python.framework/Versions/3.9/lib/python3.9/site-packages/airflow/example_dags/example_short_circuit_operator.py for tasks to queue
[2025-01-04T20:47:49.212-0500] {logging_mixin.py:190} INFO - [2025-01-04T20:47:49.212-0500] {dagbag.py:588} INFO - Filling up the DagBag from /Library/Frameworks/Python.framework/Versions/3.9/lib/python3.9/site-packages/airflow/example_dags/example_short_circuit_operator.py
[2025-01-04T20:47:49.229-0500] {processor.py:925} INFO - DAG(s) 'example_short_circuit_operator' retrieved from /Library/Frameworks/Python.framework/Versions/3.9/lib/python3.9/site-packages/airflow/example_dags/example_short_circuit_operator.py
[2025-01-04T20:47:49.288-0500] {logging_mixin.py:190} INFO - [2025-01-04T20:47:49.288-0500] {dag.py:3239} INFO - Sync 1 DAGs
[2025-01-04T20:47:49.293-0500] {logging_mixin.py:190} INFO - [2025-01-04T20:47:49.293-0500] {dag.py:4180} INFO - Setting next_dagrun for example_short_circuit_operator to None, run_after=None
[2025-01-04T20:47:49.303-0500] {processor.py:208} INFO - Processing /Library/Frameworks/Python.framework/Versions/3.9/lib/python3.9/site-packages/airflow/example_dags/example_short_circuit_operator.py took 0.094 seconds
[2025-01-04T20:49:42.726-0500] {processor.py:186} INFO - Started process (PID=3661) to work on /Library/Frameworks/Python.framework/Versions/3.9/lib/python3.9/site-packages/airflow/example_dags/example_short_circuit_operator.py
[2025-01-04T20:49:42.727-0500] {processor.py:914} INFO - Processing file /Library/Frameworks/Python.framework/Versions/3.9/lib/python3.9/site-packages/airflow/example_dags/example_short_circuit_operator.py for tasks to queue
[2025-01-04T20:49:42.728-0500] {logging_mixin.py:190} INFO - [2025-01-04T20:49:42.728-0500] {dagbag.py:588} INFO - Filling up the DagBag from /Library/Frameworks/Python.framework/Versions/3.9/lib/python3.9/site-packages/airflow/example_dags/example_short_circuit_operator.py
[2025-01-04T20:49:42.740-0500] {processor.py:925} INFO - DAG(s) 'example_short_circuit_operator' retrieved from /Library/Frameworks/Python.framework/Versions/3.9/lib/python3.9/site-packages/airflow/example_dags/example_short_circuit_operator.py
[2025-01-04T20:49:42.785-0500] {logging_mixin.py:190} INFO - [2025-01-04T20:49:42.785-0500] {dag.py:3239} INFO - Sync 1 DAGs
[2025-01-04T20:49:42.789-0500] {logging_mixin.py:190} INFO - [2025-01-04T20:49:42.789-0500] {dag.py:4180} INFO - Setting next_dagrun for example_short_circuit_operator to None, run_after=None
[2025-01-04T20:49:42.798-0500] {processor.py:208} INFO - Processing /Library/Frameworks/Python.framework/Versions/3.9/lib/python3.9/site-packages/airflow/example_dags/example_short_circuit_operator.py took 0.074 seconds
