[2025-01-04T20:26:05.331-0500] {processor.py:186} INFO - Started process (PID=99270) to work on /Library/Frameworks/Python.framework/Versions/3.9/lib/python3.9/site-packages/airflow/example_dags/example_time_delta_sensor_async.py
[2025-01-04T20:26:05.333-0500] {processor.py:914} INFO - Processing file /Library/Frameworks/Python.framework/Versions/3.9/lib/python3.9/site-packages/airflow/example_dags/example_time_delta_sensor_async.py for tasks to queue
[2025-01-04T20:26:05.335-0500] {logging_mixin.py:190} INFO - [2025-01-04T20:26:05.335-0500] {dagbag.py:588} INFO - Filling up the DagBag from /Library/Frameworks/Python.framework/Versions/3.9/lib/python3.9/site-packages/airflow/example_dags/example_time_delta_sensor_async.py
[2025-01-04T20:26:05.343-0500] {processor.py:925} INFO - DAG(s) 'example_time_delta_sensor_async' retrieved from /Library/Frameworks/Python.framework/Versions/3.9/lib/python3.9/site-packages/airflow/example_dags/example_time_delta_sensor_async.py
[2025-01-04T20:26:05.914-0500] {logging_mixin.py:190} INFO - [2025-01-04T20:26:05.913-0500] {override.py:1911} INFO - Created Permission View: can edit on DAG:example_time_delta_sensor_async
[2025-01-04T20:26:05.927-0500] {logging_mixin.py:190} INFO - [2025-01-04T20:26:05.923-0500] {override.py:1911} INFO - Created Permission View: can read on DAG:example_time_delta_sensor_async
[2025-01-04T20:26:05.972-0500] {logging_mixin.py:190} INFO - [2025-01-04T20:26:05.967-0500] {override.py:1911} INFO - Created Permission View: can delete on DAG:example_time_delta_sensor_async
[2025-01-04T20:26:05.989-0500] {logging_mixin.py:190} INFO - [2025-01-04T20:26:05.988-0500] {override.py:1911} INFO - Created Permission View: can create on DAG Run:example_time_delta_sensor_async
[2025-01-04T20:26:06.001-0500] {logging_mixin.py:190} INFO - [2025-01-04T20:26:06.001-0500] {override.py:1911} INFO - Created Permission View: can read on DAG Run:example_time_delta_sensor_async
[2025-01-04T20:26:06.007-0500] {logging_mixin.py:190} INFO - [2025-01-04T20:26:06.007-0500] {override.py:1911} INFO - Created Permission View: menu access on DAG Run:example_time_delta_sensor_async
[2025-01-04T20:26:06.010-0500] {logging_mixin.py:190} INFO - [2025-01-04T20:26:06.010-0500] {override.py:1911} INFO - Created Permission View: can delete on DAG Run:example_time_delta_sensor_async
[2025-01-04T20:26:06.010-0500] {logging_mixin.py:190} INFO - [2025-01-04T20:26:06.010-0500] {dag.py:3239} INFO - Sync 1 DAGs
[2025-01-04T20:26:06.016-0500] {logging_mixin.py:190} INFO - [2025-01-04T20:26:06.016-0500] {dag.py:3262} INFO - Creating ORM DAG for example_time_delta_sensor_async
[2025-01-04T20:26:06.017-0500] {logging_mixin.py:190} INFO - [2025-01-04T20:26:06.017-0500] {dag.py:4180} INFO - Setting next_dagrun for example_time_delta_sensor_async to None, run_after=None
[2025-01-04T20:26:06.025-0500] {processor.py:208} INFO - Processing /Library/Frameworks/Python.framework/Versions/3.9/lib/python3.9/site-packages/airflow/example_dags/example_time_delta_sensor_async.py took 0.714 seconds
[2025-01-04T20:28:22.695-0500] {processor.py:186} INFO - Started process (PID=99637) to work on /Library/Frameworks/Python.framework/Versions/3.9/lib/python3.9/site-packages/airflow/example_dags/example_time_delta_sensor_async.py
[2025-01-04T20:28:22.696-0500] {processor.py:914} INFO - Processing file /Library/Frameworks/Python.framework/Versions/3.9/lib/python3.9/site-packages/airflow/example_dags/example_time_delta_sensor_async.py for tasks to queue
[2025-01-04T20:28:22.696-0500] {logging_mixin.py:190} INFO - [2025-01-04T20:28:22.696-0500] {dagbag.py:588} INFO - Filling up the DagBag from /Library/Frameworks/Python.framework/Versions/3.9/lib/python3.9/site-packages/airflow/example_dags/example_time_delta_sensor_async.py
[2025-01-04T20:28:22.700-0500] {processor.py:925} INFO - DAG(s) 'example_time_delta_sensor_async' retrieved from /Library/Frameworks/Python.framework/Versions/3.9/lib/python3.9/site-packages/airflow/example_dags/example_time_delta_sensor_async.py
[2025-01-04T20:28:23.112-0500] {logging_mixin.py:190} INFO - [2025-01-04T20:28:23.112-0500] {dag.py:3239} INFO - Sync 1 DAGs
[2025-01-04T20:28:23.117-0500] {logging_mixin.py:190} INFO - [2025-01-04T20:28:23.117-0500] {dag.py:4180} INFO - Setting next_dagrun for example_time_delta_sensor_async to None, run_after=None
[2025-01-04T20:28:23.125-0500] {processor.py:208} INFO - Processing /Library/Frameworks/Python.framework/Versions/3.9/lib/python3.9/site-packages/airflow/example_dags/example_time_delta_sensor_async.py took 0.432 seconds
[2025-01-04T20:29:58.678-0500] {processor.py:186} INFO - Started process (PID=99879) to work on /Library/Frameworks/Python.framework/Versions/3.9/lib/python3.9/site-packages/airflow/example_dags/example_time_delta_sensor_async.py
[2025-01-04T20:29:58.679-0500] {processor.py:914} INFO - Processing file /Library/Frameworks/Python.framework/Versions/3.9/lib/python3.9/site-packages/airflow/example_dags/example_time_delta_sensor_async.py for tasks to queue
[2025-01-04T20:29:58.680-0500] {logging_mixin.py:190} INFO - [2025-01-04T20:29:58.679-0500] {dagbag.py:588} INFO - Filling up the DagBag from /Library/Frameworks/Python.framework/Versions/3.9/lib/python3.9/site-packages/airflow/example_dags/example_time_delta_sensor_async.py
[2025-01-04T20:29:58.683-0500] {processor.py:925} INFO - DAG(s) 'example_time_delta_sensor_async' retrieved from /Library/Frameworks/Python.framework/Versions/3.9/lib/python3.9/site-packages/airflow/example_dags/example_time_delta_sensor_async.py
[2025-01-04T20:29:59.064-0500] {logging_mixin.py:190} INFO - [2025-01-04T20:29:59.064-0500] {dag.py:3239} INFO - Sync 1 DAGs
[2025-01-04T20:29:59.069-0500] {logging_mixin.py:190} INFO - [2025-01-04T20:29:59.069-0500] {dag.py:4180} INFO - Setting next_dagrun for example_time_delta_sensor_async to None, run_after=None
[2025-01-04T20:29:59.077-0500] {processor.py:208} INFO - Processing /Library/Frameworks/Python.framework/Versions/3.9/lib/python3.9/site-packages/airflow/example_dags/example_time_delta_sensor_async.py took 0.401 seconds
[2025-01-04T20:31:40.534-0500] {processor.py:186} INFO - Started process (PID=321) to work on /Library/Frameworks/Python.framework/Versions/3.9/lib/python3.9/site-packages/airflow/example_dags/example_time_delta_sensor_async.py
[2025-01-04T20:31:40.535-0500] {processor.py:914} INFO - Processing file /Library/Frameworks/Python.framework/Versions/3.9/lib/python3.9/site-packages/airflow/example_dags/example_time_delta_sensor_async.py for tasks to queue
[2025-01-04T20:31:40.535-0500] {logging_mixin.py:190} INFO - [2025-01-04T20:31:40.535-0500] {dagbag.py:588} INFO - Filling up the DagBag from /Library/Frameworks/Python.framework/Versions/3.9/lib/python3.9/site-packages/airflow/example_dags/example_time_delta_sensor_async.py
[2025-01-04T20:31:40.539-0500] {processor.py:925} INFO - DAG(s) 'example_time_delta_sensor_async' retrieved from /Library/Frameworks/Python.framework/Versions/3.9/lib/python3.9/site-packages/airflow/example_dags/example_time_delta_sensor_async.py
[2025-01-04T20:31:40.911-0500] {logging_mixin.py:190} INFO - [2025-01-04T20:31:40.910-0500] {dag.py:3239} INFO - Sync 1 DAGs
[2025-01-04T20:31:40.916-0500] {logging_mixin.py:190} INFO - [2025-01-04T20:31:40.916-0500] {dag.py:4180} INFO - Setting next_dagrun for example_time_delta_sensor_async to None, run_after=None
[2025-01-04T20:31:40.927-0500] {processor.py:208} INFO - Processing /Library/Frameworks/Python.framework/Versions/3.9/lib/python3.9/site-packages/airflow/example_dags/example_time_delta_sensor_async.py took 0.395 seconds
[2025-01-04T20:33:18.493-0500] {processor.py:186} INFO - Started process (PID=706) to work on /Library/Frameworks/Python.framework/Versions/3.9/lib/python3.9/site-packages/airflow/example_dags/example_time_delta_sensor_async.py
[2025-01-04T20:33:18.494-0500] {processor.py:914} INFO - Processing file /Library/Frameworks/Python.framework/Versions/3.9/lib/python3.9/site-packages/airflow/example_dags/example_time_delta_sensor_async.py for tasks to queue
[2025-01-04T20:33:18.494-0500] {logging_mixin.py:190} INFO - [2025-01-04T20:33:18.494-0500] {dagbag.py:588} INFO - Filling up the DagBag from /Library/Frameworks/Python.framework/Versions/3.9/lib/python3.9/site-packages/airflow/example_dags/example_time_delta_sensor_async.py
[2025-01-04T20:33:18.498-0500] {processor.py:925} INFO - DAG(s) 'example_time_delta_sensor_async' retrieved from /Library/Frameworks/Python.framework/Versions/3.9/lib/python3.9/site-packages/airflow/example_dags/example_time_delta_sensor_async.py
[2025-01-04T20:33:19.045-0500] {logging_mixin.py:190} INFO - [2025-01-04T20:33:19.045-0500] {dag.py:3239} INFO - Sync 1 DAGs
[2025-01-04T20:33:19.053-0500] {logging_mixin.py:190} INFO - [2025-01-04T20:33:19.052-0500] {dag.py:4180} INFO - Setting next_dagrun for example_time_delta_sensor_async to None, run_after=None
[2025-01-04T20:33:19.167-0500] {processor.py:208} INFO - Processing /Library/Frameworks/Python.framework/Versions/3.9/lib/python3.9/site-packages/airflow/example_dags/example_time_delta_sensor_async.py took 0.675 seconds
[2025-01-04T20:35:10.929-0500] {processor.py:186} INFO - Started process (PID=1065) to work on /Library/Frameworks/Python.framework/Versions/3.9/lib/python3.9/site-packages/airflow/example_dags/example_time_delta_sensor_async.py
[2025-01-04T20:35:10.930-0500] {processor.py:914} INFO - Processing file /Library/Frameworks/Python.framework/Versions/3.9/lib/python3.9/site-packages/airflow/example_dags/example_time_delta_sensor_async.py for tasks to queue
[2025-01-04T20:35:10.931-0500] {logging_mixin.py:190} INFO - [2025-01-04T20:35:10.931-0500] {dagbag.py:588} INFO - Filling up the DagBag from /Library/Frameworks/Python.framework/Versions/3.9/lib/python3.9/site-packages/airflow/example_dags/example_time_delta_sensor_async.py
[2025-01-04T20:35:10.935-0500] {processor.py:925} INFO - DAG(s) 'example_time_delta_sensor_async' retrieved from /Library/Frameworks/Python.framework/Versions/3.9/lib/python3.9/site-packages/airflow/example_dags/example_time_delta_sensor_async.py
[2025-01-04T20:35:11.726-0500] {logging_mixin.py:190} INFO - [2025-01-04T20:35:11.726-0500] {dag.py:3239} INFO - Sync 1 DAGs
[2025-01-04T20:35:11.734-0500] {logging_mixin.py:190} INFO - [2025-01-04T20:35:11.734-0500] {dag.py:4180} INFO - Setting next_dagrun for example_time_delta_sensor_async to None, run_after=None
[2025-01-04T20:35:11.752-0500] {processor.py:208} INFO - Processing /Library/Frameworks/Python.framework/Versions/3.9/lib/python3.9/site-packages/airflow/example_dags/example_time_delta_sensor_async.py took 0.825 seconds
[2025-01-04T20:36:58.680-0500] {processor.py:186} INFO - Started process (PID=1401) to work on /Library/Frameworks/Python.framework/Versions/3.9/lib/python3.9/site-packages/airflow/example_dags/example_time_delta_sensor_async.py
[2025-01-04T20:36:58.682-0500] {processor.py:914} INFO - Processing file /Library/Frameworks/Python.framework/Versions/3.9/lib/python3.9/site-packages/airflow/example_dags/example_time_delta_sensor_async.py for tasks to queue
[2025-01-04T20:36:58.683-0500] {logging_mixin.py:190} INFO - [2025-01-04T20:36:58.682-0500] {dagbag.py:588} INFO - Filling up the DagBag from /Library/Frameworks/Python.framework/Versions/3.9/lib/python3.9/site-packages/airflow/example_dags/example_time_delta_sensor_async.py
[2025-01-04T20:36:58.695-0500] {processor.py:925} INFO - DAG(s) 'example_time_delta_sensor_async' retrieved from /Library/Frameworks/Python.framework/Versions/3.9/lib/python3.9/site-packages/airflow/example_dags/example_time_delta_sensor_async.py
[2025-01-04T20:36:59.423-0500] {logging_mixin.py:190} INFO - [2025-01-04T20:36:59.422-0500] {dag.py:3239} INFO - Sync 1 DAGs
[2025-01-04T20:36:59.429-0500] {logging_mixin.py:190} INFO - [2025-01-04T20:36:59.429-0500] {dag.py:4180} INFO - Setting next_dagrun for example_time_delta_sensor_async to None, run_after=None
[2025-01-04T20:36:59.444-0500] {processor.py:208} INFO - Processing /Library/Frameworks/Python.framework/Versions/3.9/lib/python3.9/site-packages/airflow/example_dags/example_time_delta_sensor_async.py took 0.766 seconds
[2025-01-04T20:38:35.746-0500] {processor.py:186} INFO - Started process (PID=1737) to work on /Library/Frameworks/Python.framework/Versions/3.9/lib/python3.9/site-packages/airflow/example_dags/example_time_delta_sensor_async.py
[2025-01-04T20:38:35.747-0500] {processor.py:914} INFO - Processing file /Library/Frameworks/Python.framework/Versions/3.9/lib/python3.9/site-packages/airflow/example_dags/example_time_delta_sensor_async.py for tasks to queue
[2025-01-04T20:38:35.748-0500] {logging_mixin.py:190} INFO - [2025-01-04T20:38:35.748-0500] {dagbag.py:588} INFO - Filling up the DagBag from /Library/Frameworks/Python.framework/Versions/3.9/lib/python3.9/site-packages/airflow/example_dags/example_time_delta_sensor_async.py
[2025-01-04T20:38:35.751-0500] {processor.py:925} INFO - DAG(s) 'example_time_delta_sensor_async' retrieved from /Library/Frameworks/Python.framework/Versions/3.9/lib/python3.9/site-packages/airflow/example_dags/example_time_delta_sensor_async.py
[2025-01-04T20:38:36.154-0500] {logging_mixin.py:190} INFO - [2025-01-04T20:38:36.154-0500] {dag.py:3239} INFO - Sync 1 DAGs
[2025-01-04T20:38:36.160-0500] {logging_mixin.py:190} INFO - [2025-01-04T20:38:36.160-0500] {dag.py:4180} INFO - Setting next_dagrun for example_time_delta_sensor_async to None, run_after=None
[2025-01-04T20:38:36.173-0500] {processor.py:208} INFO - Processing /Library/Frameworks/Python.framework/Versions/3.9/lib/python3.9/site-packages/airflow/example_dags/example_time_delta_sensor_async.py took 0.434 seconds
[2025-01-04T20:40:20.644-0500] {processor.py:186} INFO - Started process (PID=2058) to work on /Library/Frameworks/Python.framework/Versions/3.9/lib/python3.9/site-packages/airflow/example_dags/example_time_delta_sensor_async.py
[2025-01-04T20:40:20.652-0500] {processor.py:914} INFO - Processing file /Library/Frameworks/Python.framework/Versions/3.9/lib/python3.9/site-packages/airflow/example_dags/example_time_delta_sensor_async.py for tasks to queue
[2025-01-04T20:40:20.652-0500] {logging_mixin.py:190} INFO - [2025-01-04T20:40:20.652-0500] {dagbag.py:588} INFO - Filling up the DagBag from /Library/Frameworks/Python.framework/Versions/3.9/lib/python3.9/site-packages/airflow/example_dags/example_time_delta_sensor_async.py
[2025-01-04T20:40:20.657-0500] {processor.py:925} INFO - DAG(s) 'example_time_delta_sensor_async' retrieved from /Library/Frameworks/Python.framework/Versions/3.9/lib/python3.9/site-packages/airflow/example_dags/example_time_delta_sensor_async.py
[2025-01-04T20:40:21.125-0500] {logging_mixin.py:190} INFO - [2025-01-04T20:40:21.125-0500] {dag.py:3239} INFO - Sync 1 DAGs
[2025-01-04T20:40:21.132-0500] {logging_mixin.py:190} INFO - [2025-01-04T20:40:21.132-0500] {dag.py:4180} INFO - Setting next_dagrun for example_time_delta_sensor_async to None, run_after=None
[2025-01-04T20:40:21.159-0500] {processor.py:208} INFO - Processing /Library/Frameworks/Python.framework/Versions/3.9/lib/python3.9/site-packages/airflow/example_dags/example_time_delta_sensor_async.py took 0.520 seconds
[2025-01-04T20:42:00.791-0500] {processor.py:186} INFO - Started process (PID=2269) to work on /Library/Frameworks/Python.framework/Versions/3.9/lib/python3.9/site-packages/airflow/example_dags/example_time_delta_sensor_async.py
[2025-01-04T20:42:00.792-0500] {processor.py:914} INFO - Processing file /Library/Frameworks/Python.framework/Versions/3.9/lib/python3.9/site-packages/airflow/example_dags/example_time_delta_sensor_async.py for tasks to queue
[2025-01-04T20:42:00.793-0500] {logging_mixin.py:190} INFO - [2025-01-04T20:42:00.793-0500] {dagbag.py:588} INFO - Filling up the DagBag from /Library/Frameworks/Python.framework/Versions/3.9/lib/python3.9/site-packages/airflow/example_dags/example_time_delta_sensor_async.py
[2025-01-04T20:42:00.797-0500] {processor.py:925} INFO - DAG(s) 'example_time_delta_sensor_async' retrieved from /Library/Frameworks/Python.framework/Versions/3.9/lib/python3.9/site-packages/airflow/example_dags/example_time_delta_sensor_async.py
[2025-01-04T20:42:01.182-0500] {logging_mixin.py:190} INFO - [2025-01-04T20:42:01.182-0500] {dag.py:3239} INFO - Sync 1 DAGs
[2025-01-04T20:42:01.187-0500] {logging_mixin.py:190} INFO - [2025-01-04T20:42:01.187-0500] {dag.py:4180} INFO - Setting next_dagrun for example_time_delta_sensor_async to None, run_after=None
[2025-01-04T20:42:01.196-0500] {processor.py:208} INFO - Processing /Library/Frameworks/Python.framework/Versions/3.9/lib/python3.9/site-packages/airflow/example_dags/example_time_delta_sensor_async.py took 0.407 seconds
[2025-01-04T20:43:48.512-0500] {processor.py:186} INFO - Started process (PID=2567) to work on /Library/Frameworks/Python.framework/Versions/3.9/lib/python3.9/site-packages/airflow/example_dags/example_time_delta_sensor_async.py
[2025-01-04T20:43:48.514-0500] {processor.py:914} INFO - Processing file /Library/Frameworks/Python.framework/Versions/3.9/lib/python3.9/site-packages/airflow/example_dags/example_time_delta_sensor_async.py for tasks to queue
[2025-01-04T20:43:48.514-0500] {logging_mixin.py:190} INFO - [2025-01-04T20:43:48.514-0500] {dagbag.py:588} INFO - Filling up the DagBag from /Library/Frameworks/Python.framework/Versions/3.9/lib/python3.9/site-packages/airflow/example_dags/example_time_delta_sensor_async.py
[2025-01-04T20:43:48.521-0500] {processor.py:925} INFO - DAG(s) 'example_time_delta_sensor_async' retrieved from /Library/Frameworks/Python.framework/Versions/3.9/lib/python3.9/site-packages/airflow/example_dags/example_time_delta_sensor_async.py
[2025-01-04T20:43:48.878-0500] {logging_mixin.py:190} INFO - [2025-01-04T20:43:48.878-0500] {dag.py:3239} INFO - Sync 1 DAGs
[2025-01-04T20:43:48.883-0500] {logging_mixin.py:190} INFO - [2025-01-04T20:43:48.883-0500] {dag.py:4180} INFO - Setting next_dagrun for example_time_delta_sensor_async to None, run_after=None
[2025-01-04T20:43:48.894-0500] {processor.py:208} INFO - Processing /Library/Frameworks/Python.framework/Versions/3.9/lib/python3.9/site-packages/airflow/example_dags/example_time_delta_sensor_async.py took 0.387 seconds
[2025-01-04T20:45:39.353-0500] {processor.py:186} INFO - Started process (PID=2896) to work on /Library/Frameworks/Python.framework/Versions/3.9/lib/python3.9/site-packages/airflow/example_dags/example_time_delta_sensor_async.py
[2025-01-04T20:45:39.356-0500] {processor.py:914} INFO - Processing file /Library/Frameworks/Python.framework/Versions/3.9/lib/python3.9/site-packages/airflow/example_dags/example_time_delta_sensor_async.py for tasks to queue
[2025-01-04T20:45:39.364-0500] {logging_mixin.py:190} INFO - [2025-01-04T20:45:39.363-0500] {dagbag.py:588} INFO - Filling up the DagBag from /Library/Frameworks/Python.framework/Versions/3.9/lib/python3.9/site-packages/airflow/example_dags/example_time_delta_sensor_async.py
[2025-01-04T20:45:39.384-0500] {processor.py:925} INFO - DAG(s) 'example_time_delta_sensor_async' retrieved from /Library/Frameworks/Python.framework/Versions/3.9/lib/python3.9/site-packages/airflow/example_dags/example_time_delta_sensor_async.py
[2025-01-04T20:45:40.200-0500] {logging_mixin.py:190} INFO - [2025-01-04T20:45:40.200-0500] {dag.py:3239} INFO - Sync 1 DAGs
[2025-01-04T20:45:40.206-0500] {logging_mixin.py:190} INFO - [2025-01-04T20:45:40.206-0500] {dag.py:4180} INFO - Setting next_dagrun for example_time_delta_sensor_async to None, run_after=None
[2025-01-04T20:45:40.219-0500] {processor.py:208} INFO - Processing /Library/Frameworks/Python.framework/Versions/3.9/lib/python3.9/site-packages/airflow/example_dags/example_time_delta_sensor_async.py took 0.875 seconds
[2025-01-04T20:47:32.125-0500] {processor.py:186} INFO - Started process (PID=3199) to work on /Library/Frameworks/Python.framework/Versions/3.9/lib/python3.9/site-packages/airflow/example_dags/example_time_delta_sensor_async.py
[2025-01-04T20:47:32.128-0500] {processor.py:914} INFO - Processing file /Library/Frameworks/Python.framework/Versions/3.9/lib/python3.9/site-packages/airflow/example_dags/example_time_delta_sensor_async.py for tasks to queue
[2025-01-04T20:47:32.131-0500] {logging_mixin.py:190} INFO - [2025-01-04T20:47:32.131-0500] {dagbag.py:588} INFO - Filling up the DagBag from /Library/Frameworks/Python.framework/Versions/3.9/lib/python3.9/site-packages/airflow/example_dags/example_time_delta_sensor_async.py
[2025-01-04T20:47:32.149-0500] {processor.py:925} INFO - DAG(s) 'example_time_delta_sensor_async' retrieved from /Library/Frameworks/Python.framework/Versions/3.9/lib/python3.9/site-packages/airflow/example_dags/example_time_delta_sensor_async.py
[2025-01-04T20:47:32.721-0500] {logging_mixin.py:190} INFO - [2025-01-04T20:47:32.721-0500] {dag.py:3239} INFO - Sync 1 DAGs
[2025-01-04T20:47:32.727-0500] {logging_mixin.py:190} INFO - [2025-01-04T20:47:32.727-0500] {dag.py:4180} INFO - Setting next_dagrun for example_time_delta_sensor_async to None, run_after=None
[2025-01-04T20:47:32.740-0500] {processor.py:208} INFO - Processing /Library/Frameworks/Python.framework/Versions/3.9/lib/python3.9/site-packages/airflow/example_dags/example_time_delta_sensor_async.py took 0.620 seconds
[2025-01-04T20:49:29.188-0500] {processor.py:186} INFO - Started process (PID=3593) to work on /Library/Frameworks/Python.framework/Versions/3.9/lib/python3.9/site-packages/airflow/example_dags/example_time_delta_sensor_async.py
[2025-01-04T20:49:29.189-0500] {processor.py:914} INFO - Processing file /Library/Frameworks/Python.framework/Versions/3.9/lib/python3.9/site-packages/airflow/example_dags/example_time_delta_sensor_async.py for tasks to queue
[2025-01-04T20:49:29.190-0500] {logging_mixin.py:190} INFO - [2025-01-04T20:49:29.190-0500] {dagbag.py:588} INFO - Filling up the DagBag from /Library/Frameworks/Python.framework/Versions/3.9/lib/python3.9/site-packages/airflow/example_dags/example_time_delta_sensor_async.py
[2025-01-04T20:49:29.193-0500] {processor.py:925} INFO - DAG(s) 'example_time_delta_sensor_async' retrieved from /Library/Frameworks/Python.framework/Versions/3.9/lib/python3.9/site-packages/airflow/example_dags/example_time_delta_sensor_async.py
[2025-01-04T20:49:29.607-0500] {logging_mixin.py:190} INFO - [2025-01-04T20:49:29.606-0500] {dag.py:3239} INFO - Sync 1 DAGs
[2025-01-04T20:49:29.614-0500] {logging_mixin.py:190} INFO - [2025-01-04T20:49:29.614-0500] {dag.py:4180} INFO - Setting next_dagrun for example_time_delta_sensor_async to None, run_after=None
[2025-01-04T20:49:29.624-0500] {processor.py:208} INFO - Processing /Library/Frameworks/Python.framework/Versions/3.9/lib/python3.9/site-packages/airflow/example_dags/example_time_delta_sensor_async.py took 0.438 seconds
