[2025-01-04T20:27:41.143-0500] {processor.py:186} INFO - Started process (PID=99537) to work on /Library/Frameworks/Python.framework/Versions/3.9/lib/python3.9/site-packages/airflow/example_dags/example_branch_datetime_operator.py
[2025-01-04T20:27:41.144-0500] {processor.py:914} INFO - Processing file /Library/Frameworks/Python.framework/Versions/3.9/lib/python3.9/site-packages/airflow/example_dags/example_branch_datetime_operator.py for tasks to queue
[2025-01-04T20:27:41.144-0500] {logging_mixin.py:190} INFO - [2025-01-04T20:27:41.144-0500] {dagbag.py:588} INFO - Filling up the DagBag from /Library/Frameworks/Python.framework/Versions/3.9/lib/python3.9/site-packages/airflow/example_dags/example_branch_datetime_operator.py
[2025-01-04T20:27:41.152-0500] {processor.py:925} INFO - DAG(s) 'example_branch_datetime_operator', 'example_branch_datetime_operator_2', 'example_branch_datetime_operator_3' retrieved from /Library/Frameworks/Python.framework/Versions/3.9/lib/python3.9/site-packages/airflow/example_dags/example_branch_datetime_operator.py
[2025-01-04T20:27:41.249-0500] {logging_mixin.py:190} INFO - [2025-01-04T20:27:41.249-0500] {override.py:1911} INFO - Created Permission View: can delete on DAG:example_branch_datetime_operator
[2025-01-04T20:27:41.253-0500] {logging_mixin.py:190} INFO - [2025-01-04T20:27:41.253-0500] {override.py:1911} INFO - Created Permission View: can edit on DAG:example_branch_datetime_operator
[2025-01-04T20:27:41.256-0500] {logging_mixin.py:190} INFO - [2025-01-04T20:27:41.256-0500] {override.py:1911} INFO - Created Permission View: can read on DAG:example_branch_datetime_operator
[2025-01-04T20:27:41.259-0500] {logging_mixin.py:190} INFO - [2025-01-04T20:27:41.259-0500] {override.py:1911} INFO - Created Permission View: can delete on DAG Run:example_branch_datetime_operator
[2025-01-04T20:27:41.262-0500] {logging_mixin.py:190} INFO - [2025-01-04T20:27:41.262-0500] {override.py:1911} INFO - Created Permission View: menu access on DAG Run:example_branch_datetime_operator
[2025-01-04T20:27:41.264-0500] {logging_mixin.py:190} INFO - [2025-01-04T20:27:41.264-0500] {override.py:1911} INFO - Created Permission View: can create on DAG Run:example_branch_datetime_operator
[2025-01-04T20:27:41.267-0500] {logging_mixin.py:190} INFO - [2025-01-04T20:27:41.267-0500] {override.py:1911} INFO - Created Permission View: can read on DAG Run:example_branch_datetime_operator
[2025-01-04T20:27:41.272-0500] {logging_mixin.py:190} INFO - [2025-01-04T20:27:41.272-0500] {override.py:1911} INFO - Created Permission View: can delete on DAG:example_branch_datetime_operator_2
[2025-01-04T20:27:41.274-0500] {logging_mixin.py:190} INFO - [2025-01-04T20:27:41.274-0500] {override.py:1911} INFO - Created Permission View: can edit on DAG:example_branch_datetime_operator_2
[2025-01-04T20:27:41.277-0500] {logging_mixin.py:190} INFO - [2025-01-04T20:27:41.277-0500] {override.py:1911} INFO - Created Permission View: can read on DAG:example_branch_datetime_operator_2
[2025-01-04T20:27:41.280-0500] {logging_mixin.py:190} INFO - [2025-01-04T20:27:41.280-0500] {override.py:1911} INFO - Created Permission View: can delete on DAG Run:example_branch_datetime_operator_2
[2025-01-04T20:27:41.282-0500] {logging_mixin.py:190} INFO - [2025-01-04T20:27:41.282-0500] {override.py:1911} INFO - Created Permission View: menu access on DAG Run:example_branch_datetime_operator_2
[2025-01-04T20:27:41.285-0500] {logging_mixin.py:190} INFO - [2025-01-04T20:27:41.285-0500] {override.py:1911} INFO - Created Permission View: can create on DAG Run:example_branch_datetime_operator_2
[2025-01-04T20:27:41.287-0500] {logging_mixin.py:190} INFO - [2025-01-04T20:27:41.287-0500] {override.py:1911} INFO - Created Permission View: can read on DAG Run:example_branch_datetime_operator_2
[2025-01-04T20:27:41.292-0500] {logging_mixin.py:190} INFO - [2025-01-04T20:27:41.291-0500] {override.py:1911} INFO - Created Permission View: can delete on DAG:example_branch_datetime_operator_3
[2025-01-04T20:27:41.294-0500] {logging_mixin.py:190} INFO - [2025-01-04T20:27:41.294-0500] {override.py:1911} INFO - Created Permission View: can edit on DAG:example_branch_datetime_operator_3
[2025-01-04T20:27:41.296-0500] {logging_mixin.py:190} INFO - [2025-01-04T20:27:41.296-0500] {override.py:1911} INFO - Created Permission View: can read on DAG:example_branch_datetime_operator_3
[2025-01-04T20:27:41.299-0500] {logging_mixin.py:190} INFO - [2025-01-04T20:27:41.299-0500] {override.py:1911} INFO - Created Permission View: can delete on DAG Run:example_branch_datetime_operator_3
[2025-01-04T20:27:41.301-0500] {logging_mixin.py:190} INFO - [2025-01-04T20:27:41.301-0500] {override.py:1911} INFO - Created Permission View: menu access on DAG Run:example_branch_datetime_operator_3
[2025-01-04T20:27:41.304-0500] {logging_mixin.py:190} INFO - [2025-01-04T20:27:41.303-0500] {override.py:1911} INFO - Created Permission View: can create on DAG Run:example_branch_datetime_operator_3
[2025-01-04T20:27:41.306-0500] {logging_mixin.py:190} INFO - [2025-01-04T20:27:41.306-0500] {override.py:1911} INFO - Created Permission View: can read on DAG Run:example_branch_datetime_operator_3
[2025-01-04T20:27:41.306-0500] {logging_mixin.py:190} INFO - [2025-01-04T20:27:41.306-0500] {dag.py:3239} INFO - Sync 3 DAGs
[2025-01-04T20:27:41.311-0500] {logging_mixin.py:190} INFO - [2025-01-04T20:27:41.311-0500] {dag.py:3262} INFO - Creating ORM DAG for example_branch_datetime_operator_3
[2025-01-04T20:27:41.312-0500] {logging_mixin.py:190} INFO - [2025-01-04T20:27:41.311-0500] {dag.py:3262} INFO - Creating ORM DAG for example_branch_datetime_operator_2
[2025-01-04T20:27:41.312-0500] {logging_mixin.py:190} INFO - [2025-01-04T20:27:41.312-0500] {dag.py:3262} INFO - Creating ORM DAG for example_branch_datetime_operator
[2025-01-04T20:27:41.315-0500] {logging_mixin.py:190} INFO - [2025-01-04T20:27:41.315-0500] {dag.py:4180} INFO - Setting next_dagrun for example_branch_datetime_operator to 2025-01-04 00:00:00+00:00, run_after=2025-01-05 00:00:00+00:00
[2025-01-04T20:27:41.316-0500] {logging_mixin.py:190} INFO - [2025-01-04T20:27:41.316-0500] {dag.py:4180} INFO - Setting next_dagrun for example_branch_datetime_operator_2 to 2025-01-04 00:00:00+00:00, run_after=2025-01-05 00:00:00+00:00
[2025-01-04T20:27:41.317-0500] {logging_mixin.py:190} INFO - [2025-01-04T20:27:41.317-0500] {dag.py:4180} INFO - Setting next_dagrun for example_branch_datetime_operator_3 to 2025-01-04 00:00:00+00:00, run_after=2025-01-05 00:00:00+00:00
[2025-01-04T20:27:41.324-0500] {processor.py:208} INFO - Processing /Library/Frameworks/Python.framework/Versions/3.9/lib/python3.9/site-packages/airflow/example_dags/example_branch_datetime_operator.py took 0.182 seconds
[2025-01-04T20:30:51.402-0500] {processor.py:186} INFO - Started process (PID=156) to work on /Library/Frameworks/Python.framework/Versions/3.9/lib/python3.9/site-packages/airflow/example_dags/example_branch_datetime_operator.py
[2025-01-04T20:30:51.403-0500] {processor.py:914} INFO - Processing file /Library/Frameworks/Python.framework/Versions/3.9/lib/python3.9/site-packages/airflow/example_dags/example_branch_datetime_operator.py for tasks to queue
[2025-01-04T20:30:51.403-0500] {logging_mixin.py:190} INFO - [2025-01-04T20:30:51.403-0500] {dagbag.py:588} INFO - Filling up the DagBag from /Library/Frameworks/Python.framework/Versions/3.9/lib/python3.9/site-packages/airflow/example_dags/example_branch_datetime_operator.py
[2025-01-04T20:30:51.409-0500] {processor.py:925} INFO - DAG(s) 'example_branch_datetime_operator', 'example_branch_datetime_operator_3', 'example_branch_datetime_operator_2' retrieved from /Library/Frameworks/Python.framework/Versions/3.9/lib/python3.9/site-packages/airflow/example_dags/example_branch_datetime_operator.py
[2025-01-04T20:30:51.461-0500] {logging_mixin.py:190} INFO - [2025-01-04T20:30:51.461-0500] {dag.py:3239} INFO - Sync 3 DAGs
[2025-01-04T20:30:51.469-0500] {logging_mixin.py:190} INFO - [2025-01-04T20:30:51.469-0500] {dag.py:4180} INFO - Setting next_dagrun for example_branch_datetime_operator to 2025-01-04 00:00:00+00:00, run_after=2025-01-05 00:00:00+00:00
[2025-01-04T20:30:51.471-0500] {logging_mixin.py:190} INFO - [2025-01-04T20:30:51.471-0500] {dag.py:4180} INFO - Setting next_dagrun for example_branch_datetime_operator_2 to 2025-01-04 00:00:00+00:00, run_after=2025-01-05 00:00:00+00:00
[2025-01-04T20:30:51.472-0500] {logging_mixin.py:190} INFO - [2025-01-04T20:30:51.472-0500] {dag.py:4180} INFO - Setting next_dagrun for example_branch_datetime_operator_3 to 2025-01-04 00:00:00+00:00, run_after=2025-01-05 00:00:00+00:00
[2025-01-04T20:30:51.481-0500] {processor.py:208} INFO - Processing /Library/Frameworks/Python.framework/Versions/3.9/lib/python3.9/site-packages/airflow/example_dags/example_branch_datetime_operator.py took 0.081 seconds
[2025-01-04T20:34:21.700-0500] {processor.py:186} INFO - Started process (PID=912) to work on /Library/Frameworks/Python.framework/Versions/3.9/lib/python3.9/site-packages/airflow/example_dags/example_branch_datetime_operator.py
[2025-01-04T20:34:21.701-0500] {processor.py:914} INFO - Processing file /Library/Frameworks/Python.framework/Versions/3.9/lib/python3.9/site-packages/airflow/example_dags/example_branch_datetime_operator.py for tasks to queue
[2025-01-04T20:34:21.702-0500] {logging_mixin.py:190} INFO - [2025-01-04T20:34:21.702-0500] {dagbag.py:588} INFO - Filling up the DagBag from /Library/Frameworks/Python.framework/Versions/3.9/lib/python3.9/site-packages/airflow/example_dags/example_branch_datetime_operator.py
[2025-01-04T20:34:21.713-0500] {processor.py:925} INFO - DAG(s) 'example_branch_datetime_operator', 'example_branch_datetime_operator_3', 'example_branch_datetime_operator_2' retrieved from /Library/Frameworks/Python.framework/Versions/3.9/lib/python3.9/site-packages/airflow/example_dags/example_branch_datetime_operator.py
[2025-01-04T20:34:21.770-0500] {logging_mixin.py:190} INFO - [2025-01-04T20:34:21.770-0500] {dag.py:3239} INFO - Sync 3 DAGs
[2025-01-04T20:34:21.782-0500] {logging_mixin.py:190} INFO - [2025-01-04T20:34:21.782-0500] {dag.py:4180} INFO - Setting next_dagrun for example_branch_datetime_operator to 2025-01-04 00:00:00+00:00, run_after=2025-01-05 00:00:00+00:00
[2025-01-04T20:34:21.784-0500] {logging_mixin.py:190} INFO - [2025-01-04T20:34:21.784-0500] {dag.py:4180} INFO - Setting next_dagrun for example_branch_datetime_operator_2 to 2025-01-04 00:00:00+00:00, run_after=2025-01-05 00:00:00+00:00
[2025-01-04T20:34:21.786-0500] {logging_mixin.py:190} INFO - [2025-01-04T20:34:21.786-0500] {dag.py:4180} INFO - Setting next_dagrun for example_branch_datetime_operator_3 to 2025-01-04 00:00:00+00:00, run_after=2025-01-05 00:00:00+00:00
[2025-01-04T20:34:21.798-0500] {processor.py:208} INFO - Processing /Library/Frameworks/Python.framework/Versions/3.9/lib/python3.9/site-packages/airflow/example_dags/example_branch_datetime_operator.py took 0.101 seconds
[2025-01-04T20:37:52.901-0500] {processor.py:186} INFO - Started process (PID=1591) to work on /Library/Frameworks/Python.framework/Versions/3.9/lib/python3.9/site-packages/airflow/example_dags/example_branch_datetime_operator.py
[2025-01-04T20:37:52.902-0500] {processor.py:914} INFO - Processing file /Library/Frameworks/Python.framework/Versions/3.9/lib/python3.9/site-packages/airflow/example_dags/example_branch_datetime_operator.py for tasks to queue
[2025-01-04T20:37:52.903-0500] {logging_mixin.py:190} INFO - [2025-01-04T20:37:52.903-0500] {dagbag.py:588} INFO - Filling up the DagBag from /Library/Frameworks/Python.framework/Versions/3.9/lib/python3.9/site-packages/airflow/example_dags/example_branch_datetime_operator.py
[2025-01-04T20:37:52.912-0500] {processor.py:925} INFO - DAG(s) 'example_branch_datetime_operator_3', 'example_branch_datetime_operator_2', 'example_branch_datetime_operator' retrieved from /Library/Frameworks/Python.framework/Versions/3.9/lib/python3.9/site-packages/airflow/example_dags/example_branch_datetime_operator.py
[2025-01-04T20:37:52.979-0500] {logging_mixin.py:190} INFO - [2025-01-04T20:37:52.979-0500] {dag.py:3239} INFO - Sync 3 DAGs
[2025-01-04T20:37:52.988-0500] {logging_mixin.py:190} INFO - [2025-01-04T20:37:52.988-0500] {dag.py:4180} INFO - Setting next_dagrun for example_branch_datetime_operator to 2025-01-04 00:00:00+00:00, run_after=2025-01-05 00:00:00+00:00
[2025-01-04T20:37:52.990-0500] {logging_mixin.py:190} INFO - [2025-01-04T20:37:52.990-0500] {dag.py:4180} INFO - Setting next_dagrun for example_branch_datetime_operator_2 to 2025-01-04 00:00:00+00:00, run_after=2025-01-05 00:00:00+00:00
[2025-01-04T20:37:52.991-0500] {logging_mixin.py:190} INFO - [2025-01-04T20:37:52.991-0500] {dag.py:4180} INFO - Setting next_dagrun for example_branch_datetime_operator_3 to 2025-01-04 00:00:00+00:00, run_after=2025-01-05 00:00:00+00:00
[2025-01-04T20:37:53.000-0500] {processor.py:208} INFO - Processing /Library/Frameworks/Python.framework/Versions/3.9/lib/python3.9/site-packages/airflow/example_dags/example_branch_datetime_operator.py took 0.103 seconds
[2025-01-04T20:41:20.517-0500] {processor.py:186} INFO - Started process (PID=2218) to work on /Library/Frameworks/Python.framework/Versions/3.9/lib/python3.9/site-packages/airflow/example_dags/example_branch_datetime_operator.py
[2025-01-04T20:41:20.519-0500] {processor.py:914} INFO - Processing file /Library/Frameworks/Python.framework/Versions/3.9/lib/python3.9/site-packages/airflow/example_dags/example_branch_datetime_operator.py for tasks to queue
[2025-01-04T20:41:20.519-0500] {logging_mixin.py:190} INFO - [2025-01-04T20:41:20.519-0500] {dagbag.py:588} INFO - Filling up the DagBag from /Library/Frameworks/Python.framework/Versions/3.9/lib/python3.9/site-packages/airflow/example_dags/example_branch_datetime_operator.py
[2025-01-04T20:41:20.525-0500] {processor.py:925} INFO - DAG(s) 'example_branch_datetime_operator', 'example_branch_datetime_operator_2', 'example_branch_datetime_operator_3' retrieved from /Library/Frameworks/Python.framework/Versions/3.9/lib/python3.9/site-packages/airflow/example_dags/example_branch_datetime_operator.py
[2025-01-04T20:41:20.586-0500] {logging_mixin.py:190} INFO - [2025-01-04T20:41:20.586-0500] {dag.py:3239} INFO - Sync 3 DAGs
[2025-01-04T20:41:20.598-0500] {logging_mixin.py:190} INFO - [2025-01-04T20:41:20.598-0500] {dag.py:4180} INFO - Setting next_dagrun for example_branch_datetime_operator to 2025-01-04 00:00:00+00:00, run_after=2025-01-05 00:00:00+00:00
[2025-01-04T20:41:20.602-0500] {logging_mixin.py:190} INFO - [2025-01-04T20:41:20.602-0500] {dag.py:4180} INFO - Setting next_dagrun for example_branch_datetime_operator_2 to 2025-01-04 00:00:00+00:00, run_after=2025-01-05 00:00:00+00:00
[2025-01-04T20:41:20.603-0500] {logging_mixin.py:190} INFO - [2025-01-04T20:41:20.603-0500] {dag.py:4180} INFO - Setting next_dagrun for example_branch_datetime_operator_3 to 2025-01-04 00:00:00+00:00, run_after=2025-01-05 00:00:00+00:00
[2025-01-04T20:41:20.614-0500] {processor.py:208} INFO - Processing /Library/Frameworks/Python.framework/Versions/3.9/lib/python3.9/site-packages/airflow/example_dags/example_branch_datetime_operator.py took 0.099 seconds
[2025-01-04T20:44:49.185-0500] {processor.py:186} INFO - Started process (PID=2715) to work on /Library/Frameworks/Python.framework/Versions/3.9/lib/python3.9/site-packages/airflow/example_dags/example_branch_datetime_operator.py
[2025-01-04T20:44:49.188-0500] {processor.py:914} INFO - Processing file /Library/Frameworks/Python.framework/Versions/3.9/lib/python3.9/site-packages/airflow/example_dags/example_branch_datetime_operator.py for tasks to queue
[2025-01-04T20:44:49.189-0500] {logging_mixin.py:190} INFO - [2025-01-04T20:44:49.189-0500] {dagbag.py:588} INFO - Filling up the DagBag from /Library/Frameworks/Python.framework/Versions/3.9/lib/python3.9/site-packages/airflow/example_dags/example_branch_datetime_operator.py
[2025-01-04T20:44:49.216-0500] {processor.py:925} INFO - DAG(s) 'example_branch_datetime_operator_3', 'example_branch_datetime_operator', 'example_branch_datetime_operator_2' retrieved from /Library/Frameworks/Python.framework/Versions/3.9/lib/python3.9/site-packages/airflow/example_dags/example_branch_datetime_operator.py
[2025-01-04T20:44:49.299-0500] {logging_mixin.py:190} INFO - [2025-01-04T20:44:49.298-0500] {dag.py:3239} INFO - Sync 3 DAGs
[2025-01-04T20:44:49.309-0500] {logging_mixin.py:190} INFO - [2025-01-04T20:44:49.309-0500] {dag.py:4180} INFO - Setting next_dagrun for example_branch_datetime_operator to 2025-01-04 00:00:00+00:00, run_after=2025-01-05 00:00:00+00:00
[2025-01-04T20:44:49.312-0500] {logging_mixin.py:190} INFO - [2025-01-04T20:44:49.312-0500] {dag.py:4180} INFO - Setting next_dagrun for example_branch_datetime_operator_2 to 2025-01-04 00:00:00+00:00, run_after=2025-01-05 00:00:00+00:00
[2025-01-04T20:44:49.313-0500] {logging_mixin.py:190} INFO - [2025-01-04T20:44:49.313-0500] {dag.py:4180} INFO - Setting next_dagrun for example_branch_datetime_operator_3 to 2025-01-04 00:00:00+00:00, run_after=2025-01-05 00:00:00+00:00
[2025-01-04T20:44:49.323-0500] {processor.py:208} INFO - Processing /Library/Frameworks/Python.framework/Versions/3.9/lib/python3.9/site-packages/airflow/example_dags/example_branch_datetime_operator.py took 0.141 seconds
[2025-01-04T20:48:36.791-0500] {processor.py:186} INFO - Started process (PID=3394) to work on /Library/Frameworks/Python.framework/Versions/3.9/lib/python3.9/site-packages/airflow/example_dags/example_branch_datetime_operator.py
[2025-01-04T20:48:36.793-0500] {processor.py:914} INFO - Processing file /Library/Frameworks/Python.framework/Versions/3.9/lib/python3.9/site-packages/airflow/example_dags/example_branch_datetime_operator.py for tasks to queue
[2025-01-04T20:48:36.793-0500] {logging_mixin.py:190} INFO - [2025-01-04T20:48:36.793-0500] {dagbag.py:588} INFO - Filling up the DagBag from /Library/Frameworks/Python.framework/Versions/3.9/lib/python3.9/site-packages/airflow/example_dags/example_branch_datetime_operator.py
[2025-01-04T20:48:36.805-0500] {processor.py:925} INFO - DAG(s) 'example_branch_datetime_operator', 'example_branch_datetime_operator_3', 'example_branch_datetime_operator_2' retrieved from /Library/Frameworks/Python.framework/Versions/3.9/lib/python3.9/site-packages/airflow/example_dags/example_branch_datetime_operator.py
[2025-01-04T20:48:36.872-0500] {logging_mixin.py:190} INFO - [2025-01-04T20:48:36.872-0500] {dag.py:3239} INFO - Sync 3 DAGs
[2025-01-04T20:48:36.883-0500] {logging_mixin.py:190} INFO - [2025-01-04T20:48:36.883-0500] {dag.py:4180} INFO - Setting next_dagrun for example_branch_datetime_operator to 2025-01-04 00:00:00+00:00, run_after=2025-01-05 00:00:00+00:00
[2025-01-04T20:48:36.886-0500] {logging_mixin.py:190} INFO - [2025-01-04T20:48:36.886-0500] {dag.py:4180} INFO - Setting next_dagrun for example_branch_datetime_operator_2 to 2025-01-04 00:00:00+00:00, run_after=2025-01-05 00:00:00+00:00
[2025-01-04T20:48:36.888-0500] {logging_mixin.py:190} INFO - [2025-01-04T20:48:36.888-0500] {dag.py:4180} INFO - Setting next_dagrun for example_branch_datetime_operator_3 to 2025-01-04 00:00:00+00:00, run_after=2025-01-05 00:00:00+00:00
[2025-01-04T20:48:36.897-0500] {processor.py:208} INFO - Processing /Library/Frameworks/Python.framework/Versions/3.9/lib/python3.9/site-packages/airflow/example_dags/example_branch_datetime_operator.py took 0.108 seconds
