[2025-01-04T20:25:54.196-0500] {processor.py:186} INFO - Started process (PID=99262) to work on /Library/Frameworks/Python.framework/Versions/3.9/lib/python3.9/site-packages/airflow/example_dags/example_xcom.py
[2025-01-04T20:25:54.196-0500] {processor.py:914} INFO - Processing file /Library/Frameworks/Python.framework/Versions/3.9/lib/python3.9/site-packages/airflow/example_dags/example_xcom.py for tasks to queue
[2025-01-04T20:25:54.197-0500] {logging_mixin.py:190} INFO - [2025-01-04T20:25:54.197-0500] {dagbag.py:588} INFO - Filling up the DagBag from /Library/Frameworks/Python.framework/Versions/3.9/lib/python3.9/site-packages/airflow/example_dags/example_xcom.py
[2025-01-04T20:25:54.222-0500] {processor.py:925} INFO - DAG(s) 'example_xcom' retrieved from /Library/Frameworks/Python.framework/Versions/3.9/lib/python3.9/site-packages/airflow/example_dags/example_xcom.py
[2025-01-04T20:25:54.331-0500] {logging_mixin.py:190} INFO - [2025-01-04T20:25:54.330-0500] {override.py:1911} INFO - Created Permission View: can read on DAG:example_xcom
[2025-01-04T20:25:54.335-0500] {logging_mixin.py:190} INFO - [2025-01-04T20:25:54.335-0500] {override.py:1911} INFO - Created Permission View: can edit on DAG:example_xcom
[2025-01-04T20:25:54.338-0500] {logging_mixin.py:190} INFO - [2025-01-04T20:25:54.338-0500] {override.py:1911} INFO - Created Permission View: can delete on DAG:example_xcom
[2025-01-04T20:25:54.342-0500] {logging_mixin.py:190} INFO - [2025-01-04T20:25:54.342-0500] {override.py:1911} INFO - Created Permission View: can read on DAG Run:example_xcom
[2025-01-04T20:25:54.345-0500] {logging_mixin.py:190} INFO - [2025-01-04T20:25:54.345-0500] {override.py:1911} INFO - Created Permission View: can create on DAG Run:example_xcom
[2025-01-04T20:25:54.348-0500] {logging_mixin.py:190} INFO - [2025-01-04T20:25:54.348-0500] {override.py:1911} INFO - Created Permission View: menu access on DAG Run:example_xcom
[2025-01-04T20:25:54.351-0500] {logging_mixin.py:190} INFO - [2025-01-04T20:25:54.351-0500] {override.py:1911} INFO - Created Permission View: can delete on DAG Run:example_xcom
[2025-01-04T20:25:54.352-0500] {logging_mixin.py:190} INFO - [2025-01-04T20:25:54.351-0500] {dag.py:3239} INFO - Sync 1 DAGs
[2025-01-04T20:25:54.362-0500] {logging_mixin.py:190} INFO - [2025-01-04T20:25:54.362-0500] {dag.py:3262} INFO - Creating ORM DAG for example_xcom
[2025-01-04T20:25:54.366-0500] {logging_mixin.py:190} INFO - [2025-01-04T20:25:54.365-0500] {dag.py:4180} INFO - Setting next_dagrun for example_xcom to 2021-01-01 00:00:00+00:00, run_after=2021-01-01 00:00:00+00:00
[2025-01-04T20:25:54.374-0500] {processor.py:208} INFO - Processing /Library/Frameworks/Python.framework/Versions/3.9/lib/python3.9/site-packages/airflow/example_dags/example_xcom.py took 0.180 seconds
[2025-01-04T20:28:14.622-0500] {processor.py:186} INFO - Started process (PID=99615) to work on /Library/Frameworks/Python.framework/Versions/3.9/lib/python3.9/site-packages/airflow/example_dags/example_xcom.py
[2025-01-04T20:28:14.623-0500] {processor.py:914} INFO - Processing file /Library/Frameworks/Python.framework/Versions/3.9/lib/python3.9/site-packages/airflow/example_dags/example_xcom.py for tasks to queue
[2025-01-04T20:28:14.623-0500] {logging_mixin.py:190} INFO - [2025-01-04T20:28:14.623-0500] {dagbag.py:588} INFO - Filling up the DagBag from /Library/Frameworks/Python.framework/Versions/3.9/lib/python3.9/site-packages/airflow/example_dags/example_xcom.py
[2025-01-04T20:28:14.641-0500] {processor.py:925} INFO - DAG(s) 'example_xcom' retrieved from /Library/Frameworks/Python.framework/Versions/3.9/lib/python3.9/site-packages/airflow/example_dags/example_xcom.py
[2025-01-04T20:28:14.686-0500] {logging_mixin.py:190} INFO - [2025-01-04T20:28:14.686-0500] {dag.py:3239} INFO - Sync 1 DAGs
[2025-01-04T20:28:14.696-0500] {logging_mixin.py:190} INFO - [2025-01-04T20:28:14.696-0500] {dag.py:4180} INFO - Setting next_dagrun for example_xcom to 2021-01-01 00:00:00+00:00, run_after=2021-01-01 00:00:00+00:00
[2025-01-04T20:28:14.706-0500] {processor.py:208} INFO - Processing /Library/Frameworks/Python.framework/Versions/3.9/lib/python3.9/site-packages/airflow/example_dags/example_xcom.py took 0.087 seconds
[2025-01-04T20:29:50.137-0500] {processor.py:186} INFO - Started process (PID=99867) to work on /Library/Frameworks/Python.framework/Versions/3.9/lib/python3.9/site-packages/airflow/example_dags/example_xcom.py
[2025-01-04T20:29:50.138-0500] {processor.py:914} INFO - Processing file /Library/Frameworks/Python.framework/Versions/3.9/lib/python3.9/site-packages/airflow/example_dags/example_xcom.py for tasks to queue
[2025-01-04T20:29:50.138-0500] {logging_mixin.py:190} INFO - [2025-01-04T20:29:50.138-0500] {dagbag.py:588} INFO - Filling up the DagBag from /Library/Frameworks/Python.framework/Versions/3.9/lib/python3.9/site-packages/airflow/example_dags/example_xcom.py
[2025-01-04T20:29:50.156-0500] {processor.py:925} INFO - DAG(s) 'example_xcom' retrieved from /Library/Frameworks/Python.framework/Versions/3.9/lib/python3.9/site-packages/airflow/example_dags/example_xcom.py
[2025-01-04T20:29:50.200-0500] {logging_mixin.py:190} INFO - [2025-01-04T20:29:50.200-0500] {dag.py:3239} INFO - Sync 1 DAGs
[2025-01-04T20:29:50.207-0500] {logging_mixin.py:190} INFO - [2025-01-04T20:29:50.207-0500] {dag.py:4180} INFO - Setting next_dagrun for example_xcom to 2021-01-01 00:00:00+00:00, run_after=2021-01-01 00:00:00+00:00
[2025-01-04T20:29:50.216-0500] {processor.py:208} INFO - Processing /Library/Frameworks/Python.framework/Versions/3.9/lib/python3.9/site-packages/airflow/example_dags/example_xcom.py took 0.082 seconds
[2025-01-04T20:31:30.173-0500] {processor.py:186} INFO - Started process (PID=295) to work on /Library/Frameworks/Python.framework/Versions/3.9/lib/python3.9/site-packages/airflow/example_dags/example_xcom.py
[2025-01-04T20:31:30.174-0500] {processor.py:914} INFO - Processing file /Library/Frameworks/Python.framework/Versions/3.9/lib/python3.9/site-packages/airflow/example_dags/example_xcom.py for tasks to queue
[2025-01-04T20:31:30.174-0500] {logging_mixin.py:190} INFO - [2025-01-04T20:31:30.174-0500] {dagbag.py:588} INFO - Filling up the DagBag from /Library/Frameworks/Python.framework/Versions/3.9/lib/python3.9/site-packages/airflow/example_dags/example_xcom.py
[2025-01-04T20:31:30.203-0500] {processor.py:925} INFO - DAG(s) 'example_xcom' retrieved from /Library/Frameworks/Python.framework/Versions/3.9/lib/python3.9/site-packages/airflow/example_dags/example_xcom.py
[2025-01-04T20:31:30.279-0500] {logging_mixin.py:190} INFO - [2025-01-04T20:31:30.279-0500] {dag.py:3239} INFO - Sync 1 DAGs
[2025-01-04T20:31:30.291-0500] {logging_mixin.py:190} INFO - [2025-01-04T20:31:30.291-0500] {dag.py:4180} INFO - Setting next_dagrun for example_xcom to 2021-01-01 00:00:00+00:00, run_after=2021-01-01 00:00:00+00:00
[2025-01-04T20:31:30.307-0500] {processor.py:208} INFO - Processing /Library/Frameworks/Python.framework/Versions/3.9/lib/python3.9/site-packages/airflow/example_dags/example_xcom.py took 0.137 seconds
[2025-01-04T20:33:09.711-0500] {processor.py:186} INFO - Started process (PID=667) to work on /Library/Frameworks/Python.framework/Versions/3.9/lib/python3.9/site-packages/airflow/example_dags/example_xcom.py
[2025-01-04T20:33:09.712-0500] {processor.py:914} INFO - Processing file /Library/Frameworks/Python.framework/Versions/3.9/lib/python3.9/site-packages/airflow/example_dags/example_xcom.py for tasks to queue
[2025-01-04T20:33:09.713-0500] {logging_mixin.py:190} INFO - [2025-01-04T20:33:09.713-0500] {dagbag.py:588} INFO - Filling up the DagBag from /Library/Frameworks/Python.framework/Versions/3.9/lib/python3.9/site-packages/airflow/example_dags/example_xcom.py
[2025-01-04T20:33:09.737-0500] {processor.py:925} INFO - DAG(s) 'example_xcom' retrieved from /Library/Frameworks/Python.framework/Versions/3.9/lib/python3.9/site-packages/airflow/example_dags/example_xcom.py
[2025-01-04T20:33:09.783-0500] {logging_mixin.py:190} INFO - [2025-01-04T20:33:09.783-0500] {dag.py:3239} INFO - Sync 1 DAGs
[2025-01-04T20:33:09.790-0500] {logging_mixin.py:190} INFO - [2025-01-04T20:33:09.790-0500] {dag.py:4180} INFO - Setting next_dagrun for example_xcom to 2021-01-01 00:00:00+00:00, run_after=2021-01-01 00:00:00+00:00
[2025-01-04T20:33:09.800-0500] {processor.py:208} INFO - Processing /Library/Frameworks/Python.framework/Versions/3.9/lib/python3.9/site-packages/airflow/example_dags/example_xcom.py took 0.091 seconds
[2025-01-04T20:35:01.208-0500] {processor.py:186} INFO - Started process (PID=1043) to work on /Library/Frameworks/Python.framework/Versions/3.9/lib/python3.9/site-packages/airflow/example_dags/example_xcom.py
[2025-01-04T20:35:01.210-0500] {processor.py:914} INFO - Processing file /Library/Frameworks/Python.framework/Versions/3.9/lib/python3.9/site-packages/airflow/example_dags/example_xcom.py for tasks to queue
[2025-01-04T20:35:01.211-0500] {logging_mixin.py:190} INFO - [2025-01-04T20:35:01.210-0500] {dagbag.py:588} INFO - Filling up the DagBag from /Library/Frameworks/Python.framework/Versions/3.9/lib/python3.9/site-packages/airflow/example_dags/example_xcom.py
[2025-01-04T20:35:01.235-0500] {processor.py:925} INFO - DAG(s) 'example_xcom' retrieved from /Library/Frameworks/Python.framework/Versions/3.9/lib/python3.9/site-packages/airflow/example_dags/example_xcom.py
[2025-01-04T20:35:01.284-0500] {logging_mixin.py:190} INFO - [2025-01-04T20:35:01.284-0500] {dag.py:3239} INFO - Sync 1 DAGs
[2025-01-04T20:35:01.366-0500] {logging_mixin.py:190} INFO - [2025-01-04T20:35:01.366-0500] {dag.py:4180} INFO - Setting next_dagrun for example_xcom to 2021-01-01 00:00:00+00:00, run_after=2021-01-01 00:00:00+00:00
[2025-01-04T20:35:01.393-0500] {processor.py:208} INFO - Processing /Library/Frameworks/Python.framework/Versions/3.9/lib/python3.9/site-packages/airflow/example_dags/example_xcom.py took 0.187 seconds
[2025-01-04T20:36:48.384-0500] {processor.py:186} INFO - Started process (PID=1374) to work on /Library/Frameworks/Python.framework/Versions/3.9/lib/python3.9/site-packages/airflow/example_dags/example_xcom.py
[2025-01-04T20:36:48.385-0500] {processor.py:914} INFO - Processing file /Library/Frameworks/Python.framework/Versions/3.9/lib/python3.9/site-packages/airflow/example_dags/example_xcom.py for tasks to queue
[2025-01-04T20:36:48.386-0500] {logging_mixin.py:190} INFO - [2025-01-04T20:36:48.386-0500] {dagbag.py:588} INFO - Filling up the DagBag from /Library/Frameworks/Python.framework/Versions/3.9/lib/python3.9/site-packages/airflow/example_dags/example_xcom.py
[2025-01-04T20:36:48.403-0500] {processor.py:925} INFO - DAG(s) 'example_xcom' retrieved from /Library/Frameworks/Python.framework/Versions/3.9/lib/python3.9/site-packages/airflow/example_dags/example_xcom.py
[2025-01-04T20:36:48.447-0500] {logging_mixin.py:190} INFO - [2025-01-04T20:36:48.447-0500] {dag.py:3239} INFO - Sync 1 DAGs
[2025-01-04T20:36:48.454-0500] {logging_mixin.py:190} INFO - [2025-01-04T20:36:48.454-0500] {dag.py:4180} INFO - Setting next_dagrun for example_xcom to 2021-01-01 00:00:00+00:00, run_after=2021-01-01 00:00:00+00:00
[2025-01-04T20:36:48.468-0500] {processor.py:208} INFO - Processing /Library/Frameworks/Python.framework/Versions/3.9/lib/python3.9/site-packages/airflow/example_dags/example_xcom.py took 0.094 seconds
[2025-01-04T20:38:25.899-0500] {processor.py:186} INFO - Started process (PID=1702) to work on /Library/Frameworks/Python.framework/Versions/3.9/lib/python3.9/site-packages/airflow/example_dags/example_xcom.py
[2025-01-04T20:38:25.900-0500] {processor.py:914} INFO - Processing file /Library/Frameworks/Python.framework/Versions/3.9/lib/python3.9/site-packages/airflow/example_dags/example_xcom.py for tasks to queue
[2025-01-04T20:38:25.901-0500] {logging_mixin.py:190} INFO - [2025-01-04T20:38:25.901-0500] {dagbag.py:588} INFO - Filling up the DagBag from /Library/Frameworks/Python.framework/Versions/3.9/lib/python3.9/site-packages/airflow/example_dags/example_xcom.py
[2025-01-04T20:38:25.919-0500] {processor.py:925} INFO - DAG(s) 'example_xcom' retrieved from /Library/Frameworks/Python.framework/Versions/3.9/lib/python3.9/site-packages/airflow/example_dags/example_xcom.py
[2025-01-04T20:38:25.977-0500] {logging_mixin.py:190} INFO - [2025-01-04T20:38:25.977-0500] {dag.py:3239} INFO - Sync 1 DAGs
[2025-01-04T20:38:25.985-0500] {logging_mixin.py:190} INFO - [2025-01-04T20:38:25.985-0500] {dag.py:4180} INFO - Setting next_dagrun for example_xcom to 2021-01-01 00:00:00+00:00, run_after=2021-01-01 00:00:00+00:00
[2025-01-04T20:38:25.997-0500] {processor.py:208} INFO - Processing /Library/Frameworks/Python.framework/Versions/3.9/lib/python3.9/site-packages/airflow/example_dags/example_xcom.py took 0.100 seconds
[2025-01-04T20:40:09.227-0500] {processor.py:186} INFO - Started process (PID=2025) to work on /Library/Frameworks/Python.framework/Versions/3.9/lib/python3.9/site-packages/airflow/example_dags/example_xcom.py
[2025-01-04T20:40:09.228-0500] {processor.py:914} INFO - Processing file /Library/Frameworks/Python.framework/Versions/3.9/lib/python3.9/site-packages/airflow/example_dags/example_xcom.py for tasks to queue
[2025-01-04T20:40:09.229-0500] {logging_mixin.py:190} INFO - [2025-01-04T20:40:09.229-0500] {dagbag.py:588} INFO - Filling up the DagBag from /Library/Frameworks/Python.framework/Versions/3.9/lib/python3.9/site-packages/airflow/example_dags/example_xcom.py
[2025-01-04T20:40:09.259-0500] {processor.py:925} INFO - DAG(s) 'example_xcom' retrieved from /Library/Frameworks/Python.framework/Versions/3.9/lib/python3.9/site-packages/airflow/example_dags/example_xcom.py
[2025-01-04T20:40:09.323-0500] {logging_mixin.py:190} INFO - [2025-01-04T20:40:09.322-0500] {dag.py:3239} INFO - Sync 1 DAGs
[2025-01-04T20:40:09.341-0500] {logging_mixin.py:190} INFO - [2025-01-04T20:40:09.341-0500] {dag.py:4180} INFO - Setting next_dagrun for example_xcom to 2021-01-01 00:00:00+00:00, run_after=2021-01-01 00:00:00+00:00
[2025-01-04T20:40:09.383-0500] {processor.py:208} INFO - Processing /Library/Frameworks/Python.framework/Versions/3.9/lib/python3.9/site-packages/airflow/example_dags/example_xcom.py took 0.158 seconds
[2025-01-04T20:41:52.135-0500] {processor.py:186} INFO - Started process (PID=2255) to work on /Library/Frameworks/Python.framework/Versions/3.9/lib/python3.9/site-packages/airflow/example_dags/example_xcom.py
[2025-01-04T20:41:52.136-0500] {processor.py:914} INFO - Processing file /Library/Frameworks/Python.framework/Versions/3.9/lib/python3.9/site-packages/airflow/example_dags/example_xcom.py for tasks to queue
[2025-01-04T20:41:52.137-0500] {logging_mixin.py:190} INFO - [2025-01-04T20:41:52.137-0500] {dagbag.py:588} INFO - Filling up the DagBag from /Library/Frameworks/Python.framework/Versions/3.9/lib/python3.9/site-packages/airflow/example_dags/example_xcom.py
[2025-01-04T20:41:52.154-0500] {processor.py:925} INFO - DAG(s) 'example_xcom' retrieved from /Library/Frameworks/Python.framework/Versions/3.9/lib/python3.9/site-packages/airflow/example_dags/example_xcom.py
[2025-01-04T20:41:52.201-0500] {logging_mixin.py:190} INFO - [2025-01-04T20:41:52.200-0500] {dag.py:3239} INFO - Sync 1 DAGs
[2025-01-04T20:41:52.208-0500] {logging_mixin.py:190} INFO - [2025-01-04T20:41:52.208-0500] {dag.py:4180} INFO - Setting next_dagrun for example_xcom to 2021-01-01 00:00:00+00:00, run_after=2021-01-01 00:00:00+00:00
[2025-01-04T20:41:52.219-0500] {processor.py:208} INFO - Processing /Library/Frameworks/Python.framework/Versions/3.9/lib/python3.9/site-packages/airflow/example_dags/example_xcom.py took 0.086 seconds
[2025-01-04T20:43:37.907-0500] {processor.py:186} INFO - Started process (PID=2545) to work on /Library/Frameworks/Python.framework/Versions/3.9/lib/python3.9/site-packages/airflow/example_dags/example_xcom.py
[2025-01-04T20:43:37.908-0500] {processor.py:914} INFO - Processing file /Library/Frameworks/Python.framework/Versions/3.9/lib/python3.9/site-packages/airflow/example_dags/example_xcom.py for tasks to queue
[2025-01-04T20:43:37.909-0500] {logging_mixin.py:190} INFO - [2025-01-04T20:43:37.909-0500] {dagbag.py:588} INFO - Filling up the DagBag from /Library/Frameworks/Python.framework/Versions/3.9/lib/python3.9/site-packages/airflow/example_dags/example_xcom.py
[2025-01-04T20:43:37.926-0500] {processor.py:925} INFO - DAG(s) 'example_xcom' retrieved from /Library/Frameworks/Python.framework/Versions/3.9/lib/python3.9/site-packages/airflow/example_dags/example_xcom.py
[2025-01-04T20:43:37.970-0500] {logging_mixin.py:190} INFO - [2025-01-04T20:43:37.969-0500] {dag.py:3239} INFO - Sync 1 DAGs
[2025-01-04T20:43:37.977-0500] {logging_mixin.py:190} INFO - [2025-01-04T20:43:37.977-0500] {dag.py:4180} INFO - Setting next_dagrun for example_xcom to 2021-01-01 00:00:00+00:00, run_after=2021-01-01 00:00:00+00:00
[2025-01-04T20:43:37.990-0500] {processor.py:208} INFO - Processing /Library/Frameworks/Python.framework/Versions/3.9/lib/python3.9/site-packages/airflow/example_dags/example_xcom.py took 0.085 seconds
[2025-01-04T20:45:26.026-0500] {processor.py:186} INFO - Started process (PID=2847) to work on /Library/Frameworks/Python.framework/Versions/3.9/lib/python3.9/site-packages/airflow/example_dags/example_xcom.py
[2025-01-04T20:45:26.027-0500] {processor.py:914} INFO - Processing file /Library/Frameworks/Python.framework/Versions/3.9/lib/python3.9/site-packages/airflow/example_dags/example_xcom.py for tasks to queue
[2025-01-04T20:45:26.028-0500] {logging_mixin.py:190} INFO - [2025-01-04T20:45:26.028-0500] {dagbag.py:588} INFO - Filling up the DagBag from /Library/Frameworks/Python.framework/Versions/3.9/lib/python3.9/site-packages/airflow/example_dags/example_xcom.py
[2025-01-04T20:45:26.044-0500] {processor.py:925} INFO - DAG(s) 'example_xcom' retrieved from /Library/Frameworks/Python.framework/Versions/3.9/lib/python3.9/site-packages/airflow/example_dags/example_xcom.py
[2025-01-04T20:45:26.089-0500] {logging_mixin.py:190} INFO - [2025-01-04T20:45:26.089-0500] {dag.py:3239} INFO - Sync 1 DAGs
[2025-01-04T20:45:26.097-0500] {logging_mixin.py:190} INFO - [2025-01-04T20:45:26.097-0500] {dag.py:4180} INFO - Setting next_dagrun for example_xcom to 2021-01-01 00:00:00+00:00, run_after=2021-01-01 00:00:00+00:00
[2025-01-04T20:45:26.108-0500] {processor.py:208} INFO - Processing /Library/Frameworks/Python.framework/Versions/3.9/lib/python3.9/site-packages/airflow/example_dags/example_xcom.py took 0.084 seconds
[2025-01-04T20:47:21.858-0500] {processor.py:186} INFO - Started process (PID=3175) to work on /Library/Frameworks/Python.framework/Versions/3.9/lib/python3.9/site-packages/airflow/example_dags/example_xcom.py
[2025-01-04T20:47:21.860-0500] {processor.py:914} INFO - Processing file /Library/Frameworks/Python.framework/Versions/3.9/lib/python3.9/site-packages/airflow/example_dags/example_xcom.py for tasks to queue
[2025-01-04T20:47:21.861-0500] {logging_mixin.py:190} INFO - [2025-01-04T20:47:21.861-0500] {dagbag.py:588} INFO - Filling up the DagBag from /Library/Frameworks/Python.framework/Versions/3.9/lib/python3.9/site-packages/airflow/example_dags/example_xcom.py
[2025-01-04T20:47:21.884-0500] {processor.py:925} INFO - DAG(s) 'example_xcom' retrieved from /Library/Frameworks/Python.framework/Versions/3.9/lib/python3.9/site-packages/airflow/example_dags/example_xcom.py
[2025-01-04T20:47:21.931-0500] {logging_mixin.py:190} INFO - [2025-01-04T20:47:21.931-0500] {dag.py:3239} INFO - Sync 1 DAGs
[2025-01-04T20:47:21.941-0500] {logging_mixin.py:190} INFO - [2025-01-04T20:47:21.940-0500] {dag.py:4180} INFO - Setting next_dagrun for example_xcom to 2021-01-01 00:00:00+00:00, run_after=2021-01-01 00:00:00+00:00
[2025-01-04T20:47:21.957-0500] {processor.py:208} INFO - Processing /Library/Frameworks/Python.framework/Versions/3.9/lib/python3.9/site-packages/airflow/example_dags/example_xcom.py took 0.101 seconds
[2025-01-04T20:49:20.425-0500] {processor.py:186} INFO - Started process (PID=3549) to work on /Library/Frameworks/Python.framework/Versions/3.9/lib/python3.9/site-packages/airflow/example_dags/example_xcom.py
[2025-01-04T20:49:20.426-0500] {processor.py:914} INFO - Processing file /Library/Frameworks/Python.framework/Versions/3.9/lib/python3.9/site-packages/airflow/example_dags/example_xcom.py for tasks to queue
[2025-01-04T20:49:20.427-0500] {logging_mixin.py:190} INFO - [2025-01-04T20:49:20.427-0500] {dagbag.py:588} INFO - Filling up the DagBag from /Library/Frameworks/Python.framework/Versions/3.9/lib/python3.9/site-packages/airflow/example_dags/example_xcom.py
[2025-01-04T20:49:20.447-0500] {processor.py:925} INFO - DAG(s) 'example_xcom' retrieved from /Library/Frameworks/Python.framework/Versions/3.9/lib/python3.9/site-packages/airflow/example_dags/example_xcom.py
[2025-01-04T20:49:20.501-0500] {logging_mixin.py:190} INFO - [2025-01-04T20:49:20.500-0500] {dag.py:3239} INFO - Sync 1 DAGs
[2025-01-04T20:49:20.512-0500] {logging_mixin.py:190} INFO - [2025-01-04T20:49:20.512-0500] {dag.py:4180} INFO - Setting next_dagrun for example_xcom to 2021-01-01 00:00:00+00:00, run_after=2021-01-01 00:00:00+00:00
[2025-01-04T20:49:20.527-0500] {processor.py:208} INFO - Processing /Library/Frameworks/Python.framework/Versions/3.9/lib/python3.9/site-packages/airflow/example_dags/example_xcom.py took 0.103 seconds
