[2025-01-04T20:26:41.585-0500] {processor.py:186} INFO - Started process (PID=99416) to work on /Library/Frameworks/Python.framework/Versions/3.9/lib/python3.9/site-packages/airflow/example_dags/example_python_decorator.py
[2025-01-04T20:26:41.586-0500] {processor.py:914} INFO - Processing file /Library/Frameworks/Python.framework/Versions/3.9/lib/python3.9/site-packages/airflow/example_dags/example_python_decorator.py for tasks to queue
[2025-01-04T20:26:41.586-0500] {logging_mixin.py:190} INFO - [2025-01-04T20:26:41.586-0500] {dagbag.py:588} INFO - Filling up the DagBag from /Library/Frameworks/Python.framework/Versions/3.9/lib/python3.9/site-packages/airflow/example_dags/example_python_decorator.py
[2025-01-04T20:26:41.605-0500] {processor.py:925} INFO - DAG(s) 'example_python_decorator' retrieved from /Library/Frameworks/Python.framework/Versions/3.9/lib/python3.9/site-packages/airflow/example_dags/example_python_decorator.py
[2025-01-04T20:26:41.697-0500] {logging_mixin.py:190} INFO - [2025-01-04T20:26:41.697-0500] {override.py:1911} INFO - Created Permission View: can read on DAG:example_python_decorator
[2025-01-04T20:26:41.701-0500] {logging_mixin.py:190} INFO - [2025-01-04T20:26:41.701-0500] {override.py:1911} INFO - Created Permission View: can delete on DAG:example_python_decorator
[2025-01-04T20:26:41.703-0500] {logging_mixin.py:190} INFO - [2025-01-04T20:26:41.703-0500] {override.py:1911} INFO - Created Permission View: can edit on DAG:example_python_decorator
[2025-01-04T20:26:41.706-0500] {logging_mixin.py:190} INFO - [2025-01-04T20:26:41.706-0500] {override.py:1911} INFO - Created Permission View: menu access on DAG Run:example_python_decorator
[2025-01-04T20:26:41.708-0500] {logging_mixin.py:190} INFO - [2025-01-04T20:26:41.708-0500] {override.py:1911} INFO - Created Permission View: can read on DAG Run:example_python_decorator
[2025-01-04T20:26:41.711-0500] {logging_mixin.py:190} INFO - [2025-01-04T20:26:41.710-0500] {override.py:1911} INFO - Created Permission View: can delete on DAG Run:example_python_decorator
[2025-01-04T20:26:41.713-0500] {logging_mixin.py:190} INFO - [2025-01-04T20:26:41.713-0500] {override.py:1911} INFO - Created Permission View: can create on DAG Run:example_python_decorator
[2025-01-04T20:26:41.713-0500] {logging_mixin.py:190} INFO - [2025-01-04T20:26:41.713-0500] {dag.py:3239} INFO - Sync 1 DAGs
[2025-01-04T20:26:41.718-0500] {logging_mixin.py:190} INFO - [2025-01-04T20:26:41.718-0500] {dag.py:3262} INFO - Creating ORM DAG for example_python_decorator
[2025-01-04T20:26:41.718-0500] {logging_mixin.py:190} INFO - [2025-01-04T20:26:41.718-0500] {dag.py:4180} INFO - Setting next_dagrun for example_python_decorator to None, run_after=None
[2025-01-04T20:26:41.724-0500] {processor.py:208} INFO - Processing /Library/Frameworks/Python.framework/Versions/3.9/lib/python3.9/site-packages/airflow/example_dags/example_python_decorator.py took 0.141 seconds
[2025-01-04T20:28:49.772-0500] {processor.py:186} INFO - Started process (PID=99723) to work on /Library/Frameworks/Python.framework/Versions/3.9/lib/python3.9/site-packages/airflow/example_dags/example_python_decorator.py
[2025-01-04T20:28:49.773-0500] {processor.py:914} INFO - Processing file /Library/Frameworks/Python.framework/Versions/3.9/lib/python3.9/site-packages/airflow/example_dags/example_python_decorator.py for tasks to queue
[2025-01-04T20:28:49.774-0500] {logging_mixin.py:190} INFO - [2025-01-04T20:28:49.774-0500] {dagbag.py:588} INFO - Filling up the DagBag from /Library/Frameworks/Python.framework/Versions/3.9/lib/python3.9/site-packages/airflow/example_dags/example_python_decorator.py
[2025-01-04T20:28:49.791-0500] {processor.py:925} INFO - DAG(s) 'example_python_decorator' retrieved from /Library/Frameworks/Python.framework/Versions/3.9/lib/python3.9/site-packages/airflow/example_dags/example_python_decorator.py
[2025-01-04T20:28:49.877-0500] {logging_mixin.py:190} INFO - [2025-01-04T20:28:49.877-0500] {dag.py:3239} INFO - Sync 1 DAGs
[2025-01-04T20:28:49.882-0500] {logging_mixin.py:190} INFO - [2025-01-04T20:28:49.882-0500] {dag.py:4180} INFO - Setting next_dagrun for example_python_decorator to None, run_after=None
[2025-01-04T20:28:49.890-0500] {processor.py:208} INFO - Processing /Library/Frameworks/Python.framework/Versions/3.9/lib/python3.9/site-packages/airflow/example_dags/example_python_decorator.py took 0.119 seconds
[2025-01-04T20:32:10.104-0500] {processor.py:186} INFO - Started process (PID=436) to work on /Library/Frameworks/Python.framework/Versions/3.9/lib/python3.9/site-packages/airflow/example_dags/example_python_decorator.py
[2025-01-04T20:32:10.105-0500] {processor.py:914} INFO - Processing file /Library/Frameworks/Python.framework/Versions/3.9/lib/python3.9/site-packages/airflow/example_dags/example_python_decorator.py for tasks to queue
[2025-01-04T20:32:10.105-0500] {logging_mixin.py:190} INFO - [2025-01-04T20:32:10.105-0500] {dagbag.py:588} INFO - Filling up the DagBag from /Library/Frameworks/Python.framework/Versions/3.9/lib/python3.9/site-packages/airflow/example_dags/example_python_decorator.py
[2025-01-04T20:32:10.130-0500] {processor.py:925} INFO - DAG(s) 'example_python_decorator' retrieved from /Library/Frameworks/Python.framework/Versions/3.9/lib/python3.9/site-packages/airflow/example_dags/example_python_decorator.py
[2025-01-04T20:32:10.224-0500] {logging_mixin.py:190} INFO - [2025-01-04T20:32:10.224-0500] {dag.py:3239} INFO - Sync 1 DAGs
[2025-01-04T20:32:10.231-0500] {logging_mixin.py:190} INFO - [2025-01-04T20:32:10.230-0500] {dag.py:4180} INFO - Setting next_dagrun for example_python_decorator to None, run_after=None
[2025-01-04T20:32:10.249-0500] {processor.py:208} INFO - Processing /Library/Frameworks/Python.framework/Versions/3.9/lib/python3.9/site-packages/airflow/example_dags/example_python_decorator.py took 0.147 seconds
[2025-01-04T20:33:52.022-0500] {processor.py:186} INFO - Started process (PID=791) to work on /Library/Frameworks/Python.framework/Versions/3.9/lib/python3.9/site-packages/airflow/example_dags/example_python_decorator.py
[2025-01-04T20:33:52.023-0500] {processor.py:914} INFO - Processing file /Library/Frameworks/Python.framework/Versions/3.9/lib/python3.9/site-packages/airflow/example_dags/example_python_decorator.py for tasks to queue
[2025-01-04T20:33:52.024-0500] {logging_mixin.py:190} INFO - [2025-01-04T20:33:52.024-0500] {dagbag.py:588} INFO - Filling up the DagBag from /Library/Frameworks/Python.framework/Versions/3.9/lib/python3.9/site-packages/airflow/example_dags/example_python_decorator.py
[2025-01-04T20:33:52.080-0500] {processor.py:925} INFO - DAG(s) 'example_python_decorator' retrieved from /Library/Frameworks/Python.framework/Versions/3.9/lib/python3.9/site-packages/airflow/example_dags/example_python_decorator.py
[2025-01-04T20:33:52.207-0500] {logging_mixin.py:190} INFO - [2025-01-04T20:33:52.207-0500] {dag.py:3239} INFO - Sync 1 DAGs
[2025-01-04T20:33:52.213-0500] {logging_mixin.py:190} INFO - [2025-01-04T20:33:52.213-0500] {dag.py:4180} INFO - Setting next_dagrun for example_python_decorator to None, run_after=None
[2025-01-04T20:33:52.228-0500] {processor.py:208} INFO - Processing /Library/Frameworks/Python.framework/Versions/3.9/lib/python3.9/site-packages/airflow/example_dags/example_python_decorator.py took 0.209 seconds
[2025-01-04T20:35:44.256-0500] {processor.py:186} INFO - Started process (PID=1161) to work on /Library/Frameworks/Python.framework/Versions/3.9/lib/python3.9/site-packages/airflow/example_dags/example_python_decorator.py
[2025-01-04T20:35:44.260-0500] {processor.py:914} INFO - Processing file /Library/Frameworks/Python.framework/Versions/3.9/lib/python3.9/site-packages/airflow/example_dags/example_python_decorator.py for tasks to queue
[2025-01-04T20:35:44.261-0500] {logging_mixin.py:190} INFO - [2025-01-04T20:35:44.261-0500] {dagbag.py:588} INFO - Filling up the DagBag from /Library/Frameworks/Python.framework/Versions/3.9/lib/python3.9/site-packages/airflow/example_dags/example_python_decorator.py
[2025-01-04T20:35:44.288-0500] {processor.py:925} INFO - DAG(s) 'example_python_decorator' retrieved from /Library/Frameworks/Python.framework/Versions/3.9/lib/python3.9/site-packages/airflow/example_dags/example_python_decorator.py
[2025-01-04T20:35:44.524-0500] {logging_mixin.py:190} INFO - [2025-01-04T20:35:44.520-0500] {dag.py:3239} INFO - Sync 1 DAGs
[2025-01-04T20:35:44.540-0500] {logging_mixin.py:190} INFO - [2025-01-04T20:35:44.540-0500] {dag.py:4180} INFO - Setting next_dagrun for example_python_decorator to None, run_after=None
[2025-01-04T20:35:44.580-0500] {processor.py:208} INFO - Processing /Library/Frameworks/Python.framework/Versions/3.9/lib/python3.9/site-packages/airflow/example_dags/example_python_decorator.py took 0.326 seconds
[2025-01-04T20:37:30.925-0500] {processor.py:186} INFO - Started process (PID=1503) to work on /Library/Frameworks/Python.framework/Versions/3.9/lib/python3.9/site-packages/airflow/example_dags/example_python_decorator.py
[2025-01-04T20:37:30.926-0500] {processor.py:914} INFO - Processing file /Library/Frameworks/Python.framework/Versions/3.9/lib/python3.9/site-packages/airflow/example_dags/example_python_decorator.py for tasks to queue
[2025-01-04T20:37:30.927-0500] {logging_mixin.py:190} INFO - [2025-01-04T20:37:30.927-0500] {dagbag.py:588} INFO - Filling up the DagBag from /Library/Frameworks/Python.framework/Versions/3.9/lib/python3.9/site-packages/airflow/example_dags/example_python_decorator.py
[2025-01-04T20:37:30.948-0500] {processor.py:925} INFO - DAG(s) 'example_python_decorator' retrieved from /Library/Frameworks/Python.framework/Versions/3.9/lib/python3.9/site-packages/airflow/example_dags/example_python_decorator.py
[2025-01-04T20:37:31.036-0500] {logging_mixin.py:190} INFO - [2025-01-04T20:37:31.036-0500] {dag.py:3239} INFO - Sync 1 DAGs
[2025-01-04T20:37:31.041-0500] {logging_mixin.py:190} INFO - [2025-01-04T20:37:31.041-0500] {dag.py:4180} INFO - Setting next_dagrun for example_python_decorator to None, run_after=None
[2025-01-04T20:37:31.052-0500] {processor.py:208} INFO - Processing /Library/Frameworks/Python.framework/Versions/3.9/lib/python3.9/site-packages/airflow/example_dags/example_python_decorator.py took 0.128 seconds
[2025-01-04T20:40:53.560-0500] {processor.py:186} INFO - Started process (PID=2158) to work on /Library/Frameworks/Python.framework/Versions/3.9/lib/python3.9/site-packages/airflow/example_dags/example_python_decorator.py
[2025-01-04T20:40:53.562-0500] {processor.py:914} INFO - Processing file /Library/Frameworks/Python.framework/Versions/3.9/lib/python3.9/site-packages/airflow/example_dags/example_python_decorator.py for tasks to queue
[2025-01-04T20:40:53.563-0500] {logging_mixin.py:190} INFO - [2025-01-04T20:40:53.562-0500] {dagbag.py:588} INFO - Filling up the DagBag from /Library/Frameworks/Python.framework/Versions/3.9/lib/python3.9/site-packages/airflow/example_dags/example_python_decorator.py
[2025-01-04T20:40:53.583-0500] {processor.py:925} INFO - DAG(s) 'example_python_decorator' retrieved from /Library/Frameworks/Python.framework/Versions/3.9/lib/python3.9/site-packages/airflow/example_dags/example_python_decorator.py
[2025-01-04T20:40:53.674-0500] {logging_mixin.py:190} INFO - [2025-01-04T20:40:53.673-0500] {dag.py:3239} INFO - Sync 1 DAGs
[2025-01-04T20:40:53.679-0500] {logging_mixin.py:190} INFO - [2025-01-04T20:40:53.678-0500] {dag.py:4180} INFO - Setting next_dagrun for example_python_decorator to None, run_after=None
[2025-01-04T20:40:53.689-0500] {processor.py:208} INFO - Processing /Library/Frameworks/Python.framework/Versions/3.9/lib/python3.9/site-packages/airflow/example_dags/example_python_decorator.py took 0.133 seconds
[2025-01-04T20:42:33.848-0500] {processor.py:186} INFO - Started process (PID=2351) to work on /Library/Frameworks/Python.framework/Versions/3.9/lib/python3.9/site-packages/airflow/example_dags/example_python_decorator.py
[2025-01-04T20:42:33.850-0500] {processor.py:914} INFO - Processing file /Library/Frameworks/Python.framework/Versions/3.9/lib/python3.9/site-packages/airflow/example_dags/example_python_decorator.py for tasks to queue
[2025-01-04T20:42:33.851-0500] {logging_mixin.py:190} INFO - [2025-01-04T20:42:33.851-0500] {dagbag.py:588} INFO - Filling up the DagBag from /Library/Frameworks/Python.framework/Versions/3.9/lib/python3.9/site-packages/airflow/example_dags/example_python_decorator.py
[2025-01-04T20:42:33.890-0500] {processor.py:925} INFO - DAG(s) 'example_python_decorator' retrieved from /Library/Frameworks/Python.framework/Versions/3.9/lib/python3.9/site-packages/airflow/example_dags/example_python_decorator.py
[2025-01-04T20:42:34.154-0500] {logging_mixin.py:190} INFO - [2025-01-04T20:42:34.154-0500] {dag.py:3239} INFO - Sync 1 DAGs
[2025-01-04T20:42:34.160-0500] {logging_mixin.py:190} INFO - [2025-01-04T20:42:34.160-0500] {dag.py:4180} INFO - Setting next_dagrun for example_python_decorator to None, run_after=None
[2025-01-04T20:42:34.199-0500] {processor.py:208} INFO - Processing /Library/Frameworks/Python.framework/Versions/3.9/lib/python3.9/site-packages/airflow/example_dags/example_python_decorator.py took 0.355 seconds
[2025-01-04T20:44:19.209-0500] {processor.py:186} INFO - Started process (PID=2642) to work on /Library/Frameworks/Python.framework/Versions/3.9/lib/python3.9/site-packages/airflow/example_dags/example_python_decorator.py
[2025-01-04T20:44:19.211-0500] {processor.py:914} INFO - Processing file /Library/Frameworks/Python.framework/Versions/3.9/lib/python3.9/site-packages/airflow/example_dags/example_python_decorator.py for tasks to queue
[2025-01-04T20:44:19.212-0500] {logging_mixin.py:190} INFO - [2025-01-04T20:44:19.212-0500] {dagbag.py:588} INFO - Filling up the DagBag from /Library/Frameworks/Python.framework/Versions/3.9/lib/python3.9/site-packages/airflow/example_dags/example_python_decorator.py
[2025-01-04T20:44:19.239-0500] {processor.py:925} INFO - DAG(s) 'example_python_decorator' retrieved from /Library/Frameworks/Python.framework/Versions/3.9/lib/python3.9/site-packages/airflow/example_dags/example_python_decorator.py
[2025-01-04T20:44:19.358-0500] {logging_mixin.py:190} INFO - [2025-01-04T20:44:19.358-0500] {dag.py:3239} INFO - Sync 1 DAGs
[2025-01-04T20:44:19.366-0500] {logging_mixin.py:190} INFO - [2025-01-04T20:44:19.365-0500] {dag.py:4180} INFO - Setting next_dagrun for example_python_decorator to None, run_after=None
[2025-01-04T20:44:19.381-0500] {processor.py:208} INFO - Processing /Library/Frameworks/Python.framework/Versions/3.9/lib/python3.9/site-packages/airflow/example_dags/example_python_decorator.py took 0.175 seconds
[2025-01-04T20:46:14.515-0500] {processor.py:186} INFO - Started process (PID=2996) to work on /Library/Frameworks/Python.framework/Versions/3.9/lib/python3.9/site-packages/airflow/example_dags/example_python_decorator.py
[2025-01-04T20:46:14.516-0500] {processor.py:914} INFO - Processing file /Library/Frameworks/Python.framework/Versions/3.9/lib/python3.9/site-packages/airflow/example_dags/example_python_decorator.py for tasks to queue
[2025-01-04T20:46:14.517-0500] {logging_mixin.py:190} INFO - [2025-01-04T20:46:14.517-0500] {dagbag.py:588} INFO - Filling up the DagBag from /Library/Frameworks/Python.framework/Versions/3.9/lib/python3.9/site-packages/airflow/example_dags/example_python_decorator.py
[2025-01-04T20:46:14.541-0500] {processor.py:925} INFO - DAG(s) 'example_python_decorator' retrieved from /Library/Frameworks/Python.framework/Versions/3.9/lib/python3.9/site-packages/airflow/example_dags/example_python_decorator.py
[2025-01-04T20:46:14.630-0500] {logging_mixin.py:190} INFO - [2025-01-04T20:46:14.630-0500] {dag.py:3239} INFO - Sync 1 DAGs
[2025-01-04T20:46:14.637-0500] {logging_mixin.py:190} INFO - [2025-01-04T20:46:14.637-0500] {dag.py:4180} INFO - Setting next_dagrun for example_python_decorator to None, run_after=None
[2025-01-04T20:46:14.652-0500] {processor.py:208} INFO - Processing /Library/Frameworks/Python.framework/Versions/3.9/lib/python3.9/site-packages/airflow/example_dags/example_python_decorator.py took 0.138 seconds
[2025-01-04T20:48:08.219-0500] {processor.py:186} INFO - Started process (PID=3275) to work on /Library/Frameworks/Python.framework/Versions/3.9/lib/python3.9/site-packages/airflow/example_dags/example_python_decorator.py
[2025-01-04T20:48:08.222-0500] {processor.py:914} INFO - Processing file /Library/Frameworks/Python.framework/Versions/3.9/lib/python3.9/site-packages/airflow/example_dags/example_python_decorator.py for tasks to queue
[2025-01-04T20:48:08.223-0500] {logging_mixin.py:190} INFO - [2025-01-04T20:48:08.223-0500] {dagbag.py:588} INFO - Filling up the DagBag from /Library/Frameworks/Python.framework/Versions/3.9/lib/python3.9/site-packages/airflow/example_dags/example_python_decorator.py
[2025-01-04T20:48:08.243-0500] {processor.py:925} INFO - DAG(s) 'example_python_decorator' retrieved from /Library/Frameworks/Python.framework/Versions/3.9/lib/python3.9/site-packages/airflow/example_dags/example_python_decorator.py
[2025-01-04T20:48:08.330-0500] {logging_mixin.py:190} INFO - [2025-01-04T20:48:08.330-0500] {dag.py:3239} INFO - Sync 1 DAGs
[2025-01-04T20:48:08.338-0500] {logging_mixin.py:190} INFO - [2025-01-04T20:48:08.338-0500] {dag.py:4180} INFO - Setting next_dagrun for example_python_decorator to None, run_after=None
[2025-01-04T20:48:08.351-0500] {processor.py:208} INFO - Processing /Library/Frameworks/Python.framework/Versions/3.9/lib/python3.9/site-packages/airflow/example_dags/example_python_decorator.py took 0.135 seconds
[2025-01-04T20:49:59.739-0500] {processor.py:186} INFO - Started process (PID=3729) to work on /Library/Frameworks/Python.framework/Versions/3.9/lib/python3.9/site-packages/airflow/example_dags/example_python_decorator.py
[2025-01-04T20:49:59.740-0500] {processor.py:914} INFO - Processing file /Library/Frameworks/Python.framework/Versions/3.9/lib/python3.9/site-packages/airflow/example_dags/example_python_decorator.py for tasks to queue
[2025-01-04T20:49:59.741-0500] {logging_mixin.py:190} INFO - [2025-01-04T20:49:59.741-0500] {dagbag.py:588} INFO - Filling up the DagBag from /Library/Frameworks/Python.framework/Versions/3.9/lib/python3.9/site-packages/airflow/example_dags/example_python_decorator.py
[2025-01-04T20:49:59.768-0500] {processor.py:925} INFO - DAG(s) 'example_python_decorator' retrieved from /Library/Frameworks/Python.framework/Versions/3.9/lib/python3.9/site-packages/airflow/example_dags/example_python_decorator.py
[2025-01-04T20:49:59.882-0500] {logging_mixin.py:190} INFO - [2025-01-04T20:49:59.882-0500] {dag.py:3239} INFO - Sync 1 DAGs
[2025-01-04T20:49:59.887-0500] {logging_mixin.py:190} INFO - [2025-01-04T20:49:59.887-0500] {dag.py:4180} INFO - Setting next_dagrun for example_python_decorator to None, run_after=None
[2025-01-04T20:49:59.899-0500] {processor.py:208} INFO - Processing /Library/Frameworks/Python.framework/Versions/3.9/lib/python3.9/site-packages/airflow/example_dags/example_python_decorator.py took 0.163 seconds
