[2025-01-04T20:25:51.724-0500] {processor.py:186} INFO - Started process (PID=99258) to work on /Library/Frameworks/Python.framework/Versions/3.9/lib/python3.9/site-packages/airflow/example_dags/example_xcomargs.py
[2025-01-04T20:25:51.725-0500] {processor.py:914} INFO - Processing file /Library/Frameworks/Python.framework/Versions/3.9/lib/python3.9/site-packages/airflow/example_dags/example_xcomargs.py for tasks to queue
[2025-01-04T20:25:51.726-0500] {logging_mixin.py:190} INFO - [2025-01-04T20:25:51.726-0500] {dagbag.py:588} INFO - Filling up the DagBag from /Library/Frameworks/Python.framework/Versions/3.9/lib/python3.9/site-packages/airflow/example_dags/example_xcomargs.py
[2025-01-04T20:25:51.748-0500] {processor.py:925} INFO - DAG(s) 'example_xcom_args_with_operators', 'example_xcom_args' retrieved from /Library/Frameworks/Python.framework/Versions/3.9/lib/python3.9/site-packages/airflow/example_dags/example_xcomargs.py
[2025-01-04T20:25:51.865-0500] {logging_mixin.py:190} INFO - [2025-01-04T20:25:51.865-0500] {override.py:1911} INFO - Created Permission View: can delete on DAG:example_xcom_args_with_operators
[2025-01-04T20:25:51.886-0500] {logging_mixin.py:190} INFO - [2025-01-04T20:25:51.886-0500] {override.py:1911} INFO - Created Permission View: can read on DAG:example_xcom_args_with_operators
[2025-01-04T20:25:51.891-0500] {logging_mixin.py:190} INFO - [2025-01-04T20:25:51.891-0500] {override.py:1911} INFO - Created Permission View: can edit on DAG:example_xcom_args_with_operators
[2025-01-04T20:25:51.895-0500] {logging_mixin.py:190} INFO - [2025-01-04T20:25:51.895-0500] {override.py:1911} INFO - Created Permission View: can delete on DAG Run:example_xcom_args_with_operators
[2025-01-04T20:25:51.899-0500] {logging_mixin.py:190} INFO - [2025-01-04T20:25:51.899-0500] {override.py:1911} INFO - Created Permission View: can read on DAG Run:example_xcom_args_with_operators
[2025-01-04T20:25:51.902-0500] {logging_mixin.py:190} INFO - [2025-01-04T20:25:51.902-0500] {override.py:1911} INFO - Created Permission View: menu access on DAG Run:example_xcom_args_with_operators
[2025-01-04T20:25:51.905-0500] {logging_mixin.py:190} INFO - [2025-01-04T20:25:51.905-0500] {override.py:1911} INFO - Created Permission View: can create on DAG Run:example_xcom_args_with_operators
[2025-01-04T20:25:51.912-0500] {logging_mixin.py:190} INFO - [2025-01-04T20:25:51.912-0500] {override.py:1911} INFO - Created Permission View: can delete on DAG:example_xcom_args
[2025-01-04T20:25:51.916-0500] {logging_mixin.py:190} INFO - [2025-01-04T20:25:51.915-0500] {override.py:1911} INFO - Created Permission View: can read on DAG:example_xcom_args
[2025-01-04T20:25:51.918-0500] {logging_mixin.py:190} INFO - [2025-01-04T20:25:51.918-0500] {override.py:1911} INFO - Created Permission View: can edit on DAG:example_xcom_args
[2025-01-04T20:25:51.921-0500] {logging_mixin.py:190} INFO - [2025-01-04T20:25:51.921-0500] {override.py:1911} INFO - Created Permission View: can delete on DAG Run:example_xcom_args
[2025-01-04T20:25:51.924-0500] {logging_mixin.py:190} INFO - [2025-01-04T20:25:51.924-0500] {override.py:1911} INFO - Created Permission View: can read on DAG Run:example_xcom_args
[2025-01-04T20:25:51.927-0500] {logging_mixin.py:190} INFO - [2025-01-04T20:25:51.927-0500] {override.py:1911} INFO - Created Permission View: menu access on DAG Run:example_xcom_args
[2025-01-04T20:25:51.930-0500] {logging_mixin.py:190} INFO - [2025-01-04T20:25:51.930-0500] {override.py:1911} INFO - Created Permission View: can create on DAG Run:example_xcom_args
[2025-01-04T20:25:51.930-0500] {logging_mixin.py:190} INFO - [2025-01-04T20:25:51.930-0500] {dag.py:3239} INFO - Sync 2 DAGs
[2025-01-04T20:25:51.935-0500] {logging_mixin.py:190} INFO - [2025-01-04T20:25:51.935-0500] {dag.py:3262} INFO - Creating ORM DAG for example_xcom_args_with_operators
[2025-01-04T20:25:51.935-0500] {logging_mixin.py:190} INFO - [2025-01-04T20:25:51.935-0500] {dag.py:3262} INFO - Creating ORM DAG for example_xcom_args
[2025-01-04T20:25:51.935-0500] {logging_mixin.py:190} INFO - [2025-01-04T20:25:51.935-0500] {dag.py:4180} INFO - Setting next_dagrun for example_xcom_args to None, run_after=None
[2025-01-04T20:25:51.935-0500] {logging_mixin.py:190} INFO - [2025-01-04T20:25:51.935-0500] {dag.py:4180} INFO - Setting next_dagrun for example_xcom_args_with_operators to None, run_after=None
[2025-01-04T20:25:51.943-0500] {processor.py:208} INFO - Processing /Library/Frameworks/Python.framework/Versions/3.9/lib/python3.9/site-packages/airflow/example_dags/example_xcomargs.py took 0.221 seconds
[2025-01-04T20:28:11.929-0500] {processor.py:186} INFO - Started process (PID=99601) to work on /Library/Frameworks/Python.framework/Versions/3.9/lib/python3.9/site-packages/airflow/example_dags/example_xcomargs.py
[2025-01-04T20:28:11.930-0500] {processor.py:914} INFO - Processing file /Library/Frameworks/Python.framework/Versions/3.9/lib/python3.9/site-packages/airflow/example_dags/example_xcomargs.py for tasks to queue
[2025-01-04T20:28:11.931-0500] {logging_mixin.py:190} INFO - [2025-01-04T20:28:11.931-0500] {dagbag.py:588} INFO - Filling up the DagBag from /Library/Frameworks/Python.framework/Versions/3.9/lib/python3.9/site-packages/airflow/example_dags/example_xcomargs.py
[2025-01-04T20:28:11.959-0500] {processor.py:925} INFO - DAG(s) 'example_xcom_args', 'example_xcom_args_with_operators' retrieved from /Library/Frameworks/Python.framework/Versions/3.9/lib/python3.9/site-packages/airflow/example_dags/example_xcomargs.py
[2025-01-04T20:28:12.054-0500] {logging_mixin.py:190} INFO - [2025-01-04T20:28:12.054-0500] {dag.py:3239} INFO - Sync 2 DAGs
[2025-01-04T20:28:12.060-0500] {logging_mixin.py:190} INFO - [2025-01-04T20:28:12.060-0500] {dag.py:4180} INFO - Setting next_dagrun for example_xcom_args to None, run_after=None
[2025-01-04T20:28:12.062-0500] {logging_mixin.py:190} INFO - [2025-01-04T20:28:12.062-0500] {dag.py:4180} INFO - Setting next_dagrun for example_xcom_args_with_operators to None, run_after=None
[2025-01-04T20:28:12.071-0500] {processor.py:208} INFO - Processing /Library/Frameworks/Python.framework/Versions/3.9/lib/python3.9/site-packages/airflow/example_dags/example_xcomargs.py took 0.143 seconds
[2025-01-04T20:29:47.993-0500] {processor.py:186} INFO - Started process (PID=99859) to work on /Library/Frameworks/Python.framework/Versions/3.9/lib/python3.9/site-packages/airflow/example_dags/example_xcomargs.py
[2025-01-04T20:29:47.994-0500] {processor.py:914} INFO - Processing file /Library/Frameworks/Python.framework/Versions/3.9/lib/python3.9/site-packages/airflow/example_dags/example_xcomargs.py for tasks to queue
[2025-01-04T20:29:47.994-0500] {logging_mixin.py:190} INFO - [2025-01-04T20:29:47.994-0500] {dagbag.py:588} INFO - Filling up the DagBag from /Library/Frameworks/Python.framework/Versions/3.9/lib/python3.9/site-packages/airflow/example_dags/example_xcomargs.py
[2025-01-04T20:29:48.019-0500] {processor.py:925} INFO - DAG(s) 'example_xcom_args', 'example_xcom_args_with_operators' retrieved from /Library/Frameworks/Python.framework/Versions/3.9/lib/python3.9/site-packages/airflow/example_dags/example_xcomargs.py
[2025-01-04T20:29:48.068-0500] {logging_mixin.py:190} INFO - [2025-01-04T20:29:48.068-0500] {dag.py:3239} INFO - Sync 2 DAGs
[2025-01-04T20:29:48.074-0500] {logging_mixin.py:190} INFO - [2025-01-04T20:29:48.074-0500] {dag.py:4180} INFO - Setting next_dagrun for example_xcom_args to None, run_after=None
[2025-01-04T20:29:48.075-0500] {logging_mixin.py:190} INFO - [2025-01-04T20:29:48.075-0500] {dag.py:4180} INFO - Setting next_dagrun for example_xcom_args_with_operators to None, run_after=None
[2025-01-04T20:29:48.085-0500] {processor.py:208} INFO - Processing /Library/Frameworks/Python.framework/Versions/3.9/lib/python3.9/site-packages/airflow/example_dags/example_xcomargs.py took 0.094 seconds
[2025-01-04T20:31:28.696-0500] {processor.py:186} INFO - Started process (PID=292) to work on /Library/Frameworks/Python.framework/Versions/3.9/lib/python3.9/site-packages/airflow/example_dags/example_xcomargs.py
[2025-01-04T20:31:28.697-0500] {processor.py:914} INFO - Processing file /Library/Frameworks/Python.framework/Versions/3.9/lib/python3.9/site-packages/airflow/example_dags/example_xcomargs.py for tasks to queue
[2025-01-04T20:31:28.698-0500] {logging_mixin.py:190} INFO - [2025-01-04T20:31:28.698-0500] {dagbag.py:588} INFO - Filling up the DagBag from /Library/Frameworks/Python.framework/Versions/3.9/lib/python3.9/site-packages/airflow/example_dags/example_xcomargs.py
[2025-01-04T20:31:28.720-0500] {processor.py:925} INFO - DAG(s) 'example_xcom_args_with_operators', 'example_xcom_args' retrieved from /Library/Frameworks/Python.framework/Versions/3.9/lib/python3.9/site-packages/airflow/example_dags/example_xcomargs.py
[2025-01-04T20:31:28.771-0500] {logging_mixin.py:190} INFO - [2025-01-04T20:31:28.771-0500] {dag.py:3239} INFO - Sync 2 DAGs
[2025-01-04T20:31:28.775-0500] {logging_mixin.py:190} INFO - [2025-01-04T20:31:28.775-0500] {dag.py:4180} INFO - Setting next_dagrun for example_xcom_args to None, run_after=None
[2025-01-04T20:31:28.777-0500] {logging_mixin.py:190} INFO - [2025-01-04T20:31:28.777-0500] {dag.py:4180} INFO - Setting next_dagrun for example_xcom_args_with_operators to None, run_after=None
[2025-01-04T20:31:28.786-0500] {processor.py:208} INFO - Processing /Library/Frameworks/Python.framework/Versions/3.9/lib/python3.9/site-packages/airflow/example_dags/example_xcomargs.py took 0.092 seconds
[2025-01-04T20:33:07.264-0500] {processor.py:186} INFO - Started process (PID=658) to work on /Library/Frameworks/Python.framework/Versions/3.9/lib/python3.9/site-packages/airflow/example_dags/example_xcomargs.py
[2025-01-04T20:33:07.267-0500] {processor.py:914} INFO - Processing file /Library/Frameworks/Python.framework/Versions/3.9/lib/python3.9/site-packages/airflow/example_dags/example_xcomargs.py for tasks to queue
[2025-01-04T20:33:07.268-0500] {logging_mixin.py:190} INFO - [2025-01-04T20:33:07.267-0500] {dagbag.py:588} INFO - Filling up the DagBag from /Library/Frameworks/Python.framework/Versions/3.9/lib/python3.9/site-packages/airflow/example_dags/example_xcomargs.py
[2025-01-04T20:33:07.398-0500] {processor.py:925} INFO - DAG(s) 'example_xcom_args_with_operators', 'example_xcom_args' retrieved from /Library/Frameworks/Python.framework/Versions/3.9/lib/python3.9/site-packages/airflow/example_dags/example_xcomargs.py
[2025-01-04T20:33:07.472-0500] {logging_mixin.py:190} INFO - [2025-01-04T20:33:07.472-0500] {dag.py:3239} INFO - Sync 2 DAGs
[2025-01-04T20:33:07.479-0500] {logging_mixin.py:190} INFO - [2025-01-04T20:33:07.478-0500] {dag.py:4180} INFO - Setting next_dagrun for example_xcom_args to None, run_after=None
[2025-01-04T20:33:07.480-0500] {logging_mixin.py:190} INFO - [2025-01-04T20:33:07.480-0500] {dag.py:4180} INFO - Setting next_dagrun for example_xcom_args_with_operators to None, run_after=None
[2025-01-04T20:33:07.492-0500] {processor.py:208} INFO - Processing /Library/Frameworks/Python.framework/Versions/3.9/lib/python3.9/site-packages/airflow/example_dags/example_xcomargs.py took 0.232 seconds
[2025-01-04T20:34:58.700-0500] {processor.py:186} INFO - Started process (PID=1040) to work on /Library/Frameworks/Python.framework/Versions/3.9/lib/python3.9/site-packages/airflow/example_dags/example_xcomargs.py
[2025-01-04T20:34:58.702-0500] {processor.py:914} INFO - Processing file /Library/Frameworks/Python.framework/Versions/3.9/lib/python3.9/site-packages/airflow/example_dags/example_xcomargs.py for tasks to queue
[2025-01-04T20:34:58.703-0500] {logging_mixin.py:190} INFO - [2025-01-04T20:34:58.703-0500] {dagbag.py:588} INFO - Filling up the DagBag from /Library/Frameworks/Python.framework/Versions/3.9/lib/python3.9/site-packages/airflow/example_dags/example_xcomargs.py
[2025-01-04T20:34:58.728-0500] {processor.py:925} INFO - DAG(s) 'example_xcom_args_with_operators', 'example_xcom_args' retrieved from /Library/Frameworks/Python.framework/Versions/3.9/lib/python3.9/site-packages/airflow/example_dags/example_xcomargs.py
[2025-01-04T20:34:58.801-0500] {logging_mixin.py:190} INFO - [2025-01-04T20:34:58.801-0500] {dag.py:3239} INFO - Sync 2 DAGs
[2025-01-04T20:34:58.807-0500] {logging_mixin.py:190} INFO - [2025-01-04T20:34:58.807-0500] {dag.py:4180} INFO - Setting next_dagrun for example_xcom_args to None, run_after=None
[2025-01-04T20:34:58.811-0500] {logging_mixin.py:190} INFO - [2025-01-04T20:34:58.811-0500] {dag.py:4180} INFO - Setting next_dagrun for example_xcom_args_with_operators to None, run_after=None
[2025-01-04T20:34:58.841-0500] {processor.py:208} INFO - Processing /Library/Frameworks/Python.framework/Versions/3.9/lib/python3.9/site-packages/airflow/example_dags/example_xcomargs.py took 0.143 seconds
[2025-01-04T20:36:46.145-0500] {processor.py:186} INFO - Started process (PID=1367) to work on /Library/Frameworks/Python.framework/Versions/3.9/lib/python3.9/site-packages/airflow/example_dags/example_xcomargs.py
[2025-01-04T20:36:46.147-0500] {processor.py:914} INFO - Processing file /Library/Frameworks/Python.framework/Versions/3.9/lib/python3.9/site-packages/airflow/example_dags/example_xcomargs.py for tasks to queue
[2025-01-04T20:36:46.147-0500] {logging_mixin.py:190} INFO - [2025-01-04T20:36:46.147-0500] {dagbag.py:588} INFO - Filling up the DagBag from /Library/Frameworks/Python.framework/Versions/3.9/lib/python3.9/site-packages/airflow/example_dags/example_xcomargs.py
[2025-01-04T20:36:46.163-0500] {processor.py:925} INFO - DAG(s) 'example_xcom_args_with_operators', 'example_xcom_args' retrieved from /Library/Frameworks/Python.framework/Versions/3.9/lib/python3.9/site-packages/airflow/example_dags/example_xcomargs.py
[2025-01-04T20:36:46.207-0500] {logging_mixin.py:190} INFO - [2025-01-04T20:36:46.206-0500] {dag.py:3239} INFO - Sync 2 DAGs
[2025-01-04T20:36:46.212-0500] {logging_mixin.py:190} INFO - [2025-01-04T20:36:46.211-0500] {dag.py:4180} INFO - Setting next_dagrun for example_xcom_args to None, run_after=None
[2025-01-04T20:36:46.213-0500] {logging_mixin.py:190} INFO - [2025-01-04T20:36:46.213-0500] {dag.py:4180} INFO - Setting next_dagrun for example_xcom_args_with_operators to None, run_after=None
[2025-01-04T20:36:46.222-0500] {processor.py:208} INFO - Processing /Library/Frameworks/Python.framework/Versions/3.9/lib/python3.9/site-packages/airflow/example_dags/example_xcomargs.py took 0.079 seconds
[2025-01-04T20:38:23.745-0500] {processor.py:186} INFO - Started process (PID=1695) to work on /Library/Frameworks/Python.framework/Versions/3.9/lib/python3.9/site-packages/airflow/example_dags/example_xcomargs.py
[2025-01-04T20:38:23.747-0500] {processor.py:914} INFO - Processing file /Library/Frameworks/Python.framework/Versions/3.9/lib/python3.9/site-packages/airflow/example_dags/example_xcomargs.py for tasks to queue
[2025-01-04T20:38:23.748-0500] {logging_mixin.py:190} INFO - [2025-01-04T20:38:23.748-0500] {dagbag.py:588} INFO - Filling up the DagBag from /Library/Frameworks/Python.framework/Versions/3.9/lib/python3.9/site-packages/airflow/example_dags/example_xcomargs.py
[2025-01-04T20:38:23.767-0500] {processor.py:925} INFO - DAG(s) 'example_xcom_args_with_operators', 'example_xcom_args' retrieved from /Library/Frameworks/Python.framework/Versions/3.9/lib/python3.9/site-packages/airflow/example_dags/example_xcomargs.py
[2025-01-04T20:38:23.815-0500] {logging_mixin.py:190} INFO - [2025-01-04T20:38:23.815-0500] {dag.py:3239} INFO - Sync 2 DAGs
[2025-01-04T20:38:23.821-0500] {logging_mixin.py:190} INFO - [2025-01-04T20:38:23.820-0500] {dag.py:4180} INFO - Setting next_dagrun for example_xcom_args to None, run_after=None
[2025-01-04T20:38:23.822-0500] {logging_mixin.py:190} INFO - [2025-01-04T20:38:23.822-0500] {dag.py:4180} INFO - Setting next_dagrun for example_xcom_args_with_operators to None, run_after=None
[2025-01-04T20:38:23.834-0500] {processor.py:208} INFO - Processing /Library/Frameworks/Python.framework/Versions/3.9/lib/python3.9/site-packages/airflow/example_dags/example_xcomargs.py took 0.090 seconds
[2025-01-04T20:40:07.920-0500] {processor.py:186} INFO - Started process (PID=2023) to work on /Library/Frameworks/Python.framework/Versions/3.9/lib/python3.9/site-packages/airflow/example_dags/example_xcomargs.py
[2025-01-04T20:40:07.923-0500] {processor.py:914} INFO - Processing file /Library/Frameworks/Python.framework/Versions/3.9/lib/python3.9/site-packages/airflow/example_dags/example_xcomargs.py for tasks to queue
[2025-01-04T20:40:07.923-0500] {logging_mixin.py:190} INFO - [2025-01-04T20:40:07.923-0500] {dagbag.py:588} INFO - Filling up the DagBag from /Library/Frameworks/Python.framework/Versions/3.9/lib/python3.9/site-packages/airflow/example_dags/example_xcomargs.py
[2025-01-04T20:40:07.939-0500] {processor.py:925} INFO - DAG(s) 'example_xcom_args', 'example_xcom_args_with_operators' retrieved from /Library/Frameworks/Python.framework/Versions/3.9/lib/python3.9/site-packages/airflow/example_dags/example_xcomargs.py
[2025-01-04T20:40:07.983-0500] {logging_mixin.py:190} INFO - [2025-01-04T20:40:07.983-0500] {dag.py:3239} INFO - Sync 2 DAGs
[2025-01-04T20:40:07.987-0500] {logging_mixin.py:190} INFO - [2025-01-04T20:40:07.987-0500] {dag.py:4180} INFO - Setting next_dagrun for example_xcom_args to None, run_after=None
[2025-01-04T20:40:07.989-0500] {logging_mixin.py:190} INFO - [2025-01-04T20:40:07.988-0500] {dag.py:4180} INFO - Setting next_dagrun for example_xcom_args_with_operators to None, run_after=None
[2025-01-04T20:40:08.001-0500] {processor.py:208} INFO - Processing /Library/Frameworks/Python.framework/Versions/3.9/lib/python3.9/site-packages/airflow/example_dags/example_xcomargs.py took 0.083 seconds
[2025-01-04T20:41:50.585-0500] {processor.py:186} INFO - Started process (PID=2253) to work on /Library/Frameworks/Python.framework/Versions/3.9/lib/python3.9/site-packages/airflow/example_dags/example_xcomargs.py
[2025-01-04T20:41:50.587-0500] {processor.py:914} INFO - Processing file /Library/Frameworks/Python.framework/Versions/3.9/lib/python3.9/site-packages/airflow/example_dags/example_xcomargs.py for tasks to queue
[2025-01-04T20:41:50.588-0500] {logging_mixin.py:190} INFO - [2025-01-04T20:41:50.588-0500] {dagbag.py:588} INFO - Filling up the DagBag from /Library/Frameworks/Python.framework/Versions/3.9/lib/python3.9/site-packages/airflow/example_dags/example_xcomargs.py
[2025-01-04T20:41:50.729-0500] {processor.py:925} INFO - DAG(s) 'example_xcom_args', 'example_xcom_args_with_operators' retrieved from /Library/Frameworks/Python.framework/Versions/3.9/lib/python3.9/site-packages/airflow/example_dags/example_xcomargs.py
[2025-01-04T20:41:50.875-0500] {logging_mixin.py:190} INFO - [2025-01-04T20:41:50.875-0500] {dag.py:3239} INFO - Sync 2 DAGs
[2025-01-04T20:41:50.881-0500] {logging_mixin.py:190} INFO - [2025-01-04T20:41:50.881-0500] {dag.py:4180} INFO - Setting next_dagrun for example_xcom_args to None, run_after=None
[2025-01-04T20:41:50.884-0500] {logging_mixin.py:190} INFO - [2025-01-04T20:41:50.884-0500] {dag.py:4180} INFO - Setting next_dagrun for example_xcom_args_with_operators to None, run_after=None
[2025-01-04T20:41:50.903-0500] {processor.py:208} INFO - Processing /Library/Frameworks/Python.framework/Versions/3.9/lib/python3.9/site-packages/airflow/example_dags/example_xcomargs.py took 0.323 seconds
[2025-01-04T20:43:35.699-0500] {processor.py:186} INFO - Started process (PID=2535) to work on /Library/Frameworks/Python.framework/Versions/3.9/lib/python3.9/site-packages/airflow/example_dags/example_xcomargs.py
[2025-01-04T20:43:35.700-0500] {processor.py:914} INFO - Processing file /Library/Frameworks/Python.framework/Versions/3.9/lib/python3.9/site-packages/airflow/example_dags/example_xcomargs.py for tasks to queue
[2025-01-04T20:43:35.701-0500] {logging_mixin.py:190} INFO - [2025-01-04T20:43:35.701-0500] {dagbag.py:588} INFO - Filling up the DagBag from /Library/Frameworks/Python.framework/Versions/3.9/lib/python3.9/site-packages/airflow/example_dags/example_xcomargs.py
[2025-01-04T20:43:35.722-0500] {processor.py:925} INFO - DAG(s) 'example_xcom_args', 'example_xcom_args_with_operators' retrieved from /Library/Frameworks/Python.framework/Versions/3.9/lib/python3.9/site-packages/airflow/example_dags/example_xcomargs.py
[2025-01-04T20:43:35.771-0500] {logging_mixin.py:190} INFO - [2025-01-04T20:43:35.771-0500] {dag.py:3239} INFO - Sync 2 DAGs
[2025-01-04T20:43:35.777-0500] {logging_mixin.py:190} INFO - [2025-01-04T20:43:35.777-0500] {dag.py:4180} INFO - Setting next_dagrun for example_xcom_args to None, run_after=None
[2025-01-04T20:43:35.778-0500] {logging_mixin.py:190} INFO - [2025-01-04T20:43:35.778-0500] {dag.py:4180} INFO - Setting next_dagrun for example_xcom_args_with_operators to None, run_after=None
[2025-01-04T20:43:35.795-0500] {processor.py:208} INFO - Processing /Library/Frameworks/Python.framework/Versions/3.9/lib/python3.9/site-packages/airflow/example_dags/example_xcomargs.py took 0.098 seconds
[2025-01-04T20:45:23.036-0500] {processor.py:186} INFO - Started process (PID=2838) to work on /Library/Frameworks/Python.framework/Versions/3.9/lib/python3.9/site-packages/airflow/example_dags/example_xcomargs.py
[2025-01-04T20:45:23.039-0500] {processor.py:914} INFO - Processing file /Library/Frameworks/Python.framework/Versions/3.9/lib/python3.9/site-packages/airflow/example_dags/example_xcomargs.py for tasks to queue
[2025-01-04T20:45:23.045-0500] {logging_mixin.py:190} INFO - [2025-01-04T20:45:23.045-0500] {dagbag.py:588} INFO - Filling up the DagBag from /Library/Frameworks/Python.framework/Versions/3.9/lib/python3.9/site-packages/airflow/example_dags/example_xcomargs.py
[2025-01-04T20:45:23.088-0500] {processor.py:925} INFO - DAG(s) 'example_xcom_args', 'example_xcom_args_with_operators' retrieved from /Library/Frameworks/Python.framework/Versions/3.9/lib/python3.9/site-packages/airflow/example_dags/example_xcomargs.py
[2025-01-04T20:45:23.208-0500] {logging_mixin.py:190} INFO - [2025-01-04T20:45:23.207-0500] {dag.py:3239} INFO - Sync 2 DAGs
[2025-01-04T20:45:23.222-0500] {logging_mixin.py:190} INFO - [2025-01-04T20:45:23.221-0500] {dag.py:4180} INFO - Setting next_dagrun for example_xcom_args to None, run_after=None
[2025-01-04T20:45:23.230-0500] {logging_mixin.py:190} INFO - [2025-01-04T20:45:23.228-0500] {dag.py:4180} INFO - Setting next_dagrun for example_xcom_args_with_operators to None, run_after=None
[2025-01-04T20:45:23.357-0500] {processor.py:208} INFO - Processing /Library/Frameworks/Python.framework/Versions/3.9/lib/python3.9/site-packages/airflow/example_dags/example_xcomargs.py took 0.329 seconds
[2025-01-04T20:47:19.403-0500] {processor.py:186} INFO - Started process (PID=3163) to work on /Library/Frameworks/Python.framework/Versions/3.9/lib/python3.9/site-packages/airflow/example_dags/example_xcomargs.py
[2025-01-04T20:47:19.405-0500] {processor.py:914} INFO - Processing file /Library/Frameworks/Python.framework/Versions/3.9/lib/python3.9/site-packages/airflow/example_dags/example_xcomargs.py for tasks to queue
[2025-01-04T20:47:19.407-0500] {logging_mixin.py:190} INFO - [2025-01-04T20:47:19.407-0500] {dagbag.py:588} INFO - Filling up the DagBag from /Library/Frameworks/Python.framework/Versions/3.9/lib/python3.9/site-packages/airflow/example_dags/example_xcomargs.py
[2025-01-04T20:47:19.431-0500] {processor.py:925} INFO - DAG(s) 'example_xcom_args', 'example_xcom_args_with_operators' retrieved from /Library/Frameworks/Python.framework/Versions/3.9/lib/python3.9/site-packages/airflow/example_dags/example_xcomargs.py
[2025-01-04T20:47:19.480-0500] {logging_mixin.py:190} INFO - [2025-01-04T20:47:19.480-0500] {dag.py:3239} INFO - Sync 2 DAGs
[2025-01-04T20:47:19.486-0500] {logging_mixin.py:190} INFO - [2025-01-04T20:47:19.486-0500] {dag.py:4180} INFO - Setting next_dagrun for example_xcom_args to None, run_after=None
[2025-01-04T20:47:19.488-0500] {logging_mixin.py:190} INFO - [2025-01-04T20:47:19.488-0500] {dag.py:4180} INFO - Setting next_dagrun for example_xcom_args_with_operators to None, run_after=None
[2025-01-04T20:47:19.500-0500] {processor.py:208} INFO - Processing /Library/Frameworks/Python.framework/Versions/3.9/lib/python3.9/site-packages/airflow/example_dags/example_xcomargs.py took 0.101 seconds
[2025-01-04T20:49:17.596-0500] {processor.py:186} INFO - Started process (PID=3535) to work on /Library/Frameworks/Python.framework/Versions/3.9/lib/python3.9/site-packages/airflow/example_dags/example_xcomargs.py
[2025-01-04T20:49:17.599-0500] {processor.py:914} INFO - Processing file /Library/Frameworks/Python.framework/Versions/3.9/lib/python3.9/site-packages/airflow/example_dags/example_xcomargs.py for tasks to queue
[2025-01-04T20:49:17.600-0500] {logging_mixin.py:190} INFO - [2025-01-04T20:49:17.600-0500] {dagbag.py:588} INFO - Filling up the DagBag from /Library/Frameworks/Python.framework/Versions/3.9/lib/python3.9/site-packages/airflow/example_dags/example_xcomargs.py
[2025-01-04T20:49:17.626-0500] {processor.py:925} INFO - DAG(s) 'example_xcom_args_with_operators', 'example_xcom_args' retrieved from /Library/Frameworks/Python.framework/Versions/3.9/lib/python3.9/site-packages/airflow/example_dags/example_xcomargs.py
[2025-01-04T20:49:17.689-0500] {logging_mixin.py:190} INFO - [2025-01-04T20:49:17.689-0500] {dag.py:3239} INFO - Sync 2 DAGs
[2025-01-04T20:49:17.695-0500] {logging_mixin.py:190} INFO - [2025-01-04T20:49:17.695-0500] {dag.py:4180} INFO - Setting next_dagrun for example_xcom_args to None, run_after=None
[2025-01-04T20:49:17.696-0500] {logging_mixin.py:190} INFO - [2025-01-04T20:49:17.696-0500] {dag.py:4180} INFO - Setting next_dagrun for example_xcom_args_with_operators to None, run_after=None
[2025-01-04T20:49:17.708-0500] {processor.py:208} INFO - Processing /Library/Frameworks/Python.framework/Versions/3.9/lib/python3.9/site-packages/airflow/example_dags/example_xcomargs.py took 0.118 seconds
