[2025-01-04T20:27:38.700-0500] {processor.py:186} INFO - Started process (PID=99524) to work on /Library/Frameworks/Python.framework/Versions/3.9/lib/python3.9/site-packages/airflow/example_dags/example_branch_day_of_week_operator.py
[2025-01-04T20:27:38.700-0500] {processor.py:914} INFO - Processing file /Library/Frameworks/Python.framework/Versions/3.9/lib/python3.9/site-packages/airflow/example_dags/example_branch_day_of_week_operator.py for tasks to queue
[2025-01-04T20:27:38.701-0500] {logging_mixin.py:190} INFO - [2025-01-04T20:27:38.700-0500] {dagbag.py:588} INFO - Filling up the DagBag from /Library/Frameworks/Python.framework/Versions/3.9/lib/python3.9/site-packages/airflow/example_dags/example_branch_day_of_week_operator.py
[2025-01-04T20:27:38.707-0500] {processor.py:925} INFO - DAG(s) 'example_weekday_branch_operator' retrieved from /Library/Frameworks/Python.framework/Versions/3.9/lib/python3.9/site-packages/airflow/example_dags/example_branch_day_of_week_operator.py
[2025-01-04T20:27:38.889-0500] {logging_mixin.py:190} INFO - [2025-01-04T20:27:38.889-0500] {override.py:1911} INFO - Created Permission View: can edit on DAG:example_weekday_branch_operator
[2025-01-04T20:27:38.907-0500] {logging_mixin.py:190} INFO - [2025-01-04T20:27:38.907-0500] {override.py:1911} INFO - Created Permission View: can read on DAG:example_weekday_branch_operator
[2025-01-04T20:27:38.911-0500] {logging_mixin.py:190} INFO - [2025-01-04T20:27:38.911-0500] {override.py:1911} INFO - Created Permission View: can delete on DAG:example_weekday_branch_operator
[2025-01-04T20:27:38.915-0500] {logging_mixin.py:190} INFO - [2025-01-04T20:27:38.915-0500] {override.py:1911} INFO - Created Permission View: can create on DAG Run:example_weekday_branch_operator
[2025-01-04T20:27:38.918-0500] {logging_mixin.py:190} INFO - [2025-01-04T20:27:38.918-0500] {override.py:1911} INFO - Created Permission View: can read on DAG Run:example_weekday_branch_operator
[2025-01-04T20:27:38.921-0500] {logging_mixin.py:190} INFO - [2025-01-04T20:27:38.921-0500] {override.py:1911} INFO - Created Permission View: menu access on DAG Run:example_weekday_branch_operator
[2025-01-04T20:27:38.924-0500] {logging_mixin.py:190} INFO - [2025-01-04T20:27:38.924-0500] {override.py:1911} INFO - Created Permission View: can delete on DAG Run:example_weekday_branch_operator
[2025-01-04T20:27:38.924-0500] {logging_mixin.py:190} INFO - [2025-01-04T20:27:38.924-0500] {dag.py:3239} INFO - Sync 1 DAGs
[2025-01-04T20:27:38.929-0500] {logging_mixin.py:190} INFO - [2025-01-04T20:27:38.929-0500] {dag.py:3262} INFO - Creating ORM DAG for example_weekday_branch_operator
[2025-01-04T20:27:38.934-0500] {logging_mixin.py:190} INFO - [2025-01-04T20:27:38.934-0500] {dag.py:4180} INFO - Setting next_dagrun for example_weekday_branch_operator to 2025-01-04 00:00:00+00:00, run_after=2025-01-05 00:00:00+00:00
[2025-01-04T20:27:38.942-0500] {processor.py:208} INFO - Processing /Library/Frameworks/Python.framework/Versions/3.9/lib/python3.9/site-packages/airflow/example_dags/example_branch_day_of_week_operator.py took 0.244 seconds
[2025-01-04T20:30:49.192-0500] {processor.py:186} INFO - Started process (PID=143) to work on /Library/Frameworks/Python.framework/Versions/3.9/lib/python3.9/site-packages/airflow/example_dags/example_branch_day_of_week_operator.py
[2025-01-04T20:30:49.193-0500] {processor.py:914} INFO - Processing file /Library/Frameworks/Python.framework/Versions/3.9/lib/python3.9/site-packages/airflow/example_dags/example_branch_day_of_week_operator.py for tasks to queue
[2025-01-04T20:30:49.193-0500] {logging_mixin.py:190} INFO - [2025-01-04T20:30:49.193-0500] {dagbag.py:588} INFO - Filling up the DagBag from /Library/Frameworks/Python.framework/Versions/3.9/lib/python3.9/site-packages/airflow/example_dags/example_branch_day_of_week_operator.py
[2025-01-04T20:30:49.198-0500] {processor.py:925} INFO - DAG(s) 'example_weekday_branch_operator' retrieved from /Library/Frameworks/Python.framework/Versions/3.9/lib/python3.9/site-packages/airflow/example_dags/example_branch_day_of_week_operator.py
[2025-01-04T20:30:49.250-0500] {logging_mixin.py:190} INFO - [2025-01-04T20:30:49.249-0500] {dag.py:3239} INFO - Sync 1 DAGs
[2025-01-04T20:30:49.259-0500] {logging_mixin.py:190} INFO - [2025-01-04T20:30:49.259-0500] {dag.py:4180} INFO - Setting next_dagrun for example_weekday_branch_operator to 2025-01-04 00:00:00+00:00, run_after=2025-01-05 00:00:00+00:00
[2025-01-04T20:30:49.271-0500] {processor.py:208} INFO - Processing /Library/Frameworks/Python.framework/Versions/3.9/lib/python3.9/site-packages/airflow/example_dags/example_branch_day_of_week_operator.py took 0.081 seconds
[2025-01-04T20:34:19.222-0500] {processor.py:186} INFO - Started process (PID=896) to work on /Library/Frameworks/Python.framework/Versions/3.9/lib/python3.9/site-packages/airflow/example_dags/example_branch_day_of_week_operator.py
[2025-01-04T20:34:19.223-0500] {processor.py:914} INFO - Processing file /Library/Frameworks/Python.framework/Versions/3.9/lib/python3.9/site-packages/airflow/example_dags/example_branch_day_of_week_operator.py for tasks to queue
[2025-01-04T20:34:19.224-0500] {logging_mixin.py:190} INFO - [2025-01-04T20:34:19.224-0500] {dagbag.py:588} INFO - Filling up the DagBag from /Library/Frameworks/Python.framework/Versions/3.9/lib/python3.9/site-packages/airflow/example_dags/example_branch_day_of_week_operator.py
[2025-01-04T20:34:19.229-0500] {processor.py:925} INFO - DAG(s) 'example_weekday_branch_operator' retrieved from /Library/Frameworks/Python.framework/Versions/3.9/lib/python3.9/site-packages/airflow/example_dags/example_branch_day_of_week_operator.py
[2025-01-04T20:34:19.278-0500] {logging_mixin.py:190} INFO - [2025-01-04T20:34:19.278-0500] {dag.py:3239} INFO - Sync 1 DAGs
[2025-01-04T20:34:19.287-0500] {logging_mixin.py:190} INFO - [2025-01-04T20:34:19.287-0500] {dag.py:4180} INFO - Setting next_dagrun for example_weekday_branch_operator to 2025-01-04 00:00:00+00:00, run_after=2025-01-05 00:00:00+00:00
[2025-01-04T20:34:19.296-0500] {processor.py:208} INFO - Processing /Library/Frameworks/Python.framework/Versions/3.9/lib/python3.9/site-packages/airflow/example_dags/example_branch_day_of_week_operator.py took 0.075 seconds
[2025-01-04T20:37:50.459-0500] {processor.py:186} INFO - Started process (PID=1586) to work on /Library/Frameworks/Python.framework/Versions/3.9/lib/python3.9/site-packages/airflow/example_dags/example_branch_day_of_week_operator.py
[2025-01-04T20:37:50.460-0500] {processor.py:914} INFO - Processing file /Library/Frameworks/Python.framework/Versions/3.9/lib/python3.9/site-packages/airflow/example_dags/example_branch_day_of_week_operator.py for tasks to queue
[2025-01-04T20:37:50.460-0500] {logging_mixin.py:190} INFO - [2025-01-04T20:37:50.460-0500] {dagbag.py:588} INFO - Filling up the DagBag from /Library/Frameworks/Python.framework/Versions/3.9/lib/python3.9/site-packages/airflow/example_dags/example_branch_day_of_week_operator.py
[2025-01-04T20:37:50.465-0500] {processor.py:925} INFO - DAG(s) 'example_weekday_branch_operator' retrieved from /Library/Frameworks/Python.framework/Versions/3.9/lib/python3.9/site-packages/airflow/example_dags/example_branch_day_of_week_operator.py
[2025-01-04T20:37:50.512-0500] {logging_mixin.py:190} INFO - [2025-01-04T20:37:50.512-0500] {dag.py:3239} INFO - Sync 1 DAGs
[2025-01-04T20:37:50.520-0500] {logging_mixin.py:190} INFO - [2025-01-04T20:37:50.520-0500] {dag.py:4180} INFO - Setting next_dagrun for example_weekday_branch_operator to 2025-01-04 00:00:00+00:00, run_after=2025-01-05 00:00:00+00:00
[2025-01-04T20:37:50.529-0500] {processor.py:208} INFO - Processing /Library/Frameworks/Python.framework/Versions/3.9/lib/python3.9/site-packages/airflow/example_dags/example_branch_day_of_week_operator.py took 0.073 seconds
[2025-01-04T20:41:18.697-0500] {processor.py:186} INFO - Started process (PID=2216) to work on /Library/Frameworks/Python.framework/Versions/3.9/lib/python3.9/site-packages/airflow/example_dags/example_branch_day_of_week_operator.py
[2025-01-04T20:41:18.698-0500] {processor.py:914} INFO - Processing file /Library/Frameworks/Python.framework/Versions/3.9/lib/python3.9/site-packages/airflow/example_dags/example_branch_day_of_week_operator.py for tasks to queue
[2025-01-04T20:41:18.698-0500] {logging_mixin.py:190} INFO - [2025-01-04T20:41:18.698-0500] {dagbag.py:588} INFO - Filling up the DagBag from /Library/Frameworks/Python.framework/Versions/3.9/lib/python3.9/site-packages/airflow/example_dags/example_branch_day_of_week_operator.py
[2025-01-04T20:41:18.705-0500] {processor.py:925} INFO - DAG(s) 'example_weekday_branch_operator' retrieved from /Library/Frameworks/Python.framework/Versions/3.9/lib/python3.9/site-packages/airflow/example_dags/example_branch_day_of_week_operator.py
[2025-01-04T20:41:18.750-0500] {logging_mixin.py:190} INFO - [2025-01-04T20:41:18.750-0500] {dag.py:3239} INFO - Sync 1 DAGs
[2025-01-04T20:41:18.758-0500] {logging_mixin.py:190} INFO - [2025-01-04T20:41:18.758-0500] {dag.py:4180} INFO - Setting next_dagrun for example_weekday_branch_operator to 2025-01-04 00:00:00+00:00, run_after=2025-01-05 00:00:00+00:00
[2025-01-04T20:41:18.767-0500] {processor.py:208} INFO - Processing /Library/Frameworks/Python.framework/Versions/3.9/lib/python3.9/site-packages/airflow/example_dags/example_branch_day_of_week_operator.py took 0.072 seconds
[2025-01-04T20:44:46.529-0500] {processor.py:186} INFO - Started process (PID=2712) to work on /Library/Frameworks/Python.framework/Versions/3.9/lib/python3.9/site-packages/airflow/example_dags/example_branch_day_of_week_operator.py
[2025-01-04T20:44:46.532-0500] {processor.py:914} INFO - Processing file /Library/Frameworks/Python.framework/Versions/3.9/lib/python3.9/site-packages/airflow/example_dags/example_branch_day_of_week_operator.py for tasks to queue
[2025-01-04T20:44:46.532-0500] {logging_mixin.py:190} INFO - [2025-01-04T20:44:46.532-0500] {dagbag.py:588} INFO - Filling up the DagBag from /Library/Frameworks/Python.framework/Versions/3.9/lib/python3.9/site-packages/airflow/example_dags/example_branch_day_of_week_operator.py
[2025-01-04T20:44:46.538-0500] {processor.py:925} INFO - DAG(s) 'example_weekday_branch_operator' retrieved from /Library/Frameworks/Python.framework/Versions/3.9/lib/python3.9/site-packages/airflow/example_dags/example_branch_day_of_week_operator.py
[2025-01-04T20:44:46.585-0500] {logging_mixin.py:190} INFO - [2025-01-04T20:44:46.585-0500] {dag.py:3239} INFO - Sync 1 DAGs
[2025-01-04T20:44:46.593-0500] {logging_mixin.py:190} INFO - [2025-01-04T20:44:46.593-0500] {dag.py:4180} INFO - Setting next_dagrun for example_weekday_branch_operator to 2025-01-04 00:00:00+00:00, run_after=2025-01-05 00:00:00+00:00
[2025-01-04T20:44:46.601-0500] {processor.py:208} INFO - Processing /Library/Frameworks/Python.framework/Versions/3.9/lib/python3.9/site-packages/airflow/example_dags/example_branch_day_of_week_operator.py took 0.075 seconds
[2025-01-04T20:48:34.396-0500] {processor.py:186} INFO - Started process (PID=3387) to work on /Library/Frameworks/Python.framework/Versions/3.9/lib/python3.9/site-packages/airflow/example_dags/example_branch_day_of_week_operator.py
[2025-01-04T20:48:34.398-0500] {processor.py:914} INFO - Processing file /Library/Frameworks/Python.framework/Versions/3.9/lib/python3.9/site-packages/airflow/example_dags/example_branch_day_of_week_operator.py for tasks to queue
[2025-01-04T20:48:34.399-0500] {logging_mixin.py:190} INFO - [2025-01-04T20:48:34.399-0500] {dagbag.py:588} INFO - Filling up the DagBag from /Library/Frameworks/Python.framework/Versions/3.9/lib/python3.9/site-packages/airflow/example_dags/example_branch_day_of_week_operator.py
[2025-01-04T20:48:34.407-0500] {processor.py:925} INFO - DAG(s) 'example_weekday_branch_operator' retrieved from /Library/Frameworks/Python.framework/Versions/3.9/lib/python3.9/site-packages/airflow/example_dags/example_branch_day_of_week_operator.py
[2025-01-04T20:48:34.468-0500] {logging_mixin.py:190} INFO - [2025-01-04T20:48:34.468-0500] {dag.py:3239} INFO - Sync 1 DAGs
[2025-01-04T20:48:34.483-0500] {logging_mixin.py:190} INFO - [2025-01-04T20:48:34.483-0500] {dag.py:4180} INFO - Setting next_dagrun for example_weekday_branch_operator to 2025-01-04 00:00:00+00:00, run_after=2025-01-05 00:00:00+00:00
[2025-01-04T20:48:34.496-0500] {processor.py:208} INFO - Processing /Library/Frameworks/Python.framework/Versions/3.9/lib/python3.9/site-packages/airflow/example_dags/example_branch_day_of_week_operator.py took 0.102 seconds
