[2025-01-04T20:27:03.608-0500] {processor.py:186} INFO - Started process (PID=99447) to work on /Library/Frameworks/Python.framework/Versions/3.9/lib/python3.9/site-packages/airflow/example_dags/example_inlet_event_extra.py
[2025-01-04T20:27:03.609-0500] {processor.py:914} INFO - Processing file /Library/Frameworks/Python.framework/Versions/3.9/lib/python3.9/site-packages/airflow/example_dags/example_inlet_event_extra.py for tasks to queue
[2025-01-04T20:27:03.609-0500] {logging_mixin.py:190} INFO - [2025-01-04T20:27:03.609-0500] {dagbag.py:588} INFO - Filling up the DagBag from /Library/Frameworks/Python.framework/Versions/3.9/lib/python3.9/site-packages/airflow/example_dags/example_inlet_event_extra.py
[2025-01-04T20:27:03.660-0500] {processor.py:925} INFO - DAG(s) 'read_dataset_event_from_classic', 'read_dataset_event' retrieved from /Library/Frameworks/Python.framework/Versions/3.9/lib/python3.9/site-packages/airflow/example_dags/example_inlet_event_extra.py
[2025-01-04T20:27:03.760-0500] {logging_mixin.py:190} INFO - [2025-01-04T20:27:03.759-0500] {override.py:1911} INFO - Created Permission View: can delete on DAG:read_dataset_event_from_classic
[2025-01-04T20:27:03.764-0500] {logging_mixin.py:190} INFO - [2025-01-04T20:27:03.763-0500] {override.py:1911} INFO - Created Permission View: can read on DAG:read_dataset_event_from_classic
[2025-01-04T20:27:03.766-0500] {logging_mixin.py:190} INFO - [2025-01-04T20:27:03.766-0500] {override.py:1911} INFO - Created Permission View: can edit on DAG:read_dataset_event_from_classic
[2025-01-04T20:27:03.769-0500] {logging_mixin.py:190} INFO - [2025-01-04T20:27:03.769-0500] {override.py:1911} INFO - Created Permission View: can delete on DAG Run:read_dataset_event_from_classic
[2025-01-04T20:27:03.772-0500] {logging_mixin.py:190} INFO - [2025-01-04T20:27:03.772-0500] {override.py:1911} INFO - Created Permission View: can read on DAG Run:read_dataset_event_from_classic
[2025-01-04T20:27:03.775-0500] {logging_mixin.py:190} INFO - [2025-01-04T20:27:03.775-0500] {override.py:1911} INFO - Created Permission View: menu access on DAG Run:read_dataset_event_from_classic
[2025-01-04T20:27:03.778-0500] {logging_mixin.py:190} INFO - [2025-01-04T20:27:03.778-0500] {override.py:1911} INFO - Created Permission View: can create on DAG Run:read_dataset_event_from_classic
[2025-01-04T20:27:03.786-0500] {logging_mixin.py:190} INFO - [2025-01-04T20:27:03.785-0500] {override.py:1911} INFO - Created Permission View: can delete on DAG:read_dataset_event
[2025-01-04T20:27:03.789-0500] {logging_mixin.py:190} INFO - [2025-01-04T20:27:03.789-0500] {override.py:1911} INFO - Created Permission View: can read on DAG:read_dataset_event
[2025-01-04T20:27:03.793-0500] {logging_mixin.py:190} INFO - [2025-01-04T20:27:03.793-0500] {override.py:1911} INFO - Created Permission View: can edit on DAG:read_dataset_event
[2025-01-04T20:27:03.800-0500] {logging_mixin.py:190} INFO - [2025-01-04T20:27:03.800-0500] {override.py:1911} INFO - Created Permission View: can delete on DAG Run:read_dataset_event
[2025-01-04T20:27:03.804-0500] {logging_mixin.py:190} INFO - [2025-01-04T20:27:03.803-0500] {override.py:1911} INFO - Created Permission View: can read on DAG Run:read_dataset_event
[2025-01-04T20:27:03.807-0500] {logging_mixin.py:190} INFO - [2025-01-04T20:27:03.807-0500] {override.py:1911} INFO - Created Permission View: menu access on DAG Run:read_dataset_event
[2025-01-04T20:27:03.814-0500] {logging_mixin.py:190} INFO - [2025-01-04T20:27:03.814-0500] {override.py:1911} INFO - Created Permission View: can create on DAG Run:read_dataset_event
[2025-01-04T20:27:03.814-0500] {logging_mixin.py:190} INFO - [2025-01-04T20:27:03.814-0500] {dag.py:3239} INFO - Sync 2 DAGs
[2025-01-04T20:27:03.820-0500] {logging_mixin.py:190} INFO - [2025-01-04T20:27:03.820-0500] {dag.py:3262} INFO - Creating ORM DAG for read_dataset_event
[2025-01-04T20:27:03.820-0500] {logging_mixin.py:190} INFO - [2025-01-04T20:27:03.820-0500] {dag.py:3262} INFO - Creating ORM DAG for read_dataset_event_from_classic
[2025-01-04T20:27:03.824-0500] {logging_mixin.py:190} INFO - [2025-01-04T20:27:03.824-0500] {dag.py:4180} INFO - Setting next_dagrun for read_dataset_event to 2025-01-04 00:00:00+00:00, run_after=2025-01-05 00:00:00+00:00
[2025-01-04T20:27:03.825-0500] {logging_mixin.py:190} INFO - [2025-01-04T20:27:03.825-0500] {dag.py:4180} INFO - Setting next_dagrun for read_dataset_event_from_classic to 2025-01-04 00:00:00+00:00, run_after=2025-01-05 00:00:00+00:00
[2025-01-04T20:27:03.835-0500] {processor.py:208} INFO - Processing /Library/Frameworks/Python.framework/Versions/3.9/lib/python3.9/site-packages/airflow/example_dags/example_inlet_event_extra.py took 0.229 seconds
[2025-01-04T20:29:09.448-0500] {processor.py:186} INFO - Started process (PID=99759) to work on /Library/Frameworks/Python.framework/Versions/3.9/lib/python3.9/site-packages/airflow/example_dags/example_inlet_event_extra.py
[2025-01-04T20:29:09.449-0500] {processor.py:914} INFO - Processing file /Library/Frameworks/Python.framework/Versions/3.9/lib/python3.9/site-packages/airflow/example_dags/example_inlet_event_extra.py for tasks to queue
[2025-01-04T20:29:09.450-0500] {logging_mixin.py:190} INFO - [2025-01-04T20:29:09.450-0500] {dagbag.py:588} INFO - Filling up the DagBag from /Library/Frameworks/Python.framework/Versions/3.9/lib/python3.9/site-packages/airflow/example_dags/example_inlet_event_extra.py
[2025-01-04T20:29:09.499-0500] {processor.py:925} INFO - DAG(s) 'read_dataset_event_from_classic', 'read_dataset_event' retrieved from /Library/Frameworks/Python.framework/Versions/3.9/lib/python3.9/site-packages/airflow/example_dags/example_inlet_event_extra.py
[2025-01-04T20:29:09.543-0500] {logging_mixin.py:190} INFO - [2025-01-04T20:29:09.543-0500] {dag.py:3239} INFO - Sync 2 DAGs
[2025-01-04T20:29:09.552-0500] {logging_mixin.py:190} INFO - [2025-01-04T20:29:09.552-0500] {dag.py:4180} INFO - Setting next_dagrun for read_dataset_event to 2025-01-04 00:00:00+00:00, run_after=2025-01-05 00:00:00+00:00
[2025-01-04T20:29:09.554-0500] {logging_mixin.py:190} INFO - [2025-01-04T20:29:09.554-0500] {dag.py:4180} INFO - Setting next_dagrun for read_dataset_event_from_classic to 2025-01-04 00:00:00+00:00, run_after=2025-01-05 00:00:00+00:00
[2025-01-04T20:29:09.562-0500] {processor.py:208} INFO - Processing /Library/Frameworks/Python.framework/Versions/3.9/lib/python3.9/site-packages/airflow/example_dags/example_inlet_event_extra.py took 0.115 seconds
[2025-01-04T20:32:32.895-0500] {processor.py:186} INFO - Started process (PID=539) to work on /Library/Frameworks/Python.framework/Versions/3.9/lib/python3.9/site-packages/airflow/example_dags/example_inlet_event_extra.py
[2025-01-04T20:32:32.896-0500] {processor.py:914} INFO - Processing file /Library/Frameworks/Python.framework/Versions/3.9/lib/python3.9/site-packages/airflow/example_dags/example_inlet_event_extra.py for tasks to queue
[2025-01-04T20:32:32.897-0500] {logging_mixin.py:190} INFO - [2025-01-04T20:32:32.897-0500] {dagbag.py:588} INFO - Filling up the DagBag from /Library/Frameworks/Python.framework/Versions/3.9/lib/python3.9/site-packages/airflow/example_dags/example_inlet_event_extra.py
[2025-01-04T20:32:32.943-0500] {processor.py:925} INFO - DAG(s) 'read_dataset_event', 'read_dataset_event_from_classic' retrieved from /Library/Frameworks/Python.framework/Versions/3.9/lib/python3.9/site-packages/airflow/example_dags/example_inlet_event_extra.py
[2025-01-04T20:32:33.002-0500] {logging_mixin.py:190} INFO - [2025-01-04T20:32:33.001-0500] {dag.py:3239} INFO - Sync 2 DAGs
[2025-01-04T20:32:33.011-0500] {logging_mixin.py:190} INFO - [2025-01-04T20:32:33.011-0500] {dag.py:4180} INFO - Setting next_dagrun for read_dataset_event to 2025-01-04 00:00:00+00:00, run_after=2025-01-05 00:00:00+00:00
[2025-01-04T20:32:33.014-0500] {logging_mixin.py:190} INFO - [2025-01-04T20:32:33.014-0500] {dag.py:4180} INFO - Setting next_dagrun for read_dataset_event_from_classic to 2025-01-04 00:00:00+00:00, run_after=2025-01-05 00:00:00+00:00
[2025-01-04T20:32:33.023-0500] {processor.py:208} INFO - Processing /Library/Frameworks/Python.framework/Versions/3.9/lib/python3.9/site-packages/airflow/example_dags/example_inlet_event_extra.py took 0.130 seconds
[2025-01-04T20:36:06.946-0500] {processor.py:186} INFO - Started process (PID=1241) to work on /Library/Frameworks/Python.framework/Versions/3.9/lib/python3.9/site-packages/airflow/example_dags/example_inlet_event_extra.py
[2025-01-04T20:36:06.948-0500] {processor.py:914} INFO - Processing file /Library/Frameworks/Python.framework/Versions/3.9/lib/python3.9/site-packages/airflow/example_dags/example_inlet_event_extra.py for tasks to queue
[2025-01-04T20:36:06.948-0500] {logging_mixin.py:190} INFO - [2025-01-04T20:36:06.948-0500] {dagbag.py:588} INFO - Filling up the DagBag from /Library/Frameworks/Python.framework/Versions/3.9/lib/python3.9/site-packages/airflow/example_dags/example_inlet_event_extra.py
[2025-01-04T20:36:06.996-0500] {processor.py:925} INFO - DAG(s) 'read_dataset_event', 'read_dataset_event_from_classic' retrieved from /Library/Frameworks/Python.framework/Versions/3.9/lib/python3.9/site-packages/airflow/example_dags/example_inlet_event_extra.py
[2025-01-04T20:36:07.046-0500] {logging_mixin.py:190} INFO - [2025-01-04T20:36:07.046-0500] {dag.py:3239} INFO - Sync 2 DAGs
[2025-01-04T20:36:07.056-0500] {logging_mixin.py:190} INFO - [2025-01-04T20:36:07.056-0500] {dag.py:4180} INFO - Setting next_dagrun for read_dataset_event to 2025-01-04 00:00:00+00:00, run_after=2025-01-05 00:00:00+00:00
[2025-01-04T20:36:07.058-0500] {logging_mixin.py:190} INFO - [2025-01-04T20:36:07.058-0500] {dag.py:4180} INFO - Setting next_dagrun for read_dataset_event_from_classic to 2025-01-04 00:00:00+00:00, run_after=2025-01-05 00:00:00+00:00
[2025-01-04T20:36:07.066-0500] {processor.py:208} INFO - Processing /Library/Frameworks/Python.framework/Versions/3.9/lib/python3.9/site-packages/airflow/example_dags/example_inlet_event_extra.py took 0.123 seconds
[2025-01-04T20:39:33.816-0500] {processor.py:186} INFO - Started process (PID=1907) to work on /Library/Frameworks/Python.framework/Versions/3.9/lib/python3.9/site-packages/airflow/example_dags/example_inlet_event_extra.py
[2025-01-04T20:39:33.817-0500] {processor.py:914} INFO - Processing file /Library/Frameworks/Python.framework/Versions/3.9/lib/python3.9/site-packages/airflow/example_dags/example_inlet_event_extra.py for tasks to queue
[2025-01-04T20:39:33.818-0500] {logging_mixin.py:190} INFO - [2025-01-04T20:39:33.818-0500] {dagbag.py:588} INFO - Filling up the DagBag from /Library/Frameworks/Python.framework/Versions/3.9/lib/python3.9/site-packages/airflow/example_dags/example_inlet_event_extra.py
[2025-01-04T20:39:33.887-0500] {processor.py:925} INFO - DAG(s) 'read_dataset_event', 'read_dataset_event_from_classic' retrieved from /Library/Frameworks/Python.framework/Versions/3.9/lib/python3.9/site-packages/airflow/example_dags/example_inlet_event_extra.py
[2025-01-04T20:39:33.945-0500] {logging_mixin.py:190} INFO - [2025-01-04T20:39:33.945-0500] {dag.py:3239} INFO - Sync 2 DAGs
[2025-01-04T20:39:33.957-0500] {logging_mixin.py:190} INFO - [2025-01-04T20:39:33.956-0500] {dag.py:4180} INFO - Setting next_dagrun for read_dataset_event to 2025-01-04 00:00:00+00:00, run_after=2025-01-05 00:00:00+00:00
[2025-01-04T20:39:33.961-0500] {logging_mixin.py:190} INFO - [2025-01-04T20:39:33.961-0500] {dag.py:4180} INFO - Setting next_dagrun for read_dataset_event_from_classic to 2025-01-04 00:00:00+00:00, run_after=2025-01-05 00:00:00+00:00
[2025-01-04T20:39:33.977-0500] {processor.py:208} INFO - Processing /Library/Frameworks/Python.framework/Versions/3.9/lib/python3.9/site-packages/airflow/example_dags/example_inlet_event_extra.py took 0.164 seconds
[2025-01-04T20:42:56.480-0500] {processor.py:186} INFO - Started process (PID=2383) to work on /Library/Frameworks/Python.framework/Versions/3.9/lib/python3.9/site-packages/airflow/example_dags/example_inlet_event_extra.py
[2025-01-04T20:42:56.483-0500] {processor.py:914} INFO - Processing file /Library/Frameworks/Python.framework/Versions/3.9/lib/python3.9/site-packages/airflow/example_dags/example_inlet_event_extra.py for tasks to queue
[2025-01-04T20:42:56.483-0500] {logging_mixin.py:190} INFO - [2025-01-04T20:42:56.483-0500] {dagbag.py:588} INFO - Filling up the DagBag from /Library/Frameworks/Python.framework/Versions/3.9/lib/python3.9/site-packages/airflow/example_dags/example_inlet_event_extra.py
[2025-01-04T20:42:56.545-0500] {processor.py:925} INFO - DAG(s) 'read_dataset_event_from_classic', 'read_dataset_event' retrieved from /Library/Frameworks/Python.framework/Versions/3.9/lib/python3.9/site-packages/airflow/example_dags/example_inlet_event_extra.py
[2025-01-04T20:42:56.722-0500] {logging_mixin.py:190} INFO - [2025-01-04T20:42:56.722-0500] {dag.py:3239} INFO - Sync 2 DAGs
[2025-01-04T20:42:56.733-0500] {logging_mixin.py:190} INFO - [2025-01-04T20:42:56.733-0500] {dag.py:4180} INFO - Setting next_dagrun for read_dataset_event to 2025-01-04 00:00:00+00:00, run_after=2025-01-05 00:00:00+00:00
[2025-01-04T20:42:56.735-0500] {logging_mixin.py:190} INFO - [2025-01-04T20:42:56.735-0500] {dag.py:4180} INFO - Setting next_dagrun for read_dataset_event_from_classic to 2025-01-04 00:00:00+00:00, run_after=2025-01-05 00:00:00+00:00
[2025-01-04T20:42:56.755-0500] {processor.py:208} INFO - Processing /Library/Frameworks/Python.framework/Versions/3.9/lib/python3.9/site-packages/airflow/example_dags/example_inlet_event_extra.py took 0.278 seconds
[2025-01-04T20:46:37.102-0500] {processor.py:186} INFO - Started process (PID=3050) to work on /Library/Frameworks/Python.framework/Versions/3.9/lib/python3.9/site-packages/airflow/example_dags/example_inlet_event_extra.py
[2025-01-04T20:46:37.104-0500] {processor.py:914} INFO - Processing file /Library/Frameworks/Python.framework/Versions/3.9/lib/python3.9/site-packages/airflow/example_dags/example_inlet_event_extra.py for tasks to queue
[2025-01-04T20:46:37.105-0500] {logging_mixin.py:190} INFO - [2025-01-04T20:46:37.105-0500] {dagbag.py:588} INFO - Filling up the DagBag from /Library/Frameworks/Python.framework/Versions/3.9/lib/python3.9/site-packages/airflow/example_dags/example_inlet_event_extra.py
[2025-01-04T20:46:37.151-0500] {processor.py:925} INFO - DAG(s) 'read_dataset_event_from_classic', 'read_dataset_event' retrieved from /Library/Frameworks/Python.framework/Versions/3.9/lib/python3.9/site-packages/airflow/example_dags/example_inlet_event_extra.py
[2025-01-04T20:46:37.255-0500] {logging_mixin.py:190} INFO - [2025-01-04T20:46:37.255-0500] {dag.py:3239} INFO - Sync 2 DAGs
[2025-01-04T20:46:37.262-0500] {logging_mixin.py:190} INFO - [2025-01-04T20:46:37.262-0500] {dag.py:4180} INFO - Setting next_dagrun for read_dataset_event to 2025-01-04 00:00:00+00:00, run_after=2025-01-05 00:00:00+00:00
[2025-01-04T20:46:37.264-0500] {logging_mixin.py:190} INFO - [2025-01-04T20:46:37.264-0500] {dag.py:4180} INFO - Setting next_dagrun for read_dataset_event_from_classic to 2025-01-04 00:00:00+00:00, run_after=2025-01-05 00:00:00+00:00
[2025-01-04T20:46:37.274-0500] {processor.py:208} INFO - Processing /Library/Frameworks/Python.framework/Versions/3.9/lib/python3.9/site-packages/airflow/example_dags/example_inlet_event_extra.py took 0.174 seconds
