[2025-01-04T20:27:20.238-0500] {processor.py:186} INFO - Started process (PID=99470) to work on /Library/Frameworks/Python.framework/Versions/3.9/lib/python3.9/site-packages/airflow/example_dags/example_dataset_alias_with_no_taskflow.py
[2025-01-04T20:27:20.239-0500] {processor.py:914} INFO - Processing file /Library/Frameworks/Python.framework/Versions/3.9/lib/python3.9/site-packages/airflow/example_dags/example_dataset_alias_with_no_taskflow.py for tasks to queue
[2025-01-04T20:27:20.239-0500] {logging_mixin.py:190} INFO - [2025-01-04T20:27:20.239-0500] {dagbag.py:588} INFO - Filling up the DagBag from /Library/Frameworks/Python.framework/Versions/3.9/lib/python3.9/site-packages/airflow/example_dags/example_dataset_alias_with_no_taskflow.py
[2025-01-04T20:27:20.309-0500] {processor.py:925} INFO - DAG(s) 'dataset_alias_example_alias_consumer_with_no_taskflow', 'dataset_alias_example_alias_producer_with_no_taskflow', 'dataset_s3_bucket_producer_with_no_taskflow', 'dataset_s3_bucket_consumer_with_no_taskflow' retrieved from /Library/Frameworks/Python.framework/Versions/3.9/lib/python3.9/site-packages/airflow/example_dags/example_dataset_alias_with_no_taskflow.py
[2025-01-04T20:27:20.353-0500] {logging_mixin.py:190} INFO - [2025-01-04T20:27:20.353-0500] {override.py:1911} INFO - Created Permission View: can delete on DAG:dataset_alias_example_alias_consumer_with_no_taskflow
[2025-01-04T20:27:20.357-0500] {logging_mixin.py:190} INFO - [2025-01-04T20:27:20.357-0500] {override.py:1911} INFO - Created Permission View: can edit on DAG:dataset_alias_example_alias_consumer_with_no_taskflow
[2025-01-04T20:27:20.360-0500] {logging_mixin.py:190} INFO - [2025-01-04T20:27:20.360-0500] {override.py:1911} INFO - Created Permission View: can read on DAG:dataset_alias_example_alias_consumer_with_no_taskflow
[2025-01-04T20:27:20.364-0500] {logging_mixin.py:190} INFO - [2025-01-04T20:27:20.364-0500] {override.py:1911} INFO - Created Permission View: can delete on DAG Run:dataset_alias_example_alias_consumer_with_no_taskflow
[2025-01-04T20:27:20.366-0500] {logging_mixin.py:190} INFO - [2025-01-04T20:27:20.366-0500] {override.py:1911} INFO - Created Permission View: can create on DAG Run:dataset_alias_example_alias_consumer_with_no_taskflow
[2025-01-04T20:27:20.369-0500] {logging_mixin.py:190} INFO - [2025-01-04T20:27:20.369-0500] {override.py:1911} INFO - Created Permission View: can read on DAG Run:dataset_alias_example_alias_consumer_with_no_taskflow
[2025-01-04T20:27:20.371-0500] {logging_mixin.py:190} INFO - [2025-01-04T20:27:20.371-0500] {override.py:1911} INFO - Created Permission View: menu access on DAG Run:dataset_alias_example_alias_consumer_with_no_taskflow
[2025-01-04T20:27:20.378-0500] {logging_mixin.py:190} INFO - [2025-01-04T20:27:20.378-0500] {override.py:1911} INFO - Created Permission View: can delete on DAG:dataset_alias_example_alias_producer_with_no_taskflow
[2025-01-04T20:27:20.381-0500] {logging_mixin.py:190} INFO - [2025-01-04T20:27:20.381-0500] {override.py:1911} INFO - Created Permission View: can edit on DAG:dataset_alias_example_alias_producer_with_no_taskflow
[2025-01-04T20:27:20.384-0500] {logging_mixin.py:190} INFO - [2025-01-04T20:27:20.384-0500] {override.py:1911} INFO - Created Permission View: can read on DAG:dataset_alias_example_alias_producer_with_no_taskflow
[2025-01-04T20:27:20.387-0500] {logging_mixin.py:190} INFO - [2025-01-04T20:27:20.387-0500] {override.py:1911} INFO - Created Permission View: can delete on DAG Run:dataset_alias_example_alias_producer_with_no_taskflow
[2025-01-04T20:27:20.392-0500] {logging_mixin.py:190} INFO - [2025-01-04T20:27:20.392-0500] {override.py:1911} INFO - Created Permission View: can create on DAG Run:dataset_alias_example_alias_producer_with_no_taskflow
[2025-01-04T20:27:20.394-0500] {logging_mixin.py:190} INFO - [2025-01-04T20:27:20.394-0500] {override.py:1911} INFO - Created Permission View: can read on DAG Run:dataset_alias_example_alias_producer_with_no_taskflow
[2025-01-04T20:27:20.397-0500] {logging_mixin.py:190} INFO - [2025-01-04T20:27:20.397-0500] {override.py:1911} INFO - Created Permission View: menu access on DAG Run:dataset_alias_example_alias_producer_with_no_taskflow
[2025-01-04T20:27:20.404-0500] {logging_mixin.py:190} INFO - [2025-01-04T20:27:20.403-0500] {override.py:1911} INFO - Created Permission View: can delete on DAG:dataset_s3_bucket_producer_with_no_taskflow
[2025-01-04T20:27:20.407-0500] {logging_mixin.py:190} INFO - [2025-01-04T20:27:20.407-0500] {override.py:1911} INFO - Created Permission View: can edit on DAG:dataset_s3_bucket_producer_with_no_taskflow
[2025-01-04T20:27:20.409-0500] {logging_mixin.py:190} INFO - [2025-01-04T20:27:20.409-0500] {override.py:1911} INFO - Created Permission View: can read on DAG:dataset_s3_bucket_producer_with_no_taskflow
[2025-01-04T20:27:20.412-0500] {logging_mixin.py:190} INFO - [2025-01-04T20:27:20.412-0500] {override.py:1911} INFO - Created Permission View: can delete on DAG Run:dataset_s3_bucket_producer_with_no_taskflow
[2025-01-04T20:27:20.414-0500] {logging_mixin.py:190} INFO - [2025-01-04T20:27:20.414-0500] {override.py:1911} INFO - Created Permission View: can create on DAG Run:dataset_s3_bucket_producer_with_no_taskflow
[2025-01-04T20:27:20.416-0500] {logging_mixin.py:190} INFO - [2025-01-04T20:27:20.416-0500] {override.py:1911} INFO - Created Permission View: can read on DAG Run:dataset_s3_bucket_producer_with_no_taskflow
[2025-01-04T20:27:20.418-0500] {logging_mixin.py:190} INFO - [2025-01-04T20:27:20.418-0500] {override.py:1911} INFO - Created Permission View: menu access on DAG Run:dataset_s3_bucket_producer_with_no_taskflow
[2025-01-04T20:27:20.423-0500] {logging_mixin.py:190} INFO - [2025-01-04T20:27:20.422-0500] {override.py:1911} INFO - Created Permission View: can delete on DAG:dataset_s3_bucket_consumer_with_no_taskflow
[2025-01-04T20:27:20.425-0500] {logging_mixin.py:190} INFO - [2025-01-04T20:27:20.425-0500] {override.py:1911} INFO - Created Permission View: can edit on DAG:dataset_s3_bucket_consumer_with_no_taskflow
[2025-01-04T20:27:20.427-0500] {logging_mixin.py:190} INFO - [2025-01-04T20:27:20.427-0500] {override.py:1911} INFO - Created Permission View: can read on DAG:dataset_s3_bucket_consumer_with_no_taskflow
[2025-01-04T20:27:20.430-0500] {logging_mixin.py:190} INFO - [2025-01-04T20:27:20.430-0500] {override.py:1911} INFO - Created Permission View: can delete on DAG Run:dataset_s3_bucket_consumer_with_no_taskflow
[2025-01-04T20:27:20.432-0500] {logging_mixin.py:190} INFO - [2025-01-04T20:27:20.432-0500] {override.py:1911} INFO - Created Permission View: can create on DAG Run:dataset_s3_bucket_consumer_with_no_taskflow
[2025-01-04T20:27:20.434-0500] {logging_mixin.py:190} INFO - [2025-01-04T20:27:20.434-0500] {override.py:1911} INFO - Created Permission View: can read on DAG Run:dataset_s3_bucket_consumer_with_no_taskflow
[2025-01-04T20:27:20.436-0500] {logging_mixin.py:190} INFO - [2025-01-04T20:27:20.436-0500] {override.py:1911} INFO - Created Permission View: menu access on DAG Run:dataset_s3_bucket_consumer_with_no_taskflow
[2025-01-04T20:27:20.436-0500] {logging_mixin.py:190} INFO - [2025-01-04T20:27:20.436-0500] {dag.py:3239} INFO - Sync 4 DAGs
[2025-01-04T20:27:20.441-0500] {logging_mixin.py:190} INFO - [2025-01-04T20:27:20.441-0500] {dag.py:3262} INFO - Creating ORM DAG for dataset_alias_example_alias_producer_with_no_taskflow
[2025-01-04T20:27:20.441-0500] {logging_mixin.py:190} INFO - [2025-01-04T20:27:20.441-0500] {dag.py:3262} INFO - Creating ORM DAG for dataset_s3_bucket_consumer_with_no_taskflow
[2025-01-04T20:27:20.442-0500] {logging_mixin.py:190} INFO - [2025-01-04T20:27:20.442-0500] {dag.py:3262} INFO - Creating ORM DAG for dataset_alias_example_alias_consumer_with_no_taskflow
[2025-01-04T20:27:20.442-0500] {logging_mixin.py:190} INFO - [2025-01-04T20:27:20.442-0500] {dag.py:3262} INFO - Creating ORM DAG for dataset_s3_bucket_producer_with_no_taskflow
[2025-01-04T20:27:20.445-0500] {logging_mixin.py:190} INFO - [2025-01-04T20:27:20.445-0500] {dag.py:4180} INFO - Setting next_dagrun for dataset_alias_example_alias_consumer_with_no_taskflow to None, run_after=None
[2025-01-04T20:27:20.445-0500] {logging_mixin.py:190} INFO - [2025-01-04T20:27:20.445-0500] {dag.py:4180} INFO - Setting next_dagrun for dataset_alias_example_alias_producer_with_no_taskflow to None, run_after=None
[2025-01-04T20:27:20.445-0500] {logging_mixin.py:190} INFO - [2025-01-04T20:27:20.445-0500] {dag.py:4180} INFO - Setting next_dagrun for dataset_s3_bucket_consumer_with_no_taskflow to None, run_after=None
[2025-01-04T20:27:20.445-0500] {logging_mixin.py:190} INFO - [2025-01-04T20:27:20.445-0500] {dag.py:4180} INFO - Setting next_dagrun for dataset_s3_bucket_producer_with_no_taskflow to None, run_after=None
[2025-01-04T20:27:20.751-0500] {processor.py:208} INFO - Processing /Library/Frameworks/Python.framework/Versions/3.9/lib/python3.9/site-packages/airflow/example_dags/example_dataset_alias_with_no_taskflow.py took 0.514 seconds
[2025-01-04T20:30:30.542-0500] {processor.py:186} INFO - Started process (PID=99978) to work on /Library/Frameworks/Python.framework/Versions/3.9/lib/python3.9/site-packages/airflow/example_dags/example_dataset_alias_with_no_taskflow.py
[2025-01-04T20:30:30.542-0500] {processor.py:914} INFO - Processing file /Library/Frameworks/Python.framework/Versions/3.9/lib/python3.9/site-packages/airflow/example_dags/example_dataset_alias_with_no_taskflow.py for tasks to queue
[2025-01-04T20:30:30.543-0500] {logging_mixin.py:190} INFO - [2025-01-04T20:30:30.543-0500] {dagbag.py:588} INFO - Filling up the DagBag from /Library/Frameworks/Python.framework/Versions/3.9/lib/python3.9/site-packages/airflow/example_dags/example_dataset_alias_with_no_taskflow.py
[2025-01-04T20:30:30.637-0500] {processor.py:925} INFO - DAG(s) 'dataset_alias_example_alias_consumer_with_no_taskflow', 'dataset_s3_bucket_producer_with_no_taskflow', 'dataset_alias_example_alias_producer_with_no_taskflow', 'dataset_s3_bucket_consumer_with_no_taskflow' retrieved from /Library/Frameworks/Python.framework/Versions/3.9/lib/python3.9/site-packages/airflow/example_dags/example_dataset_alias_with_no_taskflow.py
[2025-01-04T20:30:30.648-0500] {logging_mixin.py:190} INFO - [2025-01-04T20:30:30.648-0500] {dag.py:3239} INFO - Sync 4 DAGs
[2025-01-04T20:30:30.657-0500] {logging_mixin.py:190} INFO - [2025-01-04T20:30:30.657-0500] {dag.py:4180} INFO - Setting next_dagrun for dataset_alias_example_alias_consumer_with_no_taskflow to None, run_after=None
[2025-01-04T20:30:30.658-0500] {logging_mixin.py:190} INFO - [2025-01-04T20:30:30.658-0500] {dag.py:4180} INFO - Setting next_dagrun for dataset_alias_example_alias_producer_with_no_taskflow to None, run_after=None
[2025-01-04T20:30:30.659-0500] {logging_mixin.py:190} INFO - [2025-01-04T20:30:30.659-0500] {dag.py:4180} INFO - Setting next_dagrun for dataset_s3_bucket_consumer_with_no_taskflow to None, run_after=None
[2025-01-04T20:30:30.659-0500] {logging_mixin.py:190} INFO - [2025-01-04T20:30:30.659-0500] {dag.py:4180} INFO - Setting next_dagrun for dataset_s3_bucket_producer_with_no_taskflow to None, run_after=None
[2025-01-04T20:30:30.670-0500] {processor.py:208} INFO - Processing /Library/Frameworks/Python.framework/Versions/3.9/lib/python3.9/site-packages/airflow/example_dags/example_dataset_alias_with_no_taskflow.py took 0.130 seconds
[2025-01-04T20:33:59.901-0500] {processor.py:186} INFO - Started process (PID=817) to work on /Library/Frameworks/Python.framework/Versions/3.9/lib/python3.9/site-packages/airflow/example_dags/example_dataset_alias_with_no_taskflow.py
[2025-01-04T20:33:59.907-0500] {processor.py:914} INFO - Processing file /Library/Frameworks/Python.framework/Versions/3.9/lib/python3.9/site-packages/airflow/example_dags/example_dataset_alias_with_no_taskflow.py for tasks to queue
[2025-01-04T20:33:59.926-0500] {logging_mixin.py:190} INFO - [2025-01-04T20:33:59.921-0500] {dagbag.py:588} INFO - Filling up the DagBag from /Library/Frameworks/Python.framework/Versions/3.9/lib/python3.9/site-packages/airflow/example_dags/example_dataset_alias_with_no_taskflow.py
[2025-01-04T20:34:00.177-0500] {processor.py:925} INFO - DAG(s) 'dataset_alias_example_alias_producer_with_no_taskflow', 'dataset_s3_bucket_producer_with_no_taskflow', 'dataset_alias_example_alias_consumer_with_no_taskflow', 'dataset_s3_bucket_consumer_with_no_taskflow' retrieved from /Library/Frameworks/Python.framework/Versions/3.9/lib/python3.9/site-packages/airflow/example_dags/example_dataset_alias_with_no_taskflow.py
[2025-01-04T20:34:00.197-0500] {logging_mixin.py:190} INFO - [2025-01-04T20:34:00.197-0500] {dag.py:3239} INFO - Sync 4 DAGs
[2025-01-04T20:34:00.221-0500] {logging_mixin.py:190} INFO - [2025-01-04T20:34:00.220-0500] {dag.py:4180} INFO - Setting next_dagrun for dataset_alias_example_alias_consumer_with_no_taskflow to None, run_after=None
[2025-01-04T20:34:00.222-0500] {logging_mixin.py:190} INFO - [2025-01-04T20:34:00.222-0500] {dag.py:4180} INFO - Setting next_dagrun for dataset_alias_example_alias_producer_with_no_taskflow to None, run_after=None
[2025-01-04T20:34:00.224-0500] {logging_mixin.py:190} INFO - [2025-01-04T20:34:00.223-0500] {dag.py:4180} INFO - Setting next_dagrun for dataset_s3_bucket_consumer_with_no_taskflow to None, run_after=None
[2025-01-04T20:34:00.226-0500] {logging_mixin.py:190} INFO - [2025-01-04T20:34:00.226-0500] {dag.py:4180} INFO - Setting next_dagrun for dataset_s3_bucket_producer_with_no_taskflow to None, run_after=None
[2025-01-04T20:34:00.250-0500] {processor.py:208} INFO - Processing /Library/Frameworks/Python.framework/Versions/3.9/lib/python3.9/site-packages/airflow/example_dags/example_dataset_alias_with_no_taskflow.py took 0.355 seconds
[2025-01-04T20:37:34.370-0500] {processor.py:186} INFO - Started process (PID=1528) to work on /Library/Frameworks/Python.framework/Versions/3.9/lib/python3.9/site-packages/airflow/example_dags/example_dataset_alias_with_no_taskflow.py
[2025-01-04T20:37:34.371-0500] {processor.py:914} INFO - Processing file /Library/Frameworks/Python.framework/Versions/3.9/lib/python3.9/site-packages/airflow/example_dags/example_dataset_alias_with_no_taskflow.py for tasks to queue
[2025-01-04T20:37:34.372-0500] {logging_mixin.py:190} INFO - [2025-01-04T20:37:34.372-0500] {dagbag.py:588} INFO - Filling up the DagBag from /Library/Frameworks/Python.framework/Versions/3.9/lib/python3.9/site-packages/airflow/example_dags/example_dataset_alias_with_no_taskflow.py
[2025-01-04T20:37:34.517-0500] {processor.py:925} INFO - DAG(s) 'dataset_s3_bucket_consumer_with_no_taskflow', 'dataset_alias_example_alias_producer_with_no_taskflow', 'dataset_s3_bucket_producer_with_no_taskflow', 'dataset_alias_example_alias_consumer_with_no_taskflow' retrieved from /Library/Frameworks/Python.framework/Versions/3.9/lib/python3.9/site-packages/airflow/example_dags/example_dataset_alias_with_no_taskflow.py
[2025-01-04T20:37:34.533-0500] {logging_mixin.py:190} INFO - [2025-01-04T20:37:34.533-0500] {dag.py:3239} INFO - Sync 4 DAGs
[2025-01-04T20:37:34.551-0500] {logging_mixin.py:190} INFO - [2025-01-04T20:37:34.551-0500] {dag.py:4180} INFO - Setting next_dagrun for dataset_alias_example_alias_consumer_with_no_taskflow to None, run_after=None
[2025-01-04T20:37:34.552-0500] {logging_mixin.py:190} INFO - [2025-01-04T20:37:34.552-0500] {dag.py:4180} INFO - Setting next_dagrun for dataset_alias_example_alias_producer_with_no_taskflow to None, run_after=None
[2025-01-04T20:37:34.552-0500] {logging_mixin.py:190} INFO - [2025-01-04T20:37:34.552-0500] {dag.py:4180} INFO - Setting next_dagrun for dataset_s3_bucket_consumer_with_no_taskflow to None, run_after=None
[2025-01-04T20:37:34.553-0500] {logging_mixin.py:190} INFO - [2025-01-04T20:37:34.553-0500] {dag.py:4180} INFO - Setting next_dagrun for dataset_s3_bucket_producer_with_no_taskflow to None, run_after=None
[2025-01-04T20:37:34.569-0500] {processor.py:208} INFO - Processing /Library/Frameworks/Python.framework/Versions/3.9/lib/python3.9/site-packages/airflow/example_dags/example_dataset_alias_with_no_taskflow.py took 0.204 seconds
[2025-01-04T20:41:00.528-0500] {processor.py:186} INFO - Started process (PID=2180) to work on /Library/Frameworks/Python.framework/Versions/3.9/lib/python3.9/site-packages/airflow/example_dags/example_dataset_alias_with_no_taskflow.py
[2025-01-04T20:41:00.530-0500] {processor.py:914} INFO - Processing file /Library/Frameworks/Python.framework/Versions/3.9/lib/python3.9/site-packages/airflow/example_dags/example_dataset_alias_with_no_taskflow.py for tasks to queue
[2025-01-04T20:41:00.530-0500] {logging_mixin.py:190} INFO - [2025-01-04T20:41:00.530-0500] {dagbag.py:588} INFO - Filling up the DagBag from /Library/Frameworks/Python.framework/Versions/3.9/lib/python3.9/site-packages/airflow/example_dags/example_dataset_alias_with_no_taskflow.py
[2025-01-04T20:41:00.629-0500] {processor.py:925} INFO - DAG(s) 'dataset_s3_bucket_producer_with_no_taskflow', 'dataset_alias_example_alias_consumer_with_no_taskflow', 'dataset_alias_example_alias_producer_with_no_taskflow', 'dataset_s3_bucket_consumer_with_no_taskflow' retrieved from /Library/Frameworks/Python.framework/Versions/3.9/lib/python3.9/site-packages/airflow/example_dags/example_dataset_alias_with_no_taskflow.py
[2025-01-04T20:41:00.643-0500] {logging_mixin.py:190} INFO - [2025-01-04T20:41:00.642-0500] {dag.py:3239} INFO - Sync 4 DAGs
[2025-01-04T20:41:00.659-0500] {logging_mixin.py:190} INFO - [2025-01-04T20:41:00.659-0500] {dag.py:4180} INFO - Setting next_dagrun for dataset_alias_example_alias_consumer_with_no_taskflow to None, run_after=None
[2025-01-04T20:41:00.660-0500] {logging_mixin.py:190} INFO - [2025-01-04T20:41:00.660-0500] {dag.py:4180} INFO - Setting next_dagrun for dataset_alias_example_alias_producer_with_no_taskflow to None, run_after=None
[2025-01-04T20:41:00.661-0500] {logging_mixin.py:190} INFO - [2025-01-04T20:41:00.661-0500] {dag.py:4180} INFO - Setting next_dagrun for dataset_s3_bucket_consumer_with_no_taskflow to None, run_after=None
[2025-01-04T20:41:00.661-0500] {logging_mixin.py:190} INFO - [2025-01-04T20:41:00.661-0500] {dag.py:4180} INFO - Setting next_dagrun for dataset_s3_bucket_producer_with_no_taskflow to None, run_after=None
[2025-01-04T20:41:00.689-0500] {processor.py:208} INFO - Processing /Library/Frameworks/Python.framework/Versions/3.9/lib/python3.9/site-packages/airflow/example_dags/example_dataset_alias_with_no_taskflow.py took 0.163 seconds
[2025-01-04T20:44:27.909-0500] {processor.py:186} INFO - Started process (PID=2683) to work on /Library/Frameworks/Python.framework/Versions/3.9/lib/python3.9/site-packages/airflow/example_dags/example_dataset_alias_with_no_taskflow.py
[2025-01-04T20:44:27.910-0500] {processor.py:914} INFO - Processing file /Library/Frameworks/Python.framework/Versions/3.9/lib/python3.9/site-packages/airflow/example_dags/example_dataset_alias_with_no_taskflow.py for tasks to queue
[2025-01-04T20:44:27.911-0500] {logging_mixin.py:190} INFO - [2025-01-04T20:44:27.911-0500] {dagbag.py:588} INFO - Filling up the DagBag from /Library/Frameworks/Python.framework/Versions/3.9/lib/python3.9/site-packages/airflow/example_dags/example_dataset_alias_with_no_taskflow.py
[2025-01-04T20:44:27.984-0500] {processor.py:925} INFO - DAG(s) 'dataset_alias_example_alias_consumer_with_no_taskflow', 'dataset_s3_bucket_consumer_with_no_taskflow', 'dataset_alias_example_alias_producer_with_no_taskflow', 'dataset_s3_bucket_producer_with_no_taskflow' retrieved from /Library/Frameworks/Python.framework/Versions/3.9/lib/python3.9/site-packages/airflow/example_dags/example_dataset_alias_with_no_taskflow.py
[2025-01-04T20:44:27.995-0500] {logging_mixin.py:190} INFO - [2025-01-04T20:44:27.995-0500] {dag.py:3239} INFO - Sync 4 DAGs
[2025-01-04T20:44:28.006-0500] {logging_mixin.py:190} INFO - [2025-01-04T20:44:28.006-0500] {dag.py:4180} INFO - Setting next_dagrun for dataset_alias_example_alias_consumer_with_no_taskflow to None, run_after=None
[2025-01-04T20:44:28.011-0500] {logging_mixin.py:190} INFO - [2025-01-04T20:44:28.011-0500] {dag.py:4180} INFO - Setting next_dagrun for dataset_alias_example_alias_producer_with_no_taskflow to None, run_after=None
[2025-01-04T20:44:28.014-0500] {logging_mixin.py:190} INFO - [2025-01-04T20:44:28.014-0500] {dag.py:4180} INFO - Setting next_dagrun for dataset_s3_bucket_consumer_with_no_taskflow to None, run_after=None
[2025-01-04T20:44:28.015-0500] {logging_mixin.py:190} INFO - [2025-01-04T20:44:28.015-0500] {dag.py:4180} INFO - Setting next_dagrun for dataset_s3_bucket_producer_with_no_taskflow to None, run_after=None
[2025-01-04T20:44:28.044-0500] {processor.py:208} INFO - Processing /Library/Frameworks/Python.framework/Versions/3.9/lib/python3.9/site-packages/airflow/example_dags/example_dataset_alias_with_no_taskflow.py took 0.137 seconds
[2025-01-04T20:48:14.719-0500] {processor.py:186} INFO - Started process (PID=3317) to work on /Library/Frameworks/Python.framework/Versions/3.9/lib/python3.9/site-packages/airflow/example_dags/example_dataset_alias_with_no_taskflow.py
[2025-01-04T20:48:14.720-0500] {processor.py:914} INFO - Processing file /Library/Frameworks/Python.framework/Versions/3.9/lib/python3.9/site-packages/airflow/example_dags/example_dataset_alias_with_no_taskflow.py for tasks to queue
[2025-01-04T20:48:14.721-0500] {logging_mixin.py:190} INFO - [2025-01-04T20:48:14.721-0500] {dagbag.py:588} INFO - Filling up the DagBag from /Library/Frameworks/Python.framework/Versions/3.9/lib/python3.9/site-packages/airflow/example_dags/example_dataset_alias_with_no_taskflow.py
[2025-01-04T20:48:14.812-0500] {processor.py:925} INFO - DAG(s) 'dataset_alias_example_alias_consumer_with_no_taskflow', 'dataset_alias_example_alias_producer_with_no_taskflow', 'dataset_s3_bucket_producer_with_no_taskflow', 'dataset_s3_bucket_consumer_with_no_taskflow' retrieved from /Library/Frameworks/Python.framework/Versions/3.9/lib/python3.9/site-packages/airflow/example_dags/example_dataset_alias_with_no_taskflow.py
[2025-01-04T20:48:14.825-0500] {logging_mixin.py:190} INFO - [2025-01-04T20:48:14.824-0500] {dag.py:3239} INFO - Sync 4 DAGs
[2025-01-04T20:48:14.835-0500] {logging_mixin.py:190} INFO - [2025-01-04T20:48:14.835-0500] {dag.py:4180} INFO - Setting next_dagrun for dataset_alias_example_alias_consumer_with_no_taskflow to None, run_after=None
[2025-01-04T20:48:14.837-0500] {logging_mixin.py:190} INFO - [2025-01-04T20:48:14.837-0500] {dag.py:4180} INFO - Setting next_dagrun for dataset_alias_example_alias_producer_with_no_taskflow to None, run_after=None
[2025-01-04T20:48:14.838-0500] {logging_mixin.py:190} INFO - [2025-01-04T20:48:14.837-0500] {dag.py:4180} INFO - Setting next_dagrun for dataset_s3_bucket_consumer_with_no_taskflow to None, run_after=None
[2025-01-04T20:48:14.838-0500] {logging_mixin.py:190} INFO - [2025-01-04T20:48:14.838-0500] {dag.py:4180} INFO - Setting next_dagrun for dataset_s3_bucket_producer_with_no_taskflow to None, run_after=None
[2025-01-04T20:48:14.856-0500] {processor.py:208} INFO - Processing /Library/Frameworks/Python.framework/Versions/3.9/lib/python3.9/site-packages/airflow/example_dags/example_dataset_alias_with_no_taskflow.py took 0.139 seconds
