[2025-01-04T20:27:11.911-0500] {processor.py:186} INFO - Started process (PID=99455) to work on /Library/Frameworks/Python.framework/Versions/3.9/lib/python3.9/site-packages/airflow/example_dags/example_dynamic_task_mapping.py
[2025-01-04T20:27:11.912-0500] {processor.py:914} INFO - Processing file /Library/Frameworks/Python.framework/Versions/3.9/lib/python3.9/site-packages/airflow/example_dags/example_dynamic_task_mapping.py for tasks to queue
[2025-01-04T20:27:11.913-0500] {logging_mixin.py:190} INFO - [2025-01-04T20:27:11.912-0500] {dagbag.py:588} INFO - Filling up the DagBag from /Library/Frameworks/Python.framework/Versions/3.9/lib/python3.9/site-packages/airflow/example_dags/example_dynamic_task_mapping.py
[2025-01-04T20:27:11.936-0500] {processor.py:925} INFO - DAG(s) 'example_dynamic_task_mapping' retrieved from /Library/Frameworks/Python.framework/Versions/3.9/lib/python3.9/site-packages/airflow/example_dags/example_dynamic_task_mapping.py
[2025-01-04T20:27:12.090-0500] {logging_mixin.py:190} INFO - [2025-01-04T20:27:12.089-0500] {override.py:1911} INFO - Created Permission View: can delete on DAG:example_dynamic_task_mapping
[2025-01-04T20:27:12.095-0500] {logging_mixin.py:190} INFO - [2025-01-04T20:27:12.095-0500] {override.py:1911} INFO - Created Permission View: can edit on DAG:example_dynamic_task_mapping
[2025-01-04T20:27:12.098-0500] {logging_mixin.py:190} INFO - [2025-01-04T20:27:12.098-0500] {override.py:1911} INFO - Created Permission View: can read on DAG:example_dynamic_task_mapping
[2025-01-04T20:27:12.102-0500] {logging_mixin.py:190} INFO - [2025-01-04T20:27:12.102-0500] {override.py:1911} INFO - Created Permission View: menu access on DAG Run:example_dynamic_task_mapping
[2025-01-04T20:27:12.105-0500] {logging_mixin.py:190} INFO - [2025-01-04T20:27:12.104-0500] {override.py:1911} INFO - Created Permission View: can create on DAG Run:example_dynamic_task_mapping
[2025-01-04T20:27:12.107-0500] {logging_mixin.py:190} INFO - [2025-01-04T20:27:12.107-0500] {override.py:1911} INFO - Created Permission View: can delete on DAG Run:example_dynamic_task_mapping
[2025-01-04T20:27:12.111-0500] {logging_mixin.py:190} INFO - [2025-01-04T20:27:12.111-0500] {override.py:1911} INFO - Created Permission View: can read on DAG Run:example_dynamic_task_mapping
[2025-01-04T20:27:12.111-0500] {logging_mixin.py:190} INFO - [2025-01-04T20:27:12.111-0500] {dag.py:3239} INFO - Sync 1 DAGs
[2025-01-04T20:27:12.117-0500] {logging_mixin.py:190} INFO - [2025-01-04T20:27:12.117-0500] {dag.py:3262} INFO - Creating ORM DAG for example_dynamic_task_mapping
[2025-01-04T20:27:12.117-0500] {logging_mixin.py:190} INFO - [2025-01-04T20:27:12.117-0500] {dag.py:4180} INFO - Setting next_dagrun for example_dynamic_task_mapping to None, run_after=None
[2025-01-04T20:27:12.126-0500] {processor.py:208} INFO - Processing /Library/Frameworks/Python.framework/Versions/3.9/lib/python3.9/site-packages/airflow/example_dags/example_dynamic_task_mapping.py took 0.216 seconds
[2025-01-04T20:29:15.674-0500] {processor.py:186} INFO - Started process (PID=99773) to work on /Library/Frameworks/Python.framework/Versions/3.9/lib/python3.9/site-packages/airflow/example_dags/example_dynamic_task_mapping.py
[2025-01-04T20:29:15.675-0500] {processor.py:914} INFO - Processing file /Library/Frameworks/Python.framework/Versions/3.9/lib/python3.9/site-packages/airflow/example_dags/example_dynamic_task_mapping.py for tasks to queue
[2025-01-04T20:29:15.675-0500] {logging_mixin.py:190} INFO - [2025-01-04T20:29:15.675-0500] {dagbag.py:588} INFO - Filling up the DagBag from /Library/Frameworks/Python.framework/Versions/3.9/lib/python3.9/site-packages/airflow/example_dags/example_dynamic_task_mapping.py
[2025-01-04T20:29:15.694-0500] {processor.py:925} INFO - DAG(s) 'example_dynamic_task_mapping' retrieved from /Library/Frameworks/Python.framework/Versions/3.9/lib/python3.9/site-packages/airflow/example_dags/example_dynamic_task_mapping.py
[2025-01-04T20:29:15.737-0500] {logging_mixin.py:190} INFO - [2025-01-04T20:29:15.737-0500] {dag.py:3239} INFO - Sync 1 DAGs
[2025-01-04T20:29:15.741-0500] {logging_mixin.py:190} INFO - [2025-01-04T20:29:15.741-0500] {dag.py:4180} INFO - Setting next_dagrun for example_dynamic_task_mapping to None, run_after=None
[2025-01-04T20:29:15.750-0500] {processor.py:208} INFO - Processing /Library/Frameworks/Python.framework/Versions/3.9/lib/python3.9/site-packages/airflow/example_dags/example_dynamic_task_mapping.py took 0.079 seconds
[2025-01-04T20:32:39.140-0500] {processor.py:186} INFO - Started process (PID=569) to work on /Library/Frameworks/Python.framework/Versions/3.9/lib/python3.9/site-packages/airflow/example_dags/example_dynamic_task_mapping.py
[2025-01-04T20:32:39.141-0500] {processor.py:914} INFO - Processing file /Library/Frameworks/Python.framework/Versions/3.9/lib/python3.9/site-packages/airflow/example_dags/example_dynamic_task_mapping.py for tasks to queue
[2025-01-04T20:32:39.142-0500] {logging_mixin.py:190} INFO - [2025-01-04T20:32:39.142-0500] {dagbag.py:588} INFO - Filling up the DagBag from /Library/Frameworks/Python.framework/Versions/3.9/lib/python3.9/site-packages/airflow/example_dags/example_dynamic_task_mapping.py
[2025-01-04T20:32:39.223-0500] {processor.py:925} INFO - DAG(s) 'example_dynamic_task_mapping' retrieved from /Library/Frameworks/Python.framework/Versions/3.9/lib/python3.9/site-packages/airflow/example_dags/example_dynamic_task_mapping.py
[2025-01-04T20:32:39.299-0500] {logging_mixin.py:190} INFO - [2025-01-04T20:32:39.299-0500] {dag.py:3239} INFO - Sync 1 DAGs
[2025-01-04T20:32:39.304-0500] {logging_mixin.py:190} INFO - [2025-01-04T20:32:39.304-0500] {dag.py:4180} INFO - Setting next_dagrun for example_dynamic_task_mapping to None, run_after=None
[2025-01-04T20:32:39.320-0500] {processor.py:208} INFO - Processing /Library/Frameworks/Python.framework/Versions/3.9/lib/python3.9/site-packages/airflow/example_dags/example_dynamic_task_mapping.py took 0.182 seconds
[2025-01-04T20:36:13.597-0500] {processor.py:186} INFO - Started process (PID=1270) to work on /Library/Frameworks/Python.framework/Versions/3.9/lib/python3.9/site-packages/airflow/example_dags/example_dynamic_task_mapping.py
[2025-01-04T20:36:13.599-0500] {processor.py:914} INFO - Processing file /Library/Frameworks/Python.framework/Versions/3.9/lib/python3.9/site-packages/airflow/example_dags/example_dynamic_task_mapping.py for tasks to queue
[2025-01-04T20:36:13.599-0500] {logging_mixin.py:190} INFO - [2025-01-04T20:36:13.599-0500] {dagbag.py:588} INFO - Filling up the DagBag from /Library/Frameworks/Python.framework/Versions/3.9/lib/python3.9/site-packages/airflow/example_dags/example_dynamic_task_mapping.py
[2025-01-04T20:36:13.620-0500] {processor.py:925} INFO - DAG(s) 'example_dynamic_task_mapping' retrieved from /Library/Frameworks/Python.framework/Versions/3.9/lib/python3.9/site-packages/airflow/example_dags/example_dynamic_task_mapping.py
[2025-01-04T20:36:13.665-0500] {logging_mixin.py:190} INFO - [2025-01-04T20:36:13.664-0500] {dag.py:3239} INFO - Sync 1 DAGs
[2025-01-04T20:36:13.669-0500] {logging_mixin.py:190} INFO - [2025-01-04T20:36:13.669-0500] {dag.py:4180} INFO - Setting next_dagrun for example_dynamic_task_mapping to None, run_after=None
[2025-01-04T20:36:13.678-0500] {processor.py:208} INFO - Processing /Library/Frameworks/Python.framework/Versions/3.9/lib/python3.9/site-packages/airflow/example_dags/example_dynamic_task_mapping.py took 0.083 seconds
[2025-01-04T20:39:40.010-0500] {processor.py:186} INFO - Started process (PID=1928) to work on /Library/Frameworks/Python.framework/Versions/3.9/lib/python3.9/site-packages/airflow/example_dags/example_dynamic_task_mapping.py
[2025-01-04T20:39:40.011-0500] {processor.py:914} INFO - Processing file /Library/Frameworks/Python.framework/Versions/3.9/lib/python3.9/site-packages/airflow/example_dags/example_dynamic_task_mapping.py for tasks to queue
[2025-01-04T20:39:40.011-0500] {logging_mixin.py:190} INFO - [2025-01-04T20:39:40.011-0500] {dagbag.py:588} INFO - Filling up the DagBag from /Library/Frameworks/Python.framework/Versions/3.9/lib/python3.9/site-packages/airflow/example_dags/example_dynamic_task_mapping.py
[2025-01-04T20:39:40.028-0500] {processor.py:925} INFO - DAG(s) 'example_dynamic_task_mapping' retrieved from /Library/Frameworks/Python.framework/Versions/3.9/lib/python3.9/site-packages/airflow/example_dags/example_dynamic_task_mapping.py
[2025-01-04T20:39:40.071-0500] {logging_mixin.py:190} INFO - [2025-01-04T20:39:40.071-0500] {dag.py:3239} INFO - Sync 1 DAGs
[2025-01-04T20:39:40.076-0500] {logging_mixin.py:190} INFO - [2025-01-04T20:39:40.076-0500] {dag.py:4180} INFO - Setting next_dagrun for example_dynamic_task_mapping to None, run_after=None
[2025-01-04T20:39:40.087-0500] {processor.py:208} INFO - Processing /Library/Frameworks/Python.framework/Versions/3.9/lib/python3.9/site-packages/airflow/example_dags/example_dynamic_task_mapping.py took 0.079 seconds
[2025-01-04T20:43:04.809-0500] {processor.py:186} INFO - Started process (PID=2404) to work on /Library/Frameworks/Python.framework/Versions/3.9/lib/python3.9/site-packages/airflow/example_dags/example_dynamic_task_mapping.py
[2025-01-04T20:43:04.810-0500] {processor.py:914} INFO - Processing file /Library/Frameworks/Python.framework/Versions/3.9/lib/python3.9/site-packages/airflow/example_dags/example_dynamic_task_mapping.py for tasks to queue
[2025-01-04T20:43:04.811-0500] {logging_mixin.py:190} INFO - [2025-01-04T20:43:04.810-0500] {dagbag.py:588} INFO - Filling up the DagBag from /Library/Frameworks/Python.framework/Versions/3.9/lib/python3.9/site-packages/airflow/example_dags/example_dynamic_task_mapping.py
[2025-01-04T20:43:04.843-0500] {processor.py:925} INFO - DAG(s) 'example_dynamic_task_mapping' retrieved from /Library/Frameworks/Python.framework/Versions/3.9/lib/python3.9/site-packages/airflow/example_dags/example_dynamic_task_mapping.py
[2025-01-04T20:43:04.893-0500] {logging_mixin.py:190} INFO - [2025-01-04T20:43:04.893-0500] {dag.py:3239} INFO - Sync 1 DAGs
[2025-01-04T20:43:04.898-0500] {logging_mixin.py:190} INFO - [2025-01-04T20:43:04.898-0500] {dag.py:4180} INFO - Setting next_dagrun for example_dynamic_task_mapping to None, run_after=None
[2025-01-04T20:43:04.919-0500] {processor.py:208} INFO - Processing /Library/Frameworks/Python.framework/Versions/3.9/lib/python3.9/site-packages/airflow/example_dags/example_dynamic_task_mapping.py took 0.112 seconds
[2025-01-04T20:46:43.401-0500] {processor.py:186} INFO - Started process (PID=3068) to work on /Library/Frameworks/Python.framework/Versions/3.9/lib/python3.9/site-packages/airflow/example_dags/example_dynamic_task_mapping.py
[2025-01-04T20:46:43.403-0500] {processor.py:914} INFO - Processing file /Library/Frameworks/Python.framework/Versions/3.9/lib/python3.9/site-packages/airflow/example_dags/example_dynamic_task_mapping.py for tasks to queue
[2025-01-04T20:46:43.403-0500] {logging_mixin.py:190} INFO - [2025-01-04T20:46:43.403-0500] {dagbag.py:588} INFO - Filling up the DagBag from /Library/Frameworks/Python.framework/Versions/3.9/lib/python3.9/site-packages/airflow/example_dags/example_dynamic_task_mapping.py
[2025-01-04T20:46:43.428-0500] {processor.py:925} INFO - DAG(s) 'example_dynamic_task_mapping' retrieved from /Library/Frameworks/Python.framework/Versions/3.9/lib/python3.9/site-packages/airflow/example_dags/example_dynamic_task_mapping.py
[2025-01-04T20:46:43.477-0500] {logging_mixin.py:190} INFO - [2025-01-04T20:46:43.476-0500] {dag.py:3239} INFO - Sync 1 DAGs
[2025-01-04T20:46:43.482-0500] {logging_mixin.py:190} INFO - [2025-01-04T20:46:43.482-0500] {dag.py:4180} INFO - Setting next_dagrun for example_dynamic_task_mapping to None, run_after=None
[2025-01-04T20:46:43.496-0500] {processor.py:208} INFO - Processing /Library/Frameworks/Python.framework/Versions/3.9/lib/python3.9/site-packages/airflow/example_dags/example_dynamic_task_mapping.py took 0.098 seconds
