[2025-01-04T20:27:16.942-0500] {processor.py:186} INFO - Started process (PID=99465) to work on /Library/Frameworks/Python.framework/Versions/3.9/lib/python3.9/site-packages/airflow/example_dags/example_datasets.py
[2025-01-04T20:27:16.943-0500] {processor.py:914} INFO - Processing file /Library/Frameworks/Python.framework/Versions/3.9/lib/python3.9/site-packages/airflow/example_dags/example_datasets.py for tasks to queue
[2025-01-04T20:27:16.943-0500] {logging_mixin.py:190} INFO - [2025-01-04T20:27:16.943-0500] {dagbag.py:588} INFO - Filling up the DagBag from /Library/Frameworks/Python.framework/Versions/3.9/lib/python3.9/site-packages/airflow/example_dags/example_datasets.py
[2025-01-04T20:27:16.985-0500] {processor.py:925} INFO - DAG(s) 'dataset_produces_1', 'dataset_produces_2', 'consume_1_or_2_with_dataset_expressions', 'dataset_consumes_unknown_never_scheduled', 'dataset_consumes_1_and_2', 'consume_1_or_both_2_and_3_with_dataset_expressions', 'dataset_consumes_1_never_scheduled', 'dataset_consumes_1', 'conditional_dataset_and_time_based_timetable', 'consume_1_and_2_with_dataset_expressions' retrieved from /Library/Frameworks/Python.framework/Versions/3.9/lib/python3.9/site-packages/airflow/example_dags/example_datasets.py
[2025-01-04T20:27:17.073-0500] {logging_mixin.py:190} INFO - [2025-01-04T20:27:17.073-0500] {override.py:1911} INFO - Created Permission View: can delete on DAG:dataset_produces_1
[2025-01-04T20:27:17.078-0500] {logging_mixin.py:190} INFO - [2025-01-04T20:27:17.077-0500] {override.py:1911} INFO - Created Permission View: can read on DAG:dataset_produces_1
[2025-01-04T20:27:17.080-0500] {logging_mixin.py:190} INFO - [2025-01-04T20:27:17.080-0500] {override.py:1911} INFO - Created Permission View: can edit on DAG:dataset_produces_1
[2025-01-04T20:27:17.084-0500] {logging_mixin.py:190} INFO - [2025-01-04T20:27:17.084-0500] {override.py:1911} INFO - Created Permission View: can delete on DAG Run:dataset_produces_1
[2025-01-04T20:27:17.086-0500] {logging_mixin.py:190} INFO - [2025-01-04T20:27:17.086-0500] {override.py:1911} INFO - Created Permission View: can read on DAG Run:dataset_produces_1
[2025-01-04T20:27:17.089-0500] {logging_mixin.py:190} INFO - [2025-01-04T20:27:17.089-0500] {override.py:1911} INFO - Created Permission View: can create on DAG Run:dataset_produces_1
[2025-01-04T20:27:17.092-0500] {logging_mixin.py:190} INFO - [2025-01-04T20:27:17.092-0500] {override.py:1911} INFO - Created Permission View: menu access on DAG Run:dataset_produces_1
[2025-01-04T20:27:17.099-0500] {logging_mixin.py:190} INFO - [2025-01-04T20:27:17.099-0500] {override.py:1911} INFO - Created Permission View: can delete on DAG:dataset_produces_2
[2025-01-04T20:27:17.101-0500] {logging_mixin.py:190} INFO - [2025-01-04T20:27:17.101-0500] {override.py:1911} INFO - Created Permission View: can read on DAG:dataset_produces_2
[2025-01-04T20:27:17.104-0500] {logging_mixin.py:190} INFO - [2025-01-04T20:27:17.103-0500] {override.py:1911} INFO - Created Permission View: can edit on DAG:dataset_produces_2
[2025-01-04T20:27:17.107-0500] {logging_mixin.py:190} INFO - [2025-01-04T20:27:17.107-0500] {override.py:1911} INFO - Created Permission View: can delete on DAG Run:dataset_produces_2
[2025-01-04T20:27:17.109-0500] {logging_mixin.py:190} INFO - [2025-01-04T20:27:17.109-0500] {override.py:1911} INFO - Created Permission View: can read on DAG Run:dataset_produces_2
[2025-01-04T20:27:17.112-0500] {logging_mixin.py:190} INFO - [2025-01-04T20:27:17.112-0500] {override.py:1911} INFO - Created Permission View: can create on DAG Run:dataset_produces_2
[2025-01-04T20:27:17.114-0500] {logging_mixin.py:190} INFO - [2025-01-04T20:27:17.114-0500] {override.py:1911} INFO - Created Permission View: menu access on DAG Run:dataset_produces_2
[2025-01-04T20:27:17.120-0500] {logging_mixin.py:190} INFO - [2025-01-04T20:27:17.120-0500] {override.py:1911} INFO - Created Permission View: can delete on DAG:consume_1_or_2_with_dataset_expressions
[2025-01-04T20:27:17.122-0500] {logging_mixin.py:190} INFO - [2025-01-04T20:27:17.122-0500] {override.py:1911} INFO - Created Permission View: can read on DAG:consume_1_or_2_with_dataset_expressions
[2025-01-04T20:27:17.125-0500] {logging_mixin.py:190} INFO - [2025-01-04T20:27:17.124-0500] {override.py:1911} INFO - Created Permission View: can edit on DAG:consume_1_or_2_with_dataset_expressions
[2025-01-04T20:27:17.128-0500] {logging_mixin.py:190} INFO - [2025-01-04T20:27:17.128-0500] {override.py:1911} INFO - Created Permission View: can delete on DAG Run:consume_1_or_2_with_dataset_expressions
[2025-01-04T20:27:17.132-0500] {logging_mixin.py:190} INFO - [2025-01-04T20:27:17.132-0500] {override.py:1911} INFO - Created Permission View: can read on DAG Run:consume_1_or_2_with_dataset_expressions
[2025-01-04T20:27:17.135-0500] {logging_mixin.py:190} INFO - [2025-01-04T20:27:17.135-0500] {override.py:1911} INFO - Created Permission View: can create on DAG Run:consume_1_or_2_with_dataset_expressions
[2025-01-04T20:27:17.138-0500] {logging_mixin.py:190} INFO - [2025-01-04T20:27:17.138-0500] {override.py:1911} INFO - Created Permission View: menu access on DAG Run:consume_1_or_2_with_dataset_expressions
[2025-01-04T20:27:17.143-0500] {logging_mixin.py:190} INFO - [2025-01-04T20:27:17.143-0500] {override.py:1911} INFO - Created Permission View: can delete on DAG:dataset_consumes_unknown_never_scheduled
[2025-01-04T20:27:17.145-0500] {logging_mixin.py:190} INFO - [2025-01-04T20:27:17.145-0500] {override.py:1911} INFO - Created Permission View: can read on DAG:dataset_consumes_unknown_never_scheduled
[2025-01-04T20:27:17.148-0500] {logging_mixin.py:190} INFO - [2025-01-04T20:27:17.148-0500] {override.py:1911} INFO - Created Permission View: can edit on DAG:dataset_consumes_unknown_never_scheduled
[2025-01-04T20:27:17.151-0500] {logging_mixin.py:190} INFO - [2025-01-04T20:27:17.151-0500] {override.py:1911} INFO - Created Permission View: can delete on DAG Run:dataset_consumes_unknown_never_scheduled
[2025-01-04T20:27:17.154-0500] {logging_mixin.py:190} INFO - [2025-01-04T20:27:17.154-0500] {override.py:1911} INFO - Created Permission View: can read on DAG Run:dataset_consumes_unknown_never_scheduled
[2025-01-04T20:27:17.156-0500] {logging_mixin.py:190} INFO - [2025-01-04T20:27:17.156-0500] {override.py:1911} INFO - Created Permission View: can create on DAG Run:dataset_consumes_unknown_never_scheduled
[2025-01-04T20:27:17.160-0500] {logging_mixin.py:190} INFO - [2025-01-04T20:27:17.160-0500] {override.py:1911} INFO - Created Permission View: menu access on DAG Run:dataset_consumes_unknown_never_scheduled
[2025-01-04T20:27:17.167-0500] {logging_mixin.py:190} INFO - [2025-01-04T20:27:17.167-0500] {override.py:1911} INFO - Created Permission View: can delete on DAG:dataset_consumes_1_and_2
[2025-01-04T20:27:17.170-0500] {logging_mixin.py:190} INFO - [2025-01-04T20:27:17.170-0500] {override.py:1911} INFO - Created Permission View: can read on DAG:dataset_consumes_1_and_2
[2025-01-04T20:27:17.174-0500] {logging_mixin.py:190} INFO - [2025-01-04T20:27:17.173-0500] {override.py:1911} INFO - Created Permission View: can edit on DAG:dataset_consumes_1_and_2
[2025-01-04T20:27:17.177-0500] {logging_mixin.py:190} INFO - [2025-01-04T20:27:17.177-0500] {override.py:1911} INFO - Created Permission View: can delete on DAG Run:dataset_consumes_1_and_2
[2025-01-04T20:27:17.179-0500] {logging_mixin.py:190} INFO - [2025-01-04T20:27:17.179-0500] {override.py:1911} INFO - Created Permission View: can read on DAG Run:dataset_consumes_1_and_2
[2025-01-04T20:27:17.182-0500] {logging_mixin.py:190} INFO - [2025-01-04T20:27:17.182-0500] {override.py:1911} INFO - Created Permission View: can create on DAG Run:dataset_consumes_1_and_2
[2025-01-04T20:27:17.184-0500] {logging_mixin.py:190} INFO - [2025-01-04T20:27:17.184-0500] {override.py:1911} INFO - Created Permission View: menu access on DAG Run:dataset_consumes_1_and_2
[2025-01-04T20:27:17.189-0500] {logging_mixin.py:190} INFO - [2025-01-04T20:27:17.189-0500] {override.py:1911} INFO - Created Permission View: can delete on DAG:consume_1_or_both_2_and_3_with_dataset_expressions
[2025-01-04T20:27:17.191-0500] {logging_mixin.py:190} INFO - [2025-01-04T20:27:17.191-0500] {override.py:1911} INFO - Created Permission View: can read on DAG:consume_1_or_both_2_and_3_with_dataset_expressions
[2025-01-04T20:27:17.194-0500] {logging_mixin.py:190} INFO - [2025-01-04T20:27:17.193-0500] {override.py:1911} INFO - Created Permission View: can edit on DAG:consume_1_or_both_2_and_3_with_dataset_expressions
[2025-01-04T20:27:17.197-0500] {logging_mixin.py:190} INFO - [2025-01-04T20:27:17.197-0500] {override.py:1911} INFO - Created Permission View: can delete on DAG Run:consume_1_or_both_2_and_3_with_dataset_expressions
[2025-01-04T20:27:17.199-0500] {logging_mixin.py:190} INFO - [2025-01-04T20:27:17.199-0500] {override.py:1911} INFO - Created Permission View: can read on DAG Run:consume_1_or_both_2_and_3_with_dataset_expressions
[2025-01-04T20:27:17.201-0500] {logging_mixin.py:190} INFO - [2025-01-04T20:27:17.201-0500] {override.py:1911} INFO - Created Permission View: can create on DAG Run:consume_1_or_both_2_and_3_with_dataset_expressions
[2025-01-04T20:27:17.203-0500] {logging_mixin.py:190} INFO - [2025-01-04T20:27:17.203-0500] {override.py:1911} INFO - Created Permission View: menu access on DAG Run:consume_1_or_both_2_and_3_with_dataset_expressions
[2025-01-04T20:27:17.208-0500] {logging_mixin.py:190} INFO - [2025-01-04T20:27:17.208-0500] {override.py:1911} INFO - Created Permission View: can delete on DAG:dataset_consumes_1_never_scheduled
[2025-01-04T20:27:17.210-0500] {logging_mixin.py:190} INFO - [2025-01-04T20:27:17.210-0500] {override.py:1911} INFO - Created Permission View: can read on DAG:dataset_consumes_1_never_scheduled
[2025-01-04T20:27:17.212-0500] {logging_mixin.py:190} INFO - [2025-01-04T20:27:17.212-0500] {override.py:1911} INFO - Created Permission View: can edit on DAG:dataset_consumes_1_never_scheduled
[2025-01-04T20:27:17.215-0500] {logging_mixin.py:190} INFO - [2025-01-04T20:27:17.215-0500] {override.py:1911} INFO - Created Permission View: can delete on DAG Run:dataset_consumes_1_never_scheduled
[2025-01-04T20:27:17.217-0500] {logging_mixin.py:190} INFO - [2025-01-04T20:27:17.217-0500] {override.py:1911} INFO - Created Permission View: can read on DAG Run:dataset_consumes_1_never_scheduled
[2025-01-04T20:27:17.220-0500] {logging_mixin.py:190} INFO - [2025-01-04T20:27:17.219-0500] {override.py:1911} INFO - Created Permission View: can create on DAG Run:dataset_consumes_1_never_scheduled
[2025-01-04T20:27:17.222-0500] {logging_mixin.py:190} INFO - [2025-01-04T20:27:17.222-0500] {override.py:1911} INFO - Created Permission View: menu access on DAG Run:dataset_consumes_1_never_scheduled
[2025-01-04T20:27:17.227-0500] {logging_mixin.py:190} INFO - [2025-01-04T20:27:17.227-0500] {override.py:1911} INFO - Created Permission View: can delete on DAG:dataset_consumes_1
[2025-01-04T20:27:17.230-0500] {logging_mixin.py:190} INFO - [2025-01-04T20:27:17.229-0500] {override.py:1911} INFO - Created Permission View: can read on DAG:dataset_consumes_1
[2025-01-04T20:27:17.232-0500] {logging_mixin.py:190} INFO - [2025-01-04T20:27:17.232-0500] {override.py:1911} INFO - Created Permission View: can edit on DAG:dataset_consumes_1
[2025-01-04T20:27:17.235-0500] {logging_mixin.py:190} INFO - [2025-01-04T20:27:17.234-0500] {override.py:1911} INFO - Created Permission View: can delete on DAG Run:dataset_consumes_1
[2025-01-04T20:27:17.237-0500] {logging_mixin.py:190} INFO - [2025-01-04T20:27:17.237-0500] {override.py:1911} INFO - Created Permission View: can read on DAG Run:dataset_consumes_1
[2025-01-04T20:27:17.239-0500] {logging_mixin.py:190} INFO - [2025-01-04T20:27:17.239-0500] {override.py:1911} INFO - Created Permission View: can create on DAG Run:dataset_consumes_1
[2025-01-04T20:27:17.242-0500] {logging_mixin.py:190} INFO - [2025-01-04T20:27:17.241-0500] {override.py:1911} INFO - Created Permission View: menu access on DAG Run:dataset_consumes_1
[2025-01-04T20:27:17.247-0500] {logging_mixin.py:190} INFO - [2025-01-04T20:27:17.247-0500] {override.py:1911} INFO - Created Permission View: can delete on DAG:conditional_dataset_and_time_based_timetable
[2025-01-04T20:27:17.250-0500] {logging_mixin.py:190} INFO - [2025-01-04T20:27:17.250-0500] {override.py:1911} INFO - Created Permission View: can read on DAG:conditional_dataset_and_time_based_timetable
[2025-01-04T20:27:17.254-0500] {logging_mixin.py:190} INFO - [2025-01-04T20:27:17.254-0500] {override.py:1911} INFO - Created Permission View: can edit on DAG:conditional_dataset_and_time_based_timetable
[2025-01-04T20:27:17.258-0500] {logging_mixin.py:190} INFO - [2025-01-04T20:27:17.258-0500] {override.py:1911} INFO - Created Permission View: can delete on DAG Run:conditional_dataset_and_time_based_timetable
[2025-01-04T20:27:17.261-0500] {logging_mixin.py:190} INFO - [2025-01-04T20:27:17.261-0500] {override.py:1911} INFO - Created Permission View: can read on DAG Run:conditional_dataset_and_time_based_timetable
[2025-01-04T20:27:17.265-0500] {logging_mixin.py:190} INFO - [2025-01-04T20:27:17.265-0500] {override.py:1911} INFO - Created Permission View: can create on DAG Run:conditional_dataset_and_time_based_timetable
[2025-01-04T20:27:17.268-0500] {logging_mixin.py:190} INFO - [2025-01-04T20:27:17.268-0500] {override.py:1911} INFO - Created Permission View: menu access on DAG Run:conditional_dataset_and_time_based_timetable
[2025-01-04T20:27:17.288-0500] {logging_mixin.py:190} INFO - [2025-01-04T20:27:17.288-0500] {override.py:1911} INFO - Created Permission View: can delete on DAG:consume_1_and_2_with_dataset_expressions
[2025-01-04T20:27:17.300-0500] {logging_mixin.py:190} INFO - [2025-01-04T20:27:17.300-0500] {override.py:1911} INFO - Created Permission View: can read on DAG:consume_1_and_2_with_dataset_expressions
[2025-01-04T20:27:17.304-0500] {logging_mixin.py:190} INFO - [2025-01-04T20:27:17.303-0500] {override.py:1911} INFO - Created Permission View: can edit on DAG:consume_1_and_2_with_dataset_expressions
[2025-01-04T20:27:17.314-0500] {logging_mixin.py:190} INFO - [2025-01-04T20:27:17.313-0500] {override.py:1911} INFO - Created Permission View: can delete on DAG Run:consume_1_and_2_with_dataset_expressions
[2025-01-04T20:27:17.321-0500] {logging_mixin.py:190} INFO - [2025-01-04T20:27:17.320-0500] {override.py:1911} INFO - Created Permission View: can read on DAG Run:consume_1_and_2_with_dataset_expressions
[2025-01-04T20:27:17.327-0500] {logging_mixin.py:190} INFO - [2025-01-04T20:27:17.327-0500] {override.py:1911} INFO - Created Permission View: can create on DAG Run:consume_1_and_2_with_dataset_expressions
[2025-01-04T20:27:17.332-0500] {logging_mixin.py:190} INFO - [2025-01-04T20:27:17.332-0500] {override.py:1911} INFO - Created Permission View: menu access on DAG Run:consume_1_and_2_with_dataset_expressions
[2025-01-04T20:27:17.332-0500] {logging_mixin.py:190} INFO - [2025-01-04T20:27:17.332-0500] {dag.py:3239} INFO - Sync 10 DAGs
[2025-01-04T20:27:17.339-0500] {logging_mixin.py:190} INFO - [2025-01-04T20:27:17.339-0500] {dag.py:3262} INFO - Creating ORM DAG for dataset_consumes_1_never_scheduled
[2025-01-04T20:27:17.339-0500] {logging_mixin.py:190} INFO - [2025-01-04T20:27:17.339-0500] {dag.py:3262} INFO - Creating ORM DAG for dataset_consumes_unknown_never_scheduled
[2025-01-04T20:27:17.339-0500] {logging_mixin.py:190} INFO - [2025-01-04T20:27:17.339-0500] {dag.py:3262} INFO - Creating ORM DAG for dataset_produces_1
[2025-01-04T20:27:17.340-0500] {logging_mixin.py:190} INFO - [2025-01-04T20:27:17.340-0500] {dag.py:3262} INFO - Creating ORM DAG for conditional_dataset_and_time_based_timetable
[2025-01-04T20:27:17.340-0500] {logging_mixin.py:190} INFO - [2025-01-04T20:27:17.340-0500] {dag.py:3262} INFO - Creating ORM DAG for consume_1_and_2_with_dataset_expressions
[2025-01-04T20:27:17.340-0500] {logging_mixin.py:190} INFO - [2025-01-04T20:27:17.340-0500] {dag.py:3262} INFO - Creating ORM DAG for dataset_consumes_1_and_2
[2025-01-04T20:27:17.340-0500] {logging_mixin.py:190} INFO - [2025-01-04T20:27:17.340-0500] {dag.py:3262} INFO - Creating ORM DAG for dataset_produces_2
[2025-01-04T20:27:17.340-0500] {logging_mixin.py:190} INFO - [2025-01-04T20:27:17.340-0500] {dag.py:3262} INFO - Creating ORM DAG for consume_1_or_2_with_dataset_expressions
[2025-01-04T20:27:17.341-0500] {logging_mixin.py:190} INFO - [2025-01-04T20:27:17.341-0500] {dag.py:3262} INFO - Creating ORM DAG for dataset_consumes_1
[2025-01-04T20:27:17.341-0500] {logging_mixin.py:190} INFO - [2025-01-04T20:27:17.341-0500] {dag.py:3262} INFO - Creating ORM DAG for consume_1_or_both_2_and_3_with_dataset_expressions
[2025-01-04T20:27:17.345-0500] {logging_mixin.py:190} INFO - [2025-01-04T20:27:17.345-0500] {dag.py:4180} INFO - Setting next_dagrun for conditional_dataset_and_time_based_timetable to 2025-01-01 01:00:00+00:00, run_after=2025-01-01 01:00:00+00:00
[2025-01-04T20:27:17.345-0500] {logging_mixin.py:190} INFO - [2025-01-04T20:27:17.345-0500] {dag.py:4180} INFO - Setting next_dagrun for consume_1_and_2_with_dataset_expressions to None, run_after=None
[2025-01-04T20:27:17.345-0500] {logging_mixin.py:190} INFO - [2025-01-04T20:27:17.345-0500] {dag.py:4180} INFO - Setting next_dagrun for consume_1_or_2_with_dataset_expressions to None, run_after=None
[2025-01-04T20:27:17.345-0500] {logging_mixin.py:190} INFO - [2025-01-04T20:27:17.345-0500] {dag.py:4180} INFO - Setting next_dagrun for consume_1_or_both_2_and_3_with_dataset_expressions to None, run_after=None
[2025-01-04T20:27:17.345-0500] {logging_mixin.py:190} INFO - [2025-01-04T20:27:17.345-0500] {dag.py:4180} INFO - Setting next_dagrun for dataset_consumes_1 to None, run_after=None
[2025-01-04T20:27:17.346-0500] {logging_mixin.py:190} INFO - [2025-01-04T20:27:17.345-0500] {dag.py:4180} INFO - Setting next_dagrun for dataset_consumes_1_and_2 to None, run_after=None
[2025-01-04T20:27:17.346-0500] {logging_mixin.py:190} INFO - [2025-01-04T20:27:17.346-0500] {dag.py:4180} INFO - Setting next_dagrun for dataset_consumes_1_never_scheduled to None, run_after=None
[2025-01-04T20:27:17.346-0500] {logging_mixin.py:190} INFO - [2025-01-04T20:27:17.346-0500] {dag.py:4180} INFO - Setting next_dagrun for dataset_consumes_unknown_never_scheduled to None, run_after=None
[2025-01-04T20:27:17.347-0500] {logging_mixin.py:190} INFO - [2025-01-04T20:27:17.347-0500] {dag.py:4180} INFO - Setting next_dagrun for dataset_produces_1 to 2025-01-04 00:00:00+00:00, run_after=2025-01-05 00:00:00+00:00
[2025-01-04T20:27:17.347-0500] {logging_mixin.py:190} INFO - [2025-01-04T20:27:17.347-0500] {dag.py:4180} INFO - Setting next_dagrun for dataset_produces_2 to None, run_after=None
[2025-01-04T20:27:18.152-0500] {processor.py:208} INFO - Processing /Library/Frameworks/Python.framework/Versions/3.9/lib/python3.9/site-packages/airflow/example_dags/example_datasets.py took 1.214 seconds
[2025-01-04T20:30:28.501-0500] {processor.py:186} INFO - Started process (PID=99968) to work on /Library/Frameworks/Python.framework/Versions/3.9/lib/python3.9/site-packages/airflow/example_dags/example_datasets.py
[2025-01-04T20:30:28.502-0500] {processor.py:914} INFO - Processing file /Library/Frameworks/Python.framework/Versions/3.9/lib/python3.9/site-packages/airflow/example_dags/example_datasets.py for tasks to queue
[2025-01-04T20:30:28.502-0500] {logging_mixin.py:190} INFO - [2025-01-04T20:30:28.502-0500] {dagbag.py:588} INFO - Filling up the DagBag from /Library/Frameworks/Python.framework/Versions/3.9/lib/python3.9/site-packages/airflow/example_dags/example_datasets.py
[2025-01-04T20:30:28.532-0500] {processor.py:925} INFO - DAG(s) 'dataset_produces_1', 'conditional_dataset_and_time_based_timetable', 'dataset_consumes_unknown_never_scheduled', 'dataset_consumes_1', 'consume_1_or_both_2_and_3_with_dataset_expressions', 'dataset_consumes_1_and_2', 'dataset_consumes_1_never_scheduled', 'consume_1_and_2_with_dataset_expressions', 'consume_1_or_2_with_dataset_expressions', 'dataset_produces_2' retrieved from /Library/Frameworks/Python.framework/Versions/3.9/lib/python3.9/site-packages/airflow/example_dags/example_datasets.py
[2025-01-04T20:30:28.591-0500] {logging_mixin.py:190} INFO - [2025-01-04T20:30:28.590-0500] {dag.py:3239} INFO - Sync 10 DAGs
[2025-01-04T20:30:28.599-0500] {logging_mixin.py:190} INFO - [2025-01-04T20:30:28.599-0500] {dag.py:4180} INFO - Setting next_dagrun for conditional_dataset_and_time_based_timetable to 2025-01-01 01:00:00+00:00, run_after=2025-01-01 01:00:00+00:00
[2025-01-04T20:30:28.600-0500] {logging_mixin.py:190} INFO - [2025-01-04T20:30:28.600-0500] {dag.py:4180} INFO - Setting next_dagrun for consume_1_and_2_with_dataset_expressions to None, run_after=None
[2025-01-04T20:30:28.601-0500] {logging_mixin.py:190} INFO - [2025-01-04T20:30:28.601-0500] {dag.py:4180} INFO - Setting next_dagrun for consume_1_or_2_with_dataset_expressions to None, run_after=None
[2025-01-04T20:30:28.601-0500] {logging_mixin.py:190} INFO - [2025-01-04T20:30:28.601-0500] {dag.py:4180} INFO - Setting next_dagrun for consume_1_or_both_2_and_3_with_dataset_expressions to None, run_after=None
[2025-01-04T20:30:28.602-0500] {logging_mixin.py:190} INFO - [2025-01-04T20:30:28.602-0500] {dag.py:4180} INFO - Setting next_dagrun for dataset_consumes_1 to None, run_after=None
[2025-01-04T20:30:28.602-0500] {logging_mixin.py:190} INFO - [2025-01-04T20:30:28.602-0500] {dag.py:4180} INFO - Setting next_dagrun for dataset_consumes_1_and_2 to None, run_after=None
[2025-01-04T20:30:28.603-0500] {logging_mixin.py:190} INFO - [2025-01-04T20:30:28.602-0500] {dag.py:4180} INFO - Setting next_dagrun for dataset_consumes_1_never_scheduled to None, run_after=None
[2025-01-04T20:30:28.603-0500] {logging_mixin.py:190} INFO - [2025-01-04T20:30:28.603-0500] {dag.py:4180} INFO - Setting next_dagrun for dataset_consumes_unknown_never_scheduled to None, run_after=None
[2025-01-04T20:30:28.604-0500] {logging_mixin.py:190} INFO - [2025-01-04T20:30:28.604-0500] {dag.py:4180} INFO - Setting next_dagrun for dataset_produces_1 to 2025-01-04 00:00:00+00:00, run_after=2025-01-05 00:00:00+00:00
[2025-01-04T20:30:28.604-0500] {logging_mixin.py:190} INFO - [2025-01-04T20:30:28.604-0500] {dag.py:4180} INFO - Setting next_dagrun for dataset_produces_2 to None, run_after=None
[2025-01-04T20:30:28.621-0500] {processor.py:208} INFO - Processing /Library/Frameworks/Python.framework/Versions/3.9/lib/python3.9/site-packages/airflow/example_dags/example_datasets.py took 0.121 seconds
[2025-01-04T20:33:57.005-0500] {processor.py:186} INFO - Started process (PID=800) to work on /Library/Frameworks/Python.framework/Versions/3.9/lib/python3.9/site-packages/airflow/example_dags/example_datasets.py
[2025-01-04T20:33:57.012-0500] {processor.py:914} INFO - Processing file /Library/Frameworks/Python.framework/Versions/3.9/lib/python3.9/site-packages/airflow/example_dags/example_datasets.py for tasks to queue
[2025-01-04T20:33:57.013-0500] {logging_mixin.py:190} INFO - [2025-01-04T20:33:57.013-0500] {dagbag.py:588} INFO - Filling up the DagBag from /Library/Frameworks/Python.framework/Versions/3.9/lib/python3.9/site-packages/airflow/example_dags/example_datasets.py
[2025-01-04T20:33:57.105-0500] {processor.py:925} INFO - DAG(s) 'dataset_produces_2', 'consume_1_and_2_with_dataset_expressions', 'dataset_consumes_unknown_never_scheduled', 'consume_1_or_both_2_and_3_with_dataset_expressions', 'dataset_consumes_1_never_scheduled', 'dataset_produces_1', 'consume_1_or_2_with_dataset_expressions', 'dataset_consumes_1', 'dataset_consumes_1_and_2', 'conditional_dataset_and_time_based_timetable' retrieved from /Library/Frameworks/Python.framework/Versions/3.9/lib/python3.9/site-packages/airflow/example_dags/example_datasets.py
[2025-01-04T20:33:57.292-0500] {logging_mixin.py:190} INFO - [2025-01-04T20:33:57.292-0500] {dag.py:3239} INFO - Sync 10 DAGs
[2025-01-04T20:33:57.320-0500] {logging_mixin.py:190} INFO - [2025-01-04T20:33:57.320-0500] {dag.py:4180} INFO - Setting next_dagrun for conditional_dataset_and_time_based_timetable to 2025-01-01 01:00:00+00:00, run_after=2025-01-01 01:00:00+00:00
[2025-01-04T20:33:57.325-0500] {logging_mixin.py:190} INFO - [2025-01-04T20:33:57.325-0500] {dag.py:4180} INFO - Setting next_dagrun for consume_1_and_2_with_dataset_expressions to None, run_after=None
[2025-01-04T20:33:57.333-0500] {logging_mixin.py:190} INFO - [2025-01-04T20:33:57.333-0500] {dag.py:4180} INFO - Setting next_dagrun for consume_1_or_2_with_dataset_expressions to None, run_after=None
[2025-01-04T20:33:57.381-0500] {logging_mixin.py:190} INFO - [2025-01-04T20:33:57.335-0500] {dag.py:4180} INFO - Setting next_dagrun for consume_1_or_both_2_and_3_with_dataset_expressions to None, run_after=None
[2025-01-04T20:33:57.389-0500] {logging_mixin.py:190} INFO - [2025-01-04T20:33:57.389-0500] {dag.py:4180} INFO - Setting next_dagrun for dataset_consumes_1 to None, run_after=None
[2025-01-04T20:33:57.406-0500] {logging_mixin.py:190} INFO - [2025-01-04T20:33:57.406-0500] {dag.py:4180} INFO - Setting next_dagrun for dataset_consumes_1_and_2 to None, run_after=None
[2025-01-04T20:33:57.410-0500] {logging_mixin.py:190} INFO - [2025-01-04T20:33:57.409-0500] {dag.py:4180} INFO - Setting next_dagrun for dataset_consumes_1_never_scheduled to None, run_after=None
[2025-01-04T20:33:57.412-0500] {logging_mixin.py:190} INFO - [2025-01-04T20:33:57.412-0500] {dag.py:4180} INFO - Setting next_dagrun for dataset_consumes_unknown_never_scheduled to None, run_after=None
[2025-01-04T20:33:57.416-0500] {logging_mixin.py:190} INFO - [2025-01-04T20:33:57.415-0500] {dag.py:4180} INFO - Setting next_dagrun for dataset_produces_1 to 2025-01-04 00:00:00+00:00, run_after=2025-01-05 00:00:00+00:00
[2025-01-04T20:33:57.417-0500] {logging_mixin.py:190} INFO - [2025-01-04T20:33:57.417-0500] {dag.py:4180} INFO - Setting next_dagrun for dataset_produces_2 to None, run_after=None
[2025-01-04T20:33:57.449-0500] {processor.py:208} INFO - Processing /Library/Frameworks/Python.framework/Versions/3.9/lib/python3.9/site-packages/airflow/example_dags/example_datasets.py took 0.454 seconds
[2025-01-04T20:37:32.125-0500] {processor.py:186} INFO - Started process (PID=1519) to work on /Library/Frameworks/Python.framework/Versions/3.9/lib/python3.9/site-packages/airflow/example_dags/example_datasets.py
[2025-01-04T20:37:32.127-0500] {processor.py:914} INFO - Processing file /Library/Frameworks/Python.framework/Versions/3.9/lib/python3.9/site-packages/airflow/example_dags/example_datasets.py for tasks to queue
[2025-01-04T20:37:32.128-0500] {logging_mixin.py:190} INFO - [2025-01-04T20:37:32.128-0500] {dagbag.py:588} INFO - Filling up the DagBag from /Library/Frameworks/Python.framework/Versions/3.9/lib/python3.9/site-packages/airflow/example_dags/example_datasets.py
[2025-01-04T20:37:32.167-0500] {processor.py:925} INFO - DAG(s) 'consume_1_or_2_with_dataset_expressions', 'consume_1_and_2_with_dataset_expressions', 'dataset_produces_1', 'conditional_dataset_and_time_based_timetable', 'dataset_consumes_unknown_never_scheduled', 'dataset_consumes_1_and_2', 'dataset_produces_2', 'consume_1_or_both_2_and_3_with_dataset_expressions', 'dataset_consumes_1_never_scheduled', 'dataset_consumes_1' retrieved from /Library/Frameworks/Python.framework/Versions/3.9/lib/python3.9/site-packages/airflow/example_dags/example_datasets.py
[2025-01-04T20:37:32.224-0500] {logging_mixin.py:190} INFO - [2025-01-04T20:37:32.224-0500] {dag.py:3239} INFO - Sync 10 DAGs
[2025-01-04T20:37:32.234-0500] {logging_mixin.py:190} INFO - [2025-01-04T20:37:32.234-0500] {dag.py:4180} INFO - Setting next_dagrun for conditional_dataset_and_time_based_timetable to 2025-01-01 01:00:00+00:00, run_after=2025-01-01 01:00:00+00:00
[2025-01-04T20:37:32.236-0500] {logging_mixin.py:190} INFO - [2025-01-04T20:37:32.236-0500] {dag.py:4180} INFO - Setting next_dagrun for consume_1_and_2_with_dataset_expressions to None, run_after=None
[2025-01-04T20:37:32.236-0500] {logging_mixin.py:190} INFO - [2025-01-04T20:37:32.236-0500] {dag.py:4180} INFO - Setting next_dagrun for consume_1_or_2_with_dataset_expressions to None, run_after=None
[2025-01-04T20:37:32.237-0500] {logging_mixin.py:190} INFO - [2025-01-04T20:37:32.237-0500] {dag.py:4180} INFO - Setting next_dagrun for consume_1_or_both_2_and_3_with_dataset_expressions to None, run_after=None
[2025-01-04T20:37:32.237-0500] {logging_mixin.py:190} INFO - [2025-01-04T20:37:32.237-0500] {dag.py:4180} INFO - Setting next_dagrun for dataset_consumes_1 to None, run_after=None
[2025-01-04T20:37:32.237-0500] {logging_mixin.py:190} INFO - [2025-01-04T20:37:32.237-0500] {dag.py:4180} INFO - Setting next_dagrun for dataset_consumes_1_and_2 to None, run_after=None
[2025-01-04T20:37:32.238-0500] {logging_mixin.py:190} INFO - [2025-01-04T20:37:32.238-0500] {dag.py:4180} INFO - Setting next_dagrun for dataset_consumes_1_never_scheduled to None, run_after=None
[2025-01-04T20:37:32.238-0500] {logging_mixin.py:190} INFO - [2025-01-04T20:37:32.238-0500] {dag.py:4180} INFO - Setting next_dagrun for dataset_consumes_unknown_never_scheduled to None, run_after=None
[2025-01-04T20:37:32.239-0500] {logging_mixin.py:190} INFO - [2025-01-04T20:37:32.239-0500] {dag.py:4180} INFO - Setting next_dagrun for dataset_produces_1 to 2025-01-04 00:00:00+00:00, run_after=2025-01-05 00:00:00+00:00
[2025-01-04T20:37:32.239-0500] {logging_mixin.py:190} INFO - [2025-01-04T20:37:32.239-0500] {dag.py:4180} INFO - Setting next_dagrun for dataset_produces_2 to None, run_after=None
[2025-01-04T20:37:32.261-0500] {processor.py:208} INFO - Processing /Library/Frameworks/Python.framework/Versions/3.9/lib/python3.9/site-packages/airflow/example_dags/example_datasets.py took 0.138 seconds
[2025-01-04T20:40:57.529-0500] {processor.py:186} INFO - Started process (PID=2172) to work on /Library/Frameworks/Python.framework/Versions/3.9/lib/python3.9/site-packages/airflow/example_dags/example_datasets.py
[2025-01-04T20:40:57.530-0500] {processor.py:914} INFO - Processing file /Library/Frameworks/Python.framework/Versions/3.9/lib/python3.9/site-packages/airflow/example_dags/example_datasets.py for tasks to queue
[2025-01-04T20:40:57.531-0500] {logging_mixin.py:190} INFO - [2025-01-04T20:40:57.530-0500] {dagbag.py:588} INFO - Filling up the DagBag from /Library/Frameworks/Python.framework/Versions/3.9/lib/python3.9/site-packages/airflow/example_dags/example_datasets.py
[2025-01-04T20:40:57.565-0500] {processor.py:925} INFO - DAG(s) 'dataset_consumes_1_never_scheduled', 'dataset_produces_2', 'consume_1_or_2_with_dataset_expressions', 'conditional_dataset_and_time_based_timetable', 'dataset_consumes_1', 'dataset_consumes_1_and_2', 'dataset_produces_1', 'dataset_consumes_unknown_never_scheduled', 'consume_1_and_2_with_dataset_expressions', 'consume_1_or_both_2_and_3_with_dataset_expressions' retrieved from /Library/Frameworks/Python.framework/Versions/3.9/lib/python3.9/site-packages/airflow/example_dags/example_datasets.py
[2025-01-04T20:40:57.624-0500] {logging_mixin.py:190} INFO - [2025-01-04T20:40:57.624-0500] {dag.py:3239} INFO - Sync 10 DAGs
[2025-01-04T20:40:57.632-0500] {logging_mixin.py:190} INFO - [2025-01-04T20:40:57.632-0500] {dag.py:4180} INFO - Setting next_dagrun for conditional_dataset_and_time_based_timetable to 2025-01-01 01:00:00+00:00, run_after=2025-01-01 01:00:00+00:00
[2025-01-04T20:40:57.634-0500] {logging_mixin.py:190} INFO - [2025-01-04T20:40:57.634-0500] {dag.py:4180} INFO - Setting next_dagrun for consume_1_and_2_with_dataset_expressions to None, run_after=None
[2025-01-04T20:40:57.634-0500] {logging_mixin.py:190} INFO - [2025-01-04T20:40:57.634-0500] {dag.py:4180} INFO - Setting next_dagrun for consume_1_or_2_with_dataset_expressions to None, run_after=None
[2025-01-04T20:40:57.634-0500] {logging_mixin.py:190} INFO - [2025-01-04T20:40:57.634-0500] {dag.py:4180} INFO - Setting next_dagrun for consume_1_or_both_2_and_3_with_dataset_expressions to None, run_after=None
[2025-01-04T20:40:57.635-0500] {logging_mixin.py:190} INFO - [2025-01-04T20:40:57.635-0500] {dag.py:4180} INFO - Setting next_dagrun for dataset_consumes_1 to None, run_after=None
[2025-01-04T20:40:57.635-0500] {logging_mixin.py:190} INFO - [2025-01-04T20:40:57.635-0500] {dag.py:4180} INFO - Setting next_dagrun for dataset_consumes_1_and_2 to None, run_after=None
[2025-01-04T20:40:57.636-0500] {logging_mixin.py:190} INFO - [2025-01-04T20:40:57.635-0500] {dag.py:4180} INFO - Setting next_dagrun for dataset_consumes_1_never_scheduled to None, run_after=None
[2025-01-04T20:40:57.636-0500] {logging_mixin.py:190} INFO - [2025-01-04T20:40:57.636-0500] {dag.py:4180} INFO - Setting next_dagrun for dataset_consumes_unknown_never_scheduled to None, run_after=None
[2025-01-04T20:40:57.637-0500] {logging_mixin.py:190} INFO - [2025-01-04T20:40:57.637-0500] {dag.py:4180} INFO - Setting next_dagrun for dataset_produces_1 to 2025-01-04 00:00:00+00:00, run_after=2025-01-05 00:00:00+00:00
[2025-01-04T20:40:57.637-0500] {logging_mixin.py:190} INFO - [2025-01-04T20:40:57.637-0500] {dag.py:4180} INFO - Setting next_dagrun for dataset_produces_2 to None, run_after=None
[2025-01-04T20:40:57.655-0500] {processor.py:208} INFO - Processing /Library/Frameworks/Python.framework/Versions/3.9/lib/python3.9/site-packages/airflow/example_dags/example_datasets.py took 0.128 seconds
[2025-01-04T20:44:26.388-0500] {processor.py:186} INFO - Started process (PID=2669) to work on /Library/Frameworks/Python.framework/Versions/3.9/lib/python3.9/site-packages/airflow/example_dags/example_datasets.py
[2025-01-04T20:44:26.390-0500] {processor.py:914} INFO - Processing file /Library/Frameworks/Python.framework/Versions/3.9/lib/python3.9/site-packages/airflow/example_dags/example_datasets.py for tasks to queue
[2025-01-04T20:44:26.392-0500] {logging_mixin.py:190} INFO - [2025-01-04T20:44:26.392-0500] {dagbag.py:588} INFO - Filling up the DagBag from /Library/Frameworks/Python.framework/Versions/3.9/lib/python3.9/site-packages/airflow/example_dags/example_datasets.py
[2025-01-04T20:44:26.429-0500] {processor.py:925} INFO - DAG(s) 'consume_1_or_both_2_and_3_with_dataset_expressions', 'conditional_dataset_and_time_based_timetable', 'dataset_consumes_unknown_never_scheduled', 'consume_1_or_2_with_dataset_expressions', 'dataset_consumes_1_never_scheduled', 'dataset_consumes_1_and_2', 'dataset_produces_1', 'dataset_produces_2', 'dataset_consumes_1', 'consume_1_and_2_with_dataset_expressions' retrieved from /Library/Frameworks/Python.framework/Versions/3.9/lib/python3.9/site-packages/airflow/example_dags/example_datasets.py
[2025-01-04T20:44:26.488-0500] {logging_mixin.py:190} INFO - [2025-01-04T20:44:26.488-0500] {dag.py:3239} INFO - Sync 10 DAGs
[2025-01-04T20:44:26.498-0500] {logging_mixin.py:190} INFO - [2025-01-04T20:44:26.498-0500] {dag.py:4180} INFO - Setting next_dagrun for conditional_dataset_and_time_based_timetable to 2025-01-01 01:00:00+00:00, run_after=2025-01-01 01:00:00+00:00
[2025-01-04T20:44:26.500-0500] {logging_mixin.py:190} INFO - [2025-01-04T20:44:26.500-0500] {dag.py:4180} INFO - Setting next_dagrun for consume_1_and_2_with_dataset_expressions to None, run_after=None
[2025-01-04T20:44:26.500-0500] {logging_mixin.py:190} INFO - [2025-01-04T20:44:26.500-0500] {dag.py:4180} INFO - Setting next_dagrun for consume_1_or_2_with_dataset_expressions to None, run_after=None
[2025-01-04T20:44:26.501-0500] {logging_mixin.py:190} INFO - [2025-01-04T20:44:26.501-0500] {dag.py:4180} INFO - Setting next_dagrun for consume_1_or_both_2_and_3_with_dataset_expressions to None, run_after=None
[2025-01-04T20:44:26.501-0500] {logging_mixin.py:190} INFO - [2025-01-04T20:44:26.501-0500] {dag.py:4180} INFO - Setting next_dagrun for dataset_consumes_1 to None, run_after=None
[2025-01-04T20:44:26.501-0500] {logging_mixin.py:190} INFO - [2025-01-04T20:44:26.501-0500] {dag.py:4180} INFO - Setting next_dagrun for dataset_consumes_1_and_2 to None, run_after=None
[2025-01-04T20:44:26.502-0500] {logging_mixin.py:190} INFO - [2025-01-04T20:44:26.502-0500] {dag.py:4180} INFO - Setting next_dagrun for dataset_consumes_1_never_scheduled to None, run_after=None
[2025-01-04T20:44:26.502-0500] {logging_mixin.py:190} INFO - [2025-01-04T20:44:26.502-0500] {dag.py:4180} INFO - Setting next_dagrun for dataset_consumes_unknown_never_scheduled to None, run_after=None
[2025-01-04T20:44:26.503-0500] {logging_mixin.py:190} INFO - [2025-01-04T20:44:26.503-0500] {dag.py:4180} INFO - Setting next_dagrun for dataset_produces_1 to 2025-01-04 00:00:00+00:00, run_after=2025-01-05 00:00:00+00:00
[2025-01-04T20:44:26.503-0500] {logging_mixin.py:190} INFO - [2025-01-04T20:44:26.503-0500] {dag.py:4180} INFO - Setting next_dagrun for dataset_produces_2 to None, run_after=None
[2025-01-04T20:44:26.525-0500] {processor.py:208} INFO - Processing /Library/Frameworks/Python.framework/Versions/3.9/lib/python3.9/site-packages/airflow/example_dags/example_datasets.py took 0.150 seconds
[2025-01-04T20:48:12.488-0500] {processor.py:186} INFO - Started process (PID=3306) to work on /Library/Frameworks/Python.framework/Versions/3.9/lib/python3.9/site-packages/airflow/example_dags/example_datasets.py
[2025-01-04T20:48:12.489-0500] {processor.py:914} INFO - Processing file /Library/Frameworks/Python.framework/Versions/3.9/lib/python3.9/site-packages/airflow/example_dags/example_datasets.py for tasks to queue
[2025-01-04T20:48:12.490-0500] {logging_mixin.py:190} INFO - [2025-01-04T20:48:12.490-0500] {dagbag.py:588} INFO - Filling up the DagBag from /Library/Frameworks/Python.framework/Versions/3.9/lib/python3.9/site-packages/airflow/example_dags/example_datasets.py
[2025-01-04T20:48:12.520-0500] {processor.py:925} INFO - DAG(s) 'conditional_dataset_and_time_based_timetable', 'dataset_consumes_unknown_never_scheduled', 'dataset_consumes_1', 'dataset_consumes_1_never_scheduled', 'dataset_produces_1', 'consume_1_and_2_with_dataset_expressions', 'consume_1_or_2_with_dataset_expressions', 'dataset_produces_2', 'consume_1_or_both_2_and_3_with_dataset_expressions', 'dataset_consumes_1_and_2' retrieved from /Library/Frameworks/Python.framework/Versions/3.9/lib/python3.9/site-packages/airflow/example_dags/example_datasets.py
[2025-01-04T20:48:12.579-0500] {logging_mixin.py:190} INFO - [2025-01-04T20:48:12.579-0500] {dag.py:3239} INFO - Sync 10 DAGs
[2025-01-04T20:48:12.590-0500] {logging_mixin.py:190} INFO - [2025-01-04T20:48:12.590-0500] {dag.py:4180} INFO - Setting next_dagrun for conditional_dataset_and_time_based_timetable to 2025-01-01 01:00:00+00:00, run_after=2025-01-01 01:00:00+00:00
[2025-01-04T20:48:12.593-0500] {logging_mixin.py:190} INFO - [2025-01-04T20:48:12.593-0500] {dag.py:4180} INFO - Setting next_dagrun for consume_1_and_2_with_dataset_expressions to None, run_after=None
[2025-01-04T20:48:12.595-0500] {logging_mixin.py:190} INFO - [2025-01-04T20:48:12.595-0500] {dag.py:4180} INFO - Setting next_dagrun for consume_1_or_2_with_dataset_expressions to None, run_after=None
[2025-01-04T20:48:12.596-0500] {logging_mixin.py:190} INFO - [2025-01-04T20:48:12.595-0500] {dag.py:4180} INFO - Setting next_dagrun for consume_1_or_both_2_and_3_with_dataset_expressions to None, run_after=None
[2025-01-04T20:48:12.596-0500] {logging_mixin.py:190} INFO - [2025-01-04T20:48:12.596-0500] {dag.py:4180} INFO - Setting next_dagrun for dataset_consumes_1 to None, run_after=None
[2025-01-04T20:48:12.596-0500] {logging_mixin.py:190} INFO - [2025-01-04T20:48:12.596-0500] {dag.py:4180} INFO - Setting next_dagrun for dataset_consumes_1_and_2 to None, run_after=None
[2025-01-04T20:48:12.597-0500] {logging_mixin.py:190} INFO - [2025-01-04T20:48:12.597-0500] {dag.py:4180} INFO - Setting next_dagrun for dataset_consumes_1_never_scheduled to None, run_after=None
[2025-01-04T20:48:12.597-0500] {logging_mixin.py:190} INFO - [2025-01-04T20:48:12.597-0500] {dag.py:4180} INFO - Setting next_dagrun for dataset_consumes_unknown_never_scheduled to None, run_after=None
[2025-01-04T20:48:12.598-0500] {logging_mixin.py:190} INFO - [2025-01-04T20:48:12.598-0500] {dag.py:4180} INFO - Setting next_dagrun for dataset_produces_1 to 2025-01-04 00:00:00+00:00, run_after=2025-01-05 00:00:00+00:00
[2025-01-04T20:48:12.599-0500] {logging_mixin.py:190} INFO - [2025-01-04T20:48:12.599-0500] {dag.py:4180} INFO - Setting next_dagrun for dataset_produces_2 to None, run_after=None
[2025-01-04T20:48:12.619-0500] {processor.py:208} INFO - Processing /Library/Frameworks/Python.framework/Versions/3.9/lib/python3.9/site-packages/airflow/example_dags/example_datasets.py took 0.136 seconds
