[2025-01-04T20:26:57.343-0500] {processor.py:186} INFO - Started process (PID=99440) to work on /Library/Frameworks/Python.framework/Versions/3.9/lib/python3.9/site-packages/airflow/example_dags/example_latest_only_with_trigger.py
[2025-01-04T20:26:57.343-0500] {processor.py:914} INFO - Processing file /Library/Frameworks/Python.framework/Versions/3.9/lib/python3.9/site-packages/airflow/example_dags/example_latest_only_with_trigger.py for tasks to queue
[2025-01-04T20:26:57.344-0500] {logging_mixin.py:190} INFO - [2025-01-04T20:26:57.344-0500] {dagbag.py:588} INFO - Filling up the DagBag from /Library/Frameworks/Python.framework/Versions/3.9/lib/python3.9/site-packages/airflow/example_dags/example_latest_only_with_trigger.py
[2025-01-04T20:26:57.348-0500] {processor.py:925} INFO - DAG(s) 'latest_only_with_trigger' retrieved from /Library/Frameworks/Python.framework/Versions/3.9/lib/python3.9/site-packages/airflow/example_dags/example_latest_only_with_trigger.py
[2025-01-04T20:26:57.448-0500] {logging_mixin.py:190} INFO - [2025-01-04T20:26:57.447-0500] {override.py:1911} INFO - Created Permission View: can edit on DAG:latest_only_with_trigger
[2025-01-04T20:26:57.452-0500] {logging_mixin.py:190} INFO - [2025-01-04T20:26:57.452-0500] {override.py:1911} INFO - Created Permission View: can read on DAG:latest_only_with_trigger
[2025-01-04T20:26:57.454-0500] {logging_mixin.py:190} INFO - [2025-01-04T20:26:57.454-0500] {override.py:1911} INFO - Created Permission View: can delete on DAG:latest_only_with_trigger
[2025-01-04T20:26:57.459-0500] {logging_mixin.py:190} INFO - [2025-01-04T20:26:57.459-0500] {override.py:1911} INFO - Created Permission View: can delete on DAG Run:latest_only_with_trigger
[2025-01-04T20:26:57.462-0500] {logging_mixin.py:190} INFO - [2025-01-04T20:26:57.462-0500] {override.py:1911} INFO - Created Permission View: menu access on DAG Run:latest_only_with_trigger
[2025-01-04T20:26:57.465-0500] {logging_mixin.py:190} INFO - [2025-01-04T20:26:57.465-0500] {override.py:1911} INFO - Created Permission View: can read on DAG Run:latest_only_with_trigger
[2025-01-04T20:26:57.468-0500] {logging_mixin.py:190} INFO - [2025-01-04T20:26:57.468-0500] {override.py:1911} INFO - Created Permission View: can create on DAG Run:latest_only_with_trigger
[2025-01-04T20:26:57.468-0500] {logging_mixin.py:190} INFO - [2025-01-04T20:26:57.468-0500] {dag.py:3239} INFO - Sync 1 DAGs
[2025-01-04T20:26:57.474-0500] {logging_mixin.py:190} INFO - [2025-01-04T20:26:57.474-0500] {dag.py:3262} INFO - Creating ORM DAG for latest_only_with_trigger
[2025-01-04T20:26:57.479-0500] {logging_mixin.py:190} INFO - [2025-01-04T20:26:57.479-0500] {dag.py:4180} INFO - Setting next_dagrun for latest_only_with_trigger to 2025-01-04 20:00:00+00:00, run_after=2025-01-05 00:00:00+00:00
[2025-01-04T20:26:57.489-0500] {processor.py:208} INFO - Processing /Library/Frameworks/Python.framework/Versions/3.9/lib/python3.9/site-packages/airflow/example_dags/example_latest_only_with_trigger.py took 0.148 seconds
[2025-01-04T20:29:03.742-0500] {processor.py:186} INFO - Started process (PID=99749) to work on /Library/Frameworks/Python.framework/Versions/3.9/lib/python3.9/site-packages/airflow/example_dags/example_latest_only_with_trigger.py
[2025-01-04T20:29:03.743-0500] {processor.py:914} INFO - Processing file /Library/Frameworks/Python.framework/Versions/3.9/lib/python3.9/site-packages/airflow/example_dags/example_latest_only_with_trigger.py for tasks to queue
[2025-01-04T20:29:03.744-0500] {logging_mixin.py:190} INFO - [2025-01-04T20:29:03.743-0500] {dagbag.py:588} INFO - Filling up the DagBag from /Library/Frameworks/Python.framework/Versions/3.9/lib/python3.9/site-packages/airflow/example_dags/example_latest_only_with_trigger.py
[2025-01-04T20:29:03.748-0500] {processor.py:925} INFO - DAG(s) 'latest_only_with_trigger' retrieved from /Library/Frameworks/Python.framework/Versions/3.9/lib/python3.9/site-packages/airflow/example_dags/example_latest_only_with_trigger.py
[2025-01-04T20:29:03.796-0500] {logging_mixin.py:190} INFO - [2025-01-04T20:29:03.796-0500] {dag.py:3239} INFO - Sync 1 DAGs
[2025-01-04T20:29:03.804-0500] {logging_mixin.py:190} INFO - [2025-01-04T20:29:03.804-0500] {dag.py:4180} INFO - Setting next_dagrun for latest_only_with_trigger to 2025-01-04 20:00:00+00:00, run_after=2025-01-05 00:00:00+00:00
[2025-01-04T20:29:03.814-0500] {processor.py:208} INFO - Processing /Library/Frameworks/Python.framework/Versions/3.9/lib/python3.9/site-packages/airflow/example_dags/example_latest_only_with_trigger.py took 0.075 seconds
[2025-01-04T20:32:25.835-0500] {processor.py:186} INFO - Started process (PID=488) to work on /Library/Frameworks/Python.framework/Versions/3.9/lib/python3.9/site-packages/airflow/example_dags/example_latest_only_with_trigger.py
[2025-01-04T20:32:25.836-0500] {processor.py:914} INFO - Processing file /Library/Frameworks/Python.framework/Versions/3.9/lib/python3.9/site-packages/airflow/example_dags/example_latest_only_with_trigger.py for tasks to queue
[2025-01-04T20:32:25.837-0500] {logging_mixin.py:190} INFO - [2025-01-04T20:32:25.837-0500] {dagbag.py:588} INFO - Filling up the DagBag from /Library/Frameworks/Python.framework/Versions/3.9/lib/python3.9/site-packages/airflow/example_dags/example_latest_only_with_trigger.py
[2025-01-04T20:32:25.848-0500] {processor.py:925} INFO - DAG(s) 'latest_only_with_trigger' retrieved from /Library/Frameworks/Python.framework/Versions/3.9/lib/python3.9/site-packages/airflow/example_dags/example_latest_only_with_trigger.py
[2025-01-04T20:32:25.911-0500] {logging_mixin.py:190} INFO - [2025-01-04T20:32:25.910-0500] {dag.py:3239} INFO - Sync 1 DAGs
[2025-01-04T20:32:25.921-0500] {logging_mixin.py:190} INFO - [2025-01-04T20:32:25.921-0500] {dag.py:4180} INFO - Setting next_dagrun for latest_only_with_trigger to 2025-01-04 20:00:00+00:00, run_after=2025-01-05 00:00:00+00:00
[2025-01-04T20:32:25.934-0500] {processor.py:208} INFO - Processing /Library/Frameworks/Python.framework/Versions/3.9/lib/python3.9/site-packages/airflow/example_dags/example_latest_only_with_trigger.py took 0.101 seconds
[2025-01-04T20:36:01.090-0500] {processor.py:186} INFO - Started process (PID=1222) to work on /Library/Frameworks/Python.framework/Versions/3.9/lib/python3.9/site-packages/airflow/example_dags/example_latest_only_with_trigger.py
[2025-01-04T20:36:01.091-0500] {processor.py:914} INFO - Processing file /Library/Frameworks/Python.framework/Versions/3.9/lib/python3.9/site-packages/airflow/example_dags/example_latest_only_with_trigger.py for tasks to queue
[2025-01-04T20:36:01.091-0500] {logging_mixin.py:190} INFO - [2025-01-04T20:36:01.091-0500] {dagbag.py:588} INFO - Filling up the DagBag from /Library/Frameworks/Python.framework/Versions/3.9/lib/python3.9/site-packages/airflow/example_dags/example_latest_only_with_trigger.py
[2025-01-04T20:36:01.095-0500] {processor.py:925} INFO - DAG(s) 'latest_only_with_trigger' retrieved from /Library/Frameworks/Python.framework/Versions/3.9/lib/python3.9/site-packages/airflow/example_dags/example_latest_only_with_trigger.py
[2025-01-04T20:36:01.139-0500] {logging_mixin.py:190} INFO - [2025-01-04T20:36:01.139-0500] {dag.py:3239} INFO - Sync 1 DAGs
[2025-01-04T20:36:01.147-0500] {logging_mixin.py:190} INFO - [2025-01-04T20:36:01.147-0500] {dag.py:4180} INFO - Setting next_dagrun for latest_only_with_trigger to 2025-01-04 20:00:00+00:00, run_after=2025-01-05 00:00:00+00:00
[2025-01-04T20:36:01.155-0500] {processor.py:208} INFO - Processing /Library/Frameworks/Python.framework/Versions/3.9/lib/python3.9/site-packages/airflow/example_dags/example_latest_only_with_trigger.py took 0.067 seconds
[2025-01-04T20:39:27.445-0500] {processor.py:186} INFO - Started process (PID=1890) to work on /Library/Frameworks/Python.framework/Versions/3.9/lib/python3.9/site-packages/airflow/example_dags/example_latest_only_with_trigger.py
[2025-01-04T20:39:27.447-0500] {processor.py:914} INFO - Processing file /Library/Frameworks/Python.framework/Versions/3.9/lib/python3.9/site-packages/airflow/example_dags/example_latest_only_with_trigger.py for tasks to queue
[2025-01-04T20:39:27.447-0500] {logging_mixin.py:190} INFO - [2025-01-04T20:39:27.447-0500] {dagbag.py:588} INFO - Filling up the DagBag from /Library/Frameworks/Python.framework/Versions/3.9/lib/python3.9/site-packages/airflow/example_dags/example_latest_only_with_trigger.py
[2025-01-04T20:39:27.451-0500] {processor.py:925} INFO - DAG(s) 'latest_only_with_trigger' retrieved from /Library/Frameworks/Python.framework/Versions/3.9/lib/python3.9/site-packages/airflow/example_dags/example_latest_only_with_trigger.py
[2025-01-04T20:39:27.500-0500] {logging_mixin.py:190} INFO - [2025-01-04T20:39:27.500-0500] {dag.py:3239} INFO - Sync 1 DAGs
[2025-01-04T20:39:27.508-0500] {logging_mixin.py:190} INFO - [2025-01-04T20:39:27.508-0500] {dag.py:4180} INFO - Setting next_dagrun for latest_only_with_trigger to 2025-01-04 20:00:00+00:00, run_after=2025-01-05 00:00:00+00:00
[2025-01-04T20:39:27.520-0500] {processor.py:208} INFO - Processing /Library/Frameworks/Python.framework/Versions/3.9/lib/python3.9/site-packages/airflow/example_dags/example_latest_only_with_trigger.py took 0.077 seconds
[2025-01-04T20:42:49.047-0500] {processor.py:186} INFO - Started process (PID=2373) to work on /Library/Frameworks/Python.framework/Versions/3.9/lib/python3.9/site-packages/airflow/example_dags/example_latest_only_with_trigger.py
[2025-01-04T20:42:49.048-0500] {processor.py:914} INFO - Processing file /Library/Frameworks/Python.framework/Versions/3.9/lib/python3.9/site-packages/airflow/example_dags/example_latest_only_with_trigger.py for tasks to queue
[2025-01-04T20:42:49.048-0500] {logging_mixin.py:190} INFO - [2025-01-04T20:42:49.048-0500] {dagbag.py:588} INFO - Filling up the DagBag from /Library/Frameworks/Python.framework/Versions/3.9/lib/python3.9/site-packages/airflow/example_dags/example_latest_only_with_trigger.py
[2025-01-04T20:42:49.054-0500] {processor.py:925} INFO - DAG(s) 'latest_only_with_trigger' retrieved from /Library/Frameworks/Python.framework/Versions/3.9/lib/python3.9/site-packages/airflow/example_dags/example_latest_only_with_trigger.py
[2025-01-04T20:42:49.104-0500] {logging_mixin.py:190} INFO - [2025-01-04T20:42:49.103-0500] {dag.py:3239} INFO - Sync 1 DAGs
[2025-01-04T20:42:49.112-0500] {logging_mixin.py:190} INFO - [2025-01-04T20:42:49.112-0500] {dag.py:4180} INFO - Setting next_dagrun for latest_only_with_trigger to 2025-01-04 20:00:00+00:00, run_after=2025-01-05 00:00:00+00:00
[2025-01-04T20:42:49.125-0500] {processor.py:208} INFO - Processing /Library/Frameworks/Python.framework/Versions/3.9/lib/python3.9/site-packages/airflow/example_dags/example_latest_only_with_trigger.py took 0.079 seconds
[2025-01-04T20:46:30.883-0500] {processor.py:186} INFO - Started process (PID=3035) to work on /Library/Frameworks/Python.framework/Versions/3.9/lib/python3.9/site-packages/airflow/example_dags/example_latest_only_with_trigger.py
[2025-01-04T20:46:30.884-0500] {processor.py:914} INFO - Processing file /Library/Frameworks/Python.framework/Versions/3.9/lib/python3.9/site-packages/airflow/example_dags/example_latest_only_with_trigger.py for tasks to queue
[2025-01-04T20:46:30.885-0500] {logging_mixin.py:190} INFO - [2025-01-04T20:46:30.885-0500] {dagbag.py:588} INFO - Filling up the DagBag from /Library/Frameworks/Python.framework/Versions/3.9/lib/python3.9/site-packages/airflow/example_dags/example_latest_only_with_trigger.py
[2025-01-04T20:46:30.890-0500] {processor.py:925} INFO - DAG(s) 'latest_only_with_trigger' retrieved from /Library/Frameworks/Python.framework/Versions/3.9/lib/python3.9/site-packages/airflow/example_dags/example_latest_only_with_trigger.py
[2025-01-04T20:46:30.943-0500] {logging_mixin.py:190} INFO - [2025-01-04T20:46:30.942-0500] {dag.py:3239} INFO - Sync 1 DAGs
[2025-01-04T20:46:30.951-0500] {logging_mixin.py:190} INFO - [2025-01-04T20:46:30.951-0500] {dag.py:4180} INFO - Setting next_dagrun for latest_only_with_trigger to 2025-01-04 20:00:00+00:00, run_after=2025-01-05 00:00:00+00:00
[2025-01-04T20:46:30.961-0500] {processor.py:208} INFO - Processing /Library/Frameworks/Python.framework/Versions/3.9/lib/python3.9/site-packages/airflow/example_dags/example_latest_only_with_trigger.py took 0.080 seconds
