[2025-01-04T20:26:17.734-0500] {processor.py:186} INFO - Started process (PID=99282) to work on /Library/Frameworks/Python.framework/Versions/3.9/lib/python3.9/site-packages/airflow/example_dags/example_sla_dag.py
[2025-01-04T20:26:17.734-0500] {processor.py:914} INFO - Processing file /Library/Frameworks/Python.framework/Versions/3.9/lib/python3.9/site-packages/airflow/example_dags/example_sla_dag.py for tasks to queue
[2025-01-04T20:26:17.735-0500] {logging_mixin.py:190} INFO - [2025-01-04T20:26:17.735-0500] {dagbag.py:588} INFO - Filling up the DagBag from /Library/Frameworks/Python.framework/Versions/3.9/lib/python3.9/site-packages/airflow/example_dags/example_sla_dag.py
[2025-01-04T20:26:17.761-0500] {processor.py:925} INFO - DAG(s) 'example_sla_dag' retrieved from /Library/Frameworks/Python.framework/Versions/3.9/lib/python3.9/site-packages/airflow/example_dags/example_sla_dag.py
[2025-01-04T20:26:17.982-0500] {logging_mixin.py:190} INFO - [2025-01-04T20:26:17.980-0500] {override.py:1911} INFO - Created Permission View: can delete on DAG:example_sla_dag
[2025-01-04T20:26:17.998-0500] {logging_mixin.py:190} INFO - [2025-01-04T20:26:17.998-0500] {override.py:1911} INFO - Created Permission View: can read on DAG:example_sla_dag
[2025-01-04T20:26:18.008-0500] {logging_mixin.py:190} INFO - [2025-01-04T20:26:18.008-0500] {override.py:1911} INFO - Created Permission View: can edit on DAG:example_sla_dag
[2025-01-04T20:26:18.012-0500] {logging_mixin.py:190} INFO - [2025-01-04T20:26:18.012-0500] {override.py:1911} INFO - Created Permission View: can delete on DAG Run:example_sla_dag
[2025-01-04T20:26:18.016-0500] {logging_mixin.py:190} INFO - [2025-01-04T20:26:18.016-0500] {override.py:1911} INFO - Created Permission View: can create on DAG Run:example_sla_dag
[2025-01-04T20:26:18.019-0500] {logging_mixin.py:190} INFO - [2025-01-04T20:26:18.019-0500] {override.py:1911} INFO - Created Permission View: menu access on DAG Run:example_sla_dag
[2025-01-04T20:26:18.022-0500] {logging_mixin.py:190} INFO - [2025-01-04T20:26:18.022-0500] {override.py:1911} INFO - Created Permission View: can read on DAG Run:example_sla_dag
[2025-01-04T20:26:18.023-0500] {logging_mixin.py:190} INFO - [2025-01-04T20:26:18.022-0500] {dag.py:3239} INFO - Sync 1 DAGs
[2025-01-04T20:26:18.029-0500] {logging_mixin.py:190} INFO - [2025-01-04T20:26:18.029-0500] {dag.py:3262} INFO - Creating ORM DAG for example_sla_dag
[2025-01-04T20:26:18.049-0500] {logging_mixin.py:190} INFO - [2025-01-04T20:26:18.048-0500] {dag.py:4180} INFO - Setting next_dagrun for example_sla_dag to 2025-01-05 01:24:00+00:00, run_after=2025-01-05 01:26:00+00:00
[2025-01-04T20:26:18.066-0500] {processor.py:208} INFO - Processing /Library/Frameworks/Python.framework/Versions/3.9/lib/python3.9/site-packages/airflow/example_dags/example_sla_dag.py took 0.335 seconds
[2025-01-04T20:28:31.349-0500] {processor.py:186} INFO - Started process (PID=99655) to work on /Library/Frameworks/Python.framework/Versions/3.9/lib/python3.9/site-packages/airflow/example_dags/example_sla_dag.py
[2025-01-04T20:28:31.350-0500] {processor.py:914} INFO - Processing file /Library/Frameworks/Python.framework/Versions/3.9/lib/python3.9/site-packages/airflow/example_dags/example_sla_dag.py for tasks to queue
[2025-01-04T20:28:31.351-0500] {logging_mixin.py:190} INFO - [2025-01-04T20:28:31.350-0500] {dagbag.py:588} INFO - Filling up the DagBag from /Library/Frameworks/Python.framework/Versions/3.9/lib/python3.9/site-packages/airflow/example_dags/example_sla_dag.py
[2025-01-04T20:28:31.401-0500] {processor.py:925} INFO - DAG(s) 'example_sla_dag' retrieved from /Library/Frameworks/Python.framework/Versions/3.9/lib/python3.9/site-packages/airflow/example_dags/example_sla_dag.py
[2025-01-04T20:28:31.446-0500] {logging_mixin.py:190} INFO - [2025-01-04T20:28:31.446-0500] {dag.py:3239} INFO - Sync 1 DAGs
[2025-01-04T20:28:31.454-0500] {logging_mixin.py:190} INFO - [2025-01-04T20:28:31.454-0500] {dag.py:4180} INFO - Setting next_dagrun for example_sla_dag to 2025-01-05 01:26:00+00:00, run_after=2025-01-05 01:28:00+00:00
[2025-01-04T20:28:31.462-0500] {processor.py:208} INFO - Processing /Library/Frameworks/Python.framework/Versions/3.9/lib/python3.9/site-packages/airflow/example_dags/example_sla_dag.py took 0.115 seconds
[2025-01-04T20:30:07.775-0500] {processor.py:186} INFO - Started process (PID=99901) to work on /Library/Frameworks/Python.framework/Versions/3.9/lib/python3.9/site-packages/airflow/example_dags/example_sla_dag.py
[2025-01-04T20:30:07.776-0500] {processor.py:914} INFO - Processing file /Library/Frameworks/Python.framework/Versions/3.9/lib/python3.9/site-packages/airflow/example_dags/example_sla_dag.py for tasks to queue
[2025-01-04T20:30:07.776-0500] {logging_mixin.py:190} INFO - [2025-01-04T20:30:07.776-0500] {dagbag.py:588} INFO - Filling up the DagBag from /Library/Frameworks/Python.framework/Versions/3.9/lib/python3.9/site-packages/airflow/example_dags/example_sla_dag.py
[2025-01-04T20:30:07.799-0500] {processor.py:925} INFO - DAG(s) 'example_sla_dag' retrieved from /Library/Frameworks/Python.framework/Versions/3.9/lib/python3.9/site-packages/airflow/example_dags/example_sla_dag.py
[2025-01-04T20:30:07.842-0500] {logging_mixin.py:190} INFO - [2025-01-04T20:30:07.842-0500] {dag.py:3239} INFO - Sync 1 DAGs
[2025-01-04T20:30:07.851-0500] {logging_mixin.py:190} INFO - [2025-01-04T20:30:07.850-0500] {dag.py:4180} INFO - Setting next_dagrun for example_sla_dag to 2025-01-05 01:28:00+00:00, run_after=2025-01-05 01:30:00+00:00
[2025-01-04T20:30:07.859-0500] {processor.py:208} INFO - Processing /Library/Frameworks/Python.framework/Versions/3.9/lib/python3.9/site-packages/airflow/example_dags/example_sla_dag.py took 0.087 seconds
[2025-01-04T20:31:49.786-0500] {processor.py:186} INFO - Started process (PID=347) to work on /Library/Frameworks/Python.framework/Versions/3.9/lib/python3.9/site-packages/airflow/example_dags/example_sla_dag.py
[2025-01-04T20:31:49.787-0500] {processor.py:914} INFO - Processing file /Library/Frameworks/Python.framework/Versions/3.9/lib/python3.9/site-packages/airflow/example_dags/example_sla_dag.py for tasks to queue
[2025-01-04T20:31:49.787-0500] {logging_mixin.py:190} INFO - [2025-01-04T20:31:49.787-0500] {dagbag.py:588} INFO - Filling up the DagBag from /Library/Frameworks/Python.framework/Versions/3.9/lib/python3.9/site-packages/airflow/example_dags/example_sla_dag.py
[2025-01-04T20:31:49.804-0500] {processor.py:925} INFO - DAG(s) 'example_sla_dag' retrieved from /Library/Frameworks/Python.framework/Versions/3.9/lib/python3.9/site-packages/airflow/example_dags/example_sla_dag.py
[2025-01-04T20:31:49.851-0500] {logging_mixin.py:190} INFO - [2025-01-04T20:31:49.850-0500] {dag.py:3239} INFO - Sync 1 DAGs
[2025-01-04T20:31:49.861-0500] {logging_mixin.py:190} INFO - [2025-01-04T20:31:49.861-0500] {dag.py:4180} INFO - Setting next_dagrun for example_sla_dag to 2025-01-05 01:28:00+00:00, run_after=2025-01-05 01:30:00+00:00
[2025-01-04T20:31:49.871-0500] {processor.py:208} INFO - Processing /Library/Frameworks/Python.framework/Versions/3.9/lib/python3.9/site-packages/airflow/example_dags/example_sla_dag.py took 0.087 seconds
[2025-01-04T20:33:29.205-0500] {processor.py:186} INFO - Started process (PID=743) to work on /Library/Frameworks/Python.framework/Versions/3.9/lib/python3.9/site-packages/airflow/example_dags/example_sla_dag.py
[2025-01-04T20:33:29.206-0500] {processor.py:914} INFO - Processing file /Library/Frameworks/Python.framework/Versions/3.9/lib/python3.9/site-packages/airflow/example_dags/example_sla_dag.py for tasks to queue
[2025-01-04T20:33:29.207-0500] {logging_mixin.py:190} INFO - [2025-01-04T20:33:29.206-0500] {dagbag.py:588} INFO - Filling up the DagBag from /Library/Frameworks/Python.framework/Versions/3.9/lib/python3.9/site-packages/airflow/example_dags/example_sla_dag.py
[2025-01-04T20:33:29.232-0500] {processor.py:925} INFO - DAG(s) 'example_sla_dag' retrieved from /Library/Frameworks/Python.framework/Versions/3.9/lib/python3.9/site-packages/airflow/example_dags/example_sla_dag.py
[2025-01-04T20:33:29.278-0500] {logging_mixin.py:190} INFO - [2025-01-04T20:33:29.278-0500] {dag.py:3239} INFO - Sync 1 DAGs
[2025-01-04T20:33:29.289-0500] {logging_mixin.py:190} INFO - [2025-01-04T20:33:29.289-0500] {dag.py:4180} INFO - Setting next_dagrun for example_sla_dag to 2025-01-05 01:30:00+00:00, run_after=2025-01-05 01:32:00+00:00
[2025-01-04T20:33:29.301-0500] {processor.py:208} INFO - Processing /Library/Frameworks/Python.framework/Versions/3.9/lib/python3.9/site-packages/airflow/example_dags/example_sla_dag.py took 0.098 seconds
[2025-01-04T20:35:20.746-0500] {processor.py:186} INFO - Started process (PID=1097) to work on /Library/Frameworks/Python.framework/Versions/3.9/lib/python3.9/site-packages/airflow/example_dags/example_sla_dag.py
[2025-01-04T20:35:20.747-0500] {processor.py:914} INFO - Processing file /Library/Frameworks/Python.framework/Versions/3.9/lib/python3.9/site-packages/airflow/example_dags/example_sla_dag.py for tasks to queue
[2025-01-04T20:35:20.748-0500] {logging_mixin.py:190} INFO - [2025-01-04T20:35:20.748-0500] {dagbag.py:588} INFO - Filling up the DagBag from /Library/Frameworks/Python.framework/Versions/3.9/lib/python3.9/site-packages/airflow/example_dags/example_sla_dag.py
[2025-01-04T20:35:20.774-0500] {processor.py:925} INFO - DAG(s) 'example_sla_dag' retrieved from /Library/Frameworks/Python.framework/Versions/3.9/lib/python3.9/site-packages/airflow/example_dags/example_sla_dag.py
[2025-01-04T20:35:20.838-0500] {logging_mixin.py:190} INFO - [2025-01-04T20:35:20.837-0500] {dag.py:3239} INFO - Sync 1 DAGs
[2025-01-04T20:35:20.858-0500] {logging_mixin.py:190} INFO - [2025-01-04T20:35:20.858-0500] {dag.py:4180} INFO - Setting next_dagrun for example_sla_dag to 2025-01-05 01:32:00+00:00, run_after=2025-01-05 01:34:00+00:00
[2025-01-04T20:35:20.883-0500] {processor.py:208} INFO - Processing /Library/Frameworks/Python.framework/Versions/3.9/lib/python3.9/site-packages/airflow/example_dags/example_sla_dag.py took 0.139 seconds
[2025-01-04T20:37:09.771-0500] {processor.py:186} INFO - Started process (PID=1431) to work on /Library/Frameworks/Python.framework/Versions/3.9/lib/python3.9/site-packages/airflow/example_dags/example_sla_dag.py
[2025-01-04T20:37:09.773-0500] {processor.py:914} INFO - Processing file /Library/Frameworks/Python.framework/Versions/3.9/lib/python3.9/site-packages/airflow/example_dags/example_sla_dag.py for tasks to queue
[2025-01-04T20:37:09.773-0500] {logging_mixin.py:190} INFO - [2025-01-04T20:37:09.773-0500] {dagbag.py:588} INFO - Filling up the DagBag from /Library/Frameworks/Python.framework/Versions/3.9/lib/python3.9/site-packages/airflow/example_dags/example_sla_dag.py
[2025-01-04T20:37:09.798-0500] {processor.py:925} INFO - DAG(s) 'example_sla_dag' retrieved from /Library/Frameworks/Python.framework/Versions/3.9/lib/python3.9/site-packages/airflow/example_dags/example_sla_dag.py
[2025-01-04T20:37:09.859-0500] {logging_mixin.py:190} INFO - [2025-01-04T20:37:09.859-0500] {dag.py:3239} INFO - Sync 1 DAGs
[2025-01-04T20:37:09.872-0500] {logging_mixin.py:190} INFO - [2025-01-04T20:37:09.872-0500] {dag.py:4180} INFO - Setting next_dagrun for example_sla_dag to 2025-01-05 01:34:00+00:00, run_after=2025-01-05 01:36:00+00:00
[2025-01-04T20:37:09.884-0500] {processor.py:208} INFO - Processing /Library/Frameworks/Python.framework/Versions/3.9/lib/python3.9/site-packages/airflow/example_dags/example_sla_dag.py took 0.116 seconds
[2025-01-04T20:38:49.422-0500] {processor.py:186} INFO - Started process (PID=1776) to work on /Library/Frameworks/Python.framework/Versions/3.9/lib/python3.9/site-packages/airflow/example_dags/example_sla_dag.py
[2025-01-04T20:38:49.424-0500] {processor.py:914} INFO - Processing file /Library/Frameworks/Python.framework/Versions/3.9/lib/python3.9/site-packages/airflow/example_dags/example_sla_dag.py for tasks to queue
[2025-01-04T20:38:49.424-0500] {logging_mixin.py:190} INFO - [2025-01-04T20:38:49.424-0500] {dagbag.py:588} INFO - Filling up the DagBag from /Library/Frameworks/Python.framework/Versions/3.9/lib/python3.9/site-packages/airflow/example_dags/example_sla_dag.py
[2025-01-04T20:38:49.445-0500] {processor.py:925} INFO - DAG(s) 'example_sla_dag' retrieved from /Library/Frameworks/Python.framework/Versions/3.9/lib/python3.9/site-packages/airflow/example_dags/example_sla_dag.py
[2025-01-04T20:38:49.496-0500] {logging_mixin.py:190} INFO - [2025-01-04T20:38:49.496-0500] {dag.py:3239} INFO - Sync 1 DAGs
[2025-01-04T20:38:49.505-0500] {logging_mixin.py:190} INFO - [2025-01-04T20:38:49.505-0500] {dag.py:4180} INFO - Setting next_dagrun for example_sla_dag to 2025-01-05 01:36:00+00:00, run_after=2025-01-05 01:38:00+00:00
[2025-01-04T20:38:49.515-0500] {processor.py:208} INFO - Processing /Library/Frameworks/Python.framework/Versions/3.9/lib/python3.9/site-packages/airflow/example_dags/example_sla_dag.py took 0.095 seconds
[2025-01-04T20:40:31.624-0500] {processor.py:186} INFO - Started process (PID=2090) to work on /Library/Frameworks/Python.framework/Versions/3.9/lib/python3.9/site-packages/airflow/example_dags/example_sla_dag.py
[2025-01-04T20:40:31.625-0500] {processor.py:914} INFO - Processing file /Library/Frameworks/Python.framework/Versions/3.9/lib/python3.9/site-packages/airflow/example_dags/example_sla_dag.py for tasks to queue
[2025-01-04T20:40:31.625-0500] {logging_mixin.py:190} INFO - [2025-01-04T20:40:31.625-0500] {dagbag.py:588} INFO - Filling up the DagBag from /Library/Frameworks/Python.framework/Versions/3.9/lib/python3.9/site-packages/airflow/example_dags/example_sla_dag.py
[2025-01-04T20:40:31.641-0500] {processor.py:925} INFO - DAG(s) 'example_sla_dag' retrieved from /Library/Frameworks/Python.framework/Versions/3.9/lib/python3.9/site-packages/airflow/example_dags/example_sla_dag.py
[2025-01-04T20:40:31.682-0500] {logging_mixin.py:190} INFO - [2025-01-04T20:40:31.682-0500] {dag.py:3239} INFO - Sync 1 DAGs
[2025-01-04T20:40:31.691-0500] {logging_mixin.py:190} INFO - [2025-01-04T20:40:31.691-0500] {dag.py:4180} INFO - Setting next_dagrun for example_sla_dag to 2025-01-05 01:38:00+00:00, run_after=2025-01-05 01:40:00+00:00
[2025-01-04T20:40:31.700-0500] {processor.py:208} INFO - Processing /Library/Frameworks/Python.framework/Versions/3.9/lib/python3.9/site-packages/airflow/example_dags/example_sla_dag.py took 0.078 seconds
[2025-01-04T20:42:11.650-0500] {processor.py:186} INFO - Started process (PID=2298) to work on /Library/Frameworks/Python.framework/Versions/3.9/lib/python3.9/site-packages/airflow/example_dags/example_sla_dag.py
[2025-01-04T20:42:11.668-0500] {processor.py:914} INFO - Processing file /Library/Frameworks/Python.framework/Versions/3.9/lib/python3.9/site-packages/airflow/example_dags/example_sla_dag.py for tasks to queue
[2025-01-04T20:42:11.670-0500] {logging_mixin.py:190} INFO - [2025-01-04T20:42:11.670-0500] {dagbag.py:588} INFO - Filling up the DagBag from /Library/Frameworks/Python.framework/Versions/3.9/lib/python3.9/site-packages/airflow/example_dags/example_sla_dag.py
[2025-01-04T20:42:11.752-0500] {processor.py:925} INFO - DAG(s) 'example_sla_dag' retrieved from /Library/Frameworks/Python.framework/Versions/3.9/lib/python3.9/site-packages/airflow/example_dags/example_sla_dag.py
[2025-01-04T20:42:11.885-0500] {logging_mixin.py:190} INFO - [2025-01-04T20:42:11.884-0500] {dag.py:3239} INFO - Sync 1 DAGs
[2025-01-04T20:42:11.917-0500] {logging_mixin.py:190} INFO - [2025-01-04T20:42:11.917-0500] {dag.py:4180} INFO - Setting next_dagrun for example_sla_dag to 2025-01-05 01:40:00+00:00, run_after=2025-01-05 01:42:00+00:00
[2025-01-04T20:42:11.958-0500] {processor.py:208} INFO - Processing /Library/Frameworks/Python.framework/Versions/3.9/lib/python3.9/site-packages/airflow/example_dags/example_sla_dag.py took 0.346 seconds
[2025-01-04T20:43:56.639-0500] {processor.py:186} INFO - Started process (PID=2575) to work on /Library/Frameworks/Python.framework/Versions/3.9/lib/python3.9/site-packages/airflow/example_dags/example_sla_dag.py
[2025-01-04T20:43:56.641-0500] {processor.py:914} INFO - Processing file /Library/Frameworks/Python.framework/Versions/3.9/lib/python3.9/site-packages/airflow/example_dags/example_sla_dag.py for tasks to queue
[2025-01-04T20:43:56.641-0500] {logging_mixin.py:190} INFO - [2025-01-04T20:43:56.641-0500] {dagbag.py:588} INFO - Filling up the DagBag from /Library/Frameworks/Python.framework/Versions/3.9/lib/python3.9/site-packages/airflow/example_dags/example_sla_dag.py
[2025-01-04T20:43:56.657-0500] {processor.py:925} INFO - DAG(s) 'example_sla_dag' retrieved from /Library/Frameworks/Python.framework/Versions/3.9/lib/python3.9/site-packages/airflow/example_dags/example_sla_dag.py
[2025-01-04T20:43:56.699-0500] {logging_mixin.py:190} INFO - [2025-01-04T20:43:56.699-0500] {dag.py:3239} INFO - Sync 1 DAGs
[2025-01-04T20:43:56.707-0500] {logging_mixin.py:190} INFO - [2025-01-04T20:43:56.707-0500] {dag.py:4180} INFO - Setting next_dagrun for example_sla_dag to 2025-01-05 01:40:00+00:00, run_after=2025-01-05 01:42:00+00:00
[2025-01-04T20:43:56.717-0500] {processor.py:208} INFO - Processing /Library/Frameworks/Python.framework/Versions/3.9/lib/python3.9/site-packages/airflow/example_dags/example_sla_dag.py took 0.080 seconds
[2025-01-04T20:45:50.632-0500] {processor.py:186} INFO - Started process (PID=2921) to work on /Library/Frameworks/Python.framework/Versions/3.9/lib/python3.9/site-packages/airflow/example_dags/example_sla_dag.py
[2025-01-04T20:45:50.633-0500] {processor.py:914} INFO - Processing file /Library/Frameworks/Python.framework/Versions/3.9/lib/python3.9/site-packages/airflow/example_dags/example_sla_dag.py for tasks to queue
[2025-01-04T20:45:50.634-0500] {logging_mixin.py:190} INFO - [2025-01-04T20:45:50.634-0500] {dagbag.py:588} INFO - Filling up the DagBag from /Library/Frameworks/Python.framework/Versions/3.9/lib/python3.9/site-packages/airflow/example_dags/example_sla_dag.py
[2025-01-04T20:45:50.665-0500] {processor.py:925} INFO - DAG(s) 'example_sla_dag' retrieved from /Library/Frameworks/Python.framework/Versions/3.9/lib/python3.9/site-packages/airflow/example_dags/example_sla_dag.py
[2025-01-04T20:45:50.715-0500] {logging_mixin.py:190} INFO - [2025-01-04T20:45:50.715-0500] {dag.py:3239} INFO - Sync 1 DAGs
[2025-01-04T20:45:50.726-0500] {logging_mixin.py:190} INFO - [2025-01-04T20:45:50.726-0500] {dag.py:4180} INFO - Setting next_dagrun for example_sla_dag to 2025-01-05 01:42:00+00:00, run_after=2025-01-05 01:44:00+00:00
[2025-01-04T20:45:50.736-0500] {processor.py:208} INFO - Processing /Library/Frameworks/Python.framework/Versions/3.9/lib/python3.9/site-packages/airflow/example_dags/example_sla_dag.py took 0.108 seconds
[2025-01-04T20:47:44.749-0500] {processor.py:186} INFO - Started process (PID=3218) to work on /Library/Frameworks/Python.framework/Versions/3.9/lib/python3.9/site-packages/airflow/example_dags/example_sla_dag.py
[2025-01-04T20:47:44.750-0500] {processor.py:914} INFO - Processing file /Library/Frameworks/Python.framework/Versions/3.9/lib/python3.9/site-packages/airflow/example_dags/example_sla_dag.py for tasks to queue
[2025-01-04T20:47:44.751-0500] {logging_mixin.py:190} INFO - [2025-01-04T20:47:44.751-0500] {dagbag.py:588} INFO - Filling up the DagBag from /Library/Frameworks/Python.framework/Versions/3.9/lib/python3.9/site-packages/airflow/example_dags/example_sla_dag.py
[2025-01-04T20:47:44.775-0500] {processor.py:925} INFO - DAG(s) 'example_sla_dag' retrieved from /Library/Frameworks/Python.framework/Versions/3.9/lib/python3.9/site-packages/airflow/example_dags/example_sla_dag.py
[2025-01-04T20:47:44.823-0500] {logging_mixin.py:190} INFO - [2025-01-04T20:47:44.823-0500] {dag.py:3239} INFO - Sync 1 DAGs
[2025-01-04T20:47:44.840-0500] {logging_mixin.py:190} INFO - [2025-01-04T20:47:44.839-0500] {dag.py:4180} INFO - Setting next_dagrun for example_sla_dag to 2025-01-05 01:44:00+00:00, run_after=2025-01-05 01:46:00+00:00
[2025-01-04T20:47:44.854-0500] {processor.py:208} INFO - Processing /Library/Frameworks/Python.framework/Versions/3.9/lib/python3.9/site-packages/airflow/example_dags/example_sla_dag.py took 0.107 seconds
[2025-01-04T20:49:38.553-0500] {processor.py:186} INFO - Started process (PID=3639) to work on /Library/Frameworks/Python.framework/Versions/3.9/lib/python3.9/site-packages/airflow/example_dags/example_sla_dag.py
[2025-01-04T20:49:38.554-0500] {processor.py:914} INFO - Processing file /Library/Frameworks/Python.framework/Versions/3.9/lib/python3.9/site-packages/airflow/example_dags/example_sla_dag.py for tasks to queue
[2025-01-04T20:49:38.559-0500] {logging_mixin.py:190} INFO - [2025-01-04T20:49:38.559-0500] {dagbag.py:588} INFO - Filling up the DagBag from /Library/Frameworks/Python.framework/Versions/3.9/lib/python3.9/site-packages/airflow/example_dags/example_sla_dag.py
[2025-01-04T20:49:38.580-0500] {processor.py:925} INFO - DAG(s) 'example_sla_dag' retrieved from /Library/Frameworks/Python.framework/Versions/3.9/lib/python3.9/site-packages/airflow/example_dags/example_sla_dag.py
[2025-01-04T20:49:38.626-0500] {logging_mixin.py:190} INFO - [2025-01-04T20:49:38.625-0500] {dag.py:3239} INFO - Sync 1 DAGs
[2025-01-04T20:49:38.640-0500] {logging_mixin.py:190} INFO - [2025-01-04T20:49:38.639-0500] {dag.py:4180} INFO - Setting next_dagrun for example_sla_dag to 2025-01-05 01:46:00+00:00, run_after=2025-01-05 01:48:00+00:00
[2025-01-04T20:49:38.655-0500] {processor.py:208} INFO - Processing /Library/Frameworks/Python.framework/Versions/3.9/lib/python3.9/site-packages/airflow/example_dags/example_sla_dag.py took 0.105 seconds
