[2025-01-04T20:27:25.818-0500] {processor.py:186} INFO - Started process (PID=99478) to work on /Library/Frameworks/Python.framework/Versions/3.9/lib/python3.9/site-packages/airflow/example_dags/example_dag_decorator.py
[2025-01-04T20:27:25.818-0500] {processor.py:914} INFO - Processing file /Library/Frameworks/Python.framework/Versions/3.9/lib/python3.9/site-packages/airflow/example_dags/example_dag_decorator.py for tasks to queue
[2025-01-04T20:27:25.819-0500] {logging_mixin.py:190} INFO - [2025-01-04T20:27:25.819-0500] {dagbag.py:588} INFO - Filling up the DagBag from /Library/Frameworks/Python.framework/Versions/3.9/lib/python3.9/site-packages/airflow/example_dags/example_dag_decorator.py
[2025-01-04T20:27:25.925-0500] {processor.py:925} INFO - DAG(s) 'example_dag_decorator' retrieved from /Library/Frameworks/Python.framework/Versions/3.9/lib/python3.9/site-packages/airflow/example_dags/example_dag_decorator.py
[2025-01-04T20:27:26.011-0500] {logging_mixin.py:190} INFO - [2025-01-04T20:27:26.010-0500] {override.py:1911} INFO - Created Permission View: can delete on DAG:example_dag_decorator
[2025-01-04T20:27:26.015-0500] {logging_mixin.py:190} INFO - [2025-01-04T20:27:26.015-0500] {override.py:1911} INFO - Created Permission View: can edit on DAG:example_dag_decorator
[2025-01-04T20:27:26.018-0500] {logging_mixin.py:190} INFO - [2025-01-04T20:27:26.017-0500] {override.py:1911} INFO - Created Permission View: can read on DAG:example_dag_decorator
[2025-01-04T20:27:26.021-0500] {logging_mixin.py:190} INFO - [2025-01-04T20:27:26.021-0500] {override.py:1911} INFO - Created Permission View: can delete on DAG Run:example_dag_decorator
[2025-01-04T20:27:26.025-0500] {logging_mixin.py:190} INFO - [2025-01-04T20:27:26.025-0500] {override.py:1911} INFO - Created Permission View: can create on DAG Run:example_dag_decorator
[2025-01-04T20:27:26.028-0500] {logging_mixin.py:190} INFO - [2025-01-04T20:27:26.028-0500] {override.py:1911} INFO - Created Permission View: can read on DAG Run:example_dag_decorator
[2025-01-04T20:27:26.031-0500] {logging_mixin.py:190} INFO - [2025-01-04T20:27:26.031-0500] {override.py:1911} INFO - Created Permission View: menu access on DAG Run:example_dag_decorator
[2025-01-04T20:27:26.031-0500] {logging_mixin.py:190} INFO - [2025-01-04T20:27:26.031-0500] {dag.py:3239} INFO - Sync 1 DAGs
[2025-01-04T20:27:26.036-0500] {logging_mixin.py:190} INFO - [2025-01-04T20:27:26.036-0500] {dag.py:3262} INFO - Creating ORM DAG for example_dag_decorator
[2025-01-04T20:27:26.036-0500] {logging_mixin.py:190} INFO - [2025-01-04T20:27:26.036-0500] {dag.py:4180} INFO - Setting next_dagrun for example_dag_decorator to None, run_after=None
[2025-01-04T20:27:26.051-0500] {processor.py:208} INFO - Processing /Library/Frameworks/Python.framework/Versions/3.9/lib/python3.9/site-packages/airflow/example_dags/example_dag_decorator.py took 0.235 seconds
[2025-01-04T20:30:35.989-0500] {processor.py:186} INFO - Started process (PID=104) to work on /Library/Frameworks/Python.framework/Versions/3.9/lib/python3.9/site-packages/airflow/example_dags/example_dag_decorator.py
[2025-01-04T20:30:35.990-0500] {processor.py:914} INFO - Processing file /Library/Frameworks/Python.framework/Versions/3.9/lib/python3.9/site-packages/airflow/example_dags/example_dag_decorator.py for tasks to queue
[2025-01-04T20:30:35.991-0500] {logging_mixin.py:190} INFO - [2025-01-04T20:30:35.990-0500] {dagbag.py:588} INFO - Filling up the DagBag from /Library/Frameworks/Python.framework/Versions/3.9/lib/python3.9/site-packages/airflow/example_dags/example_dag_decorator.py
[2025-01-04T20:30:36.266-0500] {processor.py:925} INFO - DAG(s) 'example_dag_decorator' retrieved from /Library/Frameworks/Python.framework/Versions/3.9/lib/python3.9/site-packages/airflow/example_dags/example_dag_decorator.py
[2025-01-04T20:30:36.582-0500] {logging_mixin.py:190} INFO - [2025-01-04T20:30:36.581-0500] {dag.py:3239} INFO - Sync 1 DAGs
[2025-01-04T20:30:36.587-0500] {logging_mixin.py:190} INFO - [2025-01-04T20:30:36.587-0500] {dag.py:4180} INFO - Setting next_dagrun for example_dag_decorator to None, run_after=None
[2025-01-04T20:30:36.599-0500] {processor.py:208} INFO - Processing /Library/Frameworks/Python.framework/Versions/3.9/lib/python3.9/site-packages/airflow/example_dags/example_dag_decorator.py took 0.613 seconds
[2025-01-04T20:34:05.396-0500] {processor.py:186} INFO - Started process (PID=825) to work on /Library/Frameworks/Python.framework/Versions/3.9/lib/python3.9/site-packages/airflow/example_dags/example_dag_decorator.py
[2025-01-04T20:34:05.397-0500] {processor.py:914} INFO - Processing file /Library/Frameworks/Python.framework/Versions/3.9/lib/python3.9/site-packages/airflow/example_dags/example_dag_decorator.py for tasks to queue
[2025-01-04T20:34:05.398-0500] {logging_mixin.py:190} INFO - [2025-01-04T20:34:05.398-0500] {dagbag.py:588} INFO - Filling up the DagBag from /Library/Frameworks/Python.framework/Versions/3.9/lib/python3.9/site-packages/airflow/example_dags/example_dag_decorator.py
[2025-01-04T20:34:05.542-0500] {processor.py:925} INFO - DAG(s) 'example_dag_decorator' retrieved from /Library/Frameworks/Python.framework/Versions/3.9/lib/python3.9/site-packages/airflow/example_dags/example_dag_decorator.py
[2025-01-04T20:34:05.660-0500] {logging_mixin.py:190} INFO - [2025-01-04T20:34:05.660-0500] {dag.py:3239} INFO - Sync 1 DAGs
[2025-01-04T20:34:05.665-0500] {logging_mixin.py:190} INFO - [2025-01-04T20:34:05.664-0500] {dag.py:4180} INFO - Setting next_dagrun for example_dag_decorator to None, run_after=None
[2025-01-04T20:34:05.677-0500] {processor.py:208} INFO - Processing /Library/Frameworks/Python.framework/Versions/3.9/lib/python3.9/site-packages/airflow/example_dags/example_dag_decorator.py took 0.284 seconds
[2025-01-04T20:37:39.317-0500] {processor.py:186} INFO - Started process (PID=1558) to work on /Library/Frameworks/Python.framework/Versions/3.9/lib/python3.9/site-packages/airflow/example_dags/example_dag_decorator.py
[2025-01-04T20:37:39.318-0500] {processor.py:914} INFO - Processing file /Library/Frameworks/Python.framework/Versions/3.9/lib/python3.9/site-packages/airflow/example_dags/example_dag_decorator.py for tasks to queue
[2025-01-04T20:37:39.318-0500] {logging_mixin.py:190} INFO - [2025-01-04T20:37:39.318-0500] {dagbag.py:588} INFO - Filling up the DagBag from /Library/Frameworks/Python.framework/Versions/3.9/lib/python3.9/site-packages/airflow/example_dags/example_dag_decorator.py
[2025-01-04T20:37:39.417-0500] {processor.py:925} INFO - DAG(s) 'example_dag_decorator' retrieved from /Library/Frameworks/Python.framework/Versions/3.9/lib/python3.9/site-packages/airflow/example_dags/example_dag_decorator.py
[2025-01-04T20:37:39.499-0500] {logging_mixin.py:190} INFO - [2025-01-04T20:37:39.499-0500] {dag.py:3239} INFO - Sync 1 DAGs
[2025-01-04T20:37:39.504-0500] {logging_mixin.py:190} INFO - [2025-01-04T20:37:39.504-0500] {dag.py:4180} INFO - Setting next_dagrun for example_dag_decorator to None, run_after=None
[2025-01-04T20:37:39.522-0500] {processor.py:208} INFO - Processing /Library/Frameworks/Python.framework/Versions/3.9/lib/python3.9/site-packages/airflow/example_dags/example_dag_decorator.py took 0.207 seconds
[2025-01-04T20:41:05.232-0500] {processor.py:186} INFO - Started process (PID=2191) to work on /Library/Frameworks/Python.framework/Versions/3.9/lib/python3.9/site-packages/airflow/example_dags/example_dag_decorator.py
[2025-01-04T20:41:05.235-0500] {processor.py:914} INFO - Processing file /Library/Frameworks/Python.framework/Versions/3.9/lib/python3.9/site-packages/airflow/example_dags/example_dag_decorator.py for tasks to queue
[2025-01-04T20:41:05.238-0500] {logging_mixin.py:190} INFO - [2025-01-04T20:41:05.238-0500] {dagbag.py:588} INFO - Filling up the DagBag from /Library/Frameworks/Python.framework/Versions/3.9/lib/python3.9/site-packages/airflow/example_dags/example_dag_decorator.py
[2025-01-04T20:41:05.378-0500] {processor.py:925} INFO - DAG(s) 'example_dag_decorator' retrieved from /Library/Frameworks/Python.framework/Versions/3.9/lib/python3.9/site-packages/airflow/example_dags/example_dag_decorator.py
[2025-01-04T20:41:05.491-0500] {logging_mixin.py:190} INFO - [2025-01-04T20:41:05.491-0500] {dag.py:3239} INFO - Sync 1 DAGs
[2025-01-04T20:41:05.497-0500] {logging_mixin.py:190} INFO - [2025-01-04T20:41:05.496-0500] {dag.py:4180} INFO - Setting next_dagrun for example_dag_decorator to None, run_after=None
[2025-01-04T20:41:05.508-0500] {processor.py:208} INFO - Processing /Library/Frameworks/Python.framework/Versions/3.9/lib/python3.9/site-packages/airflow/example_dags/example_dag_decorator.py took 0.281 seconds
[2025-01-04T20:44:33.636-0500] {processor.py:186} INFO - Started process (PID=2693) to work on /Library/Frameworks/Python.framework/Versions/3.9/lib/python3.9/site-packages/airflow/example_dags/example_dag_decorator.py
[2025-01-04T20:44:33.638-0500] {processor.py:914} INFO - Processing file /Library/Frameworks/Python.framework/Versions/3.9/lib/python3.9/site-packages/airflow/example_dags/example_dag_decorator.py for tasks to queue
[2025-01-04T20:44:33.639-0500] {logging_mixin.py:190} INFO - [2025-01-04T20:44:33.639-0500] {dagbag.py:588} INFO - Filling up the DagBag from /Library/Frameworks/Python.framework/Versions/3.9/lib/python3.9/site-packages/airflow/example_dags/example_dag_decorator.py
[2025-01-04T20:44:33.771-0500] {processor.py:925} INFO - DAG(s) 'example_dag_decorator' retrieved from /Library/Frameworks/Python.framework/Versions/3.9/lib/python3.9/site-packages/airflow/example_dags/example_dag_decorator.py
[2025-01-04T20:44:33.912-0500] {logging_mixin.py:190} INFO - [2025-01-04T20:44:33.911-0500] {dag.py:3239} INFO - Sync 1 DAGs
[2025-01-04T20:44:33.917-0500] {logging_mixin.py:190} INFO - [2025-01-04T20:44:33.917-0500] {dag.py:4180} INFO - Setting next_dagrun for example_dag_decorator to None, run_after=None
[2025-01-04T20:44:33.934-0500] {processor.py:208} INFO - Processing /Library/Frameworks/Python.framework/Versions/3.9/lib/python3.9/site-packages/airflow/example_dags/example_dag_decorator.py took 0.302 seconds
[2025-01-04T20:48:19.339-0500] {processor.py:186} INFO - Started process (PID=3333) to work on /Library/Frameworks/Python.framework/Versions/3.9/lib/python3.9/site-packages/airflow/example_dags/example_dag_decorator.py
[2025-01-04T20:48:19.341-0500] {processor.py:914} INFO - Processing file /Library/Frameworks/Python.framework/Versions/3.9/lib/python3.9/site-packages/airflow/example_dags/example_dag_decorator.py for tasks to queue
[2025-01-04T20:48:19.341-0500] {logging_mixin.py:190} INFO - [2025-01-04T20:48:19.341-0500] {dagbag.py:588} INFO - Filling up the DagBag from /Library/Frameworks/Python.framework/Versions/3.9/lib/python3.9/site-packages/airflow/example_dags/example_dag_decorator.py
[2025-01-04T20:48:19.494-0500] {processor.py:925} INFO - DAG(s) 'example_dag_decorator' retrieved from /Library/Frameworks/Python.framework/Versions/3.9/lib/python3.9/site-packages/airflow/example_dags/example_dag_decorator.py
[2025-01-04T20:48:19.596-0500] {logging_mixin.py:190} INFO - [2025-01-04T20:48:19.596-0500] {dag.py:3239} INFO - Sync 1 DAGs
[2025-01-04T20:48:19.601-0500] {logging_mixin.py:190} INFO - [2025-01-04T20:48:19.601-0500] {dag.py:4180} INFO - Setting next_dagrun for example_dag_decorator to None, run_after=None
[2025-01-04T20:48:19.613-0500] {processor.py:208} INFO - Processing /Library/Frameworks/Python.framework/Versions/3.9/lib/python3.9/site-packages/airflow/example_dags/example_dag_decorator.py took 0.276 seconds
