[2025-01-04T20:26:39.208-0500] {processor.py:186} INFO - Started process (PID=99410) to work on /Library/Frameworks/Python.framework/Versions/3.9/lib/python3.9/site-packages/airflow/example_dags/example_python_operator.py
[2025-01-04T20:26:39.208-0500] {processor.py:914} INFO - Processing file /Library/Frameworks/Python.framework/Versions/3.9/lib/python3.9/site-packages/airflow/example_dags/example_python_operator.py for tasks to queue
[2025-01-04T20:26:39.209-0500] {logging_mixin.py:190} INFO - [2025-01-04T20:26:39.209-0500] {dagbag.py:588} INFO - Filling up the DagBag from /Library/Frameworks/Python.framework/Versions/3.9/lib/python3.9/site-packages/airflow/example_dags/example_python_operator.py
[2025-01-04T20:26:39.227-0500] {processor.py:925} INFO - DAG(s) 'example_python_operator' retrieved from /Library/Frameworks/Python.framework/Versions/3.9/lib/python3.9/site-packages/airflow/example_dags/example_python_operator.py
[2025-01-04T20:26:39.327-0500] {logging_mixin.py:190} INFO - [2025-01-04T20:26:39.327-0500] {override.py:1911} INFO - Created Permission View: can edit on DAG:example_python_operator
[2025-01-04T20:26:39.332-0500] {logging_mixin.py:190} INFO - [2025-01-04T20:26:39.332-0500] {override.py:1911} INFO - Created Permission View: can read on DAG:example_python_operator
[2025-01-04T20:26:39.335-0500] {logging_mixin.py:190} INFO - [2025-01-04T20:26:39.335-0500] {override.py:1911} INFO - Created Permission View: can delete on DAG:example_python_operator
[2025-01-04T20:26:39.339-0500] {logging_mixin.py:190} INFO - [2025-01-04T20:26:39.339-0500] {override.py:1911} INFO - Created Permission View: can create on DAG Run:example_python_operator
[2025-01-04T20:26:39.342-0500] {logging_mixin.py:190} INFO - [2025-01-04T20:26:39.342-0500] {override.py:1911} INFO - Created Permission View: can read on DAG Run:example_python_operator
[2025-01-04T20:26:39.345-0500] {logging_mixin.py:190} INFO - [2025-01-04T20:26:39.345-0500] {override.py:1911} INFO - Created Permission View: menu access on DAG Run:example_python_operator
[2025-01-04T20:26:39.348-0500] {logging_mixin.py:190} INFO - [2025-01-04T20:26:39.348-0500] {override.py:1911} INFO - Created Permission View: can delete on DAG Run:example_python_operator
[2025-01-04T20:26:39.348-0500] {logging_mixin.py:190} INFO - [2025-01-04T20:26:39.348-0500] {dag.py:3239} INFO - Sync 1 DAGs
[2025-01-04T20:26:39.356-0500] {logging_mixin.py:190} INFO - [2025-01-04T20:26:39.356-0500] {dag.py:3262} INFO - Creating ORM DAG for example_python_operator
[2025-01-04T20:26:39.357-0500] {logging_mixin.py:190} INFO - [2025-01-04T20:26:39.357-0500] {dag.py:4180} INFO - Setting next_dagrun for example_python_operator to None, run_after=None
[2025-01-04T20:26:39.369-0500] {processor.py:208} INFO - Processing /Library/Frameworks/Python.framework/Versions/3.9/lib/python3.9/site-packages/airflow/example_dags/example_python_operator.py took 0.163 seconds
[2025-01-04T20:28:47.610-0500] {processor.py:186} INFO - Started process (PID=99715) to work on /Library/Frameworks/Python.framework/Versions/3.9/lib/python3.9/site-packages/airflow/example_dags/example_python_operator.py
[2025-01-04T20:28:47.611-0500] {processor.py:914} INFO - Processing file /Library/Frameworks/Python.framework/Versions/3.9/lib/python3.9/site-packages/airflow/example_dags/example_python_operator.py for tasks to queue
[2025-01-04T20:28:47.611-0500] {logging_mixin.py:190} INFO - [2025-01-04T20:28:47.611-0500] {dagbag.py:588} INFO - Filling up the DagBag from /Library/Frameworks/Python.framework/Versions/3.9/lib/python3.9/site-packages/airflow/example_dags/example_python_operator.py
[2025-01-04T20:28:47.625-0500] {processor.py:925} INFO - DAG(s) 'example_python_operator' retrieved from /Library/Frameworks/Python.framework/Versions/3.9/lib/python3.9/site-packages/airflow/example_dags/example_python_operator.py
[2025-01-04T20:28:47.725-0500] {logging_mixin.py:190} INFO - [2025-01-04T20:28:47.724-0500] {dag.py:3239} INFO - Sync 1 DAGs
[2025-01-04T20:28:47.729-0500] {logging_mixin.py:190} INFO - [2025-01-04T20:28:47.729-0500] {dag.py:4180} INFO - Setting next_dagrun for example_python_operator to None, run_after=None
[2025-01-04T20:28:47.737-0500] {processor.py:208} INFO - Processing /Library/Frameworks/Python.framework/Versions/3.9/lib/python3.9/site-packages/airflow/example_dags/example_python_operator.py took 0.128 seconds
[2025-01-04T20:30:26.148-0500] {processor.py:186} INFO - Started process (PID=99962) to work on /Library/Frameworks/Python.framework/Versions/3.9/lib/python3.9/site-packages/airflow/example_dags/example_python_operator.py
[2025-01-04T20:30:26.149-0500] {processor.py:914} INFO - Processing file /Library/Frameworks/Python.framework/Versions/3.9/lib/python3.9/site-packages/airflow/example_dags/example_python_operator.py for tasks to queue
[2025-01-04T20:30:26.150-0500] {logging_mixin.py:190} INFO - [2025-01-04T20:30:26.149-0500] {dagbag.py:588} INFO - Filling up the DagBag from /Library/Frameworks/Python.framework/Versions/3.9/lib/python3.9/site-packages/airflow/example_dags/example_python_operator.py
[2025-01-04T20:30:26.163-0500] {processor.py:925} INFO - DAG(s) 'example_python_operator' retrieved from /Library/Frameworks/Python.framework/Versions/3.9/lib/python3.9/site-packages/airflow/example_dags/example_python_operator.py
[2025-01-04T20:30:26.274-0500] {logging_mixin.py:190} INFO - [2025-01-04T20:30:26.274-0500] {dag.py:3239} INFO - Sync 1 DAGs
[2025-01-04T20:30:26.279-0500] {logging_mixin.py:190} INFO - [2025-01-04T20:30:26.279-0500] {dag.py:4180} INFO - Setting next_dagrun for example_python_operator to None, run_after=None
[2025-01-04T20:30:26.288-0500] {processor.py:208} INFO - Processing /Library/Frameworks/Python.framework/Versions/3.9/lib/python3.9/site-packages/airflow/example_dags/example_python_operator.py took 0.142 seconds
[2025-01-04T20:32:07.469-0500] {processor.py:186} INFO - Started process (PID=428) to work on /Library/Frameworks/Python.framework/Versions/3.9/lib/python3.9/site-packages/airflow/example_dags/example_python_operator.py
[2025-01-04T20:32:07.470-0500] {processor.py:914} INFO - Processing file /Library/Frameworks/Python.framework/Versions/3.9/lib/python3.9/site-packages/airflow/example_dags/example_python_operator.py for tasks to queue
[2025-01-04T20:32:07.470-0500] {logging_mixin.py:190} INFO - [2025-01-04T20:32:07.470-0500] {dagbag.py:588} INFO - Filling up the DagBag from /Library/Frameworks/Python.framework/Versions/3.9/lib/python3.9/site-packages/airflow/example_dags/example_python_operator.py
[2025-01-04T20:32:07.484-0500] {processor.py:925} INFO - DAG(s) 'example_python_operator' retrieved from /Library/Frameworks/Python.framework/Versions/3.9/lib/python3.9/site-packages/airflow/example_dags/example_python_operator.py
[2025-01-04T20:32:07.586-0500] {logging_mixin.py:190} INFO - [2025-01-04T20:32:07.586-0500] {dag.py:3239} INFO - Sync 1 DAGs
[2025-01-04T20:32:07.590-0500] {logging_mixin.py:190} INFO - [2025-01-04T20:32:07.590-0500] {dag.py:4180} INFO - Setting next_dagrun for example_python_operator to None, run_after=None
[2025-01-04T20:32:07.599-0500] {processor.py:208} INFO - Processing /Library/Frameworks/Python.framework/Versions/3.9/lib/python3.9/site-packages/airflow/example_dags/example_python_operator.py took 0.133 seconds
[2025-01-04T20:33:48.978-0500] {processor.py:186} INFO - Started process (PID=784) to work on /Library/Frameworks/Python.framework/Versions/3.9/lib/python3.9/site-packages/airflow/example_dags/example_python_operator.py
[2025-01-04T20:33:48.979-0500] {processor.py:914} INFO - Processing file /Library/Frameworks/Python.framework/Versions/3.9/lib/python3.9/site-packages/airflow/example_dags/example_python_operator.py for tasks to queue
[2025-01-04T20:33:48.980-0500] {logging_mixin.py:190} INFO - [2025-01-04T20:33:48.980-0500] {dagbag.py:588} INFO - Filling up the DagBag from /Library/Frameworks/Python.framework/Versions/3.9/lib/python3.9/site-packages/airflow/example_dags/example_python_operator.py
[2025-01-04T20:33:49.022-0500] {processor.py:925} INFO - DAG(s) 'example_python_operator' retrieved from /Library/Frameworks/Python.framework/Versions/3.9/lib/python3.9/site-packages/airflow/example_dags/example_python_operator.py
[2025-01-04T20:33:49.214-0500] {logging_mixin.py:190} INFO - [2025-01-04T20:33:49.213-0500] {dag.py:3239} INFO - Sync 1 DAGs
[2025-01-04T20:33:49.226-0500] {logging_mixin.py:190} INFO - [2025-01-04T20:33:49.225-0500] {dag.py:4180} INFO - Setting next_dagrun for example_python_operator to None, run_after=None
[2025-01-04T20:33:49.262-0500] {processor.py:208} INFO - Processing /Library/Frameworks/Python.framework/Versions/3.9/lib/python3.9/site-packages/airflow/example_dags/example_python_operator.py took 0.287 seconds
[2025-01-04T20:35:40.668-0500] {processor.py:186} INFO - Started process (PID=1158) to work on /Library/Frameworks/Python.framework/Versions/3.9/lib/python3.9/site-packages/airflow/example_dags/example_python_operator.py
[2025-01-04T20:35:40.677-0500] {processor.py:914} INFO - Processing file /Library/Frameworks/Python.framework/Versions/3.9/lib/python3.9/site-packages/airflow/example_dags/example_python_operator.py for tasks to queue
[2025-01-04T20:35:40.678-0500] {logging_mixin.py:190} INFO - [2025-01-04T20:35:40.678-0500] {dagbag.py:588} INFO - Filling up the DagBag from /Library/Frameworks/Python.framework/Versions/3.9/lib/python3.9/site-packages/airflow/example_dags/example_python_operator.py
[2025-01-04T20:35:40.695-0500] {processor.py:925} INFO - DAG(s) 'example_python_operator' retrieved from /Library/Frameworks/Python.framework/Versions/3.9/lib/python3.9/site-packages/airflow/example_dags/example_python_operator.py
[2025-01-04T20:35:40.807-0500] {logging_mixin.py:190} INFO - [2025-01-04T20:35:40.807-0500] {dag.py:3239} INFO - Sync 1 DAGs
[2025-01-04T20:35:40.825-0500] {logging_mixin.py:190} INFO - [2025-01-04T20:35:40.824-0500] {dag.py:4180} INFO - Setting next_dagrun for example_python_operator to None, run_after=None
[2025-01-04T20:35:40.858-0500] {processor.py:208} INFO - Processing /Library/Frameworks/Python.framework/Versions/3.9/lib/python3.9/site-packages/airflow/example_dags/example_python_operator.py took 0.193 seconds
[2025-01-04T20:37:28.476-0500] {processor.py:186} INFO - Started process (PID=1499) to work on /Library/Frameworks/Python.framework/Versions/3.9/lib/python3.9/site-packages/airflow/example_dags/example_python_operator.py
[2025-01-04T20:37:28.478-0500] {processor.py:914} INFO - Processing file /Library/Frameworks/Python.framework/Versions/3.9/lib/python3.9/site-packages/airflow/example_dags/example_python_operator.py for tasks to queue
[2025-01-04T20:37:28.479-0500] {logging_mixin.py:190} INFO - [2025-01-04T20:37:28.479-0500] {dagbag.py:588} INFO - Filling up the DagBag from /Library/Frameworks/Python.framework/Versions/3.9/lib/python3.9/site-packages/airflow/example_dags/example_python_operator.py
[2025-01-04T20:37:28.503-0500] {processor.py:925} INFO - DAG(s) 'example_python_operator' retrieved from /Library/Frameworks/Python.framework/Versions/3.9/lib/python3.9/site-packages/airflow/example_dags/example_python_operator.py
[2025-01-04T20:37:28.649-0500] {logging_mixin.py:190} INFO - [2025-01-04T20:37:28.649-0500] {dag.py:3239} INFO - Sync 1 DAGs
[2025-01-04T20:37:28.655-0500] {logging_mixin.py:190} INFO - [2025-01-04T20:37:28.655-0500] {dag.py:4180} INFO - Setting next_dagrun for example_python_operator to None, run_after=None
[2025-01-04T20:37:28.671-0500] {processor.py:208} INFO - Processing /Library/Frameworks/Python.framework/Versions/3.9/lib/python3.9/site-packages/airflow/example_dags/example_python_operator.py took 0.197 seconds
[2025-01-04T20:40:51.303-0500] {processor.py:186} INFO - Started process (PID=2149) to work on /Library/Frameworks/Python.framework/Versions/3.9/lib/python3.9/site-packages/airflow/example_dags/example_python_operator.py
[2025-01-04T20:40:51.305-0500] {processor.py:914} INFO - Processing file /Library/Frameworks/Python.framework/Versions/3.9/lib/python3.9/site-packages/airflow/example_dags/example_python_operator.py for tasks to queue
[2025-01-04T20:40:51.305-0500] {logging_mixin.py:190} INFO - [2025-01-04T20:40:51.305-0500] {dagbag.py:588} INFO - Filling up the DagBag from /Library/Frameworks/Python.framework/Versions/3.9/lib/python3.9/site-packages/airflow/example_dags/example_python_operator.py
[2025-01-04T20:40:51.319-0500] {processor.py:925} INFO - DAG(s) 'example_python_operator' retrieved from /Library/Frameworks/Python.framework/Versions/3.9/lib/python3.9/site-packages/airflow/example_dags/example_python_operator.py
[2025-01-04T20:40:51.427-0500] {logging_mixin.py:190} INFO - [2025-01-04T20:40:51.426-0500] {dag.py:3239} INFO - Sync 1 DAGs
[2025-01-04T20:40:51.431-0500] {logging_mixin.py:190} INFO - [2025-01-04T20:40:51.431-0500] {dag.py:4180} INFO - Setting next_dagrun for example_python_operator to None, run_after=None
[2025-01-04T20:40:51.441-0500] {processor.py:208} INFO - Processing /Library/Frameworks/Python.framework/Versions/3.9/lib/python3.9/site-packages/airflow/example_dags/example_python_operator.py took 0.140 seconds
[2025-01-04T20:42:30.569-0500] {processor.py:186} INFO - Started process (PID=2344) to work on /Library/Frameworks/Python.framework/Versions/3.9/lib/python3.9/site-packages/airflow/example_dags/example_python_operator.py
[2025-01-04T20:42:30.571-0500] {processor.py:914} INFO - Processing file /Library/Frameworks/Python.framework/Versions/3.9/lib/python3.9/site-packages/airflow/example_dags/example_python_operator.py for tasks to queue
[2025-01-04T20:42:30.571-0500] {logging_mixin.py:190} INFO - [2025-01-04T20:42:30.571-0500] {dagbag.py:588} INFO - Filling up the DagBag from /Library/Frameworks/Python.framework/Versions/3.9/lib/python3.9/site-packages/airflow/example_dags/example_python_operator.py
[2025-01-04T20:42:30.587-0500] {processor.py:925} INFO - DAG(s) 'example_python_operator' retrieved from /Library/Frameworks/Python.framework/Versions/3.9/lib/python3.9/site-packages/airflow/example_dags/example_python_operator.py
[2025-01-04T20:42:30.692-0500] {logging_mixin.py:190} INFO - [2025-01-04T20:42:30.691-0500] {dag.py:3239} INFO - Sync 1 DAGs
[2025-01-04T20:42:30.698-0500] {logging_mixin.py:190} INFO - [2025-01-04T20:42:30.698-0500] {dag.py:4180} INFO - Setting next_dagrun for example_python_operator to None, run_after=None
[2025-01-04T20:42:30.733-0500] {processor.py:208} INFO - Processing /Library/Frameworks/Python.framework/Versions/3.9/lib/python3.9/site-packages/airflow/example_dags/example_python_operator.py took 0.167 seconds
[2025-01-04T20:44:16.585-0500] {processor.py:186} INFO - Started process (PID=2638) to work on /Library/Frameworks/Python.framework/Versions/3.9/lib/python3.9/site-packages/airflow/example_dags/example_python_operator.py
[2025-01-04T20:44:16.595-0500] {processor.py:914} INFO - Processing file /Library/Frameworks/Python.framework/Versions/3.9/lib/python3.9/site-packages/airflow/example_dags/example_python_operator.py for tasks to queue
[2025-01-04T20:44:16.596-0500] {logging_mixin.py:190} INFO - [2025-01-04T20:44:16.596-0500] {dagbag.py:588} INFO - Filling up the DagBag from /Library/Frameworks/Python.framework/Versions/3.9/lib/python3.9/site-packages/airflow/example_dags/example_python_operator.py
[2025-01-04T20:44:16.622-0500] {processor.py:925} INFO - DAG(s) 'example_python_operator' retrieved from /Library/Frameworks/Python.framework/Versions/3.9/lib/python3.9/site-packages/airflow/example_dags/example_python_operator.py
[2025-01-04T20:44:16.764-0500] {logging_mixin.py:190} INFO - [2025-01-04T20:44:16.763-0500] {dag.py:3239} INFO - Sync 1 DAGs
[2025-01-04T20:44:16.771-0500] {logging_mixin.py:190} INFO - [2025-01-04T20:44:16.771-0500] {dag.py:4180} INFO - Setting next_dagrun for example_python_operator to None, run_after=None
[2025-01-04T20:44:16.796-0500] {processor.py:208} INFO - Processing /Library/Frameworks/Python.framework/Versions/3.9/lib/python3.9/site-packages/airflow/example_dags/example_python_operator.py took 0.215 seconds
[2025-01-04T20:46:11.704-0500] {processor.py:186} INFO - Started process (PID=2992) to work on /Library/Frameworks/Python.framework/Versions/3.9/lib/python3.9/site-packages/airflow/example_dags/example_python_operator.py
[2025-01-04T20:46:11.706-0500] {processor.py:914} INFO - Processing file /Library/Frameworks/Python.framework/Versions/3.9/lib/python3.9/site-packages/airflow/example_dags/example_python_operator.py for tasks to queue
[2025-01-04T20:46:11.707-0500] {logging_mixin.py:190} INFO - [2025-01-04T20:46:11.707-0500] {dagbag.py:588} INFO - Filling up the DagBag from /Library/Frameworks/Python.framework/Versions/3.9/lib/python3.9/site-packages/airflow/example_dags/example_python_operator.py
[2025-01-04T20:46:11.731-0500] {processor.py:925} INFO - DAG(s) 'example_python_operator' retrieved from /Library/Frameworks/Python.framework/Versions/3.9/lib/python3.9/site-packages/airflow/example_dags/example_python_operator.py
[2025-01-04T20:46:11.834-0500] {logging_mixin.py:190} INFO - [2025-01-04T20:46:11.833-0500] {dag.py:3239} INFO - Sync 1 DAGs
[2025-01-04T20:46:11.838-0500] {logging_mixin.py:190} INFO - [2025-01-04T20:46:11.838-0500] {dag.py:4180} INFO - Setting next_dagrun for example_python_operator to None, run_after=None
[2025-01-04T20:46:11.857-0500] {processor.py:208} INFO - Processing /Library/Frameworks/Python.framework/Versions/3.9/lib/python3.9/site-packages/airflow/example_dags/example_python_operator.py took 0.155 seconds
[2025-01-04T20:48:05.799-0500] {processor.py:186} INFO - Started process (PID=3267) to work on /Library/Frameworks/Python.framework/Versions/3.9/lib/python3.9/site-packages/airflow/example_dags/example_python_operator.py
[2025-01-04T20:48:05.801-0500] {processor.py:914} INFO - Processing file /Library/Frameworks/Python.framework/Versions/3.9/lib/python3.9/site-packages/airflow/example_dags/example_python_operator.py for tasks to queue
[2025-01-04T20:48:05.802-0500] {logging_mixin.py:190} INFO - [2025-01-04T20:48:05.802-0500] {dagbag.py:588} INFO - Filling up the DagBag from /Library/Frameworks/Python.framework/Versions/3.9/lib/python3.9/site-packages/airflow/example_dags/example_python_operator.py
[2025-01-04T20:48:05.829-0500] {processor.py:925} INFO - DAG(s) 'example_python_operator' retrieved from /Library/Frameworks/Python.framework/Versions/3.9/lib/python3.9/site-packages/airflow/example_dags/example_python_operator.py
[2025-01-04T20:48:05.935-0500] {logging_mixin.py:190} INFO - [2025-01-04T20:48:05.935-0500] {dag.py:3239} INFO - Sync 1 DAGs
[2025-01-04T20:48:05.939-0500] {logging_mixin.py:190} INFO - [2025-01-04T20:48:05.939-0500] {dag.py:4180} INFO - Setting next_dagrun for example_python_operator to None, run_after=None
[2025-01-04T20:48:05.948-0500] {processor.py:208} INFO - Processing /Library/Frameworks/Python.framework/Versions/3.9/lib/python3.9/site-packages/airflow/example_dags/example_python_operator.py took 0.151 seconds
[2025-01-04T20:49:57.435-0500] {processor.py:186} INFO - Started process (PID=3719) to work on /Library/Frameworks/Python.framework/Versions/3.9/lib/python3.9/site-packages/airflow/example_dags/example_python_operator.py
[2025-01-04T20:49:57.436-0500] {processor.py:914} INFO - Processing file /Library/Frameworks/Python.framework/Versions/3.9/lib/python3.9/site-packages/airflow/example_dags/example_python_operator.py for tasks to queue
[2025-01-04T20:49:57.436-0500] {logging_mixin.py:190} INFO - [2025-01-04T20:49:57.436-0500] {dagbag.py:588} INFO - Filling up the DagBag from /Library/Frameworks/Python.framework/Versions/3.9/lib/python3.9/site-packages/airflow/example_dags/example_python_operator.py
[2025-01-04T20:49:57.451-0500] {processor.py:925} INFO - DAG(s) 'example_python_operator' retrieved from /Library/Frameworks/Python.framework/Versions/3.9/lib/python3.9/site-packages/airflow/example_dags/example_python_operator.py
[2025-01-04T20:49:57.543-0500] {logging_mixin.py:190} INFO - [2025-01-04T20:49:57.543-0500] {dag.py:3239} INFO - Sync 1 DAGs
[2025-01-04T20:49:57.548-0500] {logging_mixin.py:190} INFO - [2025-01-04T20:49:57.548-0500] {dag.py:4180} INFO - Setting next_dagrun for example_python_operator to None, run_after=None
[2025-01-04T20:49:57.559-0500] {processor.py:208} INFO - Processing /Library/Frameworks/Python.framework/Versions/3.9/lib/python3.9/site-packages/airflow/example_dags/example_python_operator.py took 0.126 seconds
