[2025-01-04T20:26:49.247-0500] {processor.py:186} INFO - Started process (PID=99432) to work on /Library/Frameworks/Python.framework/Versions/3.9/lib/python3.9/site-packages/airflow/example_dags/example_params_trigger_ui.py
[2025-01-04T20:26:49.248-0500] {processor.py:914} INFO - Processing file /Library/Frameworks/Python.framework/Versions/3.9/lib/python3.9/site-packages/airflow/example_dags/example_params_trigger_ui.py for tasks to queue
[2025-01-04T20:26:49.249-0500] {logging_mixin.py:190} INFO - [2025-01-04T20:26:49.249-0500] {dagbag.py:588} INFO - Filling up the DagBag from /Library/Frameworks/Python.framework/Versions/3.9/lib/python3.9/site-packages/airflow/example_dags/example_params_trigger_ui.py
[2025-01-04T20:26:49.270-0500] {processor.py:925} INFO - DAG(s) 'example_params_trigger_ui' retrieved from /Library/Frameworks/Python.framework/Versions/3.9/lib/python3.9/site-packages/airflow/example_dags/example_params_trigger_ui.py
[2025-01-04T20:26:49.382-0500] {logging_mixin.py:190} INFO - [2025-01-04T20:26:49.381-0500] {override.py:1911} INFO - Created Permission View: can read on DAG:example_params_trigger_ui
[2025-01-04T20:26:49.386-0500] {logging_mixin.py:190} INFO - [2025-01-04T20:26:49.385-0500] {override.py:1911} INFO - Created Permission View: can delete on DAG:example_params_trigger_ui
[2025-01-04T20:26:49.389-0500] {logging_mixin.py:190} INFO - [2025-01-04T20:26:49.389-0500] {override.py:1911} INFO - Created Permission View: can edit on DAG:example_params_trigger_ui
[2025-01-04T20:26:49.392-0500] {logging_mixin.py:190} INFO - [2025-01-04T20:26:49.392-0500] {override.py:1911} INFO - Created Permission View: menu access on DAG Run:example_params_trigger_ui
[2025-01-04T20:26:49.394-0500] {logging_mixin.py:190} INFO - [2025-01-04T20:26:49.394-0500] {override.py:1911} INFO - Created Permission View: can read on DAG Run:example_params_trigger_ui
[2025-01-04T20:26:49.397-0500] {logging_mixin.py:190} INFO - [2025-01-04T20:26:49.397-0500] {override.py:1911} INFO - Created Permission View: can delete on DAG Run:example_params_trigger_ui
[2025-01-04T20:26:49.399-0500] {logging_mixin.py:190} INFO - [2025-01-04T20:26:49.399-0500] {override.py:1911} INFO - Created Permission View: can create on DAG Run:example_params_trigger_ui
[2025-01-04T20:26:49.399-0500] {logging_mixin.py:190} INFO - [2025-01-04T20:26:49.399-0500] {dag.py:3239} INFO - Sync 1 DAGs
[2025-01-04T20:26:49.404-0500] {logging_mixin.py:190} INFO - [2025-01-04T20:26:49.404-0500] {dag.py:3262} INFO - Creating ORM DAG for example_params_trigger_ui
[2025-01-04T20:26:49.405-0500] {logging_mixin.py:190} INFO - [2025-01-04T20:26:49.405-0500] {dag.py:4180} INFO - Setting next_dagrun for example_params_trigger_ui to None, run_after=None
[2025-01-04T20:26:49.412-0500] {processor.py:208} INFO - Processing /Library/Frameworks/Python.framework/Versions/3.9/lib/python3.9/site-packages/airflow/example_dags/example_params_trigger_ui.py took 0.172 seconds
[2025-01-04T20:28:55.409-0500] {processor.py:186} INFO - Started process (PID=99737) to work on /Library/Frameworks/Python.framework/Versions/3.9/lib/python3.9/site-packages/airflow/example_dags/example_params_trigger_ui.py
[2025-01-04T20:28:55.413-0500] {processor.py:914} INFO - Processing file /Library/Frameworks/Python.framework/Versions/3.9/lib/python3.9/site-packages/airflow/example_dags/example_params_trigger_ui.py for tasks to queue
[2025-01-04T20:28:55.413-0500] {logging_mixin.py:190} INFO - [2025-01-04T20:28:55.413-0500] {dagbag.py:588} INFO - Filling up the DagBag from /Library/Frameworks/Python.framework/Versions/3.9/lib/python3.9/site-packages/airflow/example_dags/example_params_trigger_ui.py
[2025-01-04T20:28:55.432-0500] {processor.py:925} INFO - DAG(s) 'example_params_trigger_ui' retrieved from /Library/Frameworks/Python.framework/Versions/3.9/lib/python3.9/site-packages/airflow/example_dags/example_params_trigger_ui.py
[2025-01-04T20:28:55.492-0500] {logging_mixin.py:190} INFO - [2025-01-04T20:28:55.492-0500] {dag.py:3239} INFO - Sync 1 DAGs
[2025-01-04T20:28:55.497-0500] {logging_mixin.py:190} INFO - [2025-01-04T20:28:55.497-0500] {dag.py:4180} INFO - Setting next_dagrun for example_params_trigger_ui to None, run_after=None
[2025-01-04T20:28:55.506-0500] {processor.py:208} INFO - Processing /Library/Frameworks/Python.framework/Versions/3.9/lib/python3.9/site-packages/airflow/example_dags/example_params_trigger_ui.py took 0.110 seconds
[2025-01-04T20:32:16.939-0500] {processor.py:186} INFO - Started process (PID=459) to work on /Library/Frameworks/Python.framework/Versions/3.9/lib/python3.9/site-packages/airflow/example_dags/example_params_trigger_ui.py
[2025-01-04T20:32:16.941-0500] {processor.py:914} INFO - Processing file /Library/Frameworks/Python.framework/Versions/3.9/lib/python3.9/site-packages/airflow/example_dags/example_params_trigger_ui.py for tasks to queue
[2025-01-04T20:32:16.941-0500] {logging_mixin.py:190} INFO - [2025-01-04T20:32:16.941-0500] {dagbag.py:588} INFO - Filling up the DagBag from /Library/Frameworks/Python.framework/Versions/3.9/lib/python3.9/site-packages/airflow/example_dags/example_params_trigger_ui.py
[2025-01-04T20:32:16.980-0500] {processor.py:925} INFO - DAG(s) 'example_params_trigger_ui' retrieved from /Library/Frameworks/Python.framework/Versions/3.9/lib/python3.9/site-packages/airflow/example_dags/example_params_trigger_ui.py
[2025-01-04T20:32:17.093-0500] {logging_mixin.py:190} INFO - [2025-01-04T20:32:17.092-0500] {dag.py:3239} INFO - Sync 1 DAGs
[2025-01-04T20:32:17.104-0500] {logging_mixin.py:190} INFO - [2025-01-04T20:32:17.104-0500] {dag.py:4180} INFO - Setting next_dagrun for example_params_trigger_ui to None, run_after=None
[2025-01-04T20:32:17.142-0500] {processor.py:208} INFO - Processing /Library/Frameworks/Python.framework/Versions/3.9/lib/python3.9/site-packages/airflow/example_dags/example_params_trigger_ui.py took 0.205 seconds
[2025-01-04T20:35:53.074-0500] {processor.py:186} INFO - Started process (PID=1204) to work on /Library/Frameworks/Python.framework/Versions/3.9/lib/python3.9/site-packages/airflow/example_dags/example_params_trigger_ui.py
[2025-01-04T20:35:53.077-0500] {processor.py:914} INFO - Processing file /Library/Frameworks/Python.framework/Versions/3.9/lib/python3.9/site-packages/airflow/example_dags/example_params_trigger_ui.py for tasks to queue
[2025-01-04T20:35:53.079-0500] {logging_mixin.py:190} INFO - [2025-01-04T20:35:53.078-0500] {dagbag.py:588} INFO - Filling up the DagBag from /Library/Frameworks/Python.framework/Versions/3.9/lib/python3.9/site-packages/airflow/example_dags/example_params_trigger_ui.py
[2025-01-04T20:35:53.113-0500] {processor.py:925} INFO - DAG(s) 'example_params_trigger_ui' retrieved from /Library/Frameworks/Python.framework/Versions/3.9/lib/python3.9/site-packages/airflow/example_dags/example_params_trigger_ui.py
[2025-01-04T20:35:53.187-0500] {logging_mixin.py:190} INFO - [2025-01-04T20:35:53.187-0500] {dag.py:3239} INFO - Sync 1 DAGs
[2025-01-04T20:35:53.192-0500] {logging_mixin.py:190} INFO - [2025-01-04T20:35:53.192-0500] {dag.py:4180} INFO - Setting next_dagrun for example_params_trigger_ui to None, run_after=None
[2025-01-04T20:35:53.204-0500] {processor.py:208} INFO - Processing /Library/Frameworks/Python.framework/Versions/3.9/lib/python3.9/site-packages/airflow/example_dags/example_params_trigger_ui.py took 0.142 seconds
[2025-01-04T20:39:16.470-0500] {processor.py:186} INFO - Started process (PID=1860) to work on /Library/Frameworks/Python.framework/Versions/3.9/lib/python3.9/site-packages/airflow/example_dags/example_params_trigger_ui.py
[2025-01-04T20:39:16.471-0500] {processor.py:914} INFO - Processing file /Library/Frameworks/Python.framework/Versions/3.9/lib/python3.9/site-packages/airflow/example_dags/example_params_trigger_ui.py for tasks to queue
[2025-01-04T20:39:16.472-0500] {logging_mixin.py:190} INFO - [2025-01-04T20:39:16.472-0500] {dagbag.py:588} INFO - Filling up the DagBag from /Library/Frameworks/Python.framework/Versions/3.9/lib/python3.9/site-packages/airflow/example_dags/example_params_trigger_ui.py
[2025-01-04T20:39:16.495-0500] {processor.py:925} INFO - DAG(s) 'example_params_trigger_ui' retrieved from /Library/Frameworks/Python.framework/Versions/3.9/lib/python3.9/site-packages/airflow/example_dags/example_params_trigger_ui.py
[2025-01-04T20:39:16.561-0500] {logging_mixin.py:190} INFO - [2025-01-04T20:39:16.561-0500] {dag.py:3239} INFO - Sync 1 DAGs
[2025-01-04T20:39:16.566-0500] {logging_mixin.py:190} INFO - [2025-01-04T20:39:16.566-0500] {dag.py:4180} INFO - Setting next_dagrun for example_params_trigger_ui to None, run_after=None
[2025-01-04T20:39:16.576-0500] {processor.py:208} INFO - Processing /Library/Frameworks/Python.framework/Versions/3.9/lib/python3.9/site-packages/airflow/example_dags/example_params_trigger_ui.py took 0.109 seconds
[2025-01-04T20:42:40.223-0500] {processor.py:186} INFO - Started process (PID=2365) to work on /Library/Frameworks/Python.framework/Versions/3.9/lib/python3.9/site-packages/airflow/example_dags/example_params_trigger_ui.py
[2025-01-04T20:42:40.225-0500] {processor.py:914} INFO - Processing file /Library/Frameworks/Python.framework/Versions/3.9/lib/python3.9/site-packages/airflow/example_dags/example_params_trigger_ui.py for tasks to queue
[2025-01-04T20:42:40.226-0500] {logging_mixin.py:190} INFO - [2025-01-04T20:42:40.226-0500] {dagbag.py:588} INFO - Filling up the DagBag from /Library/Frameworks/Python.framework/Versions/3.9/lib/python3.9/site-packages/airflow/example_dags/example_params_trigger_ui.py
[2025-01-04T20:42:40.249-0500] {processor.py:925} INFO - DAG(s) 'example_params_trigger_ui' retrieved from /Library/Frameworks/Python.framework/Versions/3.9/lib/python3.9/site-packages/airflow/example_dags/example_params_trigger_ui.py
[2025-01-04T20:42:40.347-0500] {logging_mixin.py:190} INFO - [2025-01-04T20:42:40.346-0500] {dag.py:3239} INFO - Sync 1 DAGs
[2025-01-04T20:42:40.367-0500] {logging_mixin.py:190} INFO - [2025-01-04T20:42:40.366-0500] {dag.py:4180} INFO - Setting next_dagrun for example_params_trigger_ui to None, run_after=None
[2025-01-04T20:42:40.387-0500] {processor.py:208} INFO - Processing /Library/Frameworks/Python.framework/Versions/3.9/lib/python3.9/site-packages/airflow/example_dags/example_params_trigger_ui.py took 0.166 seconds
[2025-01-04T20:46:21.062-0500] {processor.py:186} INFO - Started process (PID=3013) to work on /Library/Frameworks/Python.framework/Versions/3.9/lib/python3.9/site-packages/airflow/example_dags/example_params_trigger_ui.py
[2025-01-04T20:46:21.064-0500] {processor.py:914} INFO - Processing file /Library/Frameworks/Python.framework/Versions/3.9/lib/python3.9/site-packages/airflow/example_dags/example_params_trigger_ui.py for tasks to queue
[2025-01-04T20:46:21.065-0500] {logging_mixin.py:190} INFO - [2025-01-04T20:46:21.065-0500] {dagbag.py:588} INFO - Filling up the DagBag from /Library/Frameworks/Python.framework/Versions/3.9/lib/python3.9/site-packages/airflow/example_dags/example_params_trigger_ui.py
[2025-01-04T20:46:21.097-0500] {processor.py:925} INFO - DAG(s) 'example_params_trigger_ui' retrieved from /Library/Frameworks/Python.framework/Versions/3.9/lib/python3.9/site-packages/airflow/example_dags/example_params_trigger_ui.py
[2025-01-04T20:46:21.181-0500] {logging_mixin.py:190} INFO - [2025-01-04T20:46:21.181-0500] {dag.py:3239} INFO - Sync 1 DAGs
[2025-01-04T20:46:21.189-0500] {logging_mixin.py:190} INFO - [2025-01-04T20:46:21.189-0500] {dag.py:4180} INFO - Setting next_dagrun for example_params_trigger_ui to None, run_after=None
[2025-01-04T20:46:21.204-0500] {processor.py:208} INFO - Processing /Library/Frameworks/Python.framework/Versions/3.9/lib/python3.9/site-packages/airflow/example_dags/example_params_trigger_ui.py took 0.145 seconds
