[2025-01-04T20:27:02.176-0500] {processor.py:186} INFO - Started process (PID=99445) to work on /Library/Frameworks/Python.framework/Versions/3.9/lib/python3.9/site-packages/airflow/example_dags/example_kubernetes_executor.py
[2025-01-04T20:27:02.177-0500] {processor.py:914} INFO - Processing file /Library/Frameworks/Python.framework/Versions/3.9/lib/python3.9/site-packages/airflow/example_dags/example_kubernetes_executor.py for tasks to queue
[2025-01-04T20:27:02.177-0500] {logging_mixin.py:190} INFO - [2025-01-04T20:27:02.177-0500] {dagbag.py:588} INFO - Filling up the DagBag from /Library/Frameworks/Python.framework/Versions/3.9/lib/python3.9/site-packages/airflow/example_dags/example_kubernetes_executor.py
[2025-01-04T20:27:02.193-0500] {logging_mixin.py:190} INFO - [2025-01-04T20:27:02.193-0500] {example_kubernetes_executor.py:39} WARNING - The example_kubernetes_executor example DAG requires the kubernetes provider. Please install it with: pip install apache-airflow[cncf.kubernetes]
[2025-01-04T20:27:02.193-0500] {processor.py:927} WARNING - No viable dags retrieved from /Library/Frameworks/Python.framework/Versions/3.9/lib/python3.9/site-packages/airflow/example_dags/example_kubernetes_executor.py
[2025-01-04T20:27:02.246-0500] {processor.py:208} INFO - Processing /Library/Frameworks/Python.framework/Versions/3.9/lib/python3.9/site-packages/airflow/example_dags/example_kubernetes_executor.py took 0.072 seconds
[2025-01-04T20:29:07.934-0500] {processor.py:186} INFO - Started process (PID=99757) to work on /Library/Frameworks/Python.framework/Versions/3.9/lib/python3.9/site-packages/airflow/example_dags/example_kubernetes_executor.py
[2025-01-04T20:29:07.936-0500] {processor.py:914} INFO - Processing file /Library/Frameworks/Python.framework/Versions/3.9/lib/python3.9/site-packages/airflow/example_dags/example_kubernetes_executor.py for tasks to queue
[2025-01-04T20:29:07.936-0500] {logging_mixin.py:190} INFO - [2025-01-04T20:29:07.936-0500] {dagbag.py:588} INFO - Filling up the DagBag from /Library/Frameworks/Python.framework/Versions/3.9/lib/python3.9/site-packages/airflow/example_dags/example_kubernetes_executor.py
[2025-01-04T20:29:07.951-0500] {logging_mixin.py:190} INFO - [2025-01-04T20:29:07.951-0500] {example_kubernetes_executor.py:39} WARNING - The example_kubernetes_executor example DAG requires the kubernetes provider. Please install it with: pip install apache-airflow[cncf.kubernetes]
[2025-01-04T20:29:07.951-0500] {processor.py:927} WARNING - No viable dags retrieved from /Library/Frameworks/Python.framework/Versions/3.9/lib/python3.9/site-packages/airflow/example_dags/example_kubernetes_executor.py
[2025-01-04T20:29:07.992-0500] {processor.py:208} INFO - Processing /Library/Frameworks/Python.framework/Versions/3.9/lib/python3.9/site-packages/airflow/example_dags/example_kubernetes_executor.py took 0.059 seconds
[2025-01-04T20:32:30.445-0500] {processor.py:186} INFO - Started process (PID=523) to work on /Library/Frameworks/Python.framework/Versions/3.9/lib/python3.9/site-packages/airflow/example_dags/example_kubernetes_executor.py
[2025-01-04T20:32:30.448-0500] {processor.py:914} INFO - Processing file /Library/Frameworks/Python.framework/Versions/3.9/lib/python3.9/site-packages/airflow/example_dags/example_kubernetes_executor.py for tasks to queue
[2025-01-04T20:32:30.449-0500] {logging_mixin.py:190} INFO - [2025-01-04T20:32:30.449-0500] {dagbag.py:588} INFO - Filling up the DagBag from /Library/Frameworks/Python.framework/Versions/3.9/lib/python3.9/site-packages/airflow/example_dags/example_kubernetes_executor.py
[2025-01-04T20:32:30.473-0500] {logging_mixin.py:190} INFO - [2025-01-04T20:32:30.472-0500] {example_kubernetes_executor.py:39} WARNING - The example_kubernetes_executor example DAG requires the kubernetes provider. Please install it with: pip install apache-airflow[cncf.kubernetes]
[2025-01-04T20:32:30.473-0500] {processor.py:927} WARNING - No viable dags retrieved from /Library/Frameworks/Python.framework/Versions/3.9/lib/python3.9/site-packages/airflow/example_dags/example_kubernetes_executor.py
[2025-01-04T20:32:30.544-0500] {processor.py:208} INFO - Processing /Library/Frameworks/Python.framework/Versions/3.9/lib/python3.9/site-packages/airflow/example_dags/example_kubernetes_executor.py took 0.103 seconds
[2025-01-04T20:36:04.839-0500] {processor.py:186} INFO - Started process (PID=1237) to work on /Library/Frameworks/Python.framework/Versions/3.9/lib/python3.9/site-packages/airflow/example_dags/example_kubernetes_executor.py
[2025-01-04T20:36:04.840-0500] {processor.py:914} INFO - Processing file /Library/Frameworks/Python.framework/Versions/3.9/lib/python3.9/site-packages/airflow/example_dags/example_kubernetes_executor.py for tasks to queue
[2025-01-04T20:36:04.840-0500] {logging_mixin.py:190} INFO - [2025-01-04T20:36:04.840-0500] {dagbag.py:588} INFO - Filling up the DagBag from /Library/Frameworks/Python.framework/Versions/3.9/lib/python3.9/site-packages/airflow/example_dags/example_kubernetes_executor.py
[2025-01-04T20:36:04.861-0500] {logging_mixin.py:190} INFO - [2025-01-04T20:36:04.861-0500] {example_kubernetes_executor.py:39} WARNING - The example_kubernetes_executor example DAG requires the kubernetes provider. Please install it with: pip install apache-airflow[cncf.kubernetes]
[2025-01-04T20:36:04.861-0500] {processor.py:927} WARNING - No viable dags retrieved from /Library/Frameworks/Python.framework/Versions/3.9/lib/python3.9/site-packages/airflow/example_dags/example_kubernetes_executor.py
[2025-01-04T20:36:04.905-0500] {processor.py:208} INFO - Processing /Library/Frameworks/Python.framework/Versions/3.9/lib/python3.9/site-packages/airflow/example_dags/example_kubernetes_executor.py took 0.068 seconds
[2025-01-04T20:39:31.478-0500] {processor.py:186} INFO - Started process (PID=1903) to work on /Library/Frameworks/Python.framework/Versions/3.9/lib/python3.9/site-packages/airflow/example_dags/example_kubernetes_executor.py
[2025-01-04T20:39:31.480-0500] {processor.py:914} INFO - Processing file /Library/Frameworks/Python.framework/Versions/3.9/lib/python3.9/site-packages/airflow/example_dags/example_kubernetes_executor.py for tasks to queue
[2025-01-04T20:39:31.480-0500] {logging_mixin.py:190} INFO - [2025-01-04T20:39:31.480-0500] {dagbag.py:588} INFO - Filling up the DagBag from /Library/Frameworks/Python.framework/Versions/3.9/lib/python3.9/site-packages/airflow/example_dags/example_kubernetes_executor.py
[2025-01-04T20:39:31.497-0500] {logging_mixin.py:190} INFO - [2025-01-04T20:39:31.497-0500] {example_kubernetes_executor.py:39} WARNING - The example_kubernetes_executor example DAG requires the kubernetes provider. Please install it with: pip install apache-airflow[cncf.kubernetes]
[2025-01-04T20:39:31.497-0500] {processor.py:927} WARNING - No viable dags retrieved from /Library/Frameworks/Python.framework/Versions/3.9/lib/python3.9/site-packages/airflow/example_dags/example_kubernetes_executor.py
[2025-01-04T20:39:31.540-0500] {processor.py:208} INFO - Processing /Library/Frameworks/Python.framework/Versions/3.9/lib/python3.9/site-packages/airflow/example_dags/example_kubernetes_executor.py took 0.064 seconds
[2025-01-04T20:42:54.146-0500] {processor.py:186} INFO - Started process (PID=2381) to work on /Library/Frameworks/Python.framework/Versions/3.9/lib/python3.9/site-packages/airflow/example_dags/example_kubernetes_executor.py
[2025-01-04T20:42:54.147-0500] {processor.py:914} INFO - Processing file /Library/Frameworks/Python.framework/Versions/3.9/lib/python3.9/site-packages/airflow/example_dags/example_kubernetes_executor.py for tasks to queue
[2025-01-04T20:42:54.148-0500] {logging_mixin.py:190} INFO - [2025-01-04T20:42:54.148-0500] {dagbag.py:588} INFO - Filling up the DagBag from /Library/Frameworks/Python.framework/Versions/3.9/lib/python3.9/site-packages/airflow/example_dags/example_kubernetes_executor.py
[2025-01-04T20:42:54.170-0500] {logging_mixin.py:190} INFO - [2025-01-04T20:42:54.170-0500] {example_kubernetes_executor.py:39} WARNING - The example_kubernetes_executor example DAG requires the kubernetes provider. Please install it with: pip install apache-airflow[cncf.kubernetes]
[2025-01-04T20:42:54.170-0500] {processor.py:927} WARNING - No viable dags retrieved from /Library/Frameworks/Python.framework/Versions/3.9/lib/python3.9/site-packages/airflow/example_dags/example_kubernetes_executor.py
[2025-01-04T20:42:54.213-0500] {processor.py:208} INFO - Processing /Library/Frameworks/Python.framework/Versions/3.9/lib/python3.9/site-packages/airflow/example_dags/example_kubernetes_executor.py took 0.071 seconds
[2025-01-04T20:46:35.463-0500] {processor.py:186} INFO - Started process (PID=3045) to work on /Library/Frameworks/Python.framework/Versions/3.9/lib/python3.9/site-packages/airflow/example_dags/example_kubernetes_executor.py
[2025-01-04T20:46:35.464-0500] {processor.py:914} INFO - Processing file /Library/Frameworks/Python.framework/Versions/3.9/lib/python3.9/site-packages/airflow/example_dags/example_kubernetes_executor.py for tasks to queue
[2025-01-04T20:46:35.464-0500] {logging_mixin.py:190} INFO - [2025-01-04T20:46:35.464-0500] {dagbag.py:588} INFO - Filling up the DagBag from /Library/Frameworks/Python.framework/Versions/3.9/lib/python3.9/site-packages/airflow/example_dags/example_kubernetes_executor.py
[2025-01-04T20:46:35.481-0500] {logging_mixin.py:190} INFO - [2025-01-04T20:46:35.481-0500] {example_kubernetes_executor.py:39} WARNING - The example_kubernetes_executor example DAG requires the kubernetes provider. Please install it with: pip install apache-airflow[cncf.kubernetes]
[2025-01-04T20:46:35.482-0500] {processor.py:927} WARNING - No viable dags retrieved from /Library/Frameworks/Python.framework/Versions/3.9/lib/python3.9/site-packages/airflow/example_dags/example_kubernetes_executor.py
[2025-01-04T20:46:35.523-0500] {processor.py:208} INFO - Processing /Library/Frameworks/Python.framework/Versions/3.9/lib/python3.9/site-packages/airflow/example_dags/example_kubernetes_executor.py took 0.063 seconds
