[2025-01-04T20:27:06.243-0500] {processor.py:186} INFO - Started process (PID=99450) to work on /Library/Frameworks/Python.framework/Versions/3.9/lib/python3.9/site-packages/airflow/example_dags/example_external_task_marker_dag.py
[2025-01-04T20:27:06.243-0500] {processor.py:914} INFO - Processing file /Library/Frameworks/Python.framework/Versions/3.9/lib/python3.9/site-packages/airflow/example_dags/example_external_task_marker_dag.py for tasks to queue
[2025-01-04T20:27:06.244-0500] {logging_mixin.py:190} INFO - [2025-01-04T20:27:06.244-0500] {dagbag.py:588} INFO - Filling up the DagBag from /Library/Frameworks/Python.framework/Versions/3.9/lib/python3.9/site-packages/airflow/example_dags/example_external_task_marker_dag.py
[2025-01-04T20:27:06.251-0500] {processor.py:925} INFO - DAG(s) 'example_external_task_marker_child', 'example_external_task_marker_parent' retrieved from /Library/Frameworks/Python.framework/Versions/3.9/lib/python3.9/site-packages/airflow/example_dags/example_external_task_marker_dag.py
[2025-01-04T20:27:06.942-0500] {logging_mixin.py:190} INFO - [2025-01-04T20:27:06.940-0500] {override.py:1911} INFO - Created Permission View: can delete on DAG:example_external_task_marker_child
[2025-01-04T20:27:06.949-0500] {logging_mixin.py:190} INFO - [2025-01-04T20:27:06.949-0500] {override.py:1911} INFO - Created Permission View: can read on DAG:example_external_task_marker_child
[2025-01-04T20:27:06.952-0500] {logging_mixin.py:190} INFO - [2025-01-04T20:27:06.952-0500] {override.py:1911} INFO - Created Permission View: can edit on DAG:example_external_task_marker_child
[2025-01-04T20:27:06.957-0500] {logging_mixin.py:190} INFO - [2025-01-04T20:27:06.957-0500] {override.py:1911} INFO - Created Permission View: can delete on DAG Run:example_external_task_marker_child
[2025-01-04T20:27:06.960-0500] {logging_mixin.py:190} INFO - [2025-01-04T20:27:06.960-0500] {override.py:1911} INFO - Created Permission View: menu access on DAG Run:example_external_task_marker_child
[2025-01-04T20:27:06.963-0500] {logging_mixin.py:190} INFO - [2025-01-04T20:27:06.963-0500] {override.py:1911} INFO - Created Permission View: can read on DAG Run:example_external_task_marker_child
[2025-01-04T20:27:06.967-0500] {logging_mixin.py:190} INFO - [2025-01-04T20:27:06.966-0500] {override.py:1911} INFO - Created Permission View: can create on DAG Run:example_external_task_marker_child
[2025-01-04T20:27:06.986-0500] {logging_mixin.py:190} INFO - [2025-01-04T20:27:06.986-0500] {override.py:1911} INFO - Created Permission View: can delete on DAG:example_external_task_marker_parent
[2025-01-04T20:27:06.992-0500] {logging_mixin.py:190} INFO - [2025-01-04T20:27:06.991-0500] {override.py:1911} INFO - Created Permission View: can read on DAG:example_external_task_marker_parent
[2025-01-04T20:27:06.996-0500] {logging_mixin.py:190} INFO - [2025-01-04T20:27:06.995-0500] {override.py:1911} INFO - Created Permission View: can edit on DAG:example_external_task_marker_parent
[2025-01-04T20:27:07.003-0500] {logging_mixin.py:190} INFO - [2025-01-04T20:27:07.003-0500] {override.py:1911} INFO - Created Permission View: can delete on DAG Run:example_external_task_marker_parent
[2025-01-04T20:27:07.009-0500] {logging_mixin.py:190} INFO - [2025-01-04T20:27:07.009-0500] {override.py:1911} INFO - Created Permission View: menu access on DAG Run:example_external_task_marker_parent
[2025-01-04T20:27:07.013-0500] {logging_mixin.py:190} INFO - [2025-01-04T20:27:07.013-0500] {override.py:1911} INFO - Created Permission View: can read on DAG Run:example_external_task_marker_parent
[2025-01-04T20:27:07.016-0500] {logging_mixin.py:190} INFO - [2025-01-04T20:27:07.016-0500] {override.py:1911} INFO - Created Permission View: can create on DAG Run:example_external_task_marker_parent
[2025-01-04T20:27:07.017-0500] {logging_mixin.py:190} INFO - [2025-01-04T20:27:07.016-0500] {dag.py:3239} INFO - Sync 2 DAGs
[2025-01-04T20:27:07.024-0500] {logging_mixin.py:190} INFO - [2025-01-04T20:27:07.023-0500] {dag.py:3262} INFO - Creating ORM DAG for example_external_task_marker_child
[2025-01-04T20:27:07.025-0500] {logging_mixin.py:190} INFO - [2025-01-04T20:27:07.025-0500] {dag.py:3262} INFO - Creating ORM DAG for example_external_task_marker_parent
[2025-01-04T20:27:07.025-0500] {logging_mixin.py:190} INFO - [2025-01-04T20:27:07.025-0500] {dag.py:4180} INFO - Setting next_dagrun for example_external_task_marker_child to None, run_after=None
[2025-01-04T20:27:07.026-0500] {logging_mixin.py:190} INFO - [2025-01-04T20:27:07.026-0500] {dag.py:4180} INFO - Setting next_dagrun for example_external_task_marker_parent to None, run_after=None
[2025-01-04T20:27:07.049-0500] {processor.py:208} INFO - Processing /Library/Frameworks/Python.framework/Versions/3.9/lib/python3.9/site-packages/airflow/example_dags/example_external_task_marker_dag.py took 0.809 seconds
[2025-01-04T20:29:11.627-0500] {processor.py:186} INFO - Started process (PID=99765) to work on /Library/Frameworks/Python.framework/Versions/3.9/lib/python3.9/site-packages/airflow/example_dags/example_external_task_marker_dag.py
[2025-01-04T20:29:11.628-0500] {processor.py:914} INFO - Processing file /Library/Frameworks/Python.framework/Versions/3.9/lib/python3.9/site-packages/airflow/example_dags/example_external_task_marker_dag.py for tasks to queue
[2025-01-04T20:29:11.628-0500] {logging_mixin.py:190} INFO - [2025-01-04T20:29:11.628-0500] {dagbag.py:588} INFO - Filling up the DagBag from /Library/Frameworks/Python.framework/Versions/3.9/lib/python3.9/site-packages/airflow/example_dags/example_external_task_marker_dag.py
[2025-01-04T20:29:11.635-0500] {processor.py:925} INFO - DAG(s) 'example_external_task_marker_child', 'example_external_task_marker_parent' retrieved from /Library/Frameworks/Python.framework/Versions/3.9/lib/python3.9/site-packages/airflow/example_dags/example_external_task_marker_dag.py
[2025-01-04T20:29:12.043-0500] {logging_mixin.py:190} INFO - [2025-01-04T20:29:12.043-0500] {dag.py:3239} INFO - Sync 2 DAGs
[2025-01-04T20:29:12.049-0500] {logging_mixin.py:190} INFO - [2025-01-04T20:29:12.049-0500] {dag.py:4180} INFO - Setting next_dagrun for example_external_task_marker_child to None, run_after=None
[2025-01-04T20:29:12.050-0500] {logging_mixin.py:190} INFO - [2025-01-04T20:29:12.050-0500] {dag.py:4180} INFO - Setting next_dagrun for example_external_task_marker_parent to None, run_after=None
[2025-01-04T20:29:12.059-0500] {processor.py:208} INFO - Processing /Library/Frameworks/Python.framework/Versions/3.9/lib/python3.9/site-packages/airflow/example_dags/example_external_task_marker_dag.py took 0.434 seconds
[2025-01-04T20:32:34.641-0500] {processor.py:186} INFO - Started process (PID=542) to work on /Library/Frameworks/Python.framework/Versions/3.9/lib/python3.9/site-packages/airflow/example_dags/example_external_task_marker_dag.py
[2025-01-04T20:32:34.642-0500] {processor.py:914} INFO - Processing file /Library/Frameworks/Python.framework/Versions/3.9/lib/python3.9/site-packages/airflow/example_dags/example_external_task_marker_dag.py for tasks to queue
[2025-01-04T20:32:34.643-0500] {logging_mixin.py:190} INFO - [2025-01-04T20:32:34.643-0500] {dagbag.py:588} INFO - Filling up the DagBag from /Library/Frameworks/Python.framework/Versions/3.9/lib/python3.9/site-packages/airflow/example_dags/example_external_task_marker_dag.py
[2025-01-04T20:32:34.650-0500] {processor.py:925} INFO - DAG(s) 'example_external_task_marker_parent', 'example_external_task_marker_child' retrieved from /Library/Frameworks/Python.framework/Versions/3.9/lib/python3.9/site-packages/airflow/example_dags/example_external_task_marker_dag.py
[2025-01-04T20:32:35.144-0500] {logging_mixin.py:190} INFO - [2025-01-04T20:32:35.143-0500] {dag.py:3239} INFO - Sync 2 DAGs
[2025-01-04T20:32:35.149-0500] {logging_mixin.py:190} INFO - [2025-01-04T20:32:35.149-0500] {dag.py:4180} INFO - Setting next_dagrun for example_external_task_marker_child to None, run_after=None
[2025-01-04T20:32:35.151-0500] {logging_mixin.py:190} INFO - [2025-01-04T20:32:35.151-0500] {dag.py:4180} INFO - Setting next_dagrun for example_external_task_marker_parent to None, run_after=None
[2025-01-04T20:32:35.161-0500] {processor.py:208} INFO - Processing /Library/Frameworks/Python.framework/Versions/3.9/lib/python3.9/site-packages/airflow/example_dags/example_external_task_marker_dag.py took 0.523 seconds
[2025-01-04T20:36:08.779-0500] {processor.py:186} INFO - Started process (PID=1253) to work on /Library/Frameworks/Python.framework/Versions/3.9/lib/python3.9/site-packages/airflow/example_dags/example_external_task_marker_dag.py
[2025-01-04T20:36:08.781-0500] {processor.py:914} INFO - Processing file /Library/Frameworks/Python.framework/Versions/3.9/lib/python3.9/site-packages/airflow/example_dags/example_external_task_marker_dag.py for tasks to queue
[2025-01-04T20:36:08.782-0500] {logging_mixin.py:190} INFO - [2025-01-04T20:36:08.782-0500] {dagbag.py:588} INFO - Filling up the DagBag from /Library/Frameworks/Python.framework/Versions/3.9/lib/python3.9/site-packages/airflow/example_dags/example_external_task_marker_dag.py
[2025-01-04T20:36:08.788-0500] {processor.py:925} INFO - DAG(s) 'example_external_task_marker_child', 'example_external_task_marker_parent' retrieved from /Library/Frameworks/Python.framework/Versions/3.9/lib/python3.9/site-packages/airflow/example_dags/example_external_task_marker_dag.py
[2025-01-04T20:36:09.232-0500] {logging_mixin.py:190} INFO - [2025-01-04T20:36:09.232-0500] {dag.py:3239} INFO - Sync 2 DAGs
[2025-01-04T20:36:09.237-0500] {logging_mixin.py:190} INFO - [2025-01-04T20:36:09.237-0500] {dag.py:4180} INFO - Setting next_dagrun for example_external_task_marker_child to None, run_after=None
[2025-01-04T20:36:09.240-0500] {logging_mixin.py:190} INFO - [2025-01-04T20:36:09.240-0500] {dag.py:4180} INFO - Setting next_dagrun for example_external_task_marker_parent to None, run_after=None
[2025-01-04T20:36:09.252-0500] {processor.py:208} INFO - Processing /Library/Frameworks/Python.framework/Versions/3.9/lib/python3.9/site-packages/airflow/example_dags/example_external_task_marker_dag.py took 0.476 seconds
[2025-01-04T20:39:36.037-0500] {processor.py:186} INFO - Started process (PID=1917) to work on /Library/Frameworks/Python.framework/Versions/3.9/lib/python3.9/site-packages/airflow/example_dags/example_external_task_marker_dag.py
[2025-01-04T20:39:36.039-0500] {processor.py:914} INFO - Processing file /Library/Frameworks/Python.framework/Versions/3.9/lib/python3.9/site-packages/airflow/example_dags/example_external_task_marker_dag.py for tasks to queue
[2025-01-04T20:39:36.039-0500] {logging_mixin.py:190} INFO - [2025-01-04T20:39:36.039-0500] {dagbag.py:588} INFO - Filling up the DagBag from /Library/Frameworks/Python.framework/Versions/3.9/lib/python3.9/site-packages/airflow/example_dags/example_external_task_marker_dag.py
[2025-01-04T20:39:36.045-0500] {processor.py:925} INFO - DAG(s) 'example_external_task_marker_child', 'example_external_task_marker_parent' retrieved from /Library/Frameworks/Python.framework/Versions/3.9/lib/python3.9/site-packages/airflow/example_dags/example_external_task_marker_dag.py
[2025-01-04T20:39:36.404-0500] {logging_mixin.py:190} INFO - [2025-01-04T20:39:36.404-0500] {dag.py:3239} INFO - Sync 2 DAGs
[2025-01-04T20:39:36.411-0500] {logging_mixin.py:190} INFO - [2025-01-04T20:39:36.411-0500] {dag.py:4180} INFO - Setting next_dagrun for example_external_task_marker_child to None, run_after=None
[2025-01-04T20:39:36.412-0500] {logging_mixin.py:190} INFO - [2025-01-04T20:39:36.412-0500] {dag.py:4180} INFO - Setting next_dagrun for example_external_task_marker_parent to None, run_after=None
[2025-01-04T20:39:36.421-0500] {processor.py:208} INFO - Processing /Library/Frameworks/Python.framework/Versions/3.9/lib/python3.9/site-packages/airflow/example_dags/example_external_task_marker_dag.py took 0.385 seconds
[2025-01-04T20:42:58.767-0500] {processor.py:186} INFO - Started process (PID=2389) to work on /Library/Frameworks/Python.framework/Versions/3.9/lib/python3.9/site-packages/airflow/example_dags/example_external_task_marker_dag.py
[2025-01-04T20:42:58.769-0500] {processor.py:914} INFO - Processing file /Library/Frameworks/Python.framework/Versions/3.9/lib/python3.9/site-packages/airflow/example_dags/example_external_task_marker_dag.py for tasks to queue
[2025-01-04T20:42:58.769-0500] {logging_mixin.py:190} INFO - [2025-01-04T20:42:58.769-0500] {dagbag.py:588} INFO - Filling up the DagBag from /Library/Frameworks/Python.framework/Versions/3.9/lib/python3.9/site-packages/airflow/example_dags/example_external_task_marker_dag.py
[2025-01-04T20:42:58.775-0500] {processor.py:925} INFO - DAG(s) 'example_external_task_marker_parent', 'example_external_task_marker_child' retrieved from /Library/Frameworks/Python.framework/Versions/3.9/lib/python3.9/site-packages/airflow/example_dags/example_external_task_marker_dag.py
[2025-01-04T20:42:59.474-0500] {logging_mixin.py:190} INFO - [2025-01-04T20:42:59.474-0500] {dag.py:3239} INFO - Sync 2 DAGs
[2025-01-04T20:42:59.479-0500] {logging_mixin.py:190} INFO - [2025-01-04T20:42:59.479-0500] {dag.py:4180} INFO - Setting next_dagrun for example_external_task_marker_child to None, run_after=None
[2025-01-04T20:42:59.480-0500] {logging_mixin.py:190} INFO - [2025-01-04T20:42:59.480-0500] {dag.py:4180} INFO - Setting next_dagrun for example_external_task_marker_parent to None, run_after=None
[2025-01-04T20:42:59.494-0500] {processor.py:208} INFO - Processing /Library/Frameworks/Python.framework/Versions/3.9/lib/python3.9/site-packages/airflow/example_dags/example_external_task_marker_dag.py took 0.729 seconds
[2025-01-04T20:46:39.513-0500] {processor.py:186} INFO - Started process (PID=3057) to work on /Library/Frameworks/Python.framework/Versions/3.9/lib/python3.9/site-packages/airflow/example_dags/example_external_task_marker_dag.py
[2025-01-04T20:46:39.515-0500] {processor.py:914} INFO - Processing file /Library/Frameworks/Python.framework/Versions/3.9/lib/python3.9/site-packages/airflow/example_dags/example_external_task_marker_dag.py for tasks to queue
[2025-01-04T20:46:39.516-0500] {logging_mixin.py:190} INFO - [2025-01-04T20:46:39.516-0500] {dagbag.py:588} INFO - Filling up the DagBag from /Library/Frameworks/Python.framework/Versions/3.9/lib/python3.9/site-packages/airflow/example_dags/example_external_task_marker_dag.py
[2025-01-04T20:46:39.525-0500] {processor.py:925} INFO - DAG(s) 'example_external_task_marker_child', 'example_external_task_marker_parent' retrieved from /Library/Frameworks/Python.framework/Versions/3.9/lib/python3.9/site-packages/airflow/example_dags/example_external_task_marker_dag.py
[2025-01-04T20:46:40.012-0500] {logging_mixin.py:190} INFO - [2025-01-04T20:46:40.012-0500] {dag.py:3239} INFO - Sync 2 DAGs
[2025-01-04T20:46:40.016-0500] {logging_mixin.py:190} INFO - [2025-01-04T20:46:40.016-0500] {dag.py:4180} INFO - Setting next_dagrun for example_external_task_marker_child to None, run_after=None
[2025-01-04T20:46:40.017-0500] {logging_mixin.py:190} INFO - [2025-01-04T20:46:40.017-0500] {dag.py:4180} INFO - Setting next_dagrun for example_external_task_marker_parent to None, run_after=None
[2025-01-04T20:46:40.027-0500] {processor.py:208} INFO - Processing /Library/Frameworks/Python.framework/Versions/3.9/lib/python3.9/site-packages/airflow/example_dags/example_external_task_marker_dag.py took 0.517 seconds
