[2025-01-04T20:27:32.195-0500] {processor.py:186} INFO - Started process (PID=99492) to work on /Library/Frameworks/Python.framework/Versions/3.9/lib/python3.9/site-packages/airflow/example_dags/example_branch_operator_decorator.py
[2025-01-04T20:27:32.195-0500] {processor.py:914} INFO - Processing file /Library/Frameworks/Python.framework/Versions/3.9/lib/python3.9/site-packages/airflow/example_dags/example_branch_operator_decorator.py for tasks to queue
[2025-01-04T20:27:32.196-0500] {logging_mixin.py:190} INFO - [2025-01-04T20:27:32.196-0500] {dagbag.py:588} INFO - Filling up the DagBag from /Library/Frameworks/Python.framework/Versions/3.9/lib/python3.9/site-packages/airflow/example_dags/example_branch_operator_decorator.py
[2025-01-04T20:27:32.225-0500] {processor.py:925} INFO - DAG(s) 'example_branch_python_operator_decorator' retrieved from /Library/Frameworks/Python.framework/Versions/3.9/lib/python3.9/site-packages/airflow/example_dags/example_branch_operator_decorator.py
[2025-01-04T20:27:32.331-0500] {logging_mixin.py:190} INFO - [2025-01-04T20:27:32.330-0500] {override.py:1911} INFO - Created Permission View: can read on DAG:example_branch_python_operator_decorator
[2025-01-04T20:27:32.348-0500] {logging_mixin.py:190} INFO - [2025-01-04T20:27:32.348-0500] {override.py:1911} INFO - Created Permission View: can edit on DAG:example_branch_python_operator_decorator
[2025-01-04T20:27:32.353-0500] {logging_mixin.py:190} INFO - [2025-01-04T20:27:32.353-0500] {override.py:1911} INFO - Created Permission View: can delete on DAG:example_branch_python_operator_decorator
[2025-01-04T20:27:32.363-0500] {logging_mixin.py:190} INFO - [2025-01-04T20:27:32.362-0500] {override.py:1911} INFO - Created Permission View: menu access on DAG Run:example_branch_python_operator_decorator
[2025-01-04T20:27:32.368-0500] {logging_mixin.py:190} INFO - [2025-01-04T20:27:32.367-0500] {override.py:1911} INFO - Created Permission View: can read on DAG Run:example_branch_python_operator_decorator
[2025-01-04T20:27:32.372-0500] {logging_mixin.py:190} INFO - [2025-01-04T20:27:32.372-0500] {override.py:1911} INFO - Created Permission View: can create on DAG Run:example_branch_python_operator_decorator
[2025-01-04T20:27:32.375-0500] {logging_mixin.py:190} INFO - [2025-01-04T20:27:32.375-0500] {override.py:1911} INFO - Created Permission View: can delete on DAG Run:example_branch_python_operator_decorator
[2025-01-04T20:27:32.375-0500] {logging_mixin.py:190} INFO - [2025-01-04T20:27:32.375-0500] {dag.py:3239} INFO - Sync 1 DAGs
[2025-01-04T20:27:32.382-0500] {logging_mixin.py:190} INFO - [2025-01-04T20:27:32.382-0500] {dag.py:3262} INFO - Creating ORM DAG for example_branch_python_operator_decorator
[2025-01-04T20:27:32.389-0500] {logging_mixin.py:190} INFO - [2025-01-04T20:27:32.389-0500] {dag.py:4180} INFO - Setting next_dagrun for example_branch_python_operator_decorator to 2025-01-04 00:00:00+00:00, run_after=2025-01-05 00:00:00+00:00
[2025-01-04T20:27:32.402-0500] {processor.py:208} INFO - Processing /Library/Frameworks/Python.framework/Versions/3.9/lib/python3.9/site-packages/airflow/example_dags/example_branch_operator_decorator.py took 0.209 seconds
[2025-01-04T20:30:42.936-0500] {processor.py:186} INFO - Started process (PID=126) to work on /Library/Frameworks/Python.framework/Versions/3.9/lib/python3.9/site-packages/airflow/example_dags/example_branch_operator_decorator.py
[2025-01-04T20:30:42.937-0500] {processor.py:914} INFO - Processing file /Library/Frameworks/Python.framework/Versions/3.9/lib/python3.9/site-packages/airflow/example_dags/example_branch_operator_decorator.py for tasks to queue
[2025-01-04T20:30:42.937-0500] {logging_mixin.py:190} INFO - [2025-01-04T20:30:42.937-0500] {dagbag.py:588} INFO - Filling up the DagBag from /Library/Frameworks/Python.framework/Versions/3.9/lib/python3.9/site-packages/airflow/example_dags/example_branch_operator_decorator.py
[2025-01-04T20:30:42.960-0500] {processor.py:925} INFO - DAG(s) 'example_branch_python_operator_decorator' retrieved from /Library/Frameworks/Python.framework/Versions/3.9/lib/python3.9/site-packages/airflow/example_dags/example_branch_operator_decorator.py
[2025-01-04T20:30:43.074-0500] {logging_mixin.py:190} INFO - [2025-01-04T20:30:43.074-0500] {dag.py:3239} INFO - Sync 1 DAGs
[2025-01-04T20:30:43.083-0500] {logging_mixin.py:190} INFO - [2025-01-04T20:30:43.083-0500] {dag.py:4180} INFO - Setting next_dagrun for example_branch_python_operator_decorator to 2025-01-04 00:00:00+00:00, run_after=2025-01-05 00:00:00+00:00
[2025-01-04T20:30:43.094-0500] {processor.py:208} INFO - Processing /Library/Frameworks/Python.framework/Versions/3.9/lib/python3.9/site-packages/airflow/example_dags/example_branch_operator_decorator.py took 0.160 seconds
[2025-01-04T20:34:12.640-0500] {processor.py:186} INFO - Started process (PID=839) to work on /Library/Frameworks/Python.framework/Versions/3.9/lib/python3.9/site-packages/airflow/example_dags/example_branch_operator_decorator.py
[2025-01-04T20:34:12.644-0500] {processor.py:914} INFO - Processing file /Library/Frameworks/Python.framework/Versions/3.9/lib/python3.9/site-packages/airflow/example_dags/example_branch_operator_decorator.py for tasks to queue
[2025-01-04T20:34:12.648-0500] {logging_mixin.py:190} INFO - [2025-01-04T20:34:12.648-0500] {dagbag.py:588} INFO - Filling up the DagBag from /Library/Frameworks/Python.framework/Versions/3.9/lib/python3.9/site-packages/airflow/example_dags/example_branch_operator_decorator.py
[2025-01-04T20:34:12.680-0500] {processor.py:925} INFO - DAG(s) 'example_branch_python_operator_decorator' retrieved from /Library/Frameworks/Python.framework/Versions/3.9/lib/python3.9/site-packages/airflow/example_dags/example_branch_operator_decorator.py
[2025-01-04T20:34:12.817-0500] {logging_mixin.py:190} INFO - [2025-01-04T20:34:12.817-0500] {dag.py:3239} INFO - Sync 1 DAGs
[2025-01-04T20:34:12.826-0500] {logging_mixin.py:190} INFO - [2025-01-04T20:34:12.826-0500] {dag.py:4180} INFO - Setting next_dagrun for example_branch_python_operator_decorator to 2025-01-04 00:00:00+00:00, run_after=2025-01-05 00:00:00+00:00
[2025-01-04T20:34:12.841-0500] {processor.py:208} INFO - Processing /Library/Frameworks/Python.framework/Versions/3.9/lib/python3.9/site-packages/airflow/example_dags/example_branch_operator_decorator.py took 0.206 seconds
[2025-01-04T20:37:45.065-0500] {processor.py:186} INFO - Started process (PID=1571) to work on /Library/Frameworks/Python.framework/Versions/3.9/lib/python3.9/site-packages/airflow/example_dags/example_branch_operator_decorator.py
[2025-01-04T20:37:45.067-0500] {processor.py:914} INFO - Processing file /Library/Frameworks/Python.framework/Versions/3.9/lib/python3.9/site-packages/airflow/example_dags/example_branch_operator_decorator.py for tasks to queue
[2025-01-04T20:37:45.067-0500] {logging_mixin.py:190} INFO - [2025-01-04T20:37:45.067-0500] {dagbag.py:588} INFO - Filling up the DagBag from /Library/Frameworks/Python.framework/Versions/3.9/lib/python3.9/site-packages/airflow/example_dags/example_branch_operator_decorator.py
[2025-01-04T20:37:45.091-0500] {processor.py:925} INFO - DAG(s) 'example_branch_python_operator_decorator' retrieved from /Library/Frameworks/Python.framework/Versions/3.9/lib/python3.9/site-packages/airflow/example_dags/example_branch_operator_decorator.py
[2025-01-04T20:37:45.198-0500] {logging_mixin.py:190} INFO - [2025-01-04T20:37:45.198-0500] {dag.py:3239} INFO - Sync 1 DAGs
[2025-01-04T20:37:45.207-0500] {logging_mixin.py:190} INFO - [2025-01-04T20:37:45.206-0500] {dag.py:4180} INFO - Setting next_dagrun for example_branch_python_operator_decorator to 2025-01-04 00:00:00+00:00, run_after=2025-01-05 00:00:00+00:00
[2025-01-04T20:37:45.217-0500] {processor.py:208} INFO - Processing /Library/Frameworks/Python.framework/Versions/3.9/lib/python3.9/site-packages/airflow/example_dags/example_branch_operator_decorator.py took 0.154 seconds
[2025-01-04T20:41:12.292-0500] {processor.py:186} INFO - Started process (PID=2209) to work on /Library/Frameworks/Python.framework/Versions/3.9/lib/python3.9/site-packages/airflow/example_dags/example_branch_operator_decorator.py
[2025-01-04T20:41:12.293-0500] {processor.py:914} INFO - Processing file /Library/Frameworks/Python.framework/Versions/3.9/lib/python3.9/site-packages/airflow/example_dags/example_branch_operator_decorator.py for tasks to queue
[2025-01-04T20:41:12.293-0500] {logging_mixin.py:190} INFO - [2025-01-04T20:41:12.293-0500] {dagbag.py:588} INFO - Filling up the DagBag from /Library/Frameworks/Python.framework/Versions/3.9/lib/python3.9/site-packages/airflow/example_dags/example_branch_operator_decorator.py
[2025-01-04T20:41:12.319-0500] {processor.py:925} INFO - DAG(s) 'example_branch_python_operator_decorator' retrieved from /Library/Frameworks/Python.framework/Versions/3.9/lib/python3.9/site-packages/airflow/example_dags/example_branch_operator_decorator.py
[2025-01-04T20:41:12.432-0500] {logging_mixin.py:190} INFO - [2025-01-04T20:41:12.431-0500] {dag.py:3239} INFO - Sync 1 DAGs
[2025-01-04T20:41:12.441-0500] {logging_mixin.py:190} INFO - [2025-01-04T20:41:12.441-0500] {dag.py:4180} INFO - Setting next_dagrun for example_branch_python_operator_decorator to 2025-01-04 00:00:00+00:00, run_after=2025-01-05 00:00:00+00:00
[2025-01-04T20:41:12.452-0500] {processor.py:208} INFO - Processing /Library/Frameworks/Python.framework/Versions/3.9/lib/python3.9/site-packages/airflow/example_dags/example_branch_operator_decorator.py took 0.162 seconds
[2025-01-04T20:44:40.168-0500] {processor.py:186} INFO - Started process (PID=2703) to work on /Library/Frameworks/Python.framework/Versions/3.9/lib/python3.9/site-packages/airflow/example_dags/example_branch_operator_decorator.py
[2025-01-04T20:44:40.169-0500] {processor.py:914} INFO - Processing file /Library/Frameworks/Python.framework/Versions/3.9/lib/python3.9/site-packages/airflow/example_dags/example_branch_operator_decorator.py for tasks to queue
[2025-01-04T20:44:40.169-0500] {logging_mixin.py:190} INFO - [2025-01-04T20:44:40.169-0500] {dagbag.py:588} INFO - Filling up the DagBag from /Library/Frameworks/Python.framework/Versions/3.9/lib/python3.9/site-packages/airflow/example_dags/example_branch_operator_decorator.py
[2025-01-04T20:44:40.195-0500] {processor.py:925} INFO - DAG(s) 'example_branch_python_operator_decorator' retrieved from /Library/Frameworks/Python.framework/Versions/3.9/lib/python3.9/site-packages/airflow/example_dags/example_branch_operator_decorator.py
[2025-01-04T20:44:40.296-0500] {logging_mixin.py:190} INFO - [2025-01-04T20:44:40.296-0500] {dag.py:3239} INFO - Sync 1 DAGs
[2025-01-04T20:44:40.304-0500] {logging_mixin.py:190} INFO - [2025-01-04T20:44:40.304-0500] {dag.py:4180} INFO - Setting next_dagrun for example_branch_python_operator_decorator to 2025-01-04 00:00:00+00:00, run_after=2025-01-05 00:00:00+00:00
[2025-01-04T20:44:40.321-0500] {processor.py:208} INFO - Processing /Library/Frameworks/Python.framework/Versions/3.9/lib/python3.9/site-packages/airflow/example_dags/example_branch_operator_decorator.py took 0.155 seconds
[2025-01-04T20:48:26.237-0500] {processor.py:186} INFO - Started process (PID=3370) to work on /Library/Frameworks/Python.framework/Versions/3.9/lib/python3.9/site-packages/airflow/example_dags/example_branch_operator_decorator.py
[2025-01-04T20:48:26.238-0500] {processor.py:914} INFO - Processing file /Library/Frameworks/Python.framework/Versions/3.9/lib/python3.9/site-packages/airflow/example_dags/example_branch_operator_decorator.py for tasks to queue
[2025-01-04T20:48:26.238-0500] {logging_mixin.py:190} INFO - [2025-01-04T20:48:26.238-0500] {dagbag.py:588} INFO - Filling up the DagBag from /Library/Frameworks/Python.framework/Versions/3.9/lib/python3.9/site-packages/airflow/example_dags/example_branch_operator_decorator.py
[2025-01-04T20:48:26.260-0500] {processor.py:925} INFO - DAG(s) 'example_branch_python_operator_decorator' retrieved from /Library/Frameworks/Python.framework/Versions/3.9/lib/python3.9/site-packages/airflow/example_dags/example_branch_operator_decorator.py
[2025-01-04T20:48:26.345-0500] {logging_mixin.py:190} INFO - [2025-01-04T20:48:26.345-0500] {dag.py:3239} INFO - Sync 1 DAGs
[2025-01-04T20:48:26.352-0500] {logging_mixin.py:190} INFO - [2025-01-04T20:48:26.352-0500] {dag.py:4180} INFO - Setting next_dagrun for example_branch_python_operator_decorator to 2025-01-04 00:00:00+00:00, run_after=2025-01-05 00:00:00+00:00
[2025-01-04T20:48:26.365-0500] {processor.py:208} INFO - Processing /Library/Frameworks/Python.framework/Versions/3.9/lib/python3.9/site-packages/airflow/example_dags/example_branch_operator_decorator.py took 0.130 seconds
