[2025-01-04T20:26:31.295-0500] {processor.py:186} INFO - Started process (PID=99376) to work on /Library/Frameworks/Python.framework/Versions/3.9/lib/python3.9/site-packages/airflow/example_dags/example_setup_teardown.py
[2025-01-04T20:26:31.296-0500] {processor.py:914} INFO - Processing file /Library/Frameworks/Python.framework/Versions/3.9/lib/python3.9/site-packages/airflow/example_dags/example_setup_teardown.py for tasks to queue
[2025-01-04T20:26:31.297-0500] {logging_mixin.py:190} INFO - [2025-01-04T20:26:31.297-0500] {dagbag.py:588} INFO - Filling up the DagBag from /Library/Frameworks/Python.framework/Versions/3.9/lib/python3.9/site-packages/airflow/example_dags/example_setup_teardown.py
[2025-01-04T20:26:31.396-0500] {processor.py:925} INFO - DAG(s) 'example_setup_teardown' retrieved from /Library/Frameworks/Python.framework/Versions/3.9/lib/python3.9/site-packages/airflow/example_dags/example_setup_teardown.py
[2025-01-04T20:26:31.533-0500] {logging_mixin.py:190} INFO - [2025-01-04T20:26:31.532-0500] {override.py:1911} INFO - Created Permission View: can edit on DAG:example_setup_teardown
[2025-01-04T20:26:31.538-0500] {logging_mixin.py:190} INFO - [2025-01-04T20:26:31.538-0500] {override.py:1911} INFO - Created Permission View: can read on DAG:example_setup_teardown
[2025-01-04T20:26:31.542-0500] {logging_mixin.py:190} INFO - [2025-01-04T20:26:31.541-0500] {override.py:1911} INFO - Created Permission View: can delete on DAG:example_setup_teardown
[2025-01-04T20:26:31.545-0500] {logging_mixin.py:190} INFO - [2025-01-04T20:26:31.545-0500] {override.py:1911} INFO - Created Permission View: can read on DAG Run:example_setup_teardown
[2025-01-04T20:26:31.548-0500] {logging_mixin.py:190} INFO - [2025-01-04T20:26:31.548-0500] {override.py:1911} INFO - Created Permission View: can delete on DAG Run:example_setup_teardown
[2025-01-04T20:26:31.551-0500] {logging_mixin.py:190} INFO - [2025-01-04T20:26:31.551-0500] {override.py:1911} INFO - Created Permission View: menu access on DAG Run:example_setup_teardown
[2025-01-04T20:26:31.554-0500] {logging_mixin.py:190} INFO - [2025-01-04T20:26:31.554-0500] {override.py:1911} INFO - Created Permission View: can create on DAG Run:example_setup_teardown
[2025-01-04T20:26:31.554-0500] {logging_mixin.py:190} INFO - [2025-01-04T20:26:31.554-0500] {dag.py:3239} INFO - Sync 1 DAGs
[2025-01-04T20:26:31.560-0500] {logging_mixin.py:190} INFO - [2025-01-04T20:26:31.560-0500] {dag.py:3262} INFO - Creating ORM DAG for example_setup_teardown
[2025-01-04T20:26:31.560-0500] {logging_mixin.py:190} INFO - [2025-01-04T20:26:31.560-0500] {dag.py:4180} INFO - Setting next_dagrun for example_setup_teardown to None, run_after=None
[2025-01-04T20:26:31.569-0500] {processor.py:208} INFO - Processing /Library/Frameworks/Python.framework/Versions/3.9/lib/python3.9/site-packages/airflow/example_dags/example_setup_teardown.py took 0.280 seconds
[2025-01-04T20:28:41.407-0500] {processor.py:186} INFO - Started process (PID=99691) to work on /Library/Frameworks/Python.framework/Versions/3.9/lib/python3.9/site-packages/airflow/example_dags/example_setup_teardown.py
[2025-01-04T20:28:41.408-0500] {processor.py:914} INFO - Processing file /Library/Frameworks/Python.framework/Versions/3.9/lib/python3.9/site-packages/airflow/example_dags/example_setup_teardown.py for tasks to queue
[2025-01-04T20:28:41.409-0500] {logging_mixin.py:190} INFO - [2025-01-04T20:28:41.408-0500] {dagbag.py:588} INFO - Filling up the DagBag from /Library/Frameworks/Python.framework/Versions/3.9/lib/python3.9/site-packages/airflow/example_dags/example_setup_teardown.py
[2025-01-04T20:28:41.412-0500] {processor.py:925} INFO - DAG(s) 'example_setup_teardown' retrieved from /Library/Frameworks/Python.framework/Versions/3.9/lib/python3.9/site-packages/airflow/example_dags/example_setup_teardown.py
[2025-01-04T20:28:41.458-0500] {logging_mixin.py:190} INFO - [2025-01-04T20:28:41.458-0500] {dag.py:3239} INFO - Sync 1 DAGs
[2025-01-04T20:28:41.462-0500] {logging_mixin.py:190} INFO - [2025-01-04T20:28:41.462-0500] {dag.py:4180} INFO - Setting next_dagrun for example_setup_teardown to None, run_after=None
[2025-01-04T20:28:41.469-0500] {processor.py:208} INFO - Processing /Library/Frameworks/Python.framework/Versions/3.9/lib/python3.9/site-packages/airflow/example_dags/example_setup_teardown.py took 0.068 seconds
[2025-01-04T20:30:18.769-0500] {processor.py:186} INFO - Started process (PID=99936) to work on /Library/Frameworks/Python.framework/Versions/3.9/lib/python3.9/site-packages/airflow/example_dags/example_setup_teardown.py
[2025-01-04T20:30:18.770-0500] {processor.py:914} INFO - Processing file /Library/Frameworks/Python.framework/Versions/3.9/lib/python3.9/site-packages/airflow/example_dags/example_setup_teardown.py for tasks to queue
[2025-01-04T20:30:18.770-0500] {logging_mixin.py:190} INFO - [2025-01-04T20:30:18.770-0500] {dagbag.py:588} INFO - Filling up the DagBag from /Library/Frameworks/Python.framework/Versions/3.9/lib/python3.9/site-packages/airflow/example_dags/example_setup_teardown.py
[2025-01-04T20:30:18.774-0500] {processor.py:925} INFO - DAG(s) 'example_setup_teardown' retrieved from /Library/Frameworks/Python.framework/Versions/3.9/lib/python3.9/site-packages/airflow/example_dags/example_setup_teardown.py
[2025-01-04T20:30:18.831-0500] {logging_mixin.py:190} INFO - [2025-01-04T20:30:18.831-0500] {dag.py:3239} INFO - Sync 1 DAGs
[2025-01-04T20:30:18.838-0500] {logging_mixin.py:190} INFO - [2025-01-04T20:30:18.838-0500] {dag.py:4180} INFO - Setting next_dagrun for example_setup_teardown to None, run_after=None
[2025-01-04T20:30:18.857-0500] {processor.py:208} INFO - Processing /Library/Frameworks/Python.framework/Versions/3.9/lib/python3.9/site-packages/airflow/example_dags/example_setup_teardown.py took 0.090 seconds
[2025-01-04T20:32:00.175-0500] {processor.py:186} INFO - Started process (PID=393) to work on /Library/Frameworks/Python.framework/Versions/3.9/lib/python3.9/site-packages/airflow/example_dags/example_setup_teardown.py
[2025-01-04T20:32:00.177-0500] {processor.py:914} INFO - Processing file /Library/Frameworks/Python.framework/Versions/3.9/lib/python3.9/site-packages/airflow/example_dags/example_setup_teardown.py for tasks to queue
[2025-01-04T20:32:00.178-0500] {logging_mixin.py:190} INFO - [2025-01-04T20:32:00.178-0500] {dagbag.py:588} INFO - Filling up the DagBag from /Library/Frameworks/Python.framework/Versions/3.9/lib/python3.9/site-packages/airflow/example_dags/example_setup_teardown.py
[2025-01-04T20:32:00.183-0500] {processor.py:925} INFO - DAG(s) 'example_setup_teardown' retrieved from /Library/Frameworks/Python.framework/Versions/3.9/lib/python3.9/site-packages/airflow/example_dags/example_setup_teardown.py
[2025-01-04T20:32:00.244-0500] {logging_mixin.py:190} INFO - [2025-01-04T20:32:00.243-0500] {dag.py:3239} INFO - Sync 1 DAGs
[2025-01-04T20:32:00.249-0500] {logging_mixin.py:190} INFO - [2025-01-04T20:32:00.249-0500] {dag.py:4180} INFO - Setting next_dagrun for example_setup_teardown to None, run_after=None
[2025-01-04T20:32:00.262-0500] {processor.py:208} INFO - Processing /Library/Frameworks/Python.framework/Versions/3.9/lib/python3.9/site-packages/airflow/example_dags/example_setup_teardown.py took 0.095 seconds
[2025-01-04T20:33:40.226-0500] {processor.py:186} INFO - Started process (PID=769) to work on /Library/Frameworks/Python.framework/Versions/3.9/lib/python3.9/site-packages/airflow/example_dags/example_setup_teardown.py
[2025-01-04T20:33:40.227-0500] {processor.py:914} INFO - Processing file /Library/Frameworks/Python.framework/Versions/3.9/lib/python3.9/site-packages/airflow/example_dags/example_setup_teardown.py for tasks to queue
[2025-01-04T20:33:40.227-0500] {logging_mixin.py:190} INFO - [2025-01-04T20:33:40.227-0500] {dagbag.py:588} INFO - Filling up the DagBag from /Library/Frameworks/Python.framework/Versions/3.9/lib/python3.9/site-packages/airflow/example_dags/example_setup_teardown.py
[2025-01-04T20:33:40.231-0500] {processor.py:925} INFO - DAG(s) 'example_setup_teardown' retrieved from /Library/Frameworks/Python.framework/Versions/3.9/lib/python3.9/site-packages/airflow/example_dags/example_setup_teardown.py
[2025-01-04T20:33:40.285-0500] {logging_mixin.py:190} INFO - [2025-01-04T20:33:40.285-0500] {dag.py:3239} INFO - Sync 1 DAGs
[2025-01-04T20:33:40.291-0500] {logging_mixin.py:190} INFO - [2025-01-04T20:33:40.291-0500] {dag.py:4180} INFO - Setting next_dagrun for example_setup_teardown to None, run_after=None
[2025-01-04T20:33:40.303-0500] {processor.py:208} INFO - Processing /Library/Frameworks/Python.framework/Versions/3.9/lib/python3.9/site-packages/airflow/example_dags/example_setup_teardown.py took 0.079 seconds
[2025-01-04T20:35:32.831-0500] {processor.py:186} INFO - Started process (PID=1142) to work on /Library/Frameworks/Python.framework/Versions/3.9/lib/python3.9/site-packages/airflow/example_dags/example_setup_teardown.py
[2025-01-04T20:35:32.832-0500] {processor.py:914} INFO - Processing file /Library/Frameworks/Python.framework/Versions/3.9/lib/python3.9/site-packages/airflow/example_dags/example_setup_teardown.py for tasks to queue
[2025-01-04T20:35:32.833-0500] {logging_mixin.py:190} INFO - [2025-01-04T20:35:32.832-0500] {dagbag.py:588} INFO - Filling up the DagBag from /Library/Frameworks/Python.framework/Versions/3.9/lib/python3.9/site-packages/airflow/example_dags/example_setup_teardown.py
[2025-01-04T20:35:32.864-0500] {processor.py:925} INFO - DAG(s) 'example_setup_teardown' retrieved from /Library/Frameworks/Python.framework/Versions/3.9/lib/python3.9/site-packages/airflow/example_dags/example_setup_teardown.py
[2025-01-04T20:35:32.924-0500] {logging_mixin.py:190} INFO - [2025-01-04T20:35:32.924-0500] {dag.py:3239} INFO - Sync 1 DAGs
[2025-01-04T20:35:32.930-0500] {logging_mixin.py:190} INFO - [2025-01-04T20:35:32.930-0500] {dag.py:4180} INFO - Setting next_dagrun for example_setup_teardown to None, run_after=None
[2025-01-04T20:35:32.940-0500] {processor.py:208} INFO - Processing /Library/Frameworks/Python.framework/Versions/3.9/lib/python3.9/site-packages/airflow/example_dags/example_setup_teardown.py took 0.114 seconds
[2025-01-04T20:37:20.609-0500] {processor.py:186} INFO - Started process (PID=1473) to work on /Library/Frameworks/Python.framework/Versions/3.9/lib/python3.9/site-packages/airflow/example_dags/example_setup_teardown.py
[2025-01-04T20:37:20.610-0500] {processor.py:914} INFO - Processing file /Library/Frameworks/Python.framework/Versions/3.9/lib/python3.9/site-packages/airflow/example_dags/example_setup_teardown.py for tasks to queue
[2025-01-04T20:37:20.611-0500] {logging_mixin.py:190} INFO - [2025-01-04T20:37:20.611-0500] {dagbag.py:588} INFO - Filling up the DagBag from /Library/Frameworks/Python.framework/Versions/3.9/lib/python3.9/site-packages/airflow/example_dags/example_setup_teardown.py
[2025-01-04T20:37:20.616-0500] {processor.py:925} INFO - DAG(s) 'example_setup_teardown' retrieved from /Library/Frameworks/Python.framework/Versions/3.9/lib/python3.9/site-packages/airflow/example_dags/example_setup_teardown.py
[2025-01-04T20:37:20.668-0500] {logging_mixin.py:190} INFO - [2025-01-04T20:37:20.668-0500] {dag.py:3239} INFO - Sync 1 DAGs
[2025-01-04T20:37:20.673-0500] {logging_mixin.py:190} INFO - [2025-01-04T20:37:20.673-0500] {dag.py:4180} INFO - Setting next_dagrun for example_setup_teardown to None, run_after=None
[2025-01-04T20:37:20.684-0500] {processor.py:208} INFO - Processing /Library/Frameworks/Python.framework/Versions/3.9/lib/python3.9/site-packages/airflow/example_dags/example_setup_teardown.py took 0.076 seconds
[2025-01-04T20:39:03.452-0500] {processor.py:186} INFO - Started process (PID=1819) to work on /Library/Frameworks/Python.framework/Versions/3.9/lib/python3.9/site-packages/airflow/example_dags/example_setup_teardown.py
[2025-01-04T20:39:03.454-0500] {processor.py:914} INFO - Processing file /Library/Frameworks/Python.framework/Versions/3.9/lib/python3.9/site-packages/airflow/example_dags/example_setup_teardown.py for tasks to queue
[2025-01-04T20:39:03.455-0500] {logging_mixin.py:190} INFO - [2025-01-04T20:39:03.454-0500] {dagbag.py:588} INFO - Filling up the DagBag from /Library/Frameworks/Python.framework/Versions/3.9/lib/python3.9/site-packages/airflow/example_dags/example_setup_teardown.py
[2025-01-04T20:39:03.459-0500] {processor.py:925} INFO - DAG(s) 'example_setup_teardown' retrieved from /Library/Frameworks/Python.framework/Versions/3.9/lib/python3.9/site-packages/airflow/example_dags/example_setup_teardown.py
[2025-01-04T20:39:03.515-0500] {logging_mixin.py:190} INFO - [2025-01-04T20:39:03.515-0500] {dag.py:3239} INFO - Sync 1 DAGs
[2025-01-04T20:39:03.520-0500] {logging_mixin.py:190} INFO - [2025-01-04T20:39:03.520-0500] {dag.py:4180} INFO - Setting next_dagrun for example_setup_teardown to None, run_after=None
[2025-01-04T20:39:03.530-0500] {processor.py:208} INFO - Processing /Library/Frameworks/Python.framework/Versions/3.9/lib/python3.9/site-packages/airflow/example_dags/example_setup_teardown.py took 0.084 seconds
[2025-01-04T20:40:43.270-0500] {processor.py:186} INFO - Started process (PID=2128) to work on /Library/Frameworks/Python.framework/Versions/3.9/lib/python3.9/site-packages/airflow/example_dags/example_setup_teardown.py
[2025-01-04T20:40:43.272-0500] {processor.py:914} INFO - Processing file /Library/Frameworks/Python.framework/Versions/3.9/lib/python3.9/site-packages/airflow/example_dags/example_setup_teardown.py for tasks to queue
[2025-01-04T20:40:43.272-0500] {logging_mixin.py:190} INFO - [2025-01-04T20:40:43.272-0500] {dagbag.py:588} INFO - Filling up the DagBag from /Library/Frameworks/Python.framework/Versions/3.9/lib/python3.9/site-packages/airflow/example_dags/example_setup_teardown.py
[2025-01-04T20:40:43.276-0500] {processor.py:925} INFO - DAG(s) 'example_setup_teardown' retrieved from /Library/Frameworks/Python.framework/Versions/3.9/lib/python3.9/site-packages/airflow/example_dags/example_setup_teardown.py
[2025-01-04T20:40:43.319-0500] {logging_mixin.py:190} INFO - [2025-01-04T20:40:43.318-0500] {dag.py:3239} INFO - Sync 1 DAGs
[2025-01-04T20:40:43.324-0500] {logging_mixin.py:190} INFO - [2025-01-04T20:40:43.324-0500] {dag.py:4180} INFO - Setting next_dagrun for example_setup_teardown to None, run_after=None
[2025-01-04T20:40:43.333-0500] {processor.py:208} INFO - Processing /Library/Frameworks/Python.framework/Versions/3.9/lib/python3.9/site-packages/airflow/example_dags/example_setup_teardown.py took 0.064 seconds
[2025-01-04T20:42:24.202-0500] {processor.py:186} INFO - Started process (PID=2330) to work on /Library/Frameworks/Python.framework/Versions/3.9/lib/python3.9/site-packages/airflow/example_dags/example_setup_teardown.py
[2025-01-04T20:42:24.205-0500] {processor.py:914} INFO - Processing file /Library/Frameworks/Python.framework/Versions/3.9/lib/python3.9/site-packages/airflow/example_dags/example_setup_teardown.py for tasks to queue
[2025-01-04T20:42:24.206-0500] {logging_mixin.py:190} INFO - [2025-01-04T20:42:24.206-0500] {dagbag.py:588} INFO - Filling up the DagBag from /Library/Frameworks/Python.framework/Versions/3.9/lib/python3.9/site-packages/airflow/example_dags/example_setup_teardown.py
[2025-01-04T20:42:24.212-0500] {processor.py:925} INFO - DAG(s) 'example_setup_teardown' retrieved from /Library/Frameworks/Python.framework/Versions/3.9/lib/python3.9/site-packages/airflow/example_dags/example_setup_teardown.py
[2025-01-04T20:42:24.314-0500] {logging_mixin.py:190} INFO - [2025-01-04T20:42:24.314-0500] {dag.py:3239} INFO - Sync 1 DAGs
[2025-01-04T20:42:24.320-0500] {logging_mixin.py:190} INFO - [2025-01-04T20:42:24.319-0500] {dag.py:4180} INFO - Setting next_dagrun for example_setup_teardown to None, run_after=None
[2025-01-04T20:42:24.332-0500] {processor.py:208} INFO - Processing /Library/Frameworks/Python.framework/Versions/3.9/lib/python3.9/site-packages/airflow/example_dags/example_setup_teardown.py took 0.131 seconds
[2025-01-04T20:44:07.608-0500] {processor.py:186} INFO - Started process (PID=2619) to work on /Library/Frameworks/Python.framework/Versions/3.9/lib/python3.9/site-packages/airflow/example_dags/example_setup_teardown.py
[2025-01-04T20:44:07.609-0500] {processor.py:914} INFO - Processing file /Library/Frameworks/Python.framework/Versions/3.9/lib/python3.9/site-packages/airflow/example_dags/example_setup_teardown.py for tasks to queue
[2025-01-04T20:44:07.609-0500] {logging_mixin.py:190} INFO - [2025-01-04T20:44:07.609-0500] {dagbag.py:588} INFO - Filling up the DagBag from /Library/Frameworks/Python.framework/Versions/3.9/lib/python3.9/site-packages/airflow/example_dags/example_setup_teardown.py
[2025-01-04T20:44:07.615-0500] {processor.py:925} INFO - DAG(s) 'example_setup_teardown' retrieved from /Library/Frameworks/Python.framework/Versions/3.9/lib/python3.9/site-packages/airflow/example_dags/example_setup_teardown.py
[2025-01-04T20:44:07.747-0500] {logging_mixin.py:190} INFO - [2025-01-04T20:44:07.747-0500] {dag.py:3239} INFO - Sync 1 DAGs
[2025-01-04T20:44:07.752-0500] {logging_mixin.py:190} INFO - [2025-01-04T20:44:07.752-0500] {dag.py:4180} INFO - Setting next_dagrun for example_setup_teardown to None, run_after=None
[2025-01-04T20:44:07.763-0500] {processor.py:208} INFO - Processing /Library/Frameworks/Python.framework/Versions/3.9/lib/python3.9/site-packages/airflow/example_dags/example_setup_teardown.py took 0.157 seconds
[2025-01-04T20:46:04.206-0500] {processor.py:186} INFO - Started process (PID=2975) to work on /Library/Frameworks/Python.framework/Versions/3.9/lib/python3.9/site-packages/airflow/example_dags/example_setup_teardown.py
[2025-01-04T20:46:04.213-0500] {processor.py:914} INFO - Processing file /Library/Frameworks/Python.framework/Versions/3.9/lib/python3.9/site-packages/airflow/example_dags/example_setup_teardown.py for tasks to queue
[2025-01-04T20:46:04.222-0500] {logging_mixin.py:190} INFO - [2025-01-04T20:46:04.222-0500] {dagbag.py:588} INFO - Filling up the DagBag from /Library/Frameworks/Python.framework/Versions/3.9/lib/python3.9/site-packages/airflow/example_dags/example_setup_teardown.py
[2025-01-04T20:46:04.254-0500] {processor.py:925} INFO - DAG(s) 'example_setup_teardown' retrieved from /Library/Frameworks/Python.framework/Versions/3.9/lib/python3.9/site-packages/airflow/example_dags/example_setup_teardown.py
[2025-01-04T20:46:04.349-0500] {logging_mixin.py:190} INFO - [2025-01-04T20:46:04.349-0500] {dag.py:3239} INFO - Sync 1 DAGs
[2025-01-04T20:46:04.362-0500] {logging_mixin.py:190} INFO - [2025-01-04T20:46:04.361-0500] {dag.py:4180} INFO - Setting next_dagrun for example_setup_teardown to None, run_after=None
[2025-01-04T20:46:04.410-0500] {processor.py:208} INFO - Processing /Library/Frameworks/Python.framework/Versions/3.9/lib/python3.9/site-packages/airflow/example_dags/example_setup_teardown.py took 0.212 seconds
[2025-01-04T20:47:57.324-0500] {processor.py:186} INFO - Started process (PID=3242) to work on /Library/Frameworks/Python.framework/Versions/3.9/lib/python3.9/site-packages/airflow/example_dags/example_setup_teardown.py
[2025-01-04T20:47:57.327-0500] {processor.py:914} INFO - Processing file /Library/Frameworks/Python.framework/Versions/3.9/lib/python3.9/site-packages/airflow/example_dags/example_setup_teardown.py for tasks to queue
[2025-01-04T20:47:57.327-0500] {logging_mixin.py:190} INFO - [2025-01-04T20:47:57.327-0500] {dagbag.py:588} INFO - Filling up the DagBag from /Library/Frameworks/Python.framework/Versions/3.9/lib/python3.9/site-packages/airflow/example_dags/example_setup_teardown.py
[2025-01-04T20:47:57.347-0500] {processor.py:925} INFO - DAG(s) 'example_setup_teardown' retrieved from /Library/Frameworks/Python.framework/Versions/3.9/lib/python3.9/site-packages/airflow/example_dags/example_setup_teardown.py
[2025-01-04T20:47:57.416-0500] {logging_mixin.py:190} INFO - [2025-01-04T20:47:57.416-0500] {dag.py:3239} INFO - Sync 1 DAGs
[2025-01-04T20:47:57.438-0500] {logging_mixin.py:190} INFO - [2025-01-04T20:47:57.438-0500] {dag.py:4180} INFO - Setting next_dagrun for example_setup_teardown to None, run_after=None
[2025-01-04T20:47:57.452-0500] {processor.py:208} INFO - Processing /Library/Frameworks/Python.framework/Versions/3.9/lib/python3.9/site-packages/airflow/example_dags/example_setup_teardown.py took 0.131 seconds
[2025-01-04T20:49:49.588-0500] {processor.py:186} INFO - Started process (PID=3691) to work on /Library/Frameworks/Python.framework/Versions/3.9/lib/python3.9/site-packages/airflow/example_dags/example_setup_teardown.py
[2025-01-04T20:49:49.589-0500] {processor.py:914} INFO - Processing file /Library/Frameworks/Python.framework/Versions/3.9/lib/python3.9/site-packages/airflow/example_dags/example_setup_teardown.py for tasks to queue
[2025-01-04T20:49:49.590-0500] {logging_mixin.py:190} INFO - [2025-01-04T20:49:49.590-0500] {dagbag.py:588} INFO - Filling up the DagBag from /Library/Frameworks/Python.framework/Versions/3.9/lib/python3.9/site-packages/airflow/example_dags/example_setup_teardown.py
[2025-01-04T20:49:49.596-0500] {processor.py:925} INFO - DAG(s) 'example_setup_teardown' retrieved from /Library/Frameworks/Python.framework/Versions/3.9/lib/python3.9/site-packages/airflow/example_dags/example_setup_teardown.py
[2025-01-04T20:49:49.661-0500] {logging_mixin.py:190} INFO - [2025-01-04T20:49:49.660-0500] {dag.py:3239} INFO - Sync 1 DAGs
[2025-01-04T20:49:49.667-0500] {logging_mixin.py:190} INFO - [2025-01-04T20:49:49.667-0500] {dag.py:4180} INFO - Setting next_dagrun for example_setup_teardown to None, run_after=None
[2025-01-04T20:49:49.677-0500] {processor.py:208} INFO - Processing /Library/Frameworks/Python.framework/Versions/3.9/lib/python3.9/site-packages/airflow/example_dags/example_setup_teardown.py took 0.091 seconds
