[2025-01-04T20:26:36.270-0500] {processor.py:186} INFO - Started process (PID=99402) to work on /Library/Frameworks/Python.framework/Versions/3.9/lib/python3.9/site-packages/airflow/example_dags/example_sensor_decorator.py
[2025-01-04T20:26:36.271-0500] {processor.py:914} INFO - Processing file /Library/Frameworks/Python.framework/Versions/3.9/lib/python3.9/site-packages/airflow/example_dags/example_sensor_decorator.py for tasks to queue
[2025-01-04T20:26:36.271-0500] {logging_mixin.py:190} INFO - [2025-01-04T20:26:36.271-0500] {dagbag.py:588} INFO - Filling up the DagBag from /Library/Frameworks/Python.framework/Versions/3.9/lib/python3.9/site-packages/airflow/example_dags/example_sensor_decorator.py
[2025-01-04T20:26:36.294-0500] {processor.py:925} INFO - DAG(s) 'example_sensor_decorator' retrieved from /Library/Frameworks/Python.framework/Versions/3.9/lib/python3.9/site-packages/airflow/example_dags/example_sensor_decorator.py
[2025-01-04T20:26:37.003-0500] {logging_mixin.py:190} INFO - [2025-01-04T20:26:37.003-0500] {override.py:1911} INFO - Created Permission View: can read on DAG:example_sensor_decorator
[2025-01-04T20:26:37.008-0500] {logging_mixin.py:190} INFO - [2025-01-04T20:26:37.008-0500] {override.py:1911} INFO - Created Permission View: can edit on DAG:example_sensor_decorator
[2025-01-04T20:26:37.011-0500] {logging_mixin.py:190} INFO - [2025-01-04T20:26:37.010-0500] {override.py:1911} INFO - Created Permission View: can delete on DAG:example_sensor_decorator
[2025-01-04T20:26:37.014-0500] {logging_mixin.py:190} INFO - [2025-01-04T20:26:37.013-0500] {override.py:1911} INFO - Created Permission View: can read on DAG Run:example_sensor_decorator
[2025-01-04T20:26:37.016-0500] {logging_mixin.py:190} INFO - [2025-01-04T20:26:37.016-0500] {override.py:1911} INFO - Created Permission View: can create on DAG Run:example_sensor_decorator
[2025-01-04T20:26:37.018-0500] {logging_mixin.py:190} INFO - [2025-01-04T20:26:37.018-0500] {override.py:1911} INFO - Created Permission View: can delete on DAG Run:example_sensor_decorator
[2025-01-04T20:26:37.020-0500] {logging_mixin.py:190} INFO - [2025-01-04T20:26:37.020-0500] {override.py:1911} INFO - Created Permission View: menu access on DAG Run:example_sensor_decorator
[2025-01-04T20:26:37.021-0500] {logging_mixin.py:190} INFO - [2025-01-04T20:26:37.020-0500] {dag.py:3239} INFO - Sync 1 DAGs
[2025-01-04T20:26:37.026-0500] {logging_mixin.py:190} INFO - [2025-01-04T20:26:37.026-0500] {dag.py:3262} INFO - Creating ORM DAG for example_sensor_decorator
[2025-01-04T20:26:37.026-0500] {logging_mixin.py:190} INFO - [2025-01-04T20:26:37.026-0500] {dag.py:4180} INFO - Setting next_dagrun for example_sensor_decorator to None, run_after=None
[2025-01-04T20:26:37.033-0500] {processor.py:208} INFO - Processing /Library/Frameworks/Python.framework/Versions/3.9/lib/python3.9/site-packages/airflow/example_dags/example_sensor_decorator.py took 0.766 seconds
[2025-01-04T20:28:45.085-0500] {processor.py:186} INFO - Started process (PID=99703) to work on /Library/Frameworks/Python.framework/Versions/3.9/lib/python3.9/site-packages/airflow/example_dags/example_sensor_decorator.py
[2025-01-04T20:28:45.086-0500] {processor.py:914} INFO - Processing file /Library/Frameworks/Python.framework/Versions/3.9/lib/python3.9/site-packages/airflow/example_dags/example_sensor_decorator.py for tasks to queue
[2025-01-04T20:28:45.086-0500] {logging_mixin.py:190} INFO - [2025-01-04T20:28:45.086-0500] {dagbag.py:588} INFO - Filling up the DagBag from /Library/Frameworks/Python.framework/Versions/3.9/lib/python3.9/site-packages/airflow/example_dags/example_sensor_decorator.py
[2025-01-04T20:28:45.103-0500] {processor.py:925} INFO - DAG(s) 'example_sensor_decorator' retrieved from /Library/Frameworks/Python.framework/Versions/3.9/lib/python3.9/site-packages/airflow/example_dags/example_sensor_decorator.py
[2025-01-04T20:28:45.504-0500] {logging_mixin.py:190} INFO - [2025-01-04T20:28:45.503-0500] {dag.py:3239} INFO - Sync 1 DAGs
[2025-01-04T20:28:45.512-0500] {logging_mixin.py:190} INFO - [2025-01-04T20:28:45.512-0500] {dag.py:4180} INFO - Setting next_dagrun for example_sensor_decorator to None, run_after=None
[2025-01-04T20:28:45.524-0500] {processor.py:208} INFO - Processing /Library/Frameworks/Python.framework/Versions/3.9/lib/python3.9/site-packages/airflow/example_dags/example_sensor_decorator.py took 0.441 seconds
[2025-01-04T20:30:23.558-0500] {processor.py:186} INFO - Started process (PID=99948) to work on /Library/Frameworks/Python.framework/Versions/3.9/lib/python3.9/site-packages/airflow/example_dags/example_sensor_decorator.py
[2025-01-04T20:30:23.559-0500] {processor.py:914} INFO - Processing file /Library/Frameworks/Python.framework/Versions/3.9/lib/python3.9/site-packages/airflow/example_dags/example_sensor_decorator.py for tasks to queue
[2025-01-04T20:30:23.559-0500] {logging_mixin.py:190} INFO - [2025-01-04T20:30:23.559-0500] {dagbag.py:588} INFO - Filling up the DagBag from /Library/Frameworks/Python.framework/Versions/3.9/lib/python3.9/site-packages/airflow/example_dags/example_sensor_decorator.py
[2025-01-04T20:30:23.575-0500] {processor.py:925} INFO - DAG(s) 'example_sensor_decorator' retrieved from /Library/Frameworks/Python.framework/Versions/3.9/lib/python3.9/site-packages/airflow/example_dags/example_sensor_decorator.py
[2025-01-04T20:30:23.966-0500] {logging_mixin.py:190} INFO - [2025-01-04T20:30:23.966-0500] {dag.py:3239} INFO - Sync 1 DAGs
[2025-01-04T20:30:23.973-0500] {logging_mixin.py:190} INFO - [2025-01-04T20:30:23.972-0500] {dag.py:4180} INFO - Setting next_dagrun for example_sensor_decorator to None, run_after=None
[2025-01-04T20:30:23.985-0500] {processor.py:208} INFO - Processing /Library/Frameworks/Python.framework/Versions/3.9/lib/python3.9/site-packages/airflow/example_dags/example_sensor_decorator.py took 0.430 seconds
[2025-01-04T20:32:05.165-0500] {processor.py:186} INFO - Started process (PID=422) to work on /Library/Frameworks/Python.framework/Versions/3.9/lib/python3.9/site-packages/airflow/example_dags/example_sensor_decorator.py
[2025-01-04T20:32:05.166-0500] {processor.py:914} INFO - Processing file /Library/Frameworks/Python.framework/Versions/3.9/lib/python3.9/site-packages/airflow/example_dags/example_sensor_decorator.py for tasks to queue
[2025-01-04T20:32:05.166-0500] {logging_mixin.py:190} INFO - [2025-01-04T20:32:05.166-0500] {dagbag.py:588} INFO - Filling up the DagBag from /Library/Frameworks/Python.framework/Versions/3.9/lib/python3.9/site-packages/airflow/example_dags/example_sensor_decorator.py
[2025-01-04T20:32:05.182-0500] {processor.py:925} INFO - DAG(s) 'example_sensor_decorator' retrieved from /Library/Frameworks/Python.framework/Versions/3.9/lib/python3.9/site-packages/airflow/example_dags/example_sensor_decorator.py
[2025-01-04T20:32:05.544-0500] {logging_mixin.py:190} INFO - [2025-01-04T20:32:05.544-0500] {dag.py:3239} INFO - Sync 1 DAGs
[2025-01-04T20:32:05.549-0500] {logging_mixin.py:190} INFO - [2025-01-04T20:32:05.549-0500] {dag.py:4180} INFO - Setting next_dagrun for example_sensor_decorator to None, run_after=None
[2025-01-04T20:32:05.562-0500] {processor.py:208} INFO - Processing /Library/Frameworks/Python.framework/Versions/3.9/lib/python3.9/site-packages/airflow/example_dags/example_sensor_decorator.py took 0.400 seconds
[2025-01-04T20:33:45.480-0500] {processor.py:186} INFO - Started process (PID=778) to work on /Library/Frameworks/Python.framework/Versions/3.9/lib/python3.9/site-packages/airflow/example_dags/example_sensor_decorator.py
[2025-01-04T20:33:45.482-0500] {processor.py:914} INFO - Processing file /Library/Frameworks/Python.framework/Versions/3.9/lib/python3.9/site-packages/airflow/example_dags/example_sensor_decorator.py for tasks to queue
[2025-01-04T20:33:45.482-0500] {logging_mixin.py:190} INFO - [2025-01-04T20:33:45.482-0500] {dagbag.py:588} INFO - Filling up the DagBag from /Library/Frameworks/Python.framework/Versions/3.9/lib/python3.9/site-packages/airflow/example_dags/example_sensor_decorator.py
[2025-01-04T20:33:45.500-0500] {processor.py:925} INFO - DAG(s) 'example_sensor_decorator' retrieved from /Library/Frameworks/Python.framework/Versions/3.9/lib/python3.9/site-packages/airflow/example_dags/example_sensor_decorator.py
[2025-01-04T20:33:45.990-0500] {logging_mixin.py:190} INFO - [2025-01-04T20:33:45.990-0500] {dag.py:3239} INFO - Sync 1 DAGs
[2025-01-04T20:33:45.999-0500] {logging_mixin.py:190} INFO - [2025-01-04T20:33:45.998-0500] {dag.py:4180} INFO - Setting next_dagrun for example_sensor_decorator to None, run_after=None
[2025-01-04T20:33:46.024-0500] {processor.py:208} INFO - Processing /Library/Frameworks/Python.framework/Versions/3.9/lib/python3.9/site-packages/airflow/example_dags/example_sensor_decorator.py took 0.546 seconds
[2025-01-04T20:35:37.923-0500] {processor.py:186} INFO - Started process (PID=1151) to work on /Library/Frameworks/Python.framework/Versions/3.9/lib/python3.9/site-packages/airflow/example_dags/example_sensor_decorator.py
[2025-01-04T20:35:37.926-0500] {processor.py:914} INFO - Processing file /Library/Frameworks/Python.framework/Versions/3.9/lib/python3.9/site-packages/airflow/example_dags/example_sensor_decorator.py for tasks to queue
[2025-01-04T20:35:37.926-0500] {logging_mixin.py:190} INFO - [2025-01-04T20:35:37.926-0500] {dagbag.py:588} INFO - Filling up the DagBag from /Library/Frameworks/Python.framework/Versions/3.9/lib/python3.9/site-packages/airflow/example_dags/example_sensor_decorator.py
[2025-01-04T20:35:37.945-0500] {processor.py:925} INFO - DAG(s) 'example_sensor_decorator' retrieved from /Library/Frameworks/Python.framework/Versions/3.9/lib/python3.9/site-packages/airflow/example_dags/example_sensor_decorator.py
[2025-01-04T20:35:38.363-0500] {logging_mixin.py:190} INFO - [2025-01-04T20:35:38.363-0500] {dag.py:3239} INFO - Sync 1 DAGs
[2025-01-04T20:35:38.369-0500] {logging_mixin.py:190} INFO - [2025-01-04T20:35:38.369-0500] {dag.py:4180} INFO - Setting next_dagrun for example_sensor_decorator to None, run_after=None
[2025-01-04T20:35:38.380-0500] {processor.py:208} INFO - Processing /Library/Frameworks/Python.framework/Versions/3.9/lib/python3.9/site-packages/airflow/example_dags/example_sensor_decorator.py took 0.458 seconds
[2025-01-04T20:37:25.692-0500] {processor.py:186} INFO - Started process (PID=1490) to work on /Library/Frameworks/Python.framework/Versions/3.9/lib/python3.9/site-packages/airflow/example_dags/example_sensor_decorator.py
[2025-01-04T20:37:25.694-0500] {processor.py:914} INFO - Processing file /Library/Frameworks/Python.framework/Versions/3.9/lib/python3.9/site-packages/airflow/example_dags/example_sensor_decorator.py for tasks to queue
[2025-01-04T20:37:25.695-0500] {logging_mixin.py:190} INFO - [2025-01-04T20:37:25.695-0500] {dagbag.py:588} INFO - Filling up the DagBag from /Library/Frameworks/Python.framework/Versions/3.9/lib/python3.9/site-packages/airflow/example_dags/example_sensor_decorator.py
[2025-01-04T20:37:25.718-0500] {processor.py:925} INFO - DAG(s) 'example_sensor_decorator' retrieved from /Library/Frameworks/Python.framework/Versions/3.9/lib/python3.9/site-packages/airflow/example_dags/example_sensor_decorator.py
[2025-01-04T20:37:26.113-0500] {logging_mixin.py:190} INFO - [2025-01-04T20:37:26.113-0500] {dag.py:3239} INFO - Sync 1 DAGs
[2025-01-04T20:37:26.120-0500] {logging_mixin.py:190} INFO - [2025-01-04T20:37:26.119-0500] {dag.py:4180} INFO - Setting next_dagrun for example_sensor_decorator to None, run_after=None
[2025-01-04T20:37:26.217-0500] {processor.py:208} INFO - Processing /Library/Frameworks/Python.framework/Versions/3.9/lib/python3.9/site-packages/airflow/example_dags/example_sensor_decorator.py took 0.527 seconds
[2025-01-04T20:39:07.928-0500] {processor.py:186} INFO - Started process (PID=1829) to work on /Library/Frameworks/Python.framework/Versions/3.9/lib/python3.9/site-packages/airflow/example_dags/example_sensor_decorator.py
[2025-01-04T20:39:07.929-0500] {processor.py:914} INFO - Processing file /Library/Frameworks/Python.framework/Versions/3.9/lib/python3.9/site-packages/airflow/example_dags/example_sensor_decorator.py for tasks to queue
[2025-01-04T20:39:07.930-0500] {logging_mixin.py:190} INFO - [2025-01-04T20:39:07.929-0500] {dagbag.py:588} INFO - Filling up the DagBag from /Library/Frameworks/Python.framework/Versions/3.9/lib/python3.9/site-packages/airflow/example_dags/example_sensor_decorator.py
[2025-01-04T20:39:07.954-0500] {processor.py:925} INFO - DAG(s) 'example_sensor_decorator' retrieved from /Library/Frameworks/Python.framework/Versions/3.9/lib/python3.9/site-packages/airflow/example_dags/example_sensor_decorator.py
[2025-01-04T20:39:08.426-0500] {logging_mixin.py:190} INFO - [2025-01-04T20:39:08.425-0500] {dag.py:3239} INFO - Sync 1 DAGs
[2025-01-04T20:39:08.434-0500] {logging_mixin.py:190} INFO - [2025-01-04T20:39:08.433-0500] {dag.py:4180} INFO - Setting next_dagrun for example_sensor_decorator to None, run_after=None
[2025-01-04T20:39:08.447-0500] {processor.py:208} INFO - Processing /Library/Frameworks/Python.framework/Versions/3.9/lib/python3.9/site-packages/airflow/example_dags/example_sensor_decorator.py took 0.522 seconds
[2025-01-04T20:40:48.702-0500] {processor.py:186} INFO - Started process (PID=2141) to work on /Library/Frameworks/Python.framework/Versions/3.9/lib/python3.9/site-packages/airflow/example_dags/example_sensor_decorator.py
[2025-01-04T20:40:48.704-0500] {processor.py:914} INFO - Processing file /Library/Frameworks/Python.framework/Versions/3.9/lib/python3.9/site-packages/airflow/example_dags/example_sensor_decorator.py for tasks to queue
[2025-01-04T20:40:48.705-0500] {logging_mixin.py:190} INFO - [2025-01-04T20:40:48.705-0500] {dagbag.py:588} INFO - Filling up the DagBag from /Library/Frameworks/Python.framework/Versions/3.9/lib/python3.9/site-packages/airflow/example_dags/example_sensor_decorator.py
[2025-01-04T20:40:48.735-0500] {processor.py:925} INFO - DAG(s) 'example_sensor_decorator' retrieved from /Library/Frameworks/Python.framework/Versions/3.9/lib/python3.9/site-packages/airflow/example_dags/example_sensor_decorator.py
[2025-01-04T20:40:49.104-0500] {logging_mixin.py:190} INFO - [2025-01-04T20:40:49.104-0500] {dag.py:3239} INFO - Sync 1 DAGs
[2025-01-04T20:40:49.110-0500] {logging_mixin.py:190} INFO - [2025-01-04T20:40:49.110-0500] {dag.py:4180} INFO - Setting next_dagrun for example_sensor_decorator to None, run_after=None
[2025-01-04T20:40:49.120-0500] {processor.py:208} INFO - Processing /Library/Frameworks/Python.framework/Versions/3.9/lib/python3.9/site-packages/airflow/example_dags/example_sensor_decorator.py took 0.421 seconds
[2025-01-04T20:42:28.627-0500] {processor.py:186} INFO - Started process (PID=2342) to work on /Library/Frameworks/Python.framework/Versions/3.9/lib/python3.9/site-packages/airflow/example_dags/example_sensor_decorator.py
[2025-01-04T20:42:28.629-0500] {processor.py:914} INFO - Processing file /Library/Frameworks/Python.framework/Versions/3.9/lib/python3.9/site-packages/airflow/example_dags/example_sensor_decorator.py for tasks to queue
[2025-01-04T20:42:28.629-0500] {logging_mixin.py:190} INFO - [2025-01-04T20:42:28.629-0500] {dagbag.py:588} INFO - Filling up the DagBag from /Library/Frameworks/Python.framework/Versions/3.9/lib/python3.9/site-packages/airflow/example_dags/example_sensor_decorator.py
[2025-01-04T20:42:28.651-0500] {processor.py:925} INFO - DAG(s) 'example_sensor_decorator' retrieved from /Library/Frameworks/Python.framework/Versions/3.9/lib/python3.9/site-packages/airflow/example_dags/example_sensor_decorator.py
[2025-01-04T20:42:29.057-0500] {logging_mixin.py:190} INFO - [2025-01-04T20:42:29.057-0500] {dag.py:3239} INFO - Sync 1 DAGs
[2025-01-04T20:42:29.063-0500] {logging_mixin.py:190} INFO - [2025-01-04T20:42:29.063-0500] {dag.py:4180} INFO - Setting next_dagrun for example_sensor_decorator to None, run_after=None
[2025-01-04T20:42:29.090-0500] {processor.py:208} INFO - Processing /Library/Frameworks/Python.framework/Versions/3.9/lib/python3.9/site-packages/airflow/example_dags/example_sensor_decorator.py took 0.465 seconds
[2025-01-04T20:44:12.964-0500] {processor.py:186} INFO - Started process (PID=2629) to work on /Library/Frameworks/Python.framework/Versions/3.9/lib/python3.9/site-packages/airflow/example_dags/example_sensor_decorator.py
[2025-01-04T20:44:12.965-0500] {processor.py:914} INFO - Processing file /Library/Frameworks/Python.framework/Versions/3.9/lib/python3.9/site-packages/airflow/example_dags/example_sensor_decorator.py for tasks to queue
[2025-01-04T20:44:12.968-0500] {logging_mixin.py:190} INFO - [2025-01-04T20:44:12.967-0500] {dagbag.py:588} INFO - Filling up the DagBag from /Library/Frameworks/Python.framework/Versions/3.9/lib/python3.9/site-packages/airflow/example_dags/example_sensor_decorator.py
[2025-01-04T20:44:12.998-0500] {processor.py:925} INFO - DAG(s) 'example_sensor_decorator' retrieved from /Library/Frameworks/Python.framework/Versions/3.9/lib/python3.9/site-packages/airflow/example_dags/example_sensor_decorator.py
[2025-01-04T20:44:13.997-0500] {logging_mixin.py:190} INFO - [2025-01-04T20:44:13.995-0500] {dag.py:3239} INFO - Sync 1 DAGs
[2025-01-04T20:44:14.007-0500] {logging_mixin.py:190} INFO - [2025-01-04T20:44:14.007-0500] {dag.py:4180} INFO - Setting next_dagrun for example_sensor_decorator to None, run_after=None
[2025-01-04T20:44:14.025-0500] {processor.py:208} INFO - Processing /Library/Frameworks/Python.framework/Versions/3.9/lib/python3.9/site-packages/airflow/example_dags/example_sensor_decorator.py took 1.064 seconds
[2025-01-04T20:46:08.879-0500] {processor.py:186} INFO - Started process (PID=2986) to work on /Library/Frameworks/Python.framework/Versions/3.9/lib/python3.9/site-packages/airflow/example_dags/example_sensor_decorator.py
[2025-01-04T20:46:08.881-0500] {processor.py:914} INFO - Processing file /Library/Frameworks/Python.framework/Versions/3.9/lib/python3.9/site-packages/airflow/example_dags/example_sensor_decorator.py for tasks to queue
[2025-01-04T20:46:08.881-0500] {logging_mixin.py:190} INFO - [2025-01-04T20:46:08.881-0500] {dagbag.py:588} INFO - Filling up the DagBag from /Library/Frameworks/Python.framework/Versions/3.9/lib/python3.9/site-packages/airflow/example_dags/example_sensor_decorator.py
[2025-01-04T20:46:08.915-0500] {processor.py:925} INFO - DAG(s) 'example_sensor_decorator' retrieved from /Library/Frameworks/Python.framework/Versions/3.9/lib/python3.9/site-packages/airflow/example_dags/example_sensor_decorator.py
[2025-01-04T20:46:09.379-0500] {logging_mixin.py:190} INFO - [2025-01-04T20:46:09.378-0500] {dag.py:3239} INFO - Sync 1 DAGs
[2025-01-04T20:46:09.386-0500] {logging_mixin.py:190} INFO - [2025-01-04T20:46:09.386-0500] {dag.py:4180} INFO - Setting next_dagrun for example_sensor_decorator to None, run_after=None
[2025-01-04T20:46:09.409-0500] {processor.py:208} INFO - Processing /Library/Frameworks/Python.framework/Versions/3.9/lib/python3.9/site-packages/airflow/example_dags/example_sensor_decorator.py took 0.531 seconds
[2025-01-04T20:48:03.199-0500] {processor.py:186} INFO - Started process (PID=3257) to work on /Library/Frameworks/Python.framework/Versions/3.9/lib/python3.9/site-packages/airflow/example_dags/example_sensor_decorator.py
[2025-01-04T20:48:03.200-0500] {processor.py:914} INFO - Processing file /Library/Frameworks/Python.framework/Versions/3.9/lib/python3.9/site-packages/airflow/example_dags/example_sensor_decorator.py for tasks to queue
[2025-01-04T20:48:03.201-0500] {logging_mixin.py:190} INFO - [2025-01-04T20:48:03.201-0500] {dagbag.py:588} INFO - Filling up the DagBag from /Library/Frameworks/Python.framework/Versions/3.9/lib/python3.9/site-packages/airflow/example_dags/example_sensor_decorator.py
[2025-01-04T20:48:03.217-0500] {processor.py:925} INFO - DAG(s) 'example_sensor_decorator' retrieved from /Library/Frameworks/Python.framework/Versions/3.9/lib/python3.9/site-packages/airflow/example_dags/example_sensor_decorator.py
[2025-01-04T20:48:03.598-0500] {logging_mixin.py:190} INFO - [2025-01-04T20:48:03.598-0500] {dag.py:3239} INFO - Sync 1 DAGs
[2025-01-04T20:48:03.603-0500] {logging_mixin.py:190} INFO - [2025-01-04T20:48:03.603-0500] {dag.py:4180} INFO - Setting next_dagrun for example_sensor_decorator to None, run_after=None
[2025-01-04T20:48:03.615-0500] {processor.py:208} INFO - Processing /Library/Frameworks/Python.framework/Versions/3.9/lib/python3.9/site-packages/airflow/example_dags/example_sensor_decorator.py took 0.418 seconds
[2025-01-04T20:49:54.715-0500] {processor.py:186} INFO - Started process (PID=3710) to work on /Library/Frameworks/Python.framework/Versions/3.9/lib/python3.9/site-packages/airflow/example_dags/example_sensor_decorator.py
[2025-01-04T20:49:54.716-0500] {processor.py:914} INFO - Processing file /Library/Frameworks/Python.framework/Versions/3.9/lib/python3.9/site-packages/airflow/example_dags/example_sensor_decorator.py for tasks to queue
[2025-01-04T20:49:54.716-0500] {logging_mixin.py:190} INFO - [2025-01-04T20:49:54.716-0500] {dagbag.py:588} INFO - Filling up the DagBag from /Library/Frameworks/Python.framework/Versions/3.9/lib/python3.9/site-packages/airflow/example_dags/example_sensor_decorator.py
[2025-01-04T20:49:54.731-0500] {processor.py:925} INFO - DAG(s) 'example_sensor_decorator' retrieved from /Library/Frameworks/Python.framework/Versions/3.9/lib/python3.9/site-packages/airflow/example_dags/example_sensor_decorator.py
[2025-01-04T20:49:55.098-0500] {logging_mixin.py:190} INFO - [2025-01-04T20:49:55.097-0500] {dag.py:3239} INFO - Sync 1 DAGs
[2025-01-04T20:49:55.103-0500] {logging_mixin.py:190} INFO - [2025-01-04T20:49:55.102-0500] {dag.py:4180} INFO - Setting next_dagrun for example_sensor_decorator to None, run_after=None
[2025-01-04T20:49:55.113-0500] {processor.py:208} INFO - Processing /Library/Frameworks/Python.framework/Versions/3.9/lib/python3.9/site-packages/airflow/example_dags/example_sensor_decorator.py took 0.400 seconds
