[2025-01-04T20:27:30.430-0500] {processor.py:186} INFO - Started process (PID=99490) to work on /Library/Frameworks/Python.framework/Versions/3.9/lib/python3.9/site-packages/airflow/example_dags/example_branch_python_dop_operator_3.py
[2025-01-04T20:27:30.430-0500] {processor.py:914} INFO - Processing file /Library/Frameworks/Python.framework/Versions/3.9/lib/python3.9/site-packages/airflow/example_dags/example_branch_python_dop_operator_3.py for tasks to queue
[2025-01-04T20:27:30.431-0500] {logging_mixin.py:190} INFO - [2025-01-04T20:27:30.431-0500] {dagbag.py:588} INFO - Filling up the DagBag from /Library/Frameworks/Python.framework/Versions/3.9/lib/python3.9/site-packages/airflow/example_dags/example_branch_python_dop_operator_3.py
[2025-01-04T20:27:30.460-0500] {processor.py:925} INFO - DAG(s) 'example_branch_dop_operator_v3' retrieved from /Library/Frameworks/Python.framework/Versions/3.9/lib/python3.9/site-packages/airflow/example_dags/example_branch_python_dop_operator_3.py
[2025-01-04T20:27:30.583-0500] {logging_mixin.py:190} INFO - [2025-01-04T20:27:30.583-0500] {override.py:1911} INFO - Created Permission View: can read on DAG:example_branch_dop_operator_v3
[2025-01-04T20:27:30.592-0500] {logging_mixin.py:190} INFO - [2025-01-04T20:27:30.592-0500] {override.py:1911} INFO - Created Permission View: can delete on DAG:example_branch_dop_operator_v3
[2025-01-04T20:27:30.596-0500] {logging_mixin.py:190} INFO - [2025-01-04T20:27:30.596-0500] {override.py:1911} INFO - Created Permission View: can edit on DAG:example_branch_dop_operator_v3
[2025-01-04T20:27:30.601-0500] {logging_mixin.py:190} INFO - [2025-01-04T20:27:30.600-0500] {override.py:1911} INFO - Created Permission View: can read on DAG Run:example_branch_dop_operator_v3
[2025-01-04T20:27:30.606-0500] {logging_mixin.py:190} INFO - [2025-01-04T20:27:30.606-0500] {override.py:1911} INFO - Created Permission View: menu access on DAG Run:example_branch_dop_operator_v3
[2025-01-04T20:27:30.613-0500] {logging_mixin.py:190} INFO - [2025-01-04T20:27:30.613-0500] {override.py:1911} INFO - Created Permission View: can create on DAG Run:example_branch_dop_operator_v3
[2025-01-04T20:27:30.617-0500] {logging_mixin.py:190} INFO - [2025-01-04T20:27:30.617-0500] {override.py:1911} INFO - Created Permission View: can delete on DAG Run:example_branch_dop_operator_v3
[2025-01-04T20:27:30.617-0500] {logging_mixin.py:190} INFO - [2025-01-04T20:27:30.617-0500] {dag.py:3239} INFO - Sync 1 DAGs
[2025-01-04T20:27:30.625-0500] {logging_mixin.py:190} INFO - [2025-01-04T20:27:30.625-0500] {dag.py:3262} INFO - Creating ORM DAG for example_branch_dop_operator_v3
[2025-01-04T20:27:30.631-0500] {logging_mixin.py:190} INFO - [2025-01-04T20:27:30.631-0500] {dag.py:4180} INFO - Setting next_dagrun for example_branch_dop_operator_v3 to 2025-01-05 01:26:00+00:00, run_after=2025-01-05 01:27:00+00:00
[2025-01-04T20:27:30.641-0500] {processor.py:208} INFO - Processing /Library/Frameworks/Python.framework/Versions/3.9/lib/python3.9/site-packages/airflow/example_dags/example_branch_python_dop_operator_3.py took 0.213 seconds
[2025-01-04T20:30:41.165-0500] {processor.py:186} INFO - Started process (PID=119) to work on /Library/Frameworks/Python.framework/Versions/3.9/lib/python3.9/site-packages/airflow/example_dags/example_branch_python_dop_operator_3.py
[2025-01-04T20:30:41.175-0500] {processor.py:914} INFO - Processing file /Library/Frameworks/Python.framework/Versions/3.9/lib/python3.9/site-packages/airflow/example_dags/example_branch_python_dop_operator_3.py for tasks to queue
[2025-01-04T20:30:41.176-0500] {logging_mixin.py:190} INFO - [2025-01-04T20:30:41.176-0500] {dagbag.py:588} INFO - Filling up the DagBag from /Library/Frameworks/Python.framework/Versions/3.9/lib/python3.9/site-packages/airflow/example_dags/example_branch_python_dop_operator_3.py
[2025-01-04T20:30:41.199-0500] {processor.py:925} INFO - DAG(s) 'example_branch_dop_operator_v3' retrieved from /Library/Frameworks/Python.framework/Versions/3.9/lib/python3.9/site-packages/airflow/example_dags/example_branch_python_dop_operator_3.py
[2025-01-04T20:30:41.245-0500] {logging_mixin.py:190} INFO - [2025-01-04T20:30:41.245-0500] {dag.py:3239} INFO - Sync 1 DAGs
[2025-01-04T20:30:41.256-0500] {logging_mixin.py:190} INFO - [2025-01-04T20:30:41.256-0500] {dag.py:4180} INFO - Setting next_dagrun for example_branch_dop_operator_v3 to 2025-01-05 01:29:00+00:00, run_after=2025-01-05 01:30:00+00:00
[2025-01-04T20:30:41.271-0500] {processor.py:208} INFO - Processing /Library/Frameworks/Python.framework/Versions/3.9/lib/python3.9/site-packages/airflow/example_dags/example_branch_python_dop_operator_3.py took 0.113 seconds
[2025-01-04T20:34:09.470-0500] {processor.py:186} INFO - Started process (PID=833) to work on /Library/Frameworks/Python.framework/Versions/3.9/lib/python3.9/site-packages/airflow/example_dags/example_branch_python_dop_operator_3.py
[2025-01-04T20:34:09.472-0500] {processor.py:914} INFO - Processing file /Library/Frameworks/Python.framework/Versions/3.9/lib/python3.9/site-packages/airflow/example_dags/example_branch_python_dop_operator_3.py for tasks to queue
[2025-01-04T20:34:09.472-0500] {logging_mixin.py:190} INFO - [2025-01-04T20:34:09.472-0500] {dagbag.py:588} INFO - Filling up the DagBag from /Library/Frameworks/Python.framework/Versions/3.9/lib/python3.9/site-packages/airflow/example_dags/example_branch_python_dop_operator_3.py
[2025-01-04T20:34:09.490-0500] {processor.py:925} INFO - DAG(s) 'example_branch_dop_operator_v3' retrieved from /Library/Frameworks/Python.framework/Versions/3.9/lib/python3.9/site-packages/airflow/example_dags/example_branch_python_dop_operator_3.py
[2025-01-04T20:34:09.540-0500] {logging_mixin.py:190} INFO - [2025-01-04T20:34:09.540-0500] {dag.py:3239} INFO - Sync 1 DAGs
[2025-01-04T20:34:09.552-0500] {logging_mixin.py:190} INFO - [2025-01-04T20:34:09.551-0500] {dag.py:4180} INFO - Setting next_dagrun for example_branch_dop_operator_v3 to 2025-01-05 01:33:00+00:00, run_after=2025-01-05 01:34:00+00:00
[2025-01-04T20:34:09.570-0500] {processor.py:208} INFO - Processing /Library/Frameworks/Python.framework/Versions/3.9/lib/python3.9/site-packages/airflow/example_dags/example_branch_python_dop_operator_3.py took 0.102 seconds
[2025-01-04T20:37:42.829-0500] {processor.py:186} INFO - Started process (PID=1563) to work on /Library/Frameworks/Python.framework/Versions/3.9/lib/python3.9/site-packages/airflow/example_dags/example_branch_python_dop_operator_3.py
[2025-01-04T20:37:42.830-0500] {processor.py:914} INFO - Processing file /Library/Frameworks/Python.framework/Versions/3.9/lib/python3.9/site-packages/airflow/example_dags/example_branch_python_dop_operator_3.py for tasks to queue
[2025-01-04T20:37:42.831-0500] {logging_mixin.py:190} INFO - [2025-01-04T20:37:42.831-0500] {dagbag.py:588} INFO - Filling up the DagBag from /Library/Frameworks/Python.framework/Versions/3.9/lib/python3.9/site-packages/airflow/example_dags/example_branch_python_dop_operator_3.py
[2025-01-04T20:37:42.856-0500] {processor.py:925} INFO - DAG(s) 'example_branch_dop_operator_v3' retrieved from /Library/Frameworks/Python.framework/Versions/3.9/lib/python3.9/site-packages/airflow/example_dags/example_branch_python_dop_operator_3.py
[2025-01-04T20:37:42.903-0500] {logging_mixin.py:190} INFO - [2025-01-04T20:37:42.903-0500] {dag.py:3239} INFO - Sync 1 DAGs
[2025-01-04T20:37:42.913-0500] {logging_mixin.py:190} INFO - [2025-01-04T20:37:42.912-0500] {dag.py:4180} INFO - Setting next_dagrun for example_branch_dop_operator_v3 to 2025-01-05 01:36:00+00:00, run_after=2025-01-05 01:37:00+00:00
[2025-01-04T20:37:42.926-0500] {processor.py:208} INFO - Processing /Library/Frameworks/Python.framework/Versions/3.9/lib/python3.9/site-packages/airflow/example_dags/example_branch_python_dop_operator_3.py took 0.099 seconds
[2025-01-04T20:41:10.019-0500] {processor.py:186} INFO - Started process (PID=2205) to work on /Library/Frameworks/Python.framework/Versions/3.9/lib/python3.9/site-packages/airflow/example_dags/example_branch_python_dop_operator_3.py
[2025-01-04T20:41:10.020-0500] {processor.py:914} INFO - Processing file /Library/Frameworks/Python.framework/Versions/3.9/lib/python3.9/site-packages/airflow/example_dags/example_branch_python_dop_operator_3.py for tasks to queue
[2025-01-04T20:41:10.020-0500] {logging_mixin.py:190} INFO - [2025-01-04T20:41:10.020-0500] {dagbag.py:588} INFO - Filling up the DagBag from /Library/Frameworks/Python.framework/Versions/3.9/lib/python3.9/site-packages/airflow/example_dags/example_branch_python_dop_operator_3.py
[2025-01-04T20:41:10.046-0500] {processor.py:925} INFO - DAG(s) 'example_branch_dop_operator_v3' retrieved from /Library/Frameworks/Python.framework/Versions/3.9/lib/python3.9/site-packages/airflow/example_dags/example_branch_python_dop_operator_3.py
[2025-01-04T20:41:10.098-0500] {logging_mixin.py:190} INFO - [2025-01-04T20:41:10.098-0500] {dag.py:3239} INFO - Sync 1 DAGs
[2025-01-04T20:41:10.109-0500] {logging_mixin.py:190} INFO - [2025-01-04T20:41:10.109-0500] {dag.py:4180} INFO - Setting next_dagrun for example_branch_dop_operator_v3 to 2025-01-05 01:40:00+00:00, run_after=2025-01-05 01:41:00+00:00
[2025-01-04T20:41:10.124-0500] {processor.py:208} INFO - Processing /Library/Frameworks/Python.framework/Versions/3.9/lib/python3.9/site-packages/airflow/example_dags/example_branch_python_dop_operator_3.py took 0.107 seconds
[2025-01-04T20:44:38.536-0500] {processor.py:186} INFO - Started process (PID=2701) to work on /Library/Frameworks/Python.framework/Versions/3.9/lib/python3.9/site-packages/airflow/example_dags/example_branch_python_dop_operator_3.py
[2025-01-04T20:44:38.538-0500] {processor.py:914} INFO - Processing file /Library/Frameworks/Python.framework/Versions/3.9/lib/python3.9/site-packages/airflow/example_dags/example_branch_python_dop_operator_3.py for tasks to queue
[2025-01-04T20:44:38.539-0500] {logging_mixin.py:190} INFO - [2025-01-04T20:44:38.539-0500] {dagbag.py:588} INFO - Filling up the DagBag from /Library/Frameworks/Python.framework/Versions/3.9/lib/python3.9/site-packages/airflow/example_dags/example_branch_python_dop_operator_3.py
[2025-01-04T20:44:38.564-0500] {processor.py:925} INFO - DAG(s) 'example_branch_dop_operator_v3' retrieved from /Library/Frameworks/Python.framework/Versions/3.9/lib/python3.9/site-packages/airflow/example_dags/example_branch_python_dop_operator_3.py
[2025-01-04T20:44:38.618-0500] {logging_mixin.py:190} INFO - [2025-01-04T20:44:38.618-0500] {dag.py:3239} INFO - Sync 1 DAGs
[2025-01-04T20:44:38.629-0500] {logging_mixin.py:190} INFO - [2025-01-04T20:44:38.629-0500] {dag.py:4180} INFO - Setting next_dagrun for example_branch_dop_operator_v3 to 2025-01-05 01:43:00+00:00, run_after=2025-01-05 01:44:00+00:00
[2025-01-04T20:44:38.645-0500] {processor.py:208} INFO - Processing /Library/Frameworks/Python.framework/Versions/3.9/lib/python3.9/site-packages/airflow/example_dags/example_branch_python_dop_operator_3.py took 0.111 seconds
[2025-01-04T20:48:24.211-0500] {processor.py:186} INFO - Started process (PID=3353) to work on /Library/Frameworks/Python.framework/Versions/3.9/lib/python3.9/site-packages/airflow/example_dags/example_branch_python_dop_operator_3.py
[2025-01-04T20:48:24.212-0500] {processor.py:914} INFO - Processing file /Library/Frameworks/Python.framework/Versions/3.9/lib/python3.9/site-packages/airflow/example_dags/example_branch_python_dop_operator_3.py for tasks to queue
[2025-01-04T20:48:24.212-0500] {logging_mixin.py:190} INFO - [2025-01-04T20:48:24.212-0500] {dagbag.py:588} INFO - Filling up the DagBag from /Library/Frameworks/Python.framework/Versions/3.9/lib/python3.9/site-packages/airflow/example_dags/example_branch_python_dop_operator_3.py
[2025-01-04T20:48:24.231-0500] {processor.py:925} INFO - DAG(s) 'example_branch_dop_operator_v3' retrieved from /Library/Frameworks/Python.framework/Versions/3.9/lib/python3.9/site-packages/airflow/example_dags/example_branch_python_dop_operator_3.py
[2025-01-04T20:48:24.276-0500] {logging_mixin.py:190} INFO - [2025-01-04T20:48:24.276-0500] {dag.py:3239} INFO - Sync 1 DAGs
[2025-01-04T20:48:24.286-0500] {logging_mixin.py:190} INFO - [2025-01-04T20:48:24.286-0500] {dag.py:4180} INFO - Setting next_dagrun for example_branch_dop_operator_v3 to 2025-01-05 01:47:00+00:00, run_after=2025-01-05 01:48:00+00:00
[2025-01-04T20:48:24.296-0500] {processor.py:208} INFO - Processing /Library/Frameworks/Python.framework/Versions/3.9/lib/python3.9/site-packages/airflow/example_dags/example_branch_python_dop_operator_3.py took 0.087 seconds
