[2025-01-04T20:27:36.630-0500] {processor.py:186} INFO - Started process (PID=99513) to work on /Library/Frameworks/Python.framework/Versions/3.9/lib/python3.9/site-packages/airflow/example_dags/example_branch_labels.py
[2025-01-04T20:27:36.631-0500] {processor.py:914} INFO - Processing file /Library/Frameworks/Python.framework/Versions/3.9/lib/python3.9/site-packages/airflow/example_dags/example_branch_labels.py for tasks to queue
[2025-01-04T20:27:36.631-0500] {logging_mixin.py:190} INFO - [2025-01-04T20:27:36.631-0500] {dagbag.py:588} INFO - Filling up the DagBag from /Library/Frameworks/Python.framework/Versions/3.9/lib/python3.9/site-packages/airflow/example_dags/example_branch_labels.py
[2025-01-04T20:27:36.635-0500] {processor.py:925} INFO - DAG(s) 'example_branch_labels' retrieved from /Library/Frameworks/Python.framework/Versions/3.9/lib/python3.9/site-packages/airflow/example_dags/example_branch_labels.py
[2025-01-04T20:27:36.718-0500] {logging_mixin.py:190} INFO - [2025-01-04T20:27:36.717-0500] {override.py:1911} INFO - Created Permission View: can read on DAG:example_branch_labels
[2025-01-04T20:27:36.722-0500] {logging_mixin.py:190} INFO - [2025-01-04T20:27:36.722-0500] {override.py:1911} INFO - Created Permission View: can edit on DAG:example_branch_labels
[2025-01-04T20:27:36.724-0500] {logging_mixin.py:190} INFO - [2025-01-04T20:27:36.724-0500] {override.py:1911} INFO - Created Permission View: can delete on DAG:example_branch_labels
[2025-01-04T20:27:36.728-0500] {logging_mixin.py:190} INFO - [2025-01-04T20:27:36.728-0500] {override.py:1911} INFO - Created Permission View: menu access on DAG Run:example_branch_labels
[2025-01-04T20:27:36.730-0500] {logging_mixin.py:190} INFO - [2025-01-04T20:27:36.730-0500] {override.py:1911} INFO - Created Permission View: can read on DAG Run:example_branch_labels
[2025-01-04T20:27:36.732-0500] {logging_mixin.py:190} INFO - [2025-01-04T20:27:36.732-0500] {override.py:1911} INFO - Created Permission View: can create on DAG Run:example_branch_labels
[2025-01-04T20:27:36.735-0500] {logging_mixin.py:190} INFO - [2025-01-04T20:27:36.735-0500] {override.py:1911} INFO - Created Permission View: can delete on DAG Run:example_branch_labels
[2025-01-04T20:27:36.735-0500] {logging_mixin.py:190} INFO - [2025-01-04T20:27:36.735-0500] {dag.py:3239} INFO - Sync 1 DAGs
[2025-01-04T20:27:36.740-0500] {logging_mixin.py:190} INFO - [2025-01-04T20:27:36.740-0500] {dag.py:3262} INFO - Creating ORM DAG for example_branch_labels
[2025-01-04T20:27:36.745-0500] {logging_mixin.py:190} INFO - [2025-01-04T20:27:36.744-0500] {dag.py:4180} INFO - Setting next_dagrun for example_branch_labels to 2025-01-04 00:00:00+00:00, run_after=2025-01-05 00:00:00+00:00
[2025-01-04T20:27:36.751-0500] {processor.py:208} INFO - Processing /Library/Frameworks/Python.framework/Versions/3.9/lib/python3.9/site-packages/airflow/example_dags/example_branch_labels.py took 0.123 seconds
[2025-01-04T20:30:46.875-0500] {processor.py:186} INFO - Started process (PID=136) to work on /Library/Frameworks/Python.framework/Versions/3.9/lib/python3.9/site-packages/airflow/example_dags/example_branch_labels.py
[2025-01-04T20:30:46.876-0500] {processor.py:914} INFO - Processing file /Library/Frameworks/Python.framework/Versions/3.9/lib/python3.9/site-packages/airflow/example_dags/example_branch_labels.py for tasks to queue
[2025-01-04T20:30:46.878-0500] {logging_mixin.py:190} INFO - [2025-01-04T20:30:46.877-0500] {dagbag.py:588} INFO - Filling up the DagBag from /Library/Frameworks/Python.framework/Versions/3.9/lib/python3.9/site-packages/airflow/example_dags/example_branch_labels.py
[2025-01-04T20:30:46.898-0500] {processor.py:925} INFO - DAG(s) 'example_branch_labels' retrieved from /Library/Frameworks/Python.framework/Versions/3.9/lib/python3.9/site-packages/airflow/example_dags/example_branch_labels.py
[2025-01-04T20:30:46.955-0500] {logging_mixin.py:190} INFO - [2025-01-04T20:30:46.955-0500] {dag.py:3239} INFO - Sync 1 DAGs
[2025-01-04T20:30:46.964-0500] {logging_mixin.py:190} INFO - [2025-01-04T20:30:46.964-0500] {dag.py:4180} INFO - Setting next_dagrun for example_branch_labels to 2025-01-04 00:00:00+00:00, run_after=2025-01-05 00:00:00+00:00
[2025-01-04T20:30:46.975-0500] {processor.py:208} INFO - Processing /Library/Frameworks/Python.framework/Versions/3.9/lib/python3.9/site-packages/airflow/example_dags/example_branch_labels.py took 0.103 seconds
[2025-01-04T20:34:16.889-0500] {processor.py:186} INFO - Started process (PID=870) to work on /Library/Frameworks/Python.framework/Versions/3.9/lib/python3.9/site-packages/airflow/example_dags/example_branch_labels.py
[2025-01-04T20:34:16.890-0500] {processor.py:914} INFO - Processing file /Library/Frameworks/Python.framework/Versions/3.9/lib/python3.9/site-packages/airflow/example_dags/example_branch_labels.py for tasks to queue
[2025-01-04T20:34:16.894-0500] {logging_mixin.py:190} INFO - [2025-01-04T20:34:16.893-0500] {dagbag.py:588} INFO - Filling up the DagBag from /Library/Frameworks/Python.framework/Versions/3.9/lib/python3.9/site-packages/airflow/example_dags/example_branch_labels.py
[2025-01-04T20:34:16.905-0500] {processor.py:925} INFO - DAG(s) 'example_branch_labels' retrieved from /Library/Frameworks/Python.framework/Versions/3.9/lib/python3.9/site-packages/airflow/example_dags/example_branch_labels.py
[2025-01-04T20:34:16.965-0500] {logging_mixin.py:190} INFO - [2025-01-04T20:34:16.965-0500] {dag.py:3239} INFO - Sync 1 DAGs
[2025-01-04T20:34:16.976-0500] {logging_mixin.py:190} INFO - [2025-01-04T20:34:16.976-0500] {dag.py:4180} INFO - Setting next_dagrun for example_branch_labels to 2025-01-04 00:00:00+00:00, run_after=2025-01-05 00:00:00+00:00
[2025-01-04T20:34:16.986-0500] {processor.py:208} INFO - Processing /Library/Frameworks/Python.framework/Versions/3.9/lib/python3.9/site-packages/airflow/example_dags/example_branch_labels.py took 0.100 seconds
[2025-01-04T20:37:48.207-0500] {processor.py:186} INFO - Started process (PID=1584) to work on /Library/Frameworks/Python.framework/Versions/3.9/lib/python3.9/site-packages/airflow/example_dags/example_branch_labels.py
[2025-01-04T20:37:48.208-0500] {processor.py:914} INFO - Processing file /Library/Frameworks/Python.framework/Versions/3.9/lib/python3.9/site-packages/airflow/example_dags/example_branch_labels.py for tasks to queue
[2025-01-04T20:37:48.208-0500] {logging_mixin.py:190} INFO - [2025-01-04T20:37:48.208-0500] {dagbag.py:588} INFO - Filling up the DagBag from /Library/Frameworks/Python.framework/Versions/3.9/lib/python3.9/site-packages/airflow/example_dags/example_branch_labels.py
[2025-01-04T20:37:48.213-0500] {processor.py:925} INFO - DAG(s) 'example_branch_labels' retrieved from /Library/Frameworks/Python.framework/Versions/3.9/lib/python3.9/site-packages/airflow/example_dags/example_branch_labels.py
[2025-01-04T20:37:48.258-0500] {logging_mixin.py:190} INFO - [2025-01-04T20:37:48.258-0500] {dag.py:3239} INFO - Sync 1 DAGs
[2025-01-04T20:37:48.266-0500] {logging_mixin.py:190} INFO - [2025-01-04T20:37:48.266-0500] {dag.py:4180} INFO - Setting next_dagrun for example_branch_labels to 2025-01-04 00:00:00+00:00, run_after=2025-01-05 00:00:00+00:00
[2025-01-04T20:37:48.277-0500] {processor.py:208} INFO - Processing /Library/Frameworks/Python.framework/Versions/3.9/lib/python3.9/site-packages/airflow/example_dags/example_branch_labels.py took 0.071 seconds
[2025-01-04T20:41:16.462-0500] {processor.py:186} INFO - Started process (PID=2214) to work on /Library/Frameworks/Python.framework/Versions/3.9/lib/python3.9/site-packages/airflow/example_dags/example_branch_labels.py
[2025-01-04T20:41:16.463-0500] {processor.py:914} INFO - Processing file /Library/Frameworks/Python.framework/Versions/3.9/lib/python3.9/site-packages/airflow/example_dags/example_branch_labels.py for tasks to queue
[2025-01-04T20:41:16.463-0500] {logging_mixin.py:190} INFO - [2025-01-04T20:41:16.463-0500] {dagbag.py:588} INFO - Filling up the DagBag from /Library/Frameworks/Python.framework/Versions/3.9/lib/python3.9/site-packages/airflow/example_dags/example_branch_labels.py
[2025-01-04T20:41:16.468-0500] {processor.py:925} INFO - DAG(s) 'example_branch_labels' retrieved from /Library/Frameworks/Python.framework/Versions/3.9/lib/python3.9/site-packages/airflow/example_dags/example_branch_labels.py
[2025-01-04T20:41:16.519-0500] {logging_mixin.py:190} INFO - [2025-01-04T20:41:16.519-0500] {dag.py:3239} INFO - Sync 1 DAGs
[2025-01-04T20:41:16.529-0500] {logging_mixin.py:190} INFO - [2025-01-04T20:41:16.529-0500] {dag.py:4180} INFO - Setting next_dagrun for example_branch_labels to 2025-01-04 00:00:00+00:00, run_after=2025-01-05 00:00:00+00:00
[2025-01-04T20:41:16.543-0500] {processor.py:208} INFO - Processing /Library/Frameworks/Python.framework/Versions/3.9/lib/python3.9/site-packages/airflow/example_dags/example_branch_labels.py took 0.083 seconds
[2025-01-04T20:44:45.031-0500] {processor.py:186} INFO - Started process (PID=2710) to work on /Library/Frameworks/Python.framework/Versions/3.9/lib/python3.9/site-packages/airflow/example_dags/example_branch_labels.py
[2025-01-04T20:44:45.032-0500] {processor.py:914} INFO - Processing file /Library/Frameworks/Python.framework/Versions/3.9/lib/python3.9/site-packages/airflow/example_dags/example_branch_labels.py for tasks to queue
[2025-01-04T20:44:45.032-0500] {logging_mixin.py:190} INFO - [2025-01-04T20:44:45.032-0500] {dagbag.py:588} INFO - Filling up the DagBag from /Library/Frameworks/Python.framework/Versions/3.9/lib/python3.9/site-packages/airflow/example_dags/example_branch_labels.py
[2025-01-04T20:44:45.039-0500] {processor.py:925} INFO - DAG(s) 'example_branch_labels' retrieved from /Library/Frameworks/Python.framework/Versions/3.9/lib/python3.9/site-packages/airflow/example_dags/example_branch_labels.py
[2025-01-04T20:44:45.091-0500] {logging_mixin.py:190} INFO - [2025-01-04T20:44:45.091-0500] {dag.py:3239} INFO - Sync 1 DAGs
[2025-01-04T20:44:45.100-0500] {logging_mixin.py:190} INFO - [2025-01-04T20:44:45.100-0500] {dag.py:4180} INFO - Setting next_dagrun for example_branch_labels to 2025-01-04 00:00:00+00:00, run_after=2025-01-05 00:00:00+00:00
[2025-01-04T20:44:45.112-0500] {processor.py:208} INFO - Processing /Library/Frameworks/Python.framework/Versions/3.9/lib/python3.9/site-packages/airflow/example_dags/example_branch_labels.py took 0.082 seconds
[2025-01-04T20:48:30.452-0500] {processor.py:186} INFO - Started process (PID=3382) to work on /Library/Frameworks/Python.framework/Versions/3.9/lib/python3.9/site-packages/airflow/example_dags/example_branch_labels.py
[2025-01-04T20:48:30.453-0500] {processor.py:914} INFO - Processing file /Library/Frameworks/Python.framework/Versions/3.9/lib/python3.9/site-packages/airflow/example_dags/example_branch_labels.py for tasks to queue
[2025-01-04T20:48:30.454-0500] {logging_mixin.py:190} INFO - [2025-01-04T20:48:30.454-0500] {dagbag.py:588} INFO - Filling up the DagBag from /Library/Frameworks/Python.framework/Versions/3.9/lib/python3.9/site-packages/airflow/example_dags/example_branch_labels.py
[2025-01-04T20:48:30.458-0500] {processor.py:925} INFO - DAG(s) 'example_branch_labels' retrieved from /Library/Frameworks/Python.framework/Versions/3.9/lib/python3.9/site-packages/airflow/example_dags/example_branch_labels.py
[2025-01-04T20:48:30.509-0500] {logging_mixin.py:190} INFO - [2025-01-04T20:48:30.508-0500] {dag.py:3239} INFO - Sync 1 DAGs
[2025-01-04T20:48:30.517-0500] {logging_mixin.py:190} INFO - [2025-01-04T20:48:30.517-0500] {dag.py:4180} INFO - Setting next_dagrun for example_branch_labels to 2025-01-04 00:00:00+00:00, run_after=2025-01-05 00:00:00+00:00
[2025-01-04T20:48:30.529-0500] {processor.py:208} INFO - Processing /Library/Frameworks/Python.framework/Versions/3.9/lib/python3.9/site-packages/airflow/example_dags/example_branch_labels.py took 0.079 seconds
