[2025-01-04T20:26:20.417-0500] {processor.py:186} INFO - Started process (PID=99306) to work on /Library/Frameworks/Python.framework/Versions/3.9/lib/python3.9/site-packages/airflow/example_dags/example_skip_dag.py
[2025-01-04T20:26:20.418-0500] {processor.py:914} INFO - Processing file /Library/Frameworks/Python.framework/Versions/3.9/lib/python3.9/site-packages/airflow/example_dags/example_skip_dag.py for tasks to queue
[2025-01-04T20:26:20.418-0500] {logging_mixin.py:190} INFO - [2025-01-04T20:26:20.418-0500] {dagbag.py:588} INFO - Filling up the DagBag from /Library/Frameworks/Python.framework/Versions/3.9/lib/python3.9/site-packages/airflow/example_dags/example_skip_dag.py
[2025-01-04T20:26:20.436-0500] {processor.py:925} INFO - DAG(s) 'example_skip_dag' retrieved from /Library/Frameworks/Python.framework/Versions/3.9/lib/python3.9/site-packages/airflow/example_dags/example_skip_dag.py
[2025-01-04T20:26:20.637-0500] {logging_mixin.py:190} INFO - [2025-01-04T20:26:20.636-0500] {override.py:1911} INFO - Created Permission View: can read on DAG:example_skip_dag
[2025-01-04T20:26:20.642-0500] {logging_mixin.py:190} INFO - [2025-01-04T20:26:20.642-0500] {override.py:1911} INFO - Created Permission View: can delete on DAG:example_skip_dag
[2025-01-04T20:26:20.648-0500] {logging_mixin.py:190} INFO - [2025-01-04T20:26:20.647-0500] {override.py:1911} INFO - Created Permission View: can edit on DAG:example_skip_dag
[2025-01-04T20:26:20.673-0500] {logging_mixin.py:190} INFO - [2025-01-04T20:26:20.672-0500] {override.py:1911} INFO - Created Permission View: can read on DAG Run:example_skip_dag
[2025-01-04T20:26:20.685-0500] {logging_mixin.py:190} INFO - [2025-01-04T20:26:20.684-0500] {override.py:1911} INFO - Created Permission View: can create on DAG Run:example_skip_dag
[2025-01-04T20:26:20.692-0500] {logging_mixin.py:190} INFO - [2025-01-04T20:26:20.692-0500] {override.py:1911} INFO - Created Permission View: menu access on DAG Run:example_skip_dag
[2025-01-04T20:26:20.698-0500] {logging_mixin.py:190} INFO - [2025-01-04T20:26:20.697-0500] {override.py:1911} INFO - Created Permission View: can delete on DAG Run:example_skip_dag
[2025-01-04T20:26:20.698-0500] {logging_mixin.py:190} INFO - [2025-01-04T20:26:20.698-0500] {dag.py:3239} INFO - Sync 1 DAGs
[2025-01-04T20:26:20.714-0500] {logging_mixin.py:190} INFO - [2025-01-04T20:26:20.714-0500] {dag.py:3262} INFO - Creating ORM DAG for example_skip_dag
[2025-01-04T20:26:20.720-0500] {logging_mixin.py:190} INFO - [2025-01-04T20:26:20.720-0500] {dag.py:4180} INFO - Setting next_dagrun for example_skip_dag to 2025-01-04 00:00:00+00:00, run_after=2025-01-05 00:00:00+00:00
[2025-01-04T20:26:20.733-0500] {processor.py:208} INFO - Processing /Library/Frameworks/Python.framework/Versions/3.9/lib/python3.9/site-packages/airflow/example_dags/example_skip_dag.py took 0.319 seconds
[2025-01-04T20:28:32.896-0500] {processor.py:186} INFO - Started process (PID=99657) to work on /Library/Frameworks/Python.framework/Versions/3.9/lib/python3.9/site-packages/airflow/example_dags/example_skip_dag.py
[2025-01-04T20:28:32.898-0500] {processor.py:914} INFO - Processing file /Library/Frameworks/Python.framework/Versions/3.9/lib/python3.9/site-packages/airflow/example_dags/example_skip_dag.py for tasks to queue
[2025-01-04T20:28:32.898-0500] {logging_mixin.py:190} INFO - [2025-01-04T20:28:32.898-0500] {dagbag.py:588} INFO - Filling up the DagBag from /Library/Frameworks/Python.framework/Versions/3.9/lib/python3.9/site-packages/airflow/example_dags/example_skip_dag.py
[2025-01-04T20:28:32.903-0500] {processor.py:925} INFO - DAG(s) 'example_skip_dag' retrieved from /Library/Frameworks/Python.framework/Versions/3.9/lib/python3.9/site-packages/airflow/example_dags/example_skip_dag.py
[2025-01-04T20:28:32.964-0500] {logging_mixin.py:190} INFO - [2025-01-04T20:28:32.964-0500] {dag.py:3239} INFO - Sync 1 DAGs
[2025-01-04T20:28:32.973-0500] {logging_mixin.py:190} INFO - [2025-01-04T20:28:32.973-0500] {dag.py:4180} INFO - Setting next_dagrun for example_skip_dag to 2025-01-04 00:00:00+00:00, run_after=2025-01-05 00:00:00+00:00
[2025-01-04T20:28:32.986-0500] {processor.py:208} INFO - Processing /Library/Frameworks/Python.framework/Versions/3.9/lib/python3.9/site-packages/airflow/example_dags/example_skip_dag.py took 0.092 seconds
[2025-01-04T20:30:09.905-0500] {processor.py:186} INFO - Started process (PID=99915) to work on /Library/Frameworks/Python.framework/Versions/3.9/lib/python3.9/site-packages/airflow/example_dags/example_skip_dag.py
[2025-01-04T20:30:09.906-0500] {processor.py:914} INFO - Processing file /Library/Frameworks/Python.framework/Versions/3.9/lib/python3.9/site-packages/airflow/example_dags/example_skip_dag.py for tasks to queue
[2025-01-04T20:30:09.907-0500] {logging_mixin.py:190} INFO - [2025-01-04T20:30:09.906-0500] {dagbag.py:588} INFO - Filling up the DagBag from /Library/Frameworks/Python.framework/Versions/3.9/lib/python3.9/site-packages/airflow/example_dags/example_skip_dag.py
[2025-01-04T20:30:09.912-0500] {processor.py:925} INFO - DAG(s) 'example_skip_dag' retrieved from /Library/Frameworks/Python.framework/Versions/3.9/lib/python3.9/site-packages/airflow/example_dags/example_skip_dag.py
[2025-01-04T20:30:09.963-0500] {logging_mixin.py:190} INFO - [2025-01-04T20:30:09.963-0500] {dag.py:3239} INFO - Sync 1 DAGs
[2025-01-04T20:30:09.972-0500] {logging_mixin.py:190} INFO - [2025-01-04T20:30:09.972-0500] {dag.py:4180} INFO - Setting next_dagrun for example_skip_dag to 2025-01-04 00:00:00+00:00, run_after=2025-01-05 00:00:00+00:00
[2025-01-04T20:30:09.987-0500] {processor.py:208} INFO - Processing /Library/Frameworks/Python.framework/Versions/3.9/lib/python3.9/site-packages/airflow/example_dags/example_skip_dag.py took 0.084 seconds
[2025-01-04T20:31:51.159-0500] {processor.py:186} INFO - Started process (PID=354) to work on /Library/Frameworks/Python.framework/Versions/3.9/lib/python3.9/site-packages/airflow/example_dags/example_skip_dag.py
[2025-01-04T20:31:51.160-0500] {processor.py:914} INFO - Processing file /Library/Frameworks/Python.framework/Versions/3.9/lib/python3.9/site-packages/airflow/example_dags/example_skip_dag.py for tasks to queue
[2025-01-04T20:31:51.160-0500] {logging_mixin.py:190} INFO - [2025-01-04T20:31:51.160-0500] {dagbag.py:588} INFO - Filling up the DagBag from /Library/Frameworks/Python.framework/Versions/3.9/lib/python3.9/site-packages/airflow/example_dags/example_skip_dag.py
[2025-01-04T20:31:51.164-0500] {processor.py:925} INFO - DAG(s) 'example_skip_dag' retrieved from /Library/Frameworks/Python.framework/Versions/3.9/lib/python3.9/site-packages/airflow/example_dags/example_skip_dag.py
[2025-01-04T20:31:51.207-0500] {logging_mixin.py:190} INFO - [2025-01-04T20:31:51.207-0500] {dag.py:3239} INFO - Sync 1 DAGs
[2025-01-04T20:31:51.215-0500] {logging_mixin.py:190} INFO - [2025-01-04T20:31:51.215-0500] {dag.py:4180} INFO - Setting next_dagrun for example_skip_dag to 2025-01-04 00:00:00+00:00, run_after=2025-01-05 00:00:00+00:00
[2025-01-04T20:31:51.225-0500] {processor.py:208} INFO - Processing /Library/Frameworks/Python.framework/Versions/3.9/lib/python3.9/site-packages/airflow/example_dags/example_skip_dag.py took 0.068 seconds
[2025-01-04T20:33:31.692-0500] {processor.py:186} INFO - Started process (PID=749) to work on /Library/Frameworks/Python.framework/Versions/3.9/lib/python3.9/site-packages/airflow/example_dags/example_skip_dag.py
[2025-01-04T20:33:31.696-0500] {processor.py:914} INFO - Processing file /Library/Frameworks/Python.framework/Versions/3.9/lib/python3.9/site-packages/airflow/example_dags/example_skip_dag.py for tasks to queue
[2025-01-04T20:33:31.697-0500] {logging_mixin.py:190} INFO - [2025-01-04T20:33:31.697-0500] {dagbag.py:588} INFO - Filling up the DagBag from /Library/Frameworks/Python.framework/Versions/3.9/lib/python3.9/site-packages/airflow/example_dags/example_skip_dag.py
[2025-01-04T20:33:31.705-0500] {processor.py:925} INFO - DAG(s) 'example_skip_dag' retrieved from /Library/Frameworks/Python.framework/Versions/3.9/lib/python3.9/site-packages/airflow/example_dags/example_skip_dag.py
[2025-01-04T20:33:31.772-0500] {logging_mixin.py:190} INFO - [2025-01-04T20:33:31.772-0500] {dag.py:3239} INFO - Sync 1 DAGs
[2025-01-04T20:33:31.788-0500] {logging_mixin.py:190} INFO - [2025-01-04T20:33:31.788-0500] {dag.py:4180} INFO - Setting next_dagrun for example_skip_dag to 2025-01-04 00:00:00+00:00, run_after=2025-01-05 00:00:00+00:00
[2025-01-04T20:33:31.812-0500] {processor.py:208} INFO - Processing /Library/Frameworks/Python.framework/Versions/3.9/lib/python3.9/site-packages/airflow/example_dags/example_skip_dag.py took 0.124 seconds
[2025-01-04T20:35:22.659-0500] {processor.py:186} INFO - Started process (PID=1111) to work on /Library/Frameworks/Python.framework/Versions/3.9/lib/python3.9/site-packages/airflow/example_dags/example_skip_dag.py
[2025-01-04T20:35:22.660-0500] {processor.py:914} INFO - Processing file /Library/Frameworks/Python.framework/Versions/3.9/lib/python3.9/site-packages/airflow/example_dags/example_skip_dag.py for tasks to queue
[2025-01-04T20:35:22.661-0500] {logging_mixin.py:190} INFO - [2025-01-04T20:35:22.661-0500] {dagbag.py:588} INFO - Filling up the DagBag from /Library/Frameworks/Python.framework/Versions/3.9/lib/python3.9/site-packages/airflow/example_dags/example_skip_dag.py
[2025-01-04T20:35:22.664-0500] {processor.py:925} INFO - DAG(s) 'example_skip_dag' retrieved from /Library/Frameworks/Python.framework/Versions/3.9/lib/python3.9/site-packages/airflow/example_dags/example_skip_dag.py
[2025-01-04T20:35:22.708-0500] {logging_mixin.py:190} INFO - [2025-01-04T20:35:22.708-0500] {dag.py:3239} INFO - Sync 1 DAGs
[2025-01-04T20:35:22.716-0500] {logging_mixin.py:190} INFO - [2025-01-04T20:35:22.716-0500] {dag.py:4180} INFO - Setting next_dagrun for example_skip_dag to 2025-01-04 00:00:00+00:00, run_after=2025-01-05 00:00:00+00:00
[2025-01-04T20:35:22.724-0500] {processor.py:208} INFO - Processing /Library/Frameworks/Python.framework/Versions/3.9/lib/python3.9/site-packages/airflow/example_dags/example_skip_dag.py took 0.067 seconds
[2025-01-04T20:37:12.169-0500] {processor.py:186} INFO - Started process (PID=1443) to work on /Library/Frameworks/Python.framework/Versions/3.9/lib/python3.9/site-packages/airflow/example_dags/example_skip_dag.py
[2025-01-04T20:37:12.171-0500] {processor.py:914} INFO - Processing file /Library/Frameworks/Python.framework/Versions/3.9/lib/python3.9/site-packages/airflow/example_dags/example_skip_dag.py for tasks to queue
[2025-01-04T20:37:12.171-0500] {logging_mixin.py:190} INFO - [2025-01-04T20:37:12.171-0500] {dagbag.py:588} INFO - Filling up the DagBag from /Library/Frameworks/Python.framework/Versions/3.9/lib/python3.9/site-packages/airflow/example_dags/example_skip_dag.py
[2025-01-04T20:37:12.175-0500] {processor.py:925} INFO - DAG(s) 'example_skip_dag' retrieved from /Library/Frameworks/Python.framework/Versions/3.9/lib/python3.9/site-packages/airflow/example_dags/example_skip_dag.py
[2025-01-04T20:37:12.218-0500] {logging_mixin.py:190} INFO - [2025-01-04T20:37:12.218-0500] {dag.py:3239} INFO - Sync 1 DAGs
[2025-01-04T20:37:12.226-0500] {logging_mixin.py:190} INFO - [2025-01-04T20:37:12.226-0500] {dag.py:4180} INFO - Setting next_dagrun for example_skip_dag to 2025-01-04 00:00:00+00:00, run_after=2025-01-05 00:00:00+00:00
[2025-01-04T20:37:12.234-0500] {processor.py:208} INFO - Processing /Library/Frameworks/Python.framework/Versions/3.9/lib/python3.9/site-packages/airflow/example_dags/example_skip_dag.py took 0.067 seconds
[2025-01-04T20:38:51.687-0500] {processor.py:186} INFO - Started process (PID=1798) to work on /Library/Frameworks/Python.framework/Versions/3.9/lib/python3.9/site-packages/airflow/example_dags/example_skip_dag.py
[2025-01-04T20:38:51.689-0500] {processor.py:914} INFO - Processing file /Library/Frameworks/Python.framework/Versions/3.9/lib/python3.9/site-packages/airflow/example_dags/example_skip_dag.py for tasks to queue
[2025-01-04T20:38:51.689-0500] {logging_mixin.py:190} INFO - [2025-01-04T20:38:51.689-0500] {dagbag.py:588} INFO - Filling up the DagBag from /Library/Frameworks/Python.framework/Versions/3.9/lib/python3.9/site-packages/airflow/example_dags/example_skip_dag.py
[2025-01-04T20:38:51.694-0500] {processor.py:925} INFO - DAG(s) 'example_skip_dag' retrieved from /Library/Frameworks/Python.framework/Versions/3.9/lib/python3.9/site-packages/airflow/example_dags/example_skip_dag.py
[2025-01-04T20:38:51.750-0500] {logging_mixin.py:190} INFO - [2025-01-04T20:38:51.750-0500] {dag.py:3239} INFO - Sync 1 DAGs
[2025-01-04T20:38:51.758-0500] {logging_mixin.py:190} INFO - [2025-01-04T20:38:51.758-0500] {dag.py:4180} INFO - Setting next_dagrun for example_skip_dag to 2025-01-04 00:00:00+00:00, run_after=2025-01-05 00:00:00+00:00
[2025-01-04T20:38:51.767-0500] {processor.py:208} INFO - Processing /Library/Frameworks/Python.framework/Versions/3.9/lib/python3.9/site-packages/airflow/example_dags/example_skip_dag.py took 0.082 seconds
[2025-01-04T20:40:33.783-0500] {processor.py:186} INFO - Started process (PID=2096) to work on /Library/Frameworks/Python.framework/Versions/3.9/lib/python3.9/site-packages/airflow/example_dags/example_skip_dag.py
[2025-01-04T20:40:33.784-0500] {processor.py:914} INFO - Processing file /Library/Frameworks/Python.framework/Versions/3.9/lib/python3.9/site-packages/airflow/example_dags/example_skip_dag.py for tasks to queue
[2025-01-04T20:40:33.785-0500] {logging_mixin.py:190} INFO - [2025-01-04T20:40:33.785-0500] {dagbag.py:588} INFO - Filling up the DagBag from /Library/Frameworks/Python.framework/Versions/3.9/lib/python3.9/site-packages/airflow/example_dags/example_skip_dag.py
[2025-01-04T20:40:33.791-0500] {processor.py:925} INFO - DAG(s) 'example_skip_dag' retrieved from /Library/Frameworks/Python.framework/Versions/3.9/lib/python3.9/site-packages/airflow/example_dags/example_skip_dag.py
[2025-01-04T20:40:33.848-0500] {logging_mixin.py:190} INFO - [2025-01-04T20:40:33.848-0500] {dag.py:3239} INFO - Sync 1 DAGs
[2025-01-04T20:40:33.858-0500] {logging_mixin.py:190} INFO - [2025-01-04T20:40:33.858-0500] {dag.py:4180} INFO - Setting next_dagrun for example_skip_dag to 2025-01-04 00:00:00+00:00, run_after=2025-01-05 00:00:00+00:00
[2025-01-04T20:40:33.870-0500] {processor.py:208} INFO - Processing /Library/Frameworks/Python.framework/Versions/3.9/lib/python3.9/site-packages/airflow/example_dags/example_skip_dag.py took 0.089 seconds
[2025-01-04T20:42:14.342-0500] {processor.py:186} INFO - Started process (PID=2306) to work on /Library/Frameworks/Python.framework/Versions/3.9/lib/python3.9/site-packages/airflow/example_dags/example_skip_dag.py
[2025-01-04T20:42:14.344-0500] {processor.py:914} INFO - Processing file /Library/Frameworks/Python.framework/Versions/3.9/lib/python3.9/site-packages/airflow/example_dags/example_skip_dag.py for tasks to queue
[2025-01-04T20:42:14.345-0500] {logging_mixin.py:190} INFO - [2025-01-04T20:42:14.344-0500] {dagbag.py:588} INFO - Filling up the DagBag from /Library/Frameworks/Python.framework/Versions/3.9/lib/python3.9/site-packages/airflow/example_dags/example_skip_dag.py
[2025-01-04T20:42:14.350-0500] {processor.py:925} INFO - DAG(s) 'example_skip_dag' retrieved from /Library/Frameworks/Python.framework/Versions/3.9/lib/python3.9/site-packages/airflow/example_dags/example_skip_dag.py
[2025-01-04T20:42:14.411-0500] {logging_mixin.py:190} INFO - [2025-01-04T20:42:14.411-0500] {dag.py:3239} INFO - Sync 1 DAGs
[2025-01-04T20:42:14.420-0500] {logging_mixin.py:190} INFO - [2025-01-04T20:42:14.420-0500] {dag.py:4180} INFO - Setting next_dagrun for example_skip_dag to 2025-01-04 00:00:00+00:00, run_after=2025-01-05 00:00:00+00:00
[2025-01-04T20:42:14.439-0500] {processor.py:208} INFO - Processing /Library/Frameworks/Python.framework/Versions/3.9/lib/python3.9/site-packages/airflow/example_dags/example_skip_dag.py took 0.099 seconds
[2025-01-04T20:43:58.627-0500] {processor.py:186} INFO - Started process (PID=2577) to work on /Library/Frameworks/Python.framework/Versions/3.9/lib/python3.9/site-packages/airflow/example_dags/example_skip_dag.py
[2025-01-04T20:43:58.628-0500] {processor.py:914} INFO - Processing file /Library/Frameworks/Python.framework/Versions/3.9/lib/python3.9/site-packages/airflow/example_dags/example_skip_dag.py for tasks to queue
[2025-01-04T20:43:58.629-0500] {logging_mixin.py:190} INFO - [2025-01-04T20:43:58.629-0500] {dagbag.py:588} INFO - Filling up the DagBag from /Library/Frameworks/Python.framework/Versions/3.9/lib/python3.9/site-packages/airflow/example_dags/example_skip_dag.py
[2025-01-04T20:43:58.633-0500] {processor.py:925} INFO - DAG(s) 'example_skip_dag' retrieved from /Library/Frameworks/Python.framework/Versions/3.9/lib/python3.9/site-packages/airflow/example_dags/example_skip_dag.py
[2025-01-04T20:43:58.679-0500] {logging_mixin.py:190} INFO - [2025-01-04T20:43:58.679-0500] {dag.py:3239} INFO - Sync 1 DAGs
[2025-01-04T20:43:58.687-0500] {logging_mixin.py:190} INFO - [2025-01-04T20:43:58.687-0500] {dag.py:4180} INFO - Setting next_dagrun for example_skip_dag to 2025-01-04 00:00:00+00:00, run_after=2025-01-05 00:00:00+00:00
[2025-01-04T20:43:58.696-0500] {processor.py:208} INFO - Processing /Library/Frameworks/Python.framework/Versions/3.9/lib/python3.9/site-packages/airflow/example_dags/example_skip_dag.py took 0.071 seconds
[2025-01-04T20:45:52.403-0500] {processor.py:186} INFO - Started process (PID=2931) to work on /Library/Frameworks/Python.framework/Versions/3.9/lib/python3.9/site-packages/airflow/example_dags/example_skip_dag.py
[2025-01-04T20:45:52.404-0500] {processor.py:914} INFO - Processing file /Library/Frameworks/Python.framework/Versions/3.9/lib/python3.9/site-packages/airflow/example_dags/example_skip_dag.py for tasks to queue
[2025-01-04T20:45:52.405-0500] {logging_mixin.py:190} INFO - [2025-01-04T20:45:52.405-0500] {dagbag.py:588} INFO - Filling up the DagBag from /Library/Frameworks/Python.framework/Versions/3.9/lib/python3.9/site-packages/airflow/example_dags/example_skip_dag.py
[2025-01-04T20:45:52.409-0500] {processor.py:925} INFO - DAG(s) 'example_skip_dag' retrieved from /Library/Frameworks/Python.framework/Versions/3.9/lib/python3.9/site-packages/airflow/example_dags/example_skip_dag.py
[2025-01-04T20:45:52.548-0500] {logging_mixin.py:190} INFO - [2025-01-04T20:45:52.547-0500] {dag.py:3239} INFO - Sync 1 DAGs
[2025-01-04T20:45:52.565-0500] {logging_mixin.py:190} INFO - [2025-01-04T20:45:52.564-0500] {dag.py:4180} INFO - Setting next_dagrun for example_skip_dag to 2025-01-04 00:00:00+00:00, run_after=2025-01-05 00:00:00+00:00
[2025-01-04T20:45:52.581-0500] {processor.py:208} INFO - Processing /Library/Frameworks/Python.framework/Versions/3.9/lib/python3.9/site-packages/airflow/example_dags/example_skip_dag.py took 0.180 seconds
[2025-01-04T20:47:47.459-0500] {processor.py:186} INFO - Started process (PID=3221) to work on /Library/Frameworks/Python.framework/Versions/3.9/lib/python3.9/site-packages/airflow/example_dags/example_skip_dag.py
[2025-01-04T20:47:47.460-0500] {processor.py:914} INFO - Processing file /Library/Frameworks/Python.framework/Versions/3.9/lib/python3.9/site-packages/airflow/example_dags/example_skip_dag.py for tasks to queue
[2025-01-04T20:47:47.461-0500] {logging_mixin.py:190} INFO - [2025-01-04T20:47:47.461-0500] {dagbag.py:588} INFO - Filling up the DagBag from /Library/Frameworks/Python.framework/Versions/3.9/lib/python3.9/site-packages/airflow/example_dags/example_skip_dag.py
[2025-01-04T20:47:47.465-0500] {processor.py:925} INFO - DAG(s) 'example_skip_dag' retrieved from /Library/Frameworks/Python.framework/Versions/3.9/lib/python3.9/site-packages/airflow/example_dags/example_skip_dag.py
[2025-01-04T20:47:47.536-0500] {logging_mixin.py:190} INFO - [2025-01-04T20:47:47.536-0500] {dag.py:3239} INFO - Sync 1 DAGs
[2025-01-04T20:47:47.545-0500] {logging_mixin.py:190} INFO - [2025-01-04T20:47:47.545-0500] {dag.py:4180} INFO - Setting next_dagrun for example_skip_dag to 2025-01-04 00:00:00+00:00, run_after=2025-01-05 00:00:00+00:00
[2025-01-04T20:47:47.557-0500] {processor.py:208} INFO - Processing /Library/Frameworks/Python.framework/Versions/3.9/lib/python3.9/site-packages/airflow/example_dags/example_skip_dag.py took 0.100 seconds
[2025-01-04T20:49:40.821-0500] {processor.py:186} INFO - Started process (PID=3649) to work on /Library/Frameworks/Python.framework/Versions/3.9/lib/python3.9/site-packages/airflow/example_dags/example_skip_dag.py
[2025-01-04T20:49:40.833-0500] {processor.py:914} INFO - Processing file /Library/Frameworks/Python.framework/Versions/3.9/lib/python3.9/site-packages/airflow/example_dags/example_skip_dag.py for tasks to queue
[2025-01-04T20:49:40.834-0500] {logging_mixin.py:190} INFO - [2025-01-04T20:49:40.834-0500] {dagbag.py:588} INFO - Filling up the DagBag from /Library/Frameworks/Python.framework/Versions/3.9/lib/python3.9/site-packages/airflow/example_dags/example_skip_dag.py
[2025-01-04T20:49:40.856-0500] {processor.py:925} INFO - DAG(s) 'example_skip_dag' retrieved from /Library/Frameworks/Python.framework/Versions/3.9/lib/python3.9/site-packages/airflow/example_dags/example_skip_dag.py
[2025-01-04T20:49:40.947-0500] {logging_mixin.py:190} INFO - [2025-01-04T20:49:40.946-0500] {dag.py:3239} INFO - Sync 1 DAGs
[2025-01-04T20:49:40.961-0500] {logging_mixin.py:190} INFO - [2025-01-04T20:49:40.960-0500] {dag.py:4180} INFO - Setting next_dagrun for example_skip_dag to 2025-01-04 00:00:00+00:00, run_after=2025-01-05 00:00:00+00:00
[2025-01-04T20:49:40.972-0500] {processor.py:208} INFO - Processing /Library/Frameworks/Python.framework/Versions/3.9/lib/python3.9/site-packages/airflow/example_dags/example_skip_dag.py took 0.160 seconds
