[2025-01-04T20:25:38.659-0500] {processor.py:186} INFO - Started process (PID=99238) to work on /Library/Frameworks/Python.framework/Versions/3.9/lib/python3.9/site-packages/airflow/example_dags/tutorial_taskflow_templates.py
[2025-01-04T20:25:38.659-0500] {processor.py:914} INFO - Processing file /Library/Frameworks/Python.framework/Versions/3.9/lib/python3.9/site-packages/airflow/example_dags/tutorial_taskflow_templates.py for tasks to queue
[2025-01-04T20:25:38.660-0500] {logging_mixin.py:190} INFO - [2025-01-04T20:25:38.659-0500] {dagbag.py:588} INFO - Filling up the DagBag from /Library/Frameworks/Python.framework/Versions/3.9/lib/python3.9/site-packages/airflow/example_dags/tutorial_taskflow_templates.py
[2025-01-04T20:25:38.681-0500] {processor.py:925} INFO - DAG(s) 'tutorial_taskflow_templates' retrieved from /Library/Frameworks/Python.framework/Versions/3.9/lib/python3.9/site-packages/airflow/example_dags/tutorial_taskflow_templates.py
[2025-01-04T20:25:38.783-0500] {logging_mixin.py:190} INFO - [2025-01-04T20:25:38.782-0500] {override.py:1911} INFO - Created Permission View: can read on DAG:tutorial_taskflow_templates
[2025-01-04T20:25:38.785-0500] {logging_mixin.py:190} INFO - [2025-01-04T20:25:38.785-0500] {override.py:1911} INFO - Created Permission View: can edit on DAG:tutorial_taskflow_templates
[2025-01-04T20:25:38.788-0500] {logging_mixin.py:190} INFO - [2025-01-04T20:25:38.788-0500] {override.py:1911} INFO - Created Permission View: can delete on DAG:tutorial_taskflow_templates
[2025-01-04T20:25:38.792-0500] {logging_mixin.py:190} INFO - [2025-01-04T20:25:38.792-0500] {override.py:1911} INFO - Created Permission View: can create on DAG Run:tutorial_taskflow_templates
[2025-01-04T20:25:38.795-0500] {logging_mixin.py:190} INFO - [2025-01-04T20:25:38.795-0500] {override.py:1911} INFO - Created Permission View: can read on DAG Run:tutorial_taskflow_templates
[2025-01-04T20:25:38.798-0500] {logging_mixin.py:190} INFO - [2025-01-04T20:25:38.798-0500] {override.py:1911} INFO - Created Permission View: can delete on DAG Run:tutorial_taskflow_templates
[2025-01-04T20:25:38.801-0500] {logging_mixin.py:190} INFO - [2025-01-04T20:25:38.801-0500] {override.py:1911} INFO - Created Permission View: menu access on DAG Run:tutorial_taskflow_templates
[2025-01-04T20:25:38.801-0500] {logging_mixin.py:190} INFO - [2025-01-04T20:25:38.801-0500] {dag.py:3239} INFO - Sync 1 DAGs
[2025-01-04T20:25:38.806-0500] {logging_mixin.py:190} INFO - [2025-01-04T20:25:38.806-0500] {dag.py:3262} INFO - Creating ORM DAG for tutorial_taskflow_templates
[2025-01-04T20:25:38.809-0500] {logging_mixin.py:190} INFO - [2025-01-04T20:25:38.809-0500] {dag.py:4180} INFO - Setting next_dagrun for tutorial_taskflow_templates to 2025-01-04 00:00:00+00:00, run_after=2025-01-05 00:00:00+00:00
[2025-01-04T20:25:38.818-0500] {processor.py:208} INFO - Processing /Library/Frameworks/Python.framework/Versions/3.9/lib/python3.9/site-packages/airflow/example_dags/tutorial_taskflow_templates.py took 0.162 seconds
[2025-01-04T20:27:58.333-0500] {processor.py:186} INFO - Started process (PID=99575) to work on /Library/Frameworks/Python.framework/Versions/3.9/lib/python3.9/site-packages/airflow/example_dags/tutorial_taskflow_templates.py
[2025-01-04T20:27:58.333-0500] {processor.py:914} INFO - Processing file /Library/Frameworks/Python.framework/Versions/3.9/lib/python3.9/site-packages/airflow/example_dags/tutorial_taskflow_templates.py for tasks to queue
[2025-01-04T20:27:58.334-0500] {logging_mixin.py:190} INFO - [2025-01-04T20:27:58.334-0500] {dagbag.py:588} INFO - Filling up the DagBag from /Library/Frameworks/Python.framework/Versions/3.9/lib/python3.9/site-packages/airflow/example_dags/tutorial_taskflow_templates.py
[2025-01-04T20:27:58.362-0500] {processor.py:925} INFO - DAG(s) 'tutorial_taskflow_templates' retrieved from /Library/Frameworks/Python.framework/Versions/3.9/lib/python3.9/site-packages/airflow/example_dags/tutorial_taskflow_templates.py
[2025-01-04T20:27:58.462-0500] {logging_mixin.py:190} INFO - [2025-01-04T20:27:58.462-0500] {dag.py:3239} INFO - Sync 1 DAGs
[2025-01-04T20:27:58.481-0500] {logging_mixin.py:190} INFO - [2025-01-04T20:27:58.479-0500] {dag.py:4180} INFO - Setting next_dagrun for tutorial_taskflow_templates to 2025-01-04 00:00:00+00:00, run_after=2025-01-05 00:00:00+00:00
[2025-01-04T20:27:58.498-0500] {processor.py:208} INFO - Processing /Library/Frameworks/Python.framework/Versions/3.9/lib/python3.9/site-packages/airflow/example_dags/tutorial_taskflow_templates.py took 0.168 seconds
[2025-01-04T20:29:29.478-0500] {processor.py:186} INFO - Started process (PID=99816) to work on /Library/Frameworks/Python.framework/Versions/3.9/lib/python3.9/site-packages/airflow/example_dags/tutorial_taskflow_templates.py
[2025-01-04T20:29:29.479-0500] {processor.py:914} INFO - Processing file /Library/Frameworks/Python.framework/Versions/3.9/lib/python3.9/site-packages/airflow/example_dags/tutorial_taskflow_templates.py for tasks to queue
[2025-01-04T20:29:29.479-0500] {logging_mixin.py:190} INFO - [2025-01-04T20:29:29.479-0500] {dagbag.py:588} INFO - Filling up the DagBag from /Library/Frameworks/Python.framework/Versions/3.9/lib/python3.9/site-packages/airflow/example_dags/tutorial_taskflow_templates.py
[2025-01-04T20:29:29.516-0500] {processor.py:925} INFO - DAG(s) 'tutorial_taskflow_templates' retrieved from /Library/Frameworks/Python.framework/Versions/3.9/lib/python3.9/site-packages/airflow/example_dags/tutorial_taskflow_templates.py
[2025-01-04T20:29:29.571-0500] {logging_mixin.py:190} INFO - [2025-01-04T20:29:29.571-0500] {dag.py:3239} INFO - Sync 1 DAGs
[2025-01-04T20:29:29.580-0500] {logging_mixin.py:190} INFO - [2025-01-04T20:29:29.580-0500] {dag.py:4180} INFO - Setting next_dagrun for tutorial_taskflow_templates to 2025-01-04 00:00:00+00:00, run_after=2025-01-05 00:00:00+00:00
[2025-01-04T20:29:29.591-0500] {processor.py:208} INFO - Processing /Library/Frameworks/Python.framework/Versions/3.9/lib/python3.9/site-packages/airflow/example_dags/tutorial_taskflow_templates.py took 0.115 seconds
[2025-01-04T20:31:11.810-0500] {processor.py:186} INFO - Started process (PID=240) to work on /Library/Frameworks/Python.framework/Versions/3.9/lib/python3.9/site-packages/airflow/example_dags/tutorial_taskflow_templates.py
[2025-01-04T20:31:11.812-0500] {processor.py:914} INFO - Processing file /Library/Frameworks/Python.framework/Versions/3.9/lib/python3.9/site-packages/airflow/example_dags/tutorial_taskflow_templates.py for tasks to queue
[2025-01-04T20:31:11.813-0500] {logging_mixin.py:190} INFO - [2025-01-04T20:31:11.812-0500] {dagbag.py:588} INFO - Filling up the DagBag from /Library/Frameworks/Python.framework/Versions/3.9/lib/python3.9/site-packages/airflow/example_dags/tutorial_taskflow_templates.py
[2025-01-04T20:31:11.850-0500] {processor.py:925} INFO - DAG(s) 'tutorial_taskflow_templates' retrieved from /Library/Frameworks/Python.framework/Versions/3.9/lib/python3.9/site-packages/airflow/example_dags/tutorial_taskflow_templates.py
[2025-01-04T20:31:11.900-0500] {logging_mixin.py:190} INFO - [2025-01-04T20:31:11.900-0500] {dag.py:3239} INFO - Sync 1 DAGs
[2025-01-04T20:31:11.910-0500] {logging_mixin.py:190} INFO - [2025-01-04T20:31:11.909-0500] {dag.py:4180} INFO - Setting next_dagrun for tutorial_taskflow_templates to 2025-01-04 00:00:00+00:00, run_after=2025-01-05 00:00:00+00:00
[2025-01-04T20:31:11.920-0500] {processor.py:208} INFO - Processing /Library/Frameworks/Python.framework/Versions/3.9/lib/python3.9/site-packages/airflow/example_dags/tutorial_taskflow_templates.py took 0.113 seconds
[2025-01-04T20:32:54.904-0500] {processor.py:186} INFO - Started process (PID=618) to work on /Library/Frameworks/Python.framework/Versions/3.9/lib/python3.9/site-packages/airflow/example_dags/tutorial_taskflow_templates.py
[2025-01-04T20:32:54.905-0500] {processor.py:914} INFO - Processing file /Library/Frameworks/Python.framework/Versions/3.9/lib/python3.9/site-packages/airflow/example_dags/tutorial_taskflow_templates.py for tasks to queue
[2025-01-04T20:32:54.906-0500] {logging_mixin.py:190} INFO - [2025-01-04T20:32:54.906-0500] {dagbag.py:588} INFO - Filling up the DagBag from /Library/Frameworks/Python.framework/Versions/3.9/lib/python3.9/site-packages/airflow/example_dags/tutorial_taskflow_templates.py
[2025-01-04T20:32:54.937-0500] {processor.py:925} INFO - DAG(s) 'tutorial_taskflow_templates' retrieved from /Library/Frameworks/Python.framework/Versions/3.9/lib/python3.9/site-packages/airflow/example_dags/tutorial_taskflow_templates.py
[2025-01-04T20:32:54.981-0500] {logging_mixin.py:190} INFO - [2025-01-04T20:32:54.981-0500] {dag.py:3239} INFO - Sync 1 DAGs
[2025-01-04T20:32:54.991-0500] {logging_mixin.py:190} INFO - [2025-01-04T20:32:54.991-0500] {dag.py:4180} INFO - Setting next_dagrun for tutorial_taskflow_templates to 2025-01-04 00:00:00+00:00, run_after=2025-01-05 00:00:00+00:00
[2025-01-04T20:32:55.004-0500] {processor.py:208} INFO - Processing /Library/Frameworks/Python.framework/Versions/3.9/lib/python3.9/site-packages/airflow/example_dags/tutorial_taskflow_templates.py took 0.102 seconds
[2025-01-04T20:34:41.124-0500] {processor.py:186} INFO - Started process (PID=989) to work on /Library/Frameworks/Python.framework/Versions/3.9/lib/python3.9/site-packages/airflow/example_dags/tutorial_taskflow_templates.py
[2025-01-04T20:34:41.126-0500] {processor.py:914} INFO - Processing file /Library/Frameworks/Python.framework/Versions/3.9/lib/python3.9/site-packages/airflow/example_dags/tutorial_taskflow_templates.py for tasks to queue
[2025-01-04T20:34:41.126-0500] {logging_mixin.py:190} INFO - [2025-01-04T20:34:41.126-0500] {dagbag.py:588} INFO - Filling up the DagBag from /Library/Frameworks/Python.framework/Versions/3.9/lib/python3.9/site-packages/airflow/example_dags/tutorial_taskflow_templates.py
[2025-01-04T20:34:41.156-0500] {processor.py:925} INFO - DAG(s) 'tutorial_taskflow_templates' retrieved from /Library/Frameworks/Python.framework/Versions/3.9/lib/python3.9/site-packages/airflow/example_dags/tutorial_taskflow_templates.py
[2025-01-04T20:34:41.204-0500] {logging_mixin.py:190} INFO - [2025-01-04T20:34:41.204-0500] {dag.py:3239} INFO - Sync 1 DAGs
[2025-01-04T20:34:41.212-0500] {logging_mixin.py:190} INFO - [2025-01-04T20:34:41.212-0500] {dag.py:4180} INFO - Setting next_dagrun for tutorial_taskflow_templates to 2025-01-04 00:00:00+00:00, run_after=2025-01-05 00:00:00+00:00
[2025-01-04T20:34:41.222-0500] {processor.py:208} INFO - Processing /Library/Frameworks/Python.framework/Versions/3.9/lib/python3.9/site-packages/airflow/example_dags/tutorial_taskflow_templates.py took 0.100 seconds
[2025-01-04T20:36:27.892-0500] {processor.py:186} INFO - Started process (PID=1314) to work on /Library/Frameworks/Python.framework/Versions/3.9/lib/python3.9/site-packages/airflow/example_dags/tutorial_taskflow_templates.py
[2025-01-04T20:36:27.893-0500] {processor.py:914} INFO - Processing file /Library/Frameworks/Python.framework/Versions/3.9/lib/python3.9/site-packages/airflow/example_dags/tutorial_taskflow_templates.py for tasks to queue
[2025-01-04T20:36:27.894-0500] {logging_mixin.py:190} INFO - [2025-01-04T20:36:27.894-0500] {dagbag.py:588} INFO - Filling up the DagBag from /Library/Frameworks/Python.framework/Versions/3.9/lib/python3.9/site-packages/airflow/example_dags/tutorial_taskflow_templates.py
[2025-01-04T20:36:27.938-0500] {processor.py:925} INFO - DAG(s) 'tutorial_taskflow_templates' retrieved from /Library/Frameworks/Python.framework/Versions/3.9/lib/python3.9/site-packages/airflow/example_dags/tutorial_taskflow_templates.py
[2025-01-04T20:36:28.022-0500] {logging_mixin.py:190} INFO - [2025-01-04T20:36:28.022-0500] {dag.py:3239} INFO - Sync 1 DAGs
[2025-01-04T20:36:28.033-0500] {logging_mixin.py:190} INFO - [2025-01-04T20:36:28.033-0500] {dag.py:4180} INFO - Setting next_dagrun for tutorial_taskflow_templates to 2025-01-04 00:00:00+00:00, run_after=2025-01-05 00:00:00+00:00
[2025-01-04T20:36:28.054-0500] {processor.py:208} INFO - Processing /Library/Frameworks/Python.framework/Versions/3.9/lib/python3.9/site-packages/airflow/example_dags/tutorial_taskflow_templates.py took 0.165 seconds
[2025-01-04T20:38:10.339-0500] {processor.py:186} INFO - Started process (PID=1643) to work on /Library/Frameworks/Python.framework/Versions/3.9/lib/python3.9/site-packages/airflow/example_dags/tutorial_taskflow_templates.py
[2025-01-04T20:38:10.341-0500] {processor.py:914} INFO - Processing file /Library/Frameworks/Python.framework/Versions/3.9/lib/python3.9/site-packages/airflow/example_dags/tutorial_taskflow_templates.py for tasks to queue
[2025-01-04T20:38:10.342-0500] {logging_mixin.py:190} INFO - [2025-01-04T20:38:10.341-0500] {dagbag.py:588} INFO - Filling up the DagBag from /Library/Frameworks/Python.framework/Versions/3.9/lib/python3.9/site-packages/airflow/example_dags/tutorial_taskflow_templates.py
[2025-01-04T20:38:10.368-0500] {processor.py:925} INFO - DAG(s) 'tutorial_taskflow_templates' retrieved from /Library/Frameworks/Python.framework/Versions/3.9/lib/python3.9/site-packages/airflow/example_dags/tutorial_taskflow_templates.py
[2025-01-04T20:38:10.415-0500] {logging_mixin.py:190} INFO - [2025-01-04T20:38:10.415-0500] {dag.py:3239} INFO - Sync 1 DAGs
[2025-01-04T20:38:10.424-0500] {logging_mixin.py:190} INFO - [2025-01-04T20:38:10.424-0500] {dag.py:4180} INFO - Setting next_dagrun for tutorial_taskflow_templates to 2025-01-04 00:00:00+00:00, run_after=2025-01-05 00:00:00+00:00
[2025-01-04T20:38:10.437-0500] {processor.py:208} INFO - Processing /Library/Frameworks/Python.framework/Versions/3.9/lib/python3.9/site-packages/airflow/example_dags/tutorial_taskflow_templates.py took 0.099 seconds
[2025-01-04T20:39:54.520-0500] {processor.py:186} INFO - Started process (PID=1970) to work on /Library/Frameworks/Python.framework/Versions/3.9/lib/python3.9/site-packages/airflow/example_dags/tutorial_taskflow_templates.py
[2025-01-04T20:39:54.522-0500] {processor.py:914} INFO - Processing file /Library/Frameworks/Python.framework/Versions/3.9/lib/python3.9/site-packages/airflow/example_dags/tutorial_taskflow_templates.py for tasks to queue
[2025-01-04T20:39:54.523-0500] {logging_mixin.py:190} INFO - [2025-01-04T20:39:54.523-0500] {dagbag.py:588} INFO - Filling up the DagBag from /Library/Frameworks/Python.framework/Versions/3.9/lib/python3.9/site-packages/airflow/example_dags/tutorial_taskflow_templates.py
[2025-01-04T20:39:54.541-0500] {processor.py:925} INFO - DAG(s) 'tutorial_taskflow_templates' retrieved from /Library/Frameworks/Python.framework/Versions/3.9/lib/python3.9/site-packages/airflow/example_dags/tutorial_taskflow_templates.py
[2025-01-04T20:39:54.585-0500] {logging_mixin.py:190} INFO - [2025-01-04T20:39:54.585-0500] {dag.py:3239} INFO - Sync 1 DAGs
[2025-01-04T20:39:54.593-0500] {logging_mixin.py:190} INFO - [2025-01-04T20:39:54.593-0500] {dag.py:4180} INFO - Setting next_dagrun for tutorial_taskflow_templates to 2025-01-04 00:00:00+00:00, run_after=2025-01-05 00:00:00+00:00
[2025-01-04T20:39:54.607-0500] {processor.py:208} INFO - Processing /Library/Frameworks/Python.framework/Versions/3.9/lib/python3.9/site-packages/airflow/example_dags/tutorial_taskflow_templates.py took 0.089 seconds
[2025-01-04T20:41:38.700-0500] {processor.py:186} INFO - Started process (PID=2238) to work on /Library/Frameworks/Python.framework/Versions/3.9/lib/python3.9/site-packages/airflow/example_dags/tutorial_taskflow_templates.py
[2025-01-04T20:41:38.701-0500] {processor.py:914} INFO - Processing file /Library/Frameworks/Python.framework/Versions/3.9/lib/python3.9/site-packages/airflow/example_dags/tutorial_taskflow_templates.py for tasks to queue
[2025-01-04T20:41:38.702-0500] {logging_mixin.py:190} INFO - [2025-01-04T20:41:38.702-0500] {dagbag.py:588} INFO - Filling up the DagBag from /Library/Frameworks/Python.framework/Versions/3.9/lib/python3.9/site-packages/airflow/example_dags/tutorial_taskflow_templates.py
[2025-01-04T20:41:38.729-0500] {processor.py:925} INFO - DAG(s) 'tutorial_taskflow_templates' retrieved from /Library/Frameworks/Python.framework/Versions/3.9/lib/python3.9/site-packages/airflow/example_dags/tutorial_taskflow_templates.py
[2025-01-04T20:41:38.776-0500] {logging_mixin.py:190} INFO - [2025-01-04T20:41:38.775-0500] {dag.py:3239} INFO - Sync 1 DAGs
[2025-01-04T20:41:38.784-0500] {logging_mixin.py:190} INFO - [2025-01-04T20:41:38.784-0500] {dag.py:4180} INFO - Setting next_dagrun for tutorial_taskflow_templates to 2025-01-04 00:00:00+00:00, run_after=2025-01-05 00:00:00+00:00
[2025-01-04T20:41:38.795-0500] {processor.py:208} INFO - Processing /Library/Frameworks/Python.framework/Versions/3.9/lib/python3.9/site-packages/airflow/example_dags/tutorial_taskflow_templates.py took 0.097 seconds
[2025-01-04T20:43:21.435-0500] {processor.py:186} INFO - Started process (PID=2466) to work on /Library/Frameworks/Python.framework/Versions/3.9/lib/python3.9/site-packages/airflow/example_dags/tutorial_taskflow_templates.py
[2025-01-04T20:43:21.440-0500] {processor.py:914} INFO - Processing file /Library/Frameworks/Python.framework/Versions/3.9/lib/python3.9/site-packages/airflow/example_dags/tutorial_taskflow_templates.py for tasks to queue
[2025-01-04T20:43:21.442-0500] {logging_mixin.py:190} INFO - [2025-01-04T20:43:21.441-0500] {dagbag.py:588} INFO - Filling up the DagBag from /Library/Frameworks/Python.framework/Versions/3.9/lib/python3.9/site-packages/airflow/example_dags/tutorial_taskflow_templates.py
[2025-01-04T20:43:21.491-0500] {processor.py:925} INFO - DAG(s) 'tutorial_taskflow_templates' retrieved from /Library/Frameworks/Python.framework/Versions/3.9/lib/python3.9/site-packages/airflow/example_dags/tutorial_taskflow_templates.py
[2025-01-04T20:43:21.635-0500] {logging_mixin.py:190} INFO - [2025-01-04T20:43:21.634-0500] {dag.py:3239} INFO - Sync 1 DAGs
[2025-01-04T20:43:21.652-0500] {logging_mixin.py:190} INFO - [2025-01-04T20:43:21.652-0500] {dag.py:4180} INFO - Setting next_dagrun for tutorial_taskflow_templates to 2025-01-04 00:00:00+00:00, run_after=2025-01-05 00:00:00+00:00
[2025-01-04T20:43:21.693-0500] {processor.py:208} INFO - Processing /Library/Frameworks/Python.framework/Versions/3.9/lib/python3.9/site-packages/airflow/example_dags/tutorial_taskflow_templates.py took 0.266 seconds
[2025-01-04T20:45:07.185-0500] {processor.py:186} INFO - Started process (PID=2772) to work on /Library/Frameworks/Python.framework/Versions/3.9/lib/python3.9/site-packages/airflow/example_dags/tutorial_taskflow_templates.py
[2025-01-04T20:45:07.186-0500] {processor.py:914} INFO - Processing file /Library/Frameworks/Python.framework/Versions/3.9/lib/python3.9/site-packages/airflow/example_dags/tutorial_taskflow_templates.py for tasks to queue
[2025-01-04T20:45:07.186-0500] {logging_mixin.py:190} INFO - [2025-01-04T20:45:07.186-0500] {dagbag.py:588} INFO - Filling up the DagBag from /Library/Frameworks/Python.framework/Versions/3.9/lib/python3.9/site-packages/airflow/example_dags/tutorial_taskflow_templates.py
[2025-01-04T20:45:07.212-0500] {processor.py:925} INFO - DAG(s) 'tutorial_taskflow_templates' retrieved from /Library/Frameworks/Python.framework/Versions/3.9/lib/python3.9/site-packages/airflow/example_dags/tutorial_taskflow_templates.py
[2025-01-04T20:45:07.261-0500] {logging_mixin.py:190} INFO - [2025-01-04T20:45:07.261-0500] {dag.py:3239} INFO - Sync 1 DAGs
[2025-01-04T20:45:07.270-0500] {logging_mixin.py:190} INFO - [2025-01-04T20:45:07.270-0500] {dag.py:4180} INFO - Setting next_dagrun for tutorial_taskflow_templates to 2025-01-04 00:00:00+00:00, run_after=2025-01-05 00:00:00+00:00
[2025-01-04T20:45:07.283-0500] {processor.py:208} INFO - Processing /Library/Frameworks/Python.framework/Versions/3.9/lib/python3.9/site-packages/airflow/example_dags/tutorial_taskflow_templates.py took 0.101 seconds
[2025-01-04T20:47:03.977-0500] {processor.py:186} INFO - Started process (PID=3108) to work on /Library/Frameworks/Python.framework/Versions/3.9/lib/python3.9/site-packages/airflow/example_dags/tutorial_taskflow_templates.py
[2025-01-04T20:47:03.978-0500] {processor.py:914} INFO - Processing file /Library/Frameworks/Python.framework/Versions/3.9/lib/python3.9/site-packages/airflow/example_dags/tutorial_taskflow_templates.py for tasks to queue
[2025-01-04T20:47:03.979-0500] {logging_mixin.py:190} INFO - [2025-01-04T20:47:03.978-0500] {dagbag.py:588} INFO - Filling up the DagBag from /Library/Frameworks/Python.framework/Versions/3.9/lib/python3.9/site-packages/airflow/example_dags/tutorial_taskflow_templates.py
[2025-01-04T20:47:04.102-0500] {processor.py:925} INFO - DAG(s) 'tutorial_taskflow_templates' retrieved from /Library/Frameworks/Python.framework/Versions/3.9/lib/python3.9/site-packages/airflow/example_dags/tutorial_taskflow_templates.py
[2025-01-04T20:47:04.187-0500] {logging_mixin.py:190} INFO - [2025-01-04T20:47:04.187-0500] {dag.py:3239} INFO - Sync 1 DAGs
[2025-01-04T20:47:04.211-0500] {logging_mixin.py:190} INFO - [2025-01-04T20:47:04.211-0500] {dag.py:4180} INFO - Setting next_dagrun for tutorial_taskflow_templates to 2025-01-04 00:00:00+00:00, run_after=2025-01-05 00:00:00+00:00
[2025-01-04T20:47:04.230-0500] {processor.py:208} INFO - Processing /Library/Frameworks/Python.framework/Versions/3.9/lib/python3.9/site-packages/airflow/example_dags/tutorial_taskflow_templates.py took 0.256 seconds
[2025-01-04T20:49:00.234-0500] {processor.py:186} INFO - Started process (PID=3472) to work on /Library/Frameworks/Python.framework/Versions/3.9/lib/python3.9/site-packages/airflow/example_dags/tutorial_taskflow_templates.py
[2025-01-04T20:49:00.236-0500] {processor.py:914} INFO - Processing file /Library/Frameworks/Python.framework/Versions/3.9/lib/python3.9/site-packages/airflow/example_dags/tutorial_taskflow_templates.py for tasks to queue
[2025-01-04T20:49:00.236-0500] {logging_mixin.py:190} INFO - [2025-01-04T20:49:00.236-0500] {dagbag.py:588} INFO - Filling up the DagBag from /Library/Frameworks/Python.framework/Versions/3.9/lib/python3.9/site-packages/airflow/example_dags/tutorial_taskflow_templates.py
[2025-01-04T20:49:00.258-0500] {processor.py:925} INFO - DAG(s) 'tutorial_taskflow_templates' retrieved from /Library/Frameworks/Python.framework/Versions/3.9/lib/python3.9/site-packages/airflow/example_dags/tutorial_taskflow_templates.py
[2025-01-04T20:49:00.311-0500] {logging_mixin.py:190} INFO - [2025-01-04T20:49:00.311-0500] {dag.py:3239} INFO - Sync 1 DAGs
[2025-01-04T20:49:00.326-0500] {logging_mixin.py:190} INFO - [2025-01-04T20:49:00.325-0500] {dag.py:4180} INFO - Setting next_dagrun for tutorial_taskflow_templates to 2025-01-04 00:00:00+00:00, run_after=2025-01-05 00:00:00+00:00
[2025-01-04T20:49:00.342-0500] {processor.py:208} INFO - Processing /Library/Frameworks/Python.framework/Versions/3.9/lib/python3.9/site-packages/airflow/example_dags/tutorial_taskflow_templates.py took 0.109 seconds
