[2025-01-04T20:25:43.468-0500] {processor.py:186} INFO - Started process (PID=99249) to work on /Library/Frameworks/Python.framework/Versions/3.9/lib/python3.9/site-packages/airflow/example_dags/tutorial_taskflow_api.py
[2025-01-04T20:25:43.468-0500] {processor.py:914} INFO - Processing file /Library/Frameworks/Python.framework/Versions/3.9/lib/python3.9/site-packages/airflow/example_dags/tutorial_taskflow_api.py for tasks to queue
[2025-01-04T20:25:43.469-0500] {logging_mixin.py:190} INFO - [2025-01-04T20:25:43.469-0500] {dagbag.py:588} INFO - Filling up the DagBag from /Library/Frameworks/Python.framework/Versions/3.9/lib/python3.9/site-packages/airflow/example_dags/tutorial_taskflow_api.py
[2025-01-04T20:25:43.485-0500] {processor.py:925} INFO - DAG(s) 'tutorial_taskflow_api' retrieved from /Library/Frameworks/Python.framework/Versions/3.9/lib/python3.9/site-packages/airflow/example_dags/tutorial_taskflow_api.py
[2025-01-04T20:25:43.573-0500] {logging_mixin.py:190} INFO - [2025-01-04T20:25:43.573-0500] {override.py:1911} INFO - Created Permission View: can read on DAG:tutorial_taskflow_api
[2025-01-04T20:25:43.578-0500] {logging_mixin.py:190} INFO - [2025-01-04T20:25:43.577-0500] {override.py:1911} INFO - Created Permission View: can delete on DAG:tutorial_taskflow_api
[2025-01-04T20:25:43.581-0500] {logging_mixin.py:190} INFO - [2025-01-04T20:25:43.580-0500] {override.py:1911} INFO - Created Permission View: can edit on DAG:tutorial_taskflow_api
[2025-01-04T20:25:43.584-0500] {logging_mixin.py:190} INFO - [2025-01-04T20:25:43.584-0500] {override.py:1911} INFO - Created Permission View: can read on DAG Run:tutorial_taskflow_api
[2025-01-04T20:25:43.587-0500] {logging_mixin.py:190} INFO - [2025-01-04T20:25:43.586-0500] {override.py:1911} INFO - Created Permission View: can delete on DAG Run:tutorial_taskflow_api
[2025-01-04T20:25:43.589-0500] {logging_mixin.py:190} INFO - [2025-01-04T20:25:43.589-0500] {override.py:1911} INFO - Created Permission View: can create on DAG Run:tutorial_taskflow_api
[2025-01-04T20:25:43.591-0500] {logging_mixin.py:190} INFO - [2025-01-04T20:25:43.591-0500] {override.py:1911} INFO - Created Permission View: menu access on DAG Run:tutorial_taskflow_api
[2025-01-04T20:25:43.591-0500] {logging_mixin.py:190} INFO - [2025-01-04T20:25:43.591-0500] {dag.py:3239} INFO - Sync 1 DAGs
[2025-01-04T20:25:43.596-0500] {logging_mixin.py:190} INFO - [2025-01-04T20:25:43.596-0500] {dag.py:3262} INFO - Creating ORM DAG for tutorial_taskflow_api
[2025-01-04T20:25:43.597-0500] {logging_mixin.py:190} INFO - [2025-01-04T20:25:43.597-0500] {dag.py:4180} INFO - Setting next_dagrun for tutorial_taskflow_api to None, run_after=None
[2025-01-04T20:25:43.604-0500] {processor.py:208} INFO - Processing /Library/Frameworks/Python.framework/Versions/3.9/lib/python3.9/site-packages/airflow/example_dags/tutorial_taskflow_api.py took 0.139 seconds
[2025-01-04T20:28:02.633-0500] {processor.py:186} INFO - Started process (PID=99583) to work on /Library/Frameworks/Python.framework/Versions/3.9/lib/python3.9/site-packages/airflow/example_dags/tutorial_taskflow_api.py
[2025-01-04T20:28:02.634-0500] {processor.py:914} INFO - Processing file /Library/Frameworks/Python.framework/Versions/3.9/lib/python3.9/site-packages/airflow/example_dags/tutorial_taskflow_api.py for tasks to queue
[2025-01-04T20:28:02.635-0500] {logging_mixin.py:190} INFO - [2025-01-04T20:28:02.635-0500] {dagbag.py:588} INFO - Filling up the DagBag from /Library/Frameworks/Python.framework/Versions/3.9/lib/python3.9/site-packages/airflow/example_dags/tutorial_taskflow_api.py
[2025-01-04T20:28:02.668-0500] {processor.py:925} INFO - DAG(s) 'tutorial_taskflow_api' retrieved from /Library/Frameworks/Python.framework/Versions/3.9/lib/python3.9/site-packages/airflow/example_dags/tutorial_taskflow_api.py
[2025-01-04T20:28:02.722-0500] {logging_mixin.py:190} INFO - [2025-01-04T20:28:02.721-0500] {dag.py:3239} INFO - Sync 1 DAGs
[2025-01-04T20:28:02.727-0500] {logging_mixin.py:190} INFO - [2025-01-04T20:28:02.727-0500] {dag.py:4180} INFO - Setting next_dagrun for tutorial_taskflow_api to None, run_after=None
[2025-01-04T20:28:02.738-0500] {processor.py:208} INFO - Processing /Library/Frameworks/Python.framework/Versions/3.9/lib/python3.9/site-packages/airflow/example_dags/tutorial_taskflow_api.py took 0.108 seconds
[2025-01-04T20:29:36.699-0500] {processor.py:186} INFO - Started process (PID=99832) to work on /Library/Frameworks/Python.framework/Versions/3.9/lib/python3.9/site-packages/airflow/example_dags/tutorial_taskflow_api.py
[2025-01-04T20:29:36.700-0500] {processor.py:914} INFO - Processing file /Library/Frameworks/Python.framework/Versions/3.9/lib/python3.9/site-packages/airflow/example_dags/tutorial_taskflow_api.py for tasks to queue
[2025-01-04T20:29:36.702-0500] {logging_mixin.py:190} INFO - [2025-01-04T20:29:36.701-0500] {dagbag.py:588} INFO - Filling up the DagBag from /Library/Frameworks/Python.framework/Versions/3.9/lib/python3.9/site-packages/airflow/example_dags/tutorial_taskflow_api.py
[2025-01-04T20:29:36.734-0500] {processor.py:925} INFO - DAG(s) 'tutorial_taskflow_api' retrieved from /Library/Frameworks/Python.framework/Versions/3.9/lib/python3.9/site-packages/airflow/example_dags/tutorial_taskflow_api.py
[2025-01-04T20:29:36.813-0500] {logging_mixin.py:190} INFO - [2025-01-04T20:29:36.812-0500] {dag.py:3239} INFO - Sync 1 DAGs
[2025-01-04T20:29:36.826-0500] {logging_mixin.py:190} INFO - [2025-01-04T20:29:36.825-0500] {dag.py:4180} INFO - Setting next_dagrun for tutorial_taskflow_api to None, run_after=None
[2025-01-04T20:29:36.868-0500] {processor.py:208} INFO - Processing /Library/Frameworks/Python.framework/Versions/3.9/lib/python3.9/site-packages/airflow/example_dags/tutorial_taskflow_api.py took 0.172 seconds
[2025-01-04T20:31:16.466-0500] {processor.py:186} INFO - Started process (PID=261) to work on /Library/Frameworks/Python.framework/Versions/3.9/lib/python3.9/site-packages/airflow/example_dags/tutorial_taskflow_api.py
[2025-01-04T20:31:16.467-0500] {processor.py:914} INFO - Processing file /Library/Frameworks/Python.framework/Versions/3.9/lib/python3.9/site-packages/airflow/example_dags/tutorial_taskflow_api.py for tasks to queue
[2025-01-04T20:31:16.468-0500] {logging_mixin.py:190} INFO - [2025-01-04T20:31:16.468-0500] {dagbag.py:588} INFO - Filling up the DagBag from /Library/Frameworks/Python.framework/Versions/3.9/lib/python3.9/site-packages/airflow/example_dags/tutorial_taskflow_api.py
[2025-01-04T20:31:16.483-0500] {processor.py:925} INFO - DAG(s) 'tutorial_taskflow_api' retrieved from /Library/Frameworks/Python.framework/Versions/3.9/lib/python3.9/site-packages/airflow/example_dags/tutorial_taskflow_api.py
[2025-01-04T20:31:16.527-0500] {logging_mixin.py:190} INFO - [2025-01-04T20:31:16.527-0500] {dag.py:3239} INFO - Sync 1 DAGs
[2025-01-04T20:31:16.532-0500] {logging_mixin.py:190} INFO - [2025-01-04T20:31:16.531-0500] {dag.py:4180} INFO - Setting next_dagrun for tutorial_taskflow_api to None, run_after=None
[2025-01-04T20:31:16.544-0500] {processor.py:208} INFO - Processing /Library/Frameworks/Python.framework/Versions/3.9/lib/python3.9/site-packages/airflow/example_dags/tutorial_taskflow_api.py took 0.079 seconds
[2025-01-04T20:32:59.377-0500] {processor.py:186} INFO - Started process (PID=628) to work on /Library/Frameworks/Python.framework/Versions/3.9/lib/python3.9/site-packages/airflow/example_dags/tutorial_taskflow_api.py
[2025-01-04T20:32:59.378-0500] {processor.py:914} INFO - Processing file /Library/Frameworks/Python.framework/Versions/3.9/lib/python3.9/site-packages/airflow/example_dags/tutorial_taskflow_api.py for tasks to queue
[2025-01-04T20:32:59.379-0500] {logging_mixin.py:190} INFO - [2025-01-04T20:32:59.379-0500] {dagbag.py:588} INFO - Filling up the DagBag from /Library/Frameworks/Python.framework/Versions/3.9/lib/python3.9/site-packages/airflow/example_dags/tutorial_taskflow_api.py
[2025-01-04T20:32:59.394-0500] {processor.py:925} INFO - DAG(s) 'tutorial_taskflow_api' retrieved from /Library/Frameworks/Python.framework/Versions/3.9/lib/python3.9/site-packages/airflow/example_dags/tutorial_taskflow_api.py
[2025-01-04T20:32:59.439-0500] {logging_mixin.py:190} INFO - [2025-01-04T20:32:59.439-0500] {dag.py:3239} INFO - Sync 1 DAGs
[2025-01-04T20:32:59.444-0500] {logging_mixin.py:190} INFO - [2025-01-04T20:32:59.444-0500] {dag.py:4180} INFO - Setting next_dagrun for tutorial_taskflow_api to None, run_after=None
[2025-01-04T20:32:59.456-0500] {processor.py:208} INFO - Processing /Library/Frameworks/Python.framework/Versions/3.9/lib/python3.9/site-packages/airflow/example_dags/tutorial_taskflow_api.py took 0.080 seconds
[2025-01-04T20:34:46.052-0500] {processor.py:186} INFO - Started process (PID=1006) to work on /Library/Frameworks/Python.framework/Versions/3.9/lib/python3.9/site-packages/airflow/example_dags/tutorial_taskflow_api.py
[2025-01-04T20:34:46.054-0500] {processor.py:914} INFO - Processing file /Library/Frameworks/Python.framework/Versions/3.9/lib/python3.9/site-packages/airflow/example_dags/tutorial_taskflow_api.py for tasks to queue
[2025-01-04T20:34:46.060-0500] {logging_mixin.py:190} INFO - [2025-01-04T20:34:46.058-0500] {dagbag.py:588} INFO - Filling up the DagBag from /Library/Frameworks/Python.framework/Versions/3.9/lib/python3.9/site-packages/airflow/example_dags/tutorial_taskflow_api.py
[2025-01-04T20:34:46.107-0500] {processor.py:925} INFO - DAG(s) 'tutorial_taskflow_api' retrieved from /Library/Frameworks/Python.framework/Versions/3.9/lib/python3.9/site-packages/airflow/example_dags/tutorial_taskflow_api.py
[2025-01-04T20:34:46.272-0500] {logging_mixin.py:190} INFO - [2025-01-04T20:34:46.271-0500] {dag.py:3239} INFO - Sync 1 DAGs
[2025-01-04T20:34:46.288-0500] {logging_mixin.py:190} INFO - [2025-01-04T20:34:46.288-0500] {dag.py:4180} INFO - Setting next_dagrun for tutorial_taskflow_api to None, run_after=None
[2025-01-04T20:34:46.316-0500] {processor.py:208} INFO - Processing /Library/Frameworks/Python.framework/Versions/3.9/lib/python3.9/site-packages/airflow/example_dags/tutorial_taskflow_api.py took 0.267 seconds
[2025-01-04T20:36:34.736-0500] {processor.py:186} INFO - Started process (PID=1340) to work on /Library/Frameworks/Python.framework/Versions/3.9/lib/python3.9/site-packages/airflow/example_dags/tutorial_taskflow_api.py
[2025-01-04T20:36:34.751-0500] {processor.py:914} INFO - Processing file /Library/Frameworks/Python.framework/Versions/3.9/lib/python3.9/site-packages/airflow/example_dags/tutorial_taskflow_api.py for tasks to queue
[2025-01-04T20:36:34.761-0500] {logging_mixin.py:190} INFO - [2025-01-04T20:36:34.759-0500] {dagbag.py:588} INFO - Filling up the DagBag from /Library/Frameworks/Python.framework/Versions/3.9/lib/python3.9/site-packages/airflow/example_dags/tutorial_taskflow_api.py
[2025-01-04T20:36:34.955-0500] {processor.py:925} INFO - DAG(s) 'tutorial_taskflow_api' retrieved from /Library/Frameworks/Python.framework/Versions/3.9/lib/python3.9/site-packages/airflow/example_dags/tutorial_taskflow_api.py
[2025-01-04T20:36:35.043-0500] {logging_mixin.py:190} INFO - [2025-01-04T20:36:35.043-0500] {dag.py:3239} INFO - Sync 1 DAGs
[2025-01-04T20:36:35.050-0500] {logging_mixin.py:190} INFO - [2025-01-04T20:36:35.049-0500] {dag.py:4180} INFO - Setting next_dagrun for tutorial_taskflow_api to None, run_after=None
[2025-01-04T20:36:35.063-0500] {processor.py:208} INFO - Processing /Library/Frameworks/Python.framework/Versions/3.9/lib/python3.9/site-packages/airflow/example_dags/tutorial_taskflow_api.py took 0.361 seconds
[2025-01-04T20:38:14.939-0500] {processor.py:186} INFO - Started process (PID=1658) to work on /Library/Frameworks/Python.framework/Versions/3.9/lib/python3.9/site-packages/airflow/example_dags/tutorial_taskflow_api.py
[2025-01-04T20:38:14.940-0500] {processor.py:914} INFO - Processing file /Library/Frameworks/Python.framework/Versions/3.9/lib/python3.9/site-packages/airflow/example_dags/tutorial_taskflow_api.py for tasks to queue
[2025-01-04T20:38:14.941-0500] {logging_mixin.py:190} INFO - [2025-01-04T20:38:14.941-0500] {dagbag.py:588} INFO - Filling up the DagBag from /Library/Frameworks/Python.framework/Versions/3.9/lib/python3.9/site-packages/airflow/example_dags/tutorial_taskflow_api.py
[2025-01-04T20:38:14.958-0500] {processor.py:925} INFO - DAG(s) 'tutorial_taskflow_api' retrieved from /Library/Frameworks/Python.framework/Versions/3.9/lib/python3.9/site-packages/airflow/example_dags/tutorial_taskflow_api.py
[2025-01-04T20:38:15.003-0500] {logging_mixin.py:190} INFO - [2025-01-04T20:38:15.002-0500] {dag.py:3239} INFO - Sync 1 DAGs
[2025-01-04T20:38:15.008-0500] {logging_mixin.py:190} INFO - [2025-01-04T20:38:15.008-0500] {dag.py:4180} INFO - Setting next_dagrun for tutorial_taskflow_api to None, run_after=None
[2025-01-04T20:38:15.018-0500] {processor.py:208} INFO - Processing /Library/Frameworks/Python.framework/Versions/3.9/lib/python3.9/site-packages/airflow/example_dags/tutorial_taskflow_api.py took 0.081 seconds
[2025-01-04T20:39:59.594-0500] {processor.py:186} INFO - Started process (PID=1982) to work on /Library/Frameworks/Python.framework/Versions/3.9/lib/python3.9/site-packages/airflow/example_dags/tutorial_taskflow_api.py
[2025-01-04T20:39:59.596-0500] {processor.py:914} INFO - Processing file /Library/Frameworks/Python.framework/Versions/3.9/lib/python3.9/site-packages/airflow/example_dags/tutorial_taskflow_api.py for tasks to queue
[2025-01-04T20:39:59.597-0500] {logging_mixin.py:190} INFO - [2025-01-04T20:39:59.597-0500] {dagbag.py:588} INFO - Filling up the DagBag from /Library/Frameworks/Python.framework/Versions/3.9/lib/python3.9/site-packages/airflow/example_dags/tutorial_taskflow_api.py
[2025-01-04T20:39:59.615-0500] {processor.py:925} INFO - DAG(s) 'tutorial_taskflow_api' retrieved from /Library/Frameworks/Python.framework/Versions/3.9/lib/python3.9/site-packages/airflow/example_dags/tutorial_taskflow_api.py
[2025-01-04T20:39:59.692-0500] {logging_mixin.py:190} INFO - [2025-01-04T20:39:59.692-0500] {dag.py:3239} INFO - Sync 1 DAGs
[2025-01-04T20:39:59.698-0500] {logging_mixin.py:190} INFO - [2025-01-04T20:39:59.698-0500] {dag.py:4180} INFO - Setting next_dagrun for tutorial_taskflow_api to None, run_after=None
[2025-01-04T20:39:59.719-0500] {processor.py:208} INFO - Processing /Library/Frameworks/Python.framework/Versions/3.9/lib/python3.9/site-packages/airflow/example_dags/tutorial_taskflow_api.py took 0.129 seconds
[2025-01-04T20:41:42.742-0500] {processor.py:186} INFO - Started process (PID=2244) to work on /Library/Frameworks/Python.framework/Versions/3.9/lib/python3.9/site-packages/airflow/example_dags/tutorial_taskflow_api.py
[2025-01-04T20:41:42.743-0500] {processor.py:914} INFO - Processing file /Library/Frameworks/Python.framework/Versions/3.9/lib/python3.9/site-packages/airflow/example_dags/tutorial_taskflow_api.py for tasks to queue
[2025-01-04T20:41:42.744-0500] {logging_mixin.py:190} INFO - [2025-01-04T20:41:42.744-0500] {dagbag.py:588} INFO - Filling up the DagBag from /Library/Frameworks/Python.framework/Versions/3.9/lib/python3.9/site-packages/airflow/example_dags/tutorial_taskflow_api.py
[2025-01-04T20:41:42.764-0500] {processor.py:925} INFO - DAG(s) 'tutorial_taskflow_api' retrieved from /Library/Frameworks/Python.framework/Versions/3.9/lib/python3.9/site-packages/airflow/example_dags/tutorial_taskflow_api.py
[2025-01-04T20:41:42.805-0500] {logging_mixin.py:190} INFO - [2025-01-04T20:41:42.805-0500] {dag.py:3239} INFO - Sync 1 DAGs
[2025-01-04T20:41:42.810-0500] {logging_mixin.py:190} INFO - [2025-01-04T20:41:42.810-0500] {dag.py:4180} INFO - Setting next_dagrun for tutorial_taskflow_api to None, run_after=None
[2025-01-04T20:41:42.819-0500] {processor.py:208} INFO - Processing /Library/Frameworks/Python.framework/Versions/3.9/lib/python3.9/site-packages/airflow/example_dags/tutorial_taskflow_api.py took 0.082 seconds
[2025-01-04T20:43:25.805-0500] {processor.py:186} INFO - Started process (PID=2482) to work on /Library/Frameworks/Python.framework/Versions/3.9/lib/python3.9/site-packages/airflow/example_dags/tutorial_taskflow_api.py
[2025-01-04T20:43:25.806-0500] {processor.py:914} INFO - Processing file /Library/Frameworks/Python.framework/Versions/3.9/lib/python3.9/site-packages/airflow/example_dags/tutorial_taskflow_api.py for tasks to queue
[2025-01-04T20:43:25.807-0500] {logging_mixin.py:190} INFO - [2025-01-04T20:43:25.807-0500] {dagbag.py:588} INFO - Filling up the DagBag from /Library/Frameworks/Python.framework/Versions/3.9/lib/python3.9/site-packages/airflow/example_dags/tutorial_taskflow_api.py
[2025-01-04T20:43:25.868-0500] {processor.py:925} INFO - DAG(s) 'tutorial_taskflow_api' retrieved from /Library/Frameworks/Python.framework/Versions/3.9/lib/python3.9/site-packages/airflow/example_dags/tutorial_taskflow_api.py
[2025-01-04T20:43:25.993-0500] {logging_mixin.py:190} INFO - [2025-01-04T20:43:25.992-0500] {dag.py:3239} INFO - Sync 1 DAGs
[2025-01-04T20:43:25.999-0500] {logging_mixin.py:190} INFO - [2025-01-04T20:43:25.999-0500] {dag.py:4180} INFO - Setting next_dagrun for tutorial_taskflow_api to None, run_after=None
[2025-01-04T20:43:26.018-0500] {processor.py:208} INFO - Processing /Library/Frameworks/Python.framework/Versions/3.9/lib/python3.9/site-packages/airflow/example_dags/tutorial_taskflow_api.py took 0.216 seconds
[2025-01-04T20:45:11.211-0500] {processor.py:186} INFO - Started process (PID=2810) to work on /Library/Frameworks/Python.framework/Versions/3.9/lib/python3.9/site-packages/airflow/example_dags/tutorial_taskflow_api.py
[2025-01-04T20:45:11.212-0500] {processor.py:914} INFO - Processing file /Library/Frameworks/Python.framework/Versions/3.9/lib/python3.9/site-packages/airflow/example_dags/tutorial_taskflow_api.py for tasks to queue
[2025-01-04T20:45:11.213-0500] {logging_mixin.py:190} INFO - [2025-01-04T20:45:11.212-0500] {dagbag.py:588} INFO - Filling up the DagBag from /Library/Frameworks/Python.framework/Versions/3.9/lib/python3.9/site-packages/airflow/example_dags/tutorial_taskflow_api.py
[2025-01-04T20:45:11.235-0500] {processor.py:925} INFO - DAG(s) 'tutorial_taskflow_api' retrieved from /Library/Frameworks/Python.framework/Versions/3.9/lib/python3.9/site-packages/airflow/example_dags/tutorial_taskflow_api.py
[2025-01-04T20:45:11.284-0500] {logging_mixin.py:190} INFO - [2025-01-04T20:45:11.283-0500] {dag.py:3239} INFO - Sync 1 DAGs
[2025-01-04T20:45:11.289-0500] {logging_mixin.py:190} INFO - [2025-01-04T20:45:11.288-0500] {dag.py:4180} INFO - Setting next_dagrun for tutorial_taskflow_api to None, run_after=None
[2025-01-04T20:45:11.305-0500] {processor.py:208} INFO - Processing /Library/Frameworks/Python.framework/Versions/3.9/lib/python3.9/site-packages/airflow/example_dags/tutorial_taskflow_api.py took 0.097 seconds
[2025-01-04T20:47:09.939-0500] {processor.py:186} INFO - Started process (PID=3115) to work on /Library/Frameworks/Python.framework/Versions/3.9/lib/python3.9/site-packages/airflow/example_dags/tutorial_taskflow_api.py
[2025-01-04T20:47:09.940-0500] {processor.py:914} INFO - Processing file /Library/Frameworks/Python.framework/Versions/3.9/lib/python3.9/site-packages/airflow/example_dags/tutorial_taskflow_api.py for tasks to queue
[2025-01-04T20:47:09.940-0500] {logging_mixin.py:190} INFO - [2025-01-04T20:47:09.940-0500] {dagbag.py:588} INFO - Filling up the DagBag from /Library/Frameworks/Python.framework/Versions/3.9/lib/python3.9/site-packages/airflow/example_dags/tutorial_taskflow_api.py
[2025-01-04T20:47:09.962-0500] {processor.py:925} INFO - DAG(s) 'tutorial_taskflow_api' retrieved from /Library/Frameworks/Python.framework/Versions/3.9/lib/python3.9/site-packages/airflow/example_dags/tutorial_taskflow_api.py
[2025-01-04T20:47:10.010-0500] {logging_mixin.py:190} INFO - [2025-01-04T20:47:10.010-0500] {dag.py:3239} INFO - Sync 1 DAGs
[2025-01-04T20:47:10.015-0500] {logging_mixin.py:190} INFO - [2025-01-04T20:47:10.015-0500] {dag.py:4180} INFO - Setting next_dagrun for tutorial_taskflow_api to None, run_after=None
[2025-01-04T20:47:10.033-0500] {processor.py:208} INFO - Processing /Library/Frameworks/Python.framework/Versions/3.9/lib/python3.9/site-packages/airflow/example_dags/tutorial_taskflow_api.py took 0.096 seconds
[2025-01-04T20:49:05.395-0500] {processor.py:186} INFO - Started process (PID=3492) to work on /Library/Frameworks/Python.framework/Versions/3.9/lib/python3.9/site-packages/airflow/example_dags/tutorial_taskflow_api.py
[2025-01-04T20:49:05.396-0500] {processor.py:914} INFO - Processing file /Library/Frameworks/Python.framework/Versions/3.9/lib/python3.9/site-packages/airflow/example_dags/tutorial_taskflow_api.py for tasks to queue
[2025-01-04T20:49:05.397-0500] {logging_mixin.py:190} INFO - [2025-01-04T20:49:05.397-0500] {dagbag.py:588} INFO - Filling up the DagBag from /Library/Frameworks/Python.framework/Versions/3.9/lib/python3.9/site-packages/airflow/example_dags/tutorial_taskflow_api.py
[2025-01-04T20:49:05.416-0500] {processor.py:925} INFO - DAG(s) 'tutorial_taskflow_api' retrieved from /Library/Frameworks/Python.framework/Versions/3.9/lib/python3.9/site-packages/airflow/example_dags/tutorial_taskflow_api.py
[2025-01-04T20:49:05.468-0500] {logging_mixin.py:190} INFO - [2025-01-04T20:49:05.468-0500] {dag.py:3239} INFO - Sync 1 DAGs
[2025-01-04T20:49:05.478-0500] {logging_mixin.py:190} INFO - [2025-01-04T20:49:05.478-0500] {dag.py:4180} INFO - Setting next_dagrun for tutorial_taskflow_api to None, run_after=None
[2025-01-04T20:49:05.502-0500] {processor.py:208} INFO - Processing /Library/Frameworks/Python.framework/Versions/3.9/lib/python3.9/site-packages/airflow/example_dags/tutorial_taskflow_api.py took 0.110 seconds
