[2025-01-04T20:25:47.294-0500] {processor.py:186} INFO - Started process (PID=99253) to work on /Library/Frameworks/Python.framework/Versions/3.9/lib/python3.9/site-packages/airflow/example_dags/tutorial_dag.py
[2025-01-04T20:25:47.295-0500] {processor.py:914} INFO - Processing file /Library/Frameworks/Python.framework/Versions/3.9/lib/python3.9/site-packages/airflow/example_dags/tutorial_dag.py for tasks to queue
[2025-01-04T20:25:47.295-0500] {logging_mixin.py:190} INFO - [2025-01-04T20:25:47.295-0500] {dagbag.py:588} INFO - Filling up the DagBag from /Library/Frameworks/Python.framework/Versions/3.9/lib/python3.9/site-packages/airflow/example_dags/tutorial_dag.py
[2025-01-04T20:25:47.320-0500] {processor.py:925} INFO - DAG(s) 'tutorial_dag' retrieved from /Library/Frameworks/Python.framework/Versions/3.9/lib/python3.9/site-packages/airflow/example_dags/tutorial_dag.py
[2025-01-04T20:25:47.410-0500] {logging_mixin.py:190} INFO - [2025-01-04T20:25:47.410-0500] {override.py:1911} INFO - Created Permission View: can edit on DAG:tutorial_dag
[2025-01-04T20:25:47.414-0500] {logging_mixin.py:190} INFO - [2025-01-04T20:25:47.414-0500] {override.py:1911} INFO - Created Permission View: can delete on DAG:tutorial_dag
[2025-01-04T20:25:47.416-0500] {logging_mixin.py:190} INFO - [2025-01-04T20:25:47.416-0500] {override.py:1911} INFO - Created Permission View: can read on DAG:tutorial_dag
[2025-01-04T20:25:47.419-0500] {logging_mixin.py:190} INFO - [2025-01-04T20:25:47.419-0500] {override.py:1911} INFO - Created Permission View: can create on DAG Run:tutorial_dag
[2025-01-04T20:25:47.422-0500] {logging_mixin.py:190} INFO - [2025-01-04T20:25:47.422-0500] {override.py:1911} INFO - Created Permission View: menu access on DAG Run:tutorial_dag
[2025-01-04T20:25:47.424-0500] {logging_mixin.py:190} INFO - [2025-01-04T20:25:47.424-0500] {override.py:1911} INFO - Created Permission View: can delete on DAG Run:tutorial_dag
[2025-01-04T20:25:47.427-0500] {logging_mixin.py:190} INFO - [2025-01-04T20:25:47.427-0500] {override.py:1911} INFO - Created Permission View: can read on DAG Run:tutorial_dag
[2025-01-04T20:25:47.428-0500] {logging_mixin.py:190} INFO - [2025-01-04T20:25:47.428-0500] {dag.py:3239} INFO - Sync 1 DAGs
[2025-01-04T20:25:47.433-0500] {logging_mixin.py:190} INFO - [2025-01-04T20:25:47.433-0500] {dag.py:3262} INFO - Creating ORM DAG for tutorial_dag
[2025-01-04T20:25:47.433-0500] {logging_mixin.py:190} INFO - [2025-01-04T20:25:47.433-0500] {dag.py:4180} INFO - Setting next_dagrun for tutorial_dag to None, run_after=None
[2025-01-04T20:25:47.440-0500] {processor.py:208} INFO - Processing /Library/Frameworks/Python.framework/Versions/3.9/lib/python3.9/site-packages/airflow/example_dags/tutorial_dag.py took 0.147 seconds
[2025-01-04T20:28:08.170-0500] {processor.py:186} INFO - Started process (PID=99591) to work on /Library/Frameworks/Python.framework/Versions/3.9/lib/python3.9/site-packages/airflow/example_dags/tutorial_dag.py
[2025-01-04T20:28:08.172-0500] {processor.py:914} INFO - Processing file /Library/Frameworks/Python.framework/Versions/3.9/lib/python3.9/site-packages/airflow/example_dags/tutorial_dag.py for tasks to queue
[2025-01-04T20:28:08.173-0500] {logging_mixin.py:190} INFO - [2025-01-04T20:28:08.173-0500] {dagbag.py:588} INFO - Filling up the DagBag from /Library/Frameworks/Python.framework/Versions/3.9/lib/python3.9/site-packages/airflow/example_dags/tutorial_dag.py
[2025-01-04T20:28:08.195-0500] {processor.py:925} INFO - DAG(s) 'tutorial_dag' retrieved from /Library/Frameworks/Python.framework/Versions/3.9/lib/python3.9/site-packages/airflow/example_dags/tutorial_dag.py
[2025-01-04T20:28:08.269-0500] {logging_mixin.py:190} INFO - [2025-01-04T20:28:08.269-0500] {dag.py:3239} INFO - Sync 1 DAGs
[2025-01-04T20:28:08.276-0500] {logging_mixin.py:190} INFO - [2025-01-04T20:28:08.276-0500] {dag.py:4180} INFO - Setting next_dagrun for tutorial_dag to None, run_after=None
[2025-01-04T20:28:08.288-0500] {processor.py:208} INFO - Processing /Library/Frameworks/Python.framework/Versions/3.9/lib/python3.9/site-packages/airflow/example_dags/tutorial_dag.py took 0.123 seconds
[2025-01-04T20:29:41.871-0500] {processor.py:186} INFO - Started process (PID=99841) to work on /Library/Frameworks/Python.framework/Versions/3.9/lib/python3.9/site-packages/airflow/example_dags/tutorial_dag.py
[2025-01-04T20:29:41.872-0500] {processor.py:914} INFO - Processing file /Library/Frameworks/Python.framework/Versions/3.9/lib/python3.9/site-packages/airflow/example_dags/tutorial_dag.py for tasks to queue
[2025-01-04T20:29:41.873-0500] {logging_mixin.py:190} INFO - [2025-01-04T20:29:41.873-0500] {dagbag.py:588} INFO - Filling up the DagBag from /Library/Frameworks/Python.framework/Versions/3.9/lib/python3.9/site-packages/airflow/example_dags/tutorial_dag.py
[2025-01-04T20:29:41.891-0500] {processor.py:925} INFO - DAG(s) 'tutorial_dag' retrieved from /Library/Frameworks/Python.framework/Versions/3.9/lib/python3.9/site-packages/airflow/example_dags/tutorial_dag.py
[2025-01-04T20:29:41.985-0500] {logging_mixin.py:190} INFO - [2025-01-04T20:29:41.984-0500] {dag.py:3239} INFO - Sync 1 DAGs
[2025-01-04T20:29:41.997-0500] {logging_mixin.py:190} INFO - [2025-01-04T20:29:41.996-0500] {dag.py:4180} INFO - Setting next_dagrun for tutorial_dag to None, run_after=None
[2025-01-04T20:29:42.013-0500] {processor.py:208} INFO - Processing /Library/Frameworks/Python.framework/Versions/3.9/lib/python3.9/site-packages/airflow/example_dags/tutorial_dag.py took 0.144 seconds
[2025-01-04T20:31:21.778-0500] {processor.py:186} INFO - Started process (PID=271) to work on /Library/Frameworks/Python.framework/Versions/3.9/lib/python3.9/site-packages/airflow/example_dags/tutorial_dag.py
[2025-01-04T20:31:21.779-0500] {processor.py:914} INFO - Processing file /Library/Frameworks/Python.framework/Versions/3.9/lib/python3.9/site-packages/airflow/example_dags/tutorial_dag.py for tasks to queue
[2025-01-04T20:31:21.780-0500] {logging_mixin.py:190} INFO - [2025-01-04T20:31:21.780-0500] {dagbag.py:588} INFO - Filling up the DagBag from /Library/Frameworks/Python.framework/Versions/3.9/lib/python3.9/site-packages/airflow/example_dags/tutorial_dag.py
[2025-01-04T20:31:21.821-0500] {processor.py:925} INFO - DAG(s) 'tutorial_dag' retrieved from /Library/Frameworks/Python.framework/Versions/3.9/lib/python3.9/site-packages/airflow/example_dags/tutorial_dag.py
[2025-01-04T20:31:21.906-0500] {logging_mixin.py:190} INFO - [2025-01-04T20:31:21.905-0500] {dag.py:3239} INFO - Sync 1 DAGs
[2025-01-04T20:31:21.915-0500] {logging_mixin.py:190} INFO - [2025-01-04T20:31:21.915-0500] {dag.py:4180} INFO - Setting next_dagrun for tutorial_dag to None, run_after=None
[2025-01-04T20:31:21.939-0500] {processor.py:208} INFO - Processing /Library/Frameworks/Python.framework/Versions/3.9/lib/python3.9/site-packages/airflow/example_dags/tutorial_dag.py took 0.162 seconds
[2025-01-04T20:33:03.165-0500] {processor.py:186} INFO - Started process (PID=636) to work on /Library/Frameworks/Python.framework/Versions/3.9/lib/python3.9/site-packages/airflow/example_dags/tutorial_dag.py
[2025-01-04T20:33:03.165-0500] {processor.py:914} INFO - Processing file /Library/Frameworks/Python.framework/Versions/3.9/lib/python3.9/site-packages/airflow/example_dags/tutorial_dag.py for tasks to queue
[2025-01-04T20:33:03.166-0500] {logging_mixin.py:190} INFO - [2025-01-04T20:33:03.166-0500] {dagbag.py:588} INFO - Filling up the DagBag from /Library/Frameworks/Python.framework/Versions/3.9/lib/python3.9/site-packages/airflow/example_dags/tutorial_dag.py
[2025-01-04T20:33:03.182-0500] {processor.py:925} INFO - DAG(s) 'tutorial_dag' retrieved from /Library/Frameworks/Python.framework/Versions/3.9/lib/python3.9/site-packages/airflow/example_dags/tutorial_dag.py
[2025-01-04T20:33:03.228-0500] {logging_mixin.py:190} INFO - [2025-01-04T20:33:03.228-0500] {dag.py:3239} INFO - Sync 1 DAGs
[2025-01-04T20:33:03.233-0500] {logging_mixin.py:190} INFO - [2025-01-04T20:33:03.233-0500] {dag.py:4180} INFO - Setting next_dagrun for tutorial_dag to None, run_after=None
[2025-01-04T20:33:03.242-0500] {processor.py:208} INFO - Processing /Library/Frameworks/Python.framework/Versions/3.9/lib/python3.9/site-packages/airflow/example_dags/tutorial_dag.py took 0.080 seconds
[2025-01-04T20:34:53.326-0500] {processor.py:186} INFO - Started process (PID=1026) to work on /Library/Frameworks/Python.framework/Versions/3.9/lib/python3.9/site-packages/airflow/example_dags/tutorial_dag.py
[2025-01-04T20:34:53.350-0500] {processor.py:914} INFO - Processing file /Library/Frameworks/Python.framework/Versions/3.9/lib/python3.9/site-packages/airflow/example_dags/tutorial_dag.py for tasks to queue
[2025-01-04T20:34:53.358-0500] {logging_mixin.py:190} INFO - [2025-01-04T20:34:53.358-0500] {dagbag.py:588} INFO - Filling up the DagBag from /Library/Frameworks/Python.framework/Versions/3.9/lib/python3.9/site-packages/airflow/example_dags/tutorial_dag.py
[2025-01-04T20:34:53.393-0500] {processor.py:925} INFO - DAG(s) 'tutorial_dag' retrieved from /Library/Frameworks/Python.framework/Versions/3.9/lib/python3.9/site-packages/airflow/example_dags/tutorial_dag.py
[2025-01-04T20:34:53.490-0500] {logging_mixin.py:190} INFO - [2025-01-04T20:34:53.489-0500] {dag.py:3239} INFO - Sync 1 DAGs
[2025-01-04T20:34:53.498-0500] {logging_mixin.py:190} INFO - [2025-01-04T20:34:53.498-0500] {dag.py:4180} INFO - Setting next_dagrun for tutorial_dag to None, run_after=None
[2025-01-04T20:34:53.540-0500] {processor.py:208} INFO - Processing /Library/Frameworks/Python.framework/Versions/3.9/lib/python3.9/site-packages/airflow/example_dags/tutorial_dag.py took 0.219 seconds
[2025-01-04T20:36:41.720-0500] {processor.py:186} INFO - Started process (PID=1357) to work on /Library/Frameworks/Python.framework/Versions/3.9/lib/python3.9/site-packages/airflow/example_dags/tutorial_dag.py
[2025-01-04T20:36:41.732-0500] {processor.py:914} INFO - Processing file /Library/Frameworks/Python.framework/Versions/3.9/lib/python3.9/site-packages/airflow/example_dags/tutorial_dag.py for tasks to queue
[2025-01-04T20:36:41.761-0500] {logging_mixin.py:190} INFO - [2025-01-04T20:36:41.760-0500] {dagbag.py:588} INFO - Filling up the DagBag from /Library/Frameworks/Python.framework/Versions/3.9/lib/python3.9/site-packages/airflow/example_dags/tutorial_dag.py
[2025-01-04T20:36:42.017-0500] {processor.py:925} INFO - DAG(s) 'tutorial_dag' retrieved from /Library/Frameworks/Python.framework/Versions/3.9/lib/python3.9/site-packages/airflow/example_dags/tutorial_dag.py
[2025-01-04T20:36:42.147-0500] {logging_mixin.py:190} INFO - [2025-01-04T20:36:42.147-0500] {dag.py:3239} INFO - Sync 1 DAGs
[2025-01-04T20:36:42.154-0500] {logging_mixin.py:190} INFO - [2025-01-04T20:36:42.154-0500] {dag.py:4180} INFO - Setting next_dagrun for tutorial_dag to None, run_after=None
[2025-01-04T20:36:42.168-0500] {processor.py:208} INFO - Processing /Library/Frameworks/Python.framework/Versions/3.9/lib/python3.9/site-packages/airflow/example_dags/tutorial_dag.py took 0.459 seconds
[2025-01-04T20:38:19.681-0500] {processor.py:186} INFO - Started process (PID=1677) to work on /Library/Frameworks/Python.framework/Versions/3.9/lib/python3.9/site-packages/airflow/example_dags/tutorial_dag.py
[2025-01-04T20:38:19.682-0500] {processor.py:914} INFO - Processing file /Library/Frameworks/Python.framework/Versions/3.9/lib/python3.9/site-packages/airflow/example_dags/tutorial_dag.py for tasks to queue
[2025-01-04T20:38:19.683-0500] {logging_mixin.py:190} INFO - [2025-01-04T20:38:19.683-0500] {dagbag.py:588} INFO - Filling up the DagBag from /Library/Frameworks/Python.framework/Versions/3.9/lib/python3.9/site-packages/airflow/example_dags/tutorial_dag.py
[2025-01-04T20:38:19.694-0500] {processor.py:925} INFO - DAG(s) 'tutorial_dag' retrieved from /Library/Frameworks/Python.framework/Versions/3.9/lib/python3.9/site-packages/airflow/example_dags/tutorial_dag.py
[2025-01-04T20:38:19.738-0500] {logging_mixin.py:190} INFO - [2025-01-04T20:38:19.738-0500] {dag.py:3239} INFO - Sync 1 DAGs
[2025-01-04T20:38:19.743-0500] {logging_mixin.py:190} INFO - [2025-01-04T20:38:19.742-0500] {dag.py:4180} INFO - Setting next_dagrun for tutorial_dag to None, run_after=None
[2025-01-04T20:38:19.753-0500] {processor.py:208} INFO - Processing /Library/Frameworks/Python.framework/Versions/3.9/lib/python3.9/site-packages/airflow/example_dags/tutorial_dag.py took 0.074 seconds
[2025-01-04T20:40:03.020-0500] {processor.py:186} INFO - Started process (PID=1999) to work on /Library/Frameworks/Python.framework/Versions/3.9/lib/python3.9/site-packages/airflow/example_dags/tutorial_dag.py
[2025-01-04T20:40:03.021-0500] {processor.py:914} INFO - Processing file /Library/Frameworks/Python.framework/Versions/3.9/lib/python3.9/site-packages/airflow/example_dags/tutorial_dag.py for tasks to queue
[2025-01-04T20:40:03.022-0500] {logging_mixin.py:190} INFO - [2025-01-04T20:40:03.022-0500] {dagbag.py:588} INFO - Filling up the DagBag from /Library/Frameworks/Python.framework/Versions/3.9/lib/python3.9/site-packages/airflow/example_dags/tutorial_dag.py
[2025-01-04T20:40:03.034-0500] {processor.py:925} INFO - DAG(s) 'tutorial_dag' retrieved from /Library/Frameworks/Python.framework/Versions/3.9/lib/python3.9/site-packages/airflow/example_dags/tutorial_dag.py
[2025-01-04T20:40:03.096-0500] {logging_mixin.py:190} INFO - [2025-01-04T20:40:03.095-0500] {dag.py:3239} INFO - Sync 1 DAGs
[2025-01-04T20:40:03.101-0500] {logging_mixin.py:190} INFO - [2025-01-04T20:40:03.101-0500] {dag.py:4180} INFO - Setting next_dagrun for tutorial_dag to None, run_after=None
[2025-01-04T20:40:03.111-0500] {processor.py:208} INFO - Processing /Library/Frameworks/Python.framework/Versions/3.9/lib/python3.9/site-packages/airflow/example_dags/tutorial_dag.py took 0.093 seconds
[2025-01-04T20:41:46.988-0500] {processor.py:186} INFO - Started process (PID=2248) to work on /Library/Frameworks/Python.framework/Versions/3.9/lib/python3.9/site-packages/airflow/example_dags/tutorial_dag.py
[2025-01-04T20:41:46.989-0500] {processor.py:914} INFO - Processing file /Library/Frameworks/Python.framework/Versions/3.9/lib/python3.9/site-packages/airflow/example_dags/tutorial_dag.py for tasks to queue
[2025-01-04T20:41:46.989-0500] {logging_mixin.py:190} INFO - [2025-01-04T20:41:46.989-0500] {dagbag.py:588} INFO - Filling up the DagBag from /Library/Frameworks/Python.framework/Versions/3.9/lib/python3.9/site-packages/airflow/example_dags/tutorial_dag.py
[2025-01-04T20:41:47.000-0500] {processor.py:925} INFO - DAG(s) 'tutorial_dag' retrieved from /Library/Frameworks/Python.framework/Versions/3.9/lib/python3.9/site-packages/airflow/example_dags/tutorial_dag.py
[2025-01-04T20:41:47.046-0500] {logging_mixin.py:190} INFO - [2025-01-04T20:41:47.046-0500] {dag.py:3239} INFO - Sync 1 DAGs
[2025-01-04T20:41:47.050-0500] {logging_mixin.py:190} INFO - [2025-01-04T20:41:47.050-0500] {dag.py:4180} INFO - Setting next_dagrun for tutorial_dag to None, run_after=None
[2025-01-04T20:41:47.060-0500] {processor.py:208} INFO - Processing /Library/Frameworks/Python.framework/Versions/3.9/lib/python3.9/site-packages/airflow/example_dags/tutorial_dag.py took 0.074 seconds
[2025-01-04T20:43:31.636-0500] {processor.py:186} INFO - Started process (PID=2516) to work on /Library/Frameworks/Python.framework/Versions/3.9/lib/python3.9/site-packages/airflow/example_dags/tutorial_dag.py
[2025-01-04T20:43:31.640-0500] {processor.py:914} INFO - Processing file /Library/Frameworks/Python.framework/Versions/3.9/lib/python3.9/site-packages/airflow/example_dags/tutorial_dag.py for tasks to queue
[2025-01-04T20:43:31.649-0500] {logging_mixin.py:190} INFO - [2025-01-04T20:43:31.648-0500] {dagbag.py:588} INFO - Filling up the DagBag from /Library/Frameworks/Python.framework/Versions/3.9/lib/python3.9/site-packages/airflow/example_dags/tutorial_dag.py
[2025-01-04T20:43:31.665-0500] {processor.py:925} INFO - DAG(s) 'tutorial_dag' retrieved from /Library/Frameworks/Python.framework/Versions/3.9/lib/python3.9/site-packages/airflow/example_dags/tutorial_dag.py
[2025-01-04T20:43:31.721-0500] {logging_mixin.py:190} INFO - [2025-01-04T20:43:31.719-0500] {dag.py:3239} INFO - Sync 1 DAGs
[2025-01-04T20:43:31.727-0500] {logging_mixin.py:190} INFO - [2025-01-04T20:43:31.727-0500] {dag.py:4180} INFO - Setting next_dagrun for tutorial_dag to None, run_after=None
[2025-01-04T20:43:31.742-0500] {processor.py:208} INFO - Processing /Library/Frameworks/Python.framework/Versions/3.9/lib/python3.9/site-packages/airflow/example_dags/tutorial_dag.py took 0.112 seconds
[2025-01-04T20:45:16.481-0500] {processor.py:186} INFO - Started process (PID=2820) to work on /Library/Frameworks/Python.framework/Versions/3.9/lib/python3.9/site-packages/airflow/example_dags/tutorial_dag.py
[2025-01-04T20:45:16.482-0500] {processor.py:914} INFO - Processing file /Library/Frameworks/Python.framework/Versions/3.9/lib/python3.9/site-packages/airflow/example_dags/tutorial_dag.py for tasks to queue
[2025-01-04T20:45:16.483-0500] {logging_mixin.py:190} INFO - [2025-01-04T20:45:16.483-0500] {dagbag.py:588} INFO - Filling up the DagBag from /Library/Frameworks/Python.framework/Versions/3.9/lib/python3.9/site-packages/airflow/example_dags/tutorial_dag.py
[2025-01-04T20:45:16.495-0500] {processor.py:925} INFO - DAG(s) 'tutorial_dag' retrieved from /Library/Frameworks/Python.framework/Versions/3.9/lib/python3.9/site-packages/airflow/example_dags/tutorial_dag.py
[2025-01-04T20:45:16.542-0500] {logging_mixin.py:190} INFO - [2025-01-04T20:45:16.542-0500] {dag.py:3239} INFO - Sync 1 DAGs
[2025-01-04T20:45:16.546-0500] {logging_mixin.py:190} INFO - [2025-01-04T20:45:16.546-0500] {dag.py:4180} INFO - Setting next_dagrun for tutorial_dag to None, run_after=None
[2025-01-04T20:45:16.556-0500] {processor.py:208} INFO - Processing /Library/Frameworks/Python.framework/Versions/3.9/lib/python3.9/site-packages/airflow/example_dags/tutorial_dag.py took 0.078 seconds
[2025-01-04T20:47:15.075-0500] {processor.py:186} INFO - Started process (PID=3138) to work on /Library/Frameworks/Python.framework/Versions/3.9/lib/python3.9/site-packages/airflow/example_dags/tutorial_dag.py
[2025-01-04T20:47:15.076-0500] {processor.py:914} INFO - Processing file /Library/Frameworks/Python.framework/Versions/3.9/lib/python3.9/site-packages/airflow/example_dags/tutorial_dag.py for tasks to queue
[2025-01-04T20:47:15.077-0500] {logging_mixin.py:190} INFO - [2025-01-04T20:47:15.077-0500] {dagbag.py:588} INFO - Filling up the DagBag from /Library/Frameworks/Python.framework/Versions/3.9/lib/python3.9/site-packages/airflow/example_dags/tutorial_dag.py
[2025-01-04T20:47:15.088-0500] {processor.py:925} INFO - DAG(s) 'tutorial_dag' retrieved from /Library/Frameworks/Python.framework/Versions/3.9/lib/python3.9/site-packages/airflow/example_dags/tutorial_dag.py
[2025-01-04T20:47:15.144-0500] {logging_mixin.py:190} INFO - [2025-01-04T20:47:15.144-0500] {dag.py:3239} INFO - Sync 1 DAGs
[2025-01-04T20:47:15.149-0500] {logging_mixin.py:190} INFO - [2025-01-04T20:47:15.149-0500] {dag.py:4180} INFO - Setting next_dagrun for tutorial_dag to None, run_after=None
[2025-01-04T20:47:15.163-0500] {processor.py:208} INFO - Processing /Library/Frameworks/Python.framework/Versions/3.9/lib/python3.9/site-packages/airflow/example_dags/tutorial_dag.py took 0.089 seconds
[2025-01-04T20:49:11.439-0500] {processor.py:186} INFO - Started process (PID=3512) to work on /Library/Frameworks/Python.framework/Versions/3.9/lib/python3.9/site-packages/airflow/example_dags/tutorial_dag.py
[2025-01-04T20:49:11.441-0500] {processor.py:914} INFO - Processing file /Library/Frameworks/Python.framework/Versions/3.9/lib/python3.9/site-packages/airflow/example_dags/tutorial_dag.py for tasks to queue
[2025-01-04T20:49:11.442-0500] {logging_mixin.py:190} INFO - [2025-01-04T20:49:11.442-0500] {dagbag.py:588} INFO - Filling up the DagBag from /Library/Frameworks/Python.framework/Versions/3.9/lib/python3.9/site-packages/airflow/example_dags/tutorial_dag.py
[2025-01-04T20:49:11.488-0500] {processor.py:925} INFO - DAG(s) 'tutorial_dag' retrieved from /Library/Frameworks/Python.framework/Versions/3.9/lib/python3.9/site-packages/airflow/example_dags/tutorial_dag.py
[2025-01-04T20:49:11.580-0500] {logging_mixin.py:190} INFO - [2025-01-04T20:49:11.580-0500] {dag.py:3239} INFO - Sync 1 DAGs
[2025-01-04T20:49:11.595-0500] {logging_mixin.py:190} INFO - [2025-01-04T20:49:11.594-0500] {dag.py:4180} INFO - Setting next_dagrun for tutorial_dag to None, run_after=None
[2025-01-04T20:49:11.610-0500] {processor.py:208} INFO - Processing /Library/Frameworks/Python.framework/Versions/3.9/lib/python3.9/site-packages/airflow/example_dags/tutorial_dag.py took 0.176 seconds
