[2025-01-04T20:25:45.041-0500] {processor.py:186} INFO - Started process (PID=99251) to work on /Library/Frameworks/Python.framework/Versions/3.9/lib/python3.9/site-packages/airflow/example_dags/tutorial_objectstorage.py
[2025-01-04T20:25:45.042-0500] {processor.py:914} INFO - Processing file /Library/Frameworks/Python.framework/Versions/3.9/lib/python3.9/site-packages/airflow/example_dags/tutorial_objectstorage.py for tasks to queue
[2025-01-04T20:25:45.042-0500] {logging_mixin.py:190} INFO - [2025-01-04T20:25:45.042-0500] {dagbag.py:588} INFO - Filling up the DagBag from /Library/Frameworks/Python.framework/Versions/3.9/lib/python3.9/site-packages/airflow/example_dags/tutorial_objectstorage.py
[2025-01-04T20:25:45.068-0500] {processor.py:925} INFO - DAG(s) 'tutorial_objectstorage' retrieved from /Library/Frameworks/Python.framework/Versions/3.9/lib/python3.9/site-packages/airflow/example_dags/tutorial_objectstorage.py
[2025-01-04T20:25:45.178-0500] {logging_mixin.py:190} INFO - [2025-01-04T20:25:45.178-0500] {override.py:1911} INFO - Created Permission View: can read on DAG:tutorial_objectstorage
[2025-01-04T20:25:45.182-0500] {logging_mixin.py:190} INFO - [2025-01-04T20:25:45.182-0500] {override.py:1911} INFO - Created Permission View: can edit on DAG:tutorial_objectstorage
[2025-01-04T20:25:45.184-0500] {logging_mixin.py:190} INFO - [2025-01-04T20:25:45.184-0500] {override.py:1911} INFO - Created Permission View: can delete on DAG:tutorial_objectstorage
[2025-01-04T20:25:45.187-0500] {logging_mixin.py:190} INFO - [2025-01-04T20:25:45.187-0500] {override.py:1911} INFO - Created Permission View: can read on DAG Run:tutorial_objectstorage
[2025-01-04T20:25:45.190-0500] {logging_mixin.py:190} INFO - [2025-01-04T20:25:45.190-0500] {override.py:1911} INFO - Created Permission View: can create on DAG Run:tutorial_objectstorage
[2025-01-04T20:25:45.192-0500] {logging_mixin.py:190} INFO - [2025-01-04T20:25:45.192-0500] {override.py:1911} INFO - Created Permission View: menu access on DAG Run:tutorial_objectstorage
[2025-01-04T20:25:45.195-0500] {logging_mixin.py:190} INFO - [2025-01-04T20:25:45.195-0500] {override.py:1911} INFO - Created Permission View: can delete on DAG Run:tutorial_objectstorage
[2025-01-04T20:25:45.195-0500] {logging_mixin.py:190} INFO - [2025-01-04T20:25:45.195-0500] {dag.py:3239} INFO - Sync 1 DAGs
[2025-01-04T20:25:45.201-0500] {logging_mixin.py:190} INFO - [2025-01-04T20:25:45.201-0500] {dag.py:3262} INFO - Creating ORM DAG for tutorial_objectstorage
[2025-01-04T20:25:45.201-0500] {logging_mixin.py:190} INFO - [2025-01-04T20:25:45.201-0500] {dag.py:4180} INFO - Setting next_dagrun for tutorial_objectstorage to None, run_after=None
[2025-01-04T20:25:45.208-0500] {processor.py:208} INFO - Processing /Library/Frameworks/Python.framework/Versions/3.9/lib/python3.9/site-packages/airflow/example_dags/tutorial_objectstorage.py took 0.171 seconds
[2025-01-04T20:28:05.145-0500] {processor.py:186} INFO - Started process (PID=99587) to work on /Library/Frameworks/Python.framework/Versions/3.9/lib/python3.9/site-packages/airflow/example_dags/tutorial_objectstorage.py
[2025-01-04T20:28:05.146-0500] {processor.py:914} INFO - Processing file /Library/Frameworks/Python.framework/Versions/3.9/lib/python3.9/site-packages/airflow/example_dags/tutorial_objectstorage.py for tasks to queue
[2025-01-04T20:28:05.147-0500] {logging_mixin.py:190} INFO - [2025-01-04T20:28:05.147-0500] {dagbag.py:588} INFO - Filling up the DagBag from /Library/Frameworks/Python.framework/Versions/3.9/lib/python3.9/site-packages/airflow/example_dags/tutorial_objectstorage.py
[2025-01-04T20:28:05.196-0500] {processor.py:925} INFO - DAG(s) 'tutorial_objectstorage' retrieved from /Library/Frameworks/Python.framework/Versions/3.9/lib/python3.9/site-packages/airflow/example_dags/tutorial_objectstorage.py
[2025-01-04T20:28:05.312-0500] {logging_mixin.py:190} INFO - [2025-01-04T20:28:05.312-0500] {dag.py:3239} INFO - Sync 1 DAGs
[2025-01-04T20:28:05.318-0500] {logging_mixin.py:190} INFO - [2025-01-04T20:28:05.318-0500] {dag.py:4180} INFO - Setting next_dagrun for tutorial_objectstorage to None, run_after=None
[2025-01-04T20:28:05.332-0500] {processor.py:208} INFO - Processing /Library/Frameworks/Python.framework/Versions/3.9/lib/python3.9/site-packages/airflow/example_dags/tutorial_objectstorage.py took 0.190 seconds
[2025-01-04T20:29:38.791-0500] {processor.py:186} INFO - Started process (PID=99839) to work on /Library/Frameworks/Python.framework/Versions/3.9/lib/python3.9/site-packages/airflow/example_dags/tutorial_objectstorage.py
[2025-01-04T20:29:38.792-0500] {processor.py:914} INFO - Processing file /Library/Frameworks/Python.framework/Versions/3.9/lib/python3.9/site-packages/airflow/example_dags/tutorial_objectstorage.py for tasks to queue
[2025-01-04T20:29:38.795-0500] {logging_mixin.py:190} INFO - [2025-01-04T20:29:38.794-0500] {dagbag.py:588} INFO - Filling up the DagBag from /Library/Frameworks/Python.framework/Versions/3.9/lib/python3.9/site-packages/airflow/example_dags/tutorial_objectstorage.py
[2025-01-04T20:29:38.859-0500] {processor.py:925} INFO - DAG(s) 'tutorial_objectstorage' retrieved from /Library/Frameworks/Python.framework/Versions/3.9/lib/python3.9/site-packages/airflow/example_dags/tutorial_objectstorage.py
[2025-01-04T20:29:38.953-0500] {logging_mixin.py:190} INFO - [2025-01-04T20:29:38.952-0500] {dag.py:3239} INFO - Sync 1 DAGs
[2025-01-04T20:29:38.964-0500] {logging_mixin.py:190} INFO - [2025-01-04T20:29:38.964-0500] {dag.py:4180} INFO - Setting next_dagrun for tutorial_objectstorage to None, run_after=None
[2025-01-04T20:29:38.981-0500] {processor.py:208} INFO - Processing /Library/Frameworks/Python.framework/Versions/3.9/lib/python3.9/site-packages/airflow/example_dags/tutorial_objectstorage.py took 0.194 seconds
[2025-01-04T20:31:18.658-0500] {processor.py:186} INFO - Started process (PID=267) to work on /Library/Frameworks/Python.framework/Versions/3.9/lib/python3.9/site-packages/airflow/example_dags/tutorial_objectstorage.py
[2025-01-04T20:31:18.661-0500] {processor.py:914} INFO - Processing file /Library/Frameworks/Python.framework/Versions/3.9/lib/python3.9/site-packages/airflow/example_dags/tutorial_objectstorage.py for tasks to queue
[2025-01-04T20:31:18.662-0500] {logging_mixin.py:190} INFO - [2025-01-04T20:31:18.662-0500] {dagbag.py:588} INFO - Filling up the DagBag from /Library/Frameworks/Python.framework/Versions/3.9/lib/python3.9/site-packages/airflow/example_dags/tutorial_objectstorage.py
[2025-01-04T20:31:18.685-0500] {processor.py:925} INFO - DAG(s) 'tutorial_objectstorage' retrieved from /Library/Frameworks/Python.framework/Versions/3.9/lib/python3.9/site-packages/airflow/example_dags/tutorial_objectstorage.py
[2025-01-04T20:31:18.737-0500] {logging_mixin.py:190} INFO - [2025-01-04T20:31:18.737-0500] {dag.py:3239} INFO - Sync 1 DAGs
[2025-01-04T20:31:18.745-0500] {logging_mixin.py:190} INFO - [2025-01-04T20:31:18.745-0500] {dag.py:4180} INFO - Setting next_dagrun for tutorial_objectstorage to None, run_after=None
[2025-01-04T20:31:18.763-0500] {processor.py:208} INFO - Processing /Library/Frameworks/Python.framework/Versions/3.9/lib/python3.9/site-packages/airflow/example_dags/tutorial_objectstorage.py took 0.107 seconds
[2025-01-04T20:33:01.047-0500] {processor.py:186} INFO - Started process (PID=631) to work on /Library/Frameworks/Python.framework/Versions/3.9/lib/python3.9/site-packages/airflow/example_dags/tutorial_objectstorage.py
[2025-01-04T20:33:01.048-0500] {processor.py:914} INFO - Processing file /Library/Frameworks/Python.framework/Versions/3.9/lib/python3.9/site-packages/airflow/example_dags/tutorial_objectstorage.py for tasks to queue
[2025-01-04T20:33:01.049-0500] {logging_mixin.py:190} INFO - [2025-01-04T20:33:01.049-0500] {dagbag.py:588} INFO - Filling up the DagBag from /Library/Frameworks/Python.framework/Versions/3.9/lib/python3.9/site-packages/airflow/example_dags/tutorial_objectstorage.py
[2025-01-04T20:33:01.064-0500] {processor.py:925} INFO - DAG(s) 'tutorial_objectstorage' retrieved from /Library/Frameworks/Python.framework/Versions/3.9/lib/python3.9/site-packages/airflow/example_dags/tutorial_objectstorage.py
[2025-01-04T20:33:01.106-0500] {logging_mixin.py:190} INFO - [2025-01-04T20:33:01.105-0500] {dag.py:3239} INFO - Sync 1 DAGs
[2025-01-04T20:33:01.111-0500] {logging_mixin.py:190} INFO - [2025-01-04T20:33:01.111-0500] {dag.py:4180} INFO - Setting next_dagrun for tutorial_objectstorage to None, run_after=None
[2025-01-04T20:33:01.122-0500] {processor.py:208} INFO - Processing /Library/Frameworks/Python.framework/Versions/3.9/lib/python3.9/site-packages/airflow/example_dags/tutorial_objectstorage.py took 0.076 seconds
[2025-01-04T20:34:49.634-0500] {processor.py:186} INFO - Started process (PID=1016) to work on /Library/Frameworks/Python.framework/Versions/3.9/lib/python3.9/site-packages/airflow/example_dags/tutorial_objectstorage.py
[2025-01-04T20:34:49.636-0500] {processor.py:914} INFO - Processing file /Library/Frameworks/Python.framework/Versions/3.9/lib/python3.9/site-packages/airflow/example_dags/tutorial_objectstorage.py for tasks to queue
[2025-01-04T20:34:49.636-0500] {logging_mixin.py:190} INFO - [2025-01-04T20:34:49.636-0500] {dagbag.py:588} INFO - Filling up the DagBag from /Library/Frameworks/Python.framework/Versions/3.9/lib/python3.9/site-packages/airflow/example_dags/tutorial_objectstorage.py
[2025-01-04T20:34:49.656-0500] {processor.py:925} INFO - DAG(s) 'tutorial_objectstorage' retrieved from /Library/Frameworks/Python.framework/Versions/3.9/lib/python3.9/site-packages/airflow/example_dags/tutorial_objectstorage.py
[2025-01-04T20:34:49.702-0500] {logging_mixin.py:190} INFO - [2025-01-04T20:34:49.702-0500] {dag.py:3239} INFO - Sync 1 DAGs
[2025-01-04T20:34:49.708-0500] {logging_mixin.py:190} INFO - [2025-01-04T20:34:49.708-0500] {dag.py:4180} INFO - Setting next_dagrun for tutorial_objectstorage to None, run_after=None
[2025-01-04T20:34:49.718-0500] {processor.py:208} INFO - Processing /Library/Frameworks/Python.framework/Versions/3.9/lib/python3.9/site-packages/airflow/example_dags/tutorial_objectstorage.py took 0.086 seconds
[2025-01-04T20:36:37.462-0500] {processor.py:186} INFO - Started process (PID=1349) to work on /Library/Frameworks/Python.framework/Versions/3.9/lib/python3.9/site-packages/airflow/example_dags/tutorial_objectstorage.py
[2025-01-04T20:36:37.463-0500] {processor.py:914} INFO - Processing file /Library/Frameworks/Python.framework/Versions/3.9/lib/python3.9/site-packages/airflow/example_dags/tutorial_objectstorage.py for tasks to queue
[2025-01-04T20:36:37.464-0500] {logging_mixin.py:190} INFO - [2025-01-04T20:36:37.464-0500] {dagbag.py:588} INFO - Filling up the DagBag from /Library/Frameworks/Python.framework/Versions/3.9/lib/python3.9/site-packages/airflow/example_dags/tutorial_objectstorage.py
[2025-01-04T20:36:37.482-0500] {processor.py:925} INFO - DAG(s) 'tutorial_objectstorage' retrieved from /Library/Frameworks/Python.framework/Versions/3.9/lib/python3.9/site-packages/airflow/example_dags/tutorial_objectstorage.py
[2025-01-04T20:36:37.533-0500] {logging_mixin.py:190} INFO - [2025-01-04T20:36:37.533-0500] {dag.py:3239} INFO - Sync 1 DAGs
[2025-01-04T20:36:37.542-0500] {logging_mixin.py:190} INFO - [2025-01-04T20:36:37.542-0500] {dag.py:4180} INFO - Setting next_dagrun for tutorial_objectstorage to None, run_after=None
[2025-01-04T20:36:37.573-0500] {processor.py:208} INFO - Processing /Library/Frameworks/Python.framework/Versions/3.9/lib/python3.9/site-packages/airflow/example_dags/tutorial_objectstorage.py took 0.112 seconds
[2025-01-04T20:38:17.213-0500] {processor.py:186} INFO - Started process (PID=1663) to work on /Library/Frameworks/Python.framework/Versions/3.9/lib/python3.9/site-packages/airflow/example_dags/tutorial_objectstorage.py
[2025-01-04T20:38:17.214-0500] {processor.py:914} INFO - Processing file /Library/Frameworks/Python.framework/Versions/3.9/lib/python3.9/site-packages/airflow/example_dags/tutorial_objectstorage.py for tasks to queue
[2025-01-04T20:38:17.215-0500] {logging_mixin.py:190} INFO - [2025-01-04T20:38:17.215-0500] {dagbag.py:588} INFO - Filling up the DagBag from /Library/Frameworks/Python.framework/Versions/3.9/lib/python3.9/site-packages/airflow/example_dags/tutorial_objectstorage.py
[2025-01-04T20:38:17.246-0500] {processor.py:925} INFO - DAG(s) 'tutorial_objectstorage' retrieved from /Library/Frameworks/Python.framework/Versions/3.9/lib/python3.9/site-packages/airflow/example_dags/tutorial_objectstorage.py
[2025-01-04T20:38:17.329-0500] {logging_mixin.py:190} INFO - [2025-01-04T20:38:17.329-0500] {dag.py:3239} INFO - Sync 1 DAGs
[2025-01-04T20:38:17.336-0500] {logging_mixin.py:190} INFO - [2025-01-04T20:38:17.336-0500] {dag.py:4180} INFO - Setting next_dagrun for tutorial_objectstorage to None, run_after=None
[2025-01-04T20:38:17.436-0500] {processor.py:208} INFO - Processing /Library/Frameworks/Python.framework/Versions/3.9/lib/python3.9/site-packages/airflow/example_dags/tutorial_objectstorage.py took 0.226 seconds
[2025-01-04T20:40:01.681-0500] {processor.py:186} INFO - Started process (PID=1992) to work on /Library/Frameworks/Python.framework/Versions/3.9/lib/python3.9/site-packages/airflow/example_dags/tutorial_objectstorage.py
[2025-01-04T20:40:01.682-0500] {processor.py:914} INFO - Processing file /Library/Frameworks/Python.framework/Versions/3.9/lib/python3.9/site-packages/airflow/example_dags/tutorial_objectstorage.py for tasks to queue
[2025-01-04T20:40:01.683-0500] {logging_mixin.py:190} INFO - [2025-01-04T20:40:01.683-0500] {dagbag.py:588} INFO - Filling up the DagBag from /Library/Frameworks/Python.framework/Versions/3.9/lib/python3.9/site-packages/airflow/example_dags/tutorial_objectstorage.py
[2025-01-04T20:40:01.700-0500] {processor.py:925} INFO - DAG(s) 'tutorial_objectstorage' retrieved from /Library/Frameworks/Python.framework/Versions/3.9/lib/python3.9/site-packages/airflow/example_dags/tutorial_objectstorage.py
[2025-01-04T20:40:01.744-0500] {logging_mixin.py:190} INFO - [2025-01-04T20:40:01.744-0500] {dag.py:3239} INFO - Sync 1 DAGs
[2025-01-04T20:40:01.750-0500] {logging_mixin.py:190} INFO - [2025-01-04T20:40:01.750-0500] {dag.py:4180} INFO - Setting next_dagrun for tutorial_objectstorage to None, run_after=None
[2025-01-04T20:40:01.764-0500] {processor.py:208} INFO - Processing /Library/Frameworks/Python.framework/Versions/3.9/lib/python3.9/site-packages/airflow/example_dags/tutorial_objectstorage.py took 0.084 seconds
[2025-01-04T20:41:44.846-0500] {processor.py:186} INFO - Started process (PID=2246) to work on /Library/Frameworks/Python.framework/Versions/3.9/lib/python3.9/site-packages/airflow/example_dags/tutorial_objectstorage.py
[2025-01-04T20:41:44.847-0500] {processor.py:914} INFO - Processing file /Library/Frameworks/Python.framework/Versions/3.9/lib/python3.9/site-packages/airflow/example_dags/tutorial_objectstorage.py for tasks to queue
[2025-01-04T20:41:44.848-0500] {logging_mixin.py:190} INFO - [2025-01-04T20:41:44.847-0500] {dagbag.py:588} INFO - Filling up the DagBag from /Library/Frameworks/Python.framework/Versions/3.9/lib/python3.9/site-packages/airflow/example_dags/tutorial_objectstorage.py
[2025-01-04T20:41:44.870-0500] {processor.py:925} INFO - DAG(s) 'tutorial_objectstorage' retrieved from /Library/Frameworks/Python.framework/Versions/3.9/lib/python3.9/site-packages/airflow/example_dags/tutorial_objectstorage.py
[2025-01-04T20:41:44.917-0500] {logging_mixin.py:190} INFO - [2025-01-04T20:41:44.916-0500] {dag.py:3239} INFO - Sync 1 DAGs
[2025-01-04T20:41:44.922-0500] {logging_mixin.py:190} INFO - [2025-01-04T20:41:44.922-0500] {dag.py:4180} INFO - Setting next_dagrun for tutorial_objectstorage to None, run_after=None
[2025-01-04T20:41:44.936-0500] {processor.py:208} INFO - Processing /Library/Frameworks/Python.framework/Versions/3.9/lib/python3.9/site-packages/airflow/example_dags/tutorial_objectstorage.py took 0.092 seconds
[2025-01-04T20:43:29.136-0500] {processor.py:186} INFO - Started process (PID=2499) to work on /Library/Frameworks/Python.framework/Versions/3.9/lib/python3.9/site-packages/airflow/example_dags/tutorial_objectstorage.py
[2025-01-04T20:43:29.138-0500] {processor.py:914} INFO - Processing file /Library/Frameworks/Python.framework/Versions/3.9/lib/python3.9/site-packages/airflow/example_dags/tutorial_objectstorage.py for tasks to queue
[2025-01-04T20:43:29.138-0500] {logging_mixin.py:190} INFO - [2025-01-04T20:43:29.138-0500] {dagbag.py:588} INFO - Filling up the DagBag from /Library/Frameworks/Python.framework/Versions/3.9/lib/python3.9/site-packages/airflow/example_dags/tutorial_objectstorage.py
[2025-01-04T20:43:29.169-0500] {processor.py:925} INFO - DAG(s) 'tutorial_objectstorage' retrieved from /Library/Frameworks/Python.framework/Versions/3.9/lib/python3.9/site-packages/airflow/example_dags/tutorial_objectstorage.py
[2025-01-04T20:43:29.218-0500] {logging_mixin.py:190} INFO - [2025-01-04T20:43:29.218-0500] {dag.py:3239} INFO - Sync 1 DAGs
[2025-01-04T20:43:29.225-0500] {logging_mixin.py:190} INFO - [2025-01-04T20:43:29.225-0500] {dag.py:4180} INFO - Setting next_dagrun for tutorial_objectstorage to None, run_after=None
[2025-01-04T20:43:29.239-0500] {processor.py:208} INFO - Processing /Library/Frameworks/Python.framework/Versions/3.9/lib/python3.9/site-packages/airflow/example_dags/tutorial_objectstorage.py took 0.104 seconds
[2025-01-04T20:45:13.609-0500] {processor.py:186} INFO - Started process (PID=2815) to work on /Library/Frameworks/Python.framework/Versions/3.9/lib/python3.9/site-packages/airflow/example_dags/tutorial_objectstorage.py
[2025-01-04T20:45:13.611-0500] {processor.py:914} INFO - Processing file /Library/Frameworks/Python.framework/Versions/3.9/lib/python3.9/site-packages/airflow/example_dags/tutorial_objectstorage.py for tasks to queue
[2025-01-04T20:45:13.611-0500] {logging_mixin.py:190} INFO - [2025-01-04T20:45:13.611-0500] {dagbag.py:588} INFO - Filling up the DagBag from /Library/Frameworks/Python.framework/Versions/3.9/lib/python3.9/site-packages/airflow/example_dags/tutorial_objectstorage.py
[2025-01-04T20:45:13.636-0500] {processor.py:925} INFO - DAG(s) 'tutorial_objectstorage' retrieved from /Library/Frameworks/Python.framework/Versions/3.9/lib/python3.9/site-packages/airflow/example_dags/tutorial_objectstorage.py
[2025-01-04T20:45:13.688-0500] {logging_mixin.py:190} INFO - [2025-01-04T20:45:13.688-0500] {dag.py:3239} INFO - Sync 1 DAGs
[2025-01-04T20:45:13.696-0500] {logging_mixin.py:190} INFO - [2025-01-04T20:45:13.696-0500] {dag.py:4180} INFO - Setting next_dagrun for tutorial_objectstorage to None, run_after=None
[2025-01-04T20:45:13.714-0500] {processor.py:208} INFO - Processing /Library/Frameworks/Python.framework/Versions/3.9/lib/python3.9/site-packages/airflow/example_dags/tutorial_objectstorage.py took 0.107 seconds
[2025-01-04T20:47:12.556-0500] {processor.py:186} INFO - Started process (PID=3123) to work on /Library/Frameworks/Python.framework/Versions/3.9/lib/python3.9/site-packages/airflow/example_dags/tutorial_objectstorage.py
[2025-01-04T20:47:12.558-0500] {processor.py:914} INFO - Processing file /Library/Frameworks/Python.framework/Versions/3.9/lib/python3.9/site-packages/airflow/example_dags/tutorial_objectstorage.py for tasks to queue
[2025-01-04T20:47:12.559-0500] {logging_mixin.py:190} INFO - [2025-01-04T20:47:12.558-0500] {dagbag.py:588} INFO - Filling up the DagBag from /Library/Frameworks/Python.framework/Versions/3.9/lib/python3.9/site-packages/airflow/example_dags/tutorial_objectstorage.py
[2025-01-04T20:47:12.595-0500] {processor.py:925} INFO - DAG(s) 'tutorial_objectstorage' retrieved from /Library/Frameworks/Python.framework/Versions/3.9/lib/python3.9/site-packages/airflow/example_dags/tutorial_objectstorage.py
[2025-01-04T20:47:12.659-0500] {logging_mixin.py:190} INFO - [2025-01-04T20:47:12.659-0500] {dag.py:3239} INFO - Sync 1 DAGs
[2025-01-04T20:47:12.666-0500] {logging_mixin.py:190} INFO - [2025-01-04T20:47:12.665-0500] {dag.py:4180} INFO - Setting next_dagrun for tutorial_objectstorage to None, run_after=None
[2025-01-04T20:47:12.678-0500] {processor.py:208} INFO - Processing /Library/Frameworks/Python.framework/Versions/3.9/lib/python3.9/site-packages/airflow/example_dags/tutorial_objectstorage.py took 0.126 seconds
[2025-01-04T20:49:08.142-0500] {processor.py:186} INFO - Started process (PID=3507) to work on /Library/Frameworks/Python.framework/Versions/3.9/lib/python3.9/site-packages/airflow/example_dags/tutorial_objectstorage.py
[2025-01-04T20:49:08.143-0500] {processor.py:914} INFO - Processing file /Library/Frameworks/Python.framework/Versions/3.9/lib/python3.9/site-packages/airflow/example_dags/tutorial_objectstorage.py for tasks to queue
[2025-01-04T20:49:08.143-0500] {logging_mixin.py:190} INFO - [2025-01-04T20:49:08.143-0500] {dagbag.py:588} INFO - Filling up the DagBag from /Library/Frameworks/Python.framework/Versions/3.9/lib/python3.9/site-packages/airflow/example_dags/tutorial_objectstorage.py
[2025-01-04T20:49:08.159-0500] {processor.py:925} INFO - DAG(s) 'tutorial_objectstorage' retrieved from /Library/Frameworks/Python.framework/Versions/3.9/lib/python3.9/site-packages/airflow/example_dags/tutorial_objectstorage.py
[2025-01-04T20:49:08.204-0500] {logging_mixin.py:190} INFO - [2025-01-04T20:49:08.203-0500] {dag.py:3239} INFO - Sync 1 DAGs
[2025-01-04T20:49:08.208-0500] {logging_mixin.py:190} INFO - [2025-01-04T20:49:08.208-0500] {dag.py:4180} INFO - Setting next_dagrun for tutorial_objectstorage to None, run_after=None
[2025-01-04T20:49:08.219-0500] {processor.py:208} INFO - Processing /Library/Frameworks/Python.framework/Versions/3.9/lib/python3.9/site-packages/airflow/example_dags/tutorial_objectstorage.py took 0.079 seconds
