[2025-01-04T20:25:41.118-0500] {processor.py:186} INFO - Started process (PID=99244) to work on /Library/Frameworks/Python.framework/Versions/3.9/lib/python3.9/site-packages/airflow/example_dags/tutorial_taskflow_api_virtualenv.py
[2025-01-04T20:25:41.119-0500] {processor.py:914} INFO - Processing file /Library/Frameworks/Python.framework/Versions/3.9/lib/python3.9/site-packages/airflow/example_dags/tutorial_taskflow_api_virtualenv.py for tasks to queue
[2025-01-04T20:25:41.119-0500] {logging_mixin.py:190} INFO - [2025-01-04T20:25:41.119-0500] {dagbag.py:588} INFO - Filling up the DagBag from /Library/Frameworks/Python.framework/Versions/3.9/lib/python3.9/site-packages/airflow/example_dags/tutorial_taskflow_api_virtualenv.py
[2025-01-04T20:25:41.143-0500] {processor.py:925} INFO - DAG(s) 'tutorial_taskflow_api_virtualenv' retrieved from /Library/Frameworks/Python.framework/Versions/3.9/lib/python3.9/site-packages/airflow/example_dags/tutorial_taskflow_api_virtualenv.py
[2025-01-04T20:25:41.233-0500] {logging_mixin.py:190} INFO - [2025-01-04T20:25:41.233-0500] {override.py:1911} INFO - Created Permission View: can edit on DAG:tutorial_taskflow_api_virtualenv
[2025-01-04T20:25:41.237-0500] {logging_mixin.py:190} INFO - [2025-01-04T20:25:41.237-0500] {override.py:1911} INFO - Created Permission View: can delete on DAG:tutorial_taskflow_api_virtualenv
[2025-01-04T20:25:41.240-0500] {logging_mixin.py:190} INFO - [2025-01-04T20:25:41.240-0500] {override.py:1911} INFO - Created Permission View: can read on DAG:tutorial_taskflow_api_virtualenv
[2025-01-04T20:25:41.244-0500] {logging_mixin.py:190} INFO - [2025-01-04T20:25:41.244-0500] {override.py:1911} INFO - Created Permission View: can create on DAG Run:tutorial_taskflow_api_virtualenv
[2025-01-04T20:25:41.247-0500] {logging_mixin.py:190} INFO - [2025-01-04T20:25:41.247-0500] {override.py:1911} INFO - Created Permission View: menu access on DAG Run:tutorial_taskflow_api_virtualenv
[2025-01-04T20:25:41.250-0500] {logging_mixin.py:190} INFO - [2025-01-04T20:25:41.250-0500] {override.py:1911} INFO - Created Permission View: can delete on DAG Run:tutorial_taskflow_api_virtualenv
[2025-01-04T20:25:41.253-0500] {logging_mixin.py:190} INFO - [2025-01-04T20:25:41.253-0500] {override.py:1911} INFO - Created Permission View: can read on DAG Run:tutorial_taskflow_api_virtualenv
[2025-01-04T20:25:41.254-0500] {logging_mixin.py:190} INFO - [2025-01-04T20:25:41.253-0500] {dag.py:3239} INFO - Sync 1 DAGs
[2025-01-04T20:25:41.259-0500] {logging_mixin.py:190} INFO - [2025-01-04T20:25:41.259-0500] {dag.py:3262} INFO - Creating ORM DAG for tutorial_taskflow_api_virtualenv
[2025-01-04T20:25:41.259-0500] {logging_mixin.py:190} INFO - [2025-01-04T20:25:41.259-0500] {dag.py:4180} INFO - Setting next_dagrun for tutorial_taskflow_api_virtualenv to None, run_after=None
[2025-01-04T20:25:41.267-0500] {processor.py:208} INFO - Processing /Library/Frameworks/Python.framework/Versions/3.9/lib/python3.9/site-packages/airflow/example_dags/tutorial_taskflow_api_virtualenv.py took 0.151 seconds
[2025-01-04T20:28:00.819-0500] {processor.py:186} INFO - Started process (PID=99577) to work on /Library/Frameworks/Python.framework/Versions/3.9/lib/python3.9/site-packages/airflow/example_dags/tutorial_taskflow_api_virtualenv.py
[2025-01-04T20:28:00.820-0500] {processor.py:914} INFO - Processing file /Library/Frameworks/Python.framework/Versions/3.9/lib/python3.9/site-packages/airflow/example_dags/tutorial_taskflow_api_virtualenv.py for tasks to queue
[2025-01-04T20:28:00.821-0500] {logging_mixin.py:190} INFO - [2025-01-04T20:28:00.821-0500] {dagbag.py:588} INFO - Filling up the DagBag from /Library/Frameworks/Python.framework/Versions/3.9/lib/python3.9/site-packages/airflow/example_dags/tutorial_taskflow_api_virtualenv.py
[2025-01-04T20:28:00.838-0500] {processor.py:925} INFO - DAG(s) 'tutorial_taskflow_api_virtualenv' retrieved from /Library/Frameworks/Python.framework/Versions/3.9/lib/python3.9/site-packages/airflow/example_dags/tutorial_taskflow_api_virtualenv.py
[2025-01-04T20:28:00.944-0500] {logging_mixin.py:190} INFO - [2025-01-04T20:28:00.944-0500] {dag.py:3239} INFO - Sync 1 DAGs
[2025-01-04T20:28:00.948-0500] {logging_mixin.py:190} INFO - [2025-01-04T20:28:00.948-0500] {dag.py:4180} INFO - Setting next_dagrun for tutorial_taskflow_api_virtualenv to None, run_after=None
[2025-01-04T20:28:00.957-0500] {processor.py:208} INFO - Processing /Library/Frameworks/Python.framework/Versions/3.9/lib/python3.9/site-packages/airflow/example_dags/tutorial_taskflow_api_virtualenv.py took 0.139 seconds
[2025-01-04T20:29:31.726-0500] {processor.py:186} INFO - Started process (PID=99828) to work on /Library/Frameworks/Python.framework/Versions/3.9/lib/python3.9/site-packages/airflow/example_dags/tutorial_taskflow_api_virtualenv.py
[2025-01-04T20:29:31.727-0500] {processor.py:914} INFO - Processing file /Library/Frameworks/Python.framework/Versions/3.9/lib/python3.9/site-packages/airflow/example_dags/tutorial_taskflow_api_virtualenv.py for tasks to queue
[2025-01-04T20:29:31.728-0500] {logging_mixin.py:190} INFO - [2025-01-04T20:29:31.728-0500] {dagbag.py:588} INFO - Filling up the DagBag from /Library/Frameworks/Python.framework/Versions/3.9/lib/python3.9/site-packages/airflow/example_dags/tutorial_taskflow_api_virtualenv.py
[2025-01-04T20:29:31.747-0500] {processor.py:925} INFO - DAG(s) 'tutorial_taskflow_api_virtualenv' retrieved from /Library/Frameworks/Python.framework/Versions/3.9/lib/python3.9/site-packages/airflow/example_dags/tutorial_taskflow_api_virtualenv.py
[2025-01-04T20:29:31.901-0500] {logging_mixin.py:190} INFO - [2025-01-04T20:29:31.901-0500] {dag.py:3239} INFO - Sync 1 DAGs
[2025-01-04T20:29:31.907-0500] {logging_mixin.py:190} INFO - [2025-01-04T20:29:31.907-0500] {dag.py:4180} INFO - Setting next_dagrun for tutorial_taskflow_api_virtualenv to None, run_after=None
[2025-01-04T20:29:31.915-0500] {processor.py:208} INFO - Processing /Library/Frameworks/Python.framework/Versions/3.9/lib/python3.9/site-packages/airflow/example_dags/tutorial_taskflow_api_virtualenv.py took 0.192 seconds
[2025-01-04T20:31:14.159-0500] {processor.py:186} INFO - Started process (PID=251) to work on /Library/Frameworks/Python.framework/Versions/3.9/lib/python3.9/site-packages/airflow/example_dags/tutorial_taskflow_api_virtualenv.py
[2025-01-04T20:31:14.160-0500] {processor.py:914} INFO - Processing file /Library/Frameworks/Python.framework/Versions/3.9/lib/python3.9/site-packages/airflow/example_dags/tutorial_taskflow_api_virtualenv.py for tasks to queue
[2025-01-04T20:31:14.160-0500] {logging_mixin.py:190} INFO - [2025-01-04T20:31:14.160-0500] {dagbag.py:588} INFO - Filling up the DagBag from /Library/Frameworks/Python.framework/Versions/3.9/lib/python3.9/site-packages/airflow/example_dags/tutorial_taskflow_api_virtualenv.py
[2025-01-04T20:31:14.180-0500] {processor.py:925} INFO - DAG(s) 'tutorial_taskflow_api_virtualenv' retrieved from /Library/Frameworks/Python.framework/Versions/3.9/lib/python3.9/site-packages/airflow/example_dags/tutorial_taskflow_api_virtualenv.py
[2025-01-04T20:31:14.289-0500] {logging_mixin.py:190} INFO - [2025-01-04T20:31:14.289-0500] {dag.py:3239} INFO - Sync 1 DAGs
[2025-01-04T20:31:14.294-0500] {logging_mixin.py:190} INFO - [2025-01-04T20:31:14.294-0500] {dag.py:4180} INFO - Setting next_dagrun for tutorial_taskflow_api_virtualenv to None, run_after=None
[2025-01-04T20:31:14.306-0500] {processor.py:208} INFO - Processing /Library/Frameworks/Python.framework/Versions/3.9/lib/python3.9/site-packages/airflow/example_dags/tutorial_taskflow_api_virtualenv.py took 0.149 seconds
[2025-01-04T20:32:57.082-0500] {processor.py:186} INFO - Started process (PID=622) to work on /Library/Frameworks/Python.framework/Versions/3.9/lib/python3.9/site-packages/airflow/example_dags/tutorial_taskflow_api_virtualenv.py
[2025-01-04T20:32:57.083-0500] {processor.py:914} INFO - Processing file /Library/Frameworks/Python.framework/Versions/3.9/lib/python3.9/site-packages/airflow/example_dags/tutorial_taskflow_api_virtualenv.py for tasks to queue
[2025-01-04T20:32:57.084-0500] {logging_mixin.py:190} INFO - [2025-01-04T20:32:57.084-0500] {dagbag.py:588} INFO - Filling up the DagBag from /Library/Frameworks/Python.framework/Versions/3.9/lib/python3.9/site-packages/airflow/example_dags/tutorial_taskflow_api_virtualenv.py
[2025-01-04T20:32:57.108-0500] {processor.py:925} INFO - DAG(s) 'tutorial_taskflow_api_virtualenv' retrieved from /Library/Frameworks/Python.framework/Versions/3.9/lib/python3.9/site-packages/airflow/example_dags/tutorial_taskflow_api_virtualenv.py
[2025-01-04T20:32:57.237-0500] {logging_mixin.py:190} INFO - [2025-01-04T20:32:57.237-0500] {dag.py:3239} INFO - Sync 1 DAGs
[2025-01-04T20:32:57.242-0500] {logging_mixin.py:190} INFO - [2025-01-04T20:32:57.242-0500] {dag.py:4180} INFO - Setting next_dagrun for tutorial_taskflow_api_virtualenv to None, run_after=None
[2025-01-04T20:32:57.252-0500] {processor.py:208} INFO - Processing /Library/Frameworks/Python.framework/Versions/3.9/lib/python3.9/site-packages/airflow/example_dags/tutorial_taskflow_api_virtualenv.py took 0.172 seconds
[2025-01-04T20:34:43.506-0500] {processor.py:186} INFO - Started process (PID=999) to work on /Library/Frameworks/Python.framework/Versions/3.9/lib/python3.9/site-packages/airflow/example_dags/tutorial_taskflow_api_virtualenv.py
[2025-01-04T20:34:43.508-0500] {processor.py:914} INFO - Processing file /Library/Frameworks/Python.framework/Versions/3.9/lib/python3.9/site-packages/airflow/example_dags/tutorial_taskflow_api_virtualenv.py for tasks to queue
[2025-01-04T20:34:43.508-0500] {logging_mixin.py:190} INFO - [2025-01-04T20:34:43.508-0500] {dagbag.py:588} INFO - Filling up the DagBag from /Library/Frameworks/Python.framework/Versions/3.9/lib/python3.9/site-packages/airflow/example_dags/tutorial_taskflow_api_virtualenv.py
[2025-01-04T20:34:43.529-0500] {processor.py:925} INFO - DAG(s) 'tutorial_taskflow_api_virtualenv' retrieved from /Library/Frameworks/Python.framework/Versions/3.9/lib/python3.9/site-packages/airflow/example_dags/tutorial_taskflow_api_virtualenv.py
[2025-01-04T20:34:43.634-0500] {logging_mixin.py:190} INFO - [2025-01-04T20:34:43.634-0500] {dag.py:3239} INFO - Sync 1 DAGs
[2025-01-04T20:34:43.640-0500] {logging_mixin.py:190} INFO - [2025-01-04T20:34:43.640-0500] {dag.py:4180} INFO - Setting next_dagrun for tutorial_taskflow_api_virtualenv to None, run_after=None
[2025-01-04T20:34:43.653-0500] {processor.py:208} INFO - Processing /Library/Frameworks/Python.framework/Versions/3.9/lib/python3.9/site-packages/airflow/example_dags/tutorial_taskflow_api_virtualenv.py took 0.149 seconds
[2025-01-04T20:36:32.267-0500] {processor.py:186} INFO - Started process (PID=1327) to work on /Library/Frameworks/Python.framework/Versions/3.9/lib/python3.9/site-packages/airflow/example_dags/tutorial_taskflow_api_virtualenv.py
[2025-01-04T20:36:32.278-0500] {processor.py:914} INFO - Processing file /Library/Frameworks/Python.framework/Versions/3.9/lib/python3.9/site-packages/airflow/example_dags/tutorial_taskflow_api_virtualenv.py for tasks to queue
[2025-01-04T20:36:32.281-0500] {logging_mixin.py:190} INFO - [2025-01-04T20:36:32.280-0500] {dagbag.py:588} INFO - Filling up the DagBag from /Library/Frameworks/Python.framework/Versions/3.9/lib/python3.9/site-packages/airflow/example_dags/tutorial_taskflow_api_virtualenv.py
[2025-01-04T20:36:32.321-0500] {processor.py:925} INFO - DAG(s) 'tutorial_taskflow_api_virtualenv' retrieved from /Library/Frameworks/Python.framework/Versions/3.9/lib/python3.9/site-packages/airflow/example_dags/tutorial_taskflow_api_virtualenv.py
[2025-01-04T20:36:32.461-0500] {logging_mixin.py:190} INFO - [2025-01-04T20:36:32.461-0500] {dag.py:3239} INFO - Sync 1 DAGs
[2025-01-04T20:36:32.484-0500] {logging_mixin.py:190} INFO - [2025-01-04T20:36:32.484-0500] {dag.py:4180} INFO - Setting next_dagrun for tutorial_taskflow_api_virtualenv to None, run_after=None
[2025-01-04T20:36:32.505-0500] {processor.py:208} INFO - Processing /Library/Frameworks/Python.framework/Versions/3.9/lib/python3.9/site-packages/airflow/example_dags/tutorial_taskflow_api_virtualenv.py took 0.249 seconds
[2025-01-04T20:38:12.656-0500] {processor.py:186} INFO - Started process (PID=1649) to work on /Library/Frameworks/Python.framework/Versions/3.9/lib/python3.9/site-packages/airflow/example_dags/tutorial_taskflow_api_virtualenv.py
[2025-01-04T20:38:12.658-0500] {processor.py:914} INFO - Processing file /Library/Frameworks/Python.framework/Versions/3.9/lib/python3.9/site-packages/airflow/example_dags/tutorial_taskflow_api_virtualenv.py for tasks to queue
[2025-01-04T20:38:12.659-0500] {logging_mixin.py:190} INFO - [2025-01-04T20:38:12.659-0500] {dagbag.py:588} INFO - Filling up the DagBag from /Library/Frameworks/Python.framework/Versions/3.9/lib/python3.9/site-packages/airflow/example_dags/tutorial_taskflow_api_virtualenv.py
[2025-01-04T20:38:12.678-0500] {processor.py:925} INFO - DAG(s) 'tutorial_taskflow_api_virtualenv' retrieved from /Library/Frameworks/Python.framework/Versions/3.9/lib/python3.9/site-packages/airflow/example_dags/tutorial_taskflow_api_virtualenv.py
[2025-01-04T20:38:12.776-0500] {logging_mixin.py:190} INFO - [2025-01-04T20:38:12.776-0500] {dag.py:3239} INFO - Sync 1 DAGs
[2025-01-04T20:38:12.783-0500] {logging_mixin.py:190} INFO - [2025-01-04T20:38:12.783-0500] {dag.py:4180} INFO - Setting next_dagrun for tutorial_taskflow_api_virtualenv to None, run_after=None
[2025-01-04T20:38:12.796-0500] {processor.py:208} INFO - Processing /Library/Frameworks/Python.framework/Versions/3.9/lib/python3.9/site-packages/airflow/example_dags/tutorial_taskflow_api_virtualenv.py took 0.145 seconds
[2025-01-04T20:39:56.741-0500] {processor.py:186} INFO - Started process (PID=1978) to work on /Library/Frameworks/Python.framework/Versions/3.9/lib/python3.9/site-packages/airflow/example_dags/tutorial_taskflow_api_virtualenv.py
[2025-01-04T20:39:56.743-0500] {processor.py:914} INFO - Processing file /Library/Frameworks/Python.framework/Versions/3.9/lib/python3.9/site-packages/airflow/example_dags/tutorial_taskflow_api_virtualenv.py for tasks to queue
[2025-01-04T20:39:56.743-0500] {logging_mixin.py:190} INFO - [2025-01-04T20:39:56.743-0500] {dagbag.py:588} INFO - Filling up the DagBag from /Library/Frameworks/Python.framework/Versions/3.9/lib/python3.9/site-packages/airflow/example_dags/tutorial_taskflow_api_virtualenv.py
[2025-01-04T20:39:56.765-0500] {processor.py:925} INFO - DAG(s) 'tutorial_taskflow_api_virtualenv' retrieved from /Library/Frameworks/Python.framework/Versions/3.9/lib/python3.9/site-packages/airflow/example_dags/tutorial_taskflow_api_virtualenv.py
[2025-01-04T20:39:56.874-0500] {logging_mixin.py:190} INFO - [2025-01-04T20:39:56.873-0500] {dag.py:3239} INFO - Sync 1 DAGs
[2025-01-04T20:39:56.878-0500] {logging_mixin.py:190} INFO - [2025-01-04T20:39:56.878-0500] {dag.py:4180} INFO - Setting next_dagrun for tutorial_taskflow_api_virtualenv to None, run_after=None
[2025-01-04T20:39:56.887-0500] {processor.py:208} INFO - Processing /Library/Frameworks/Python.framework/Versions/3.9/lib/python3.9/site-packages/airflow/example_dags/tutorial_taskflow_api_virtualenv.py took 0.148 seconds
[2025-01-04T20:41:40.930-0500] {processor.py:186} INFO - Started process (PID=2242) to work on /Library/Frameworks/Python.framework/Versions/3.9/lib/python3.9/site-packages/airflow/example_dags/tutorial_taskflow_api_virtualenv.py
[2025-01-04T20:41:40.933-0500] {processor.py:914} INFO - Processing file /Library/Frameworks/Python.framework/Versions/3.9/lib/python3.9/site-packages/airflow/example_dags/tutorial_taskflow_api_virtualenv.py for tasks to queue
[2025-01-04T20:41:40.933-0500] {logging_mixin.py:190} INFO - [2025-01-04T20:41:40.933-0500] {dagbag.py:588} INFO - Filling up the DagBag from /Library/Frameworks/Python.framework/Versions/3.9/lib/python3.9/site-packages/airflow/example_dags/tutorial_taskflow_api_virtualenv.py
[2025-01-04T20:41:40.951-0500] {processor.py:925} INFO - DAG(s) 'tutorial_taskflow_api_virtualenv' retrieved from /Library/Frameworks/Python.framework/Versions/3.9/lib/python3.9/site-packages/airflow/example_dags/tutorial_taskflow_api_virtualenv.py
[2025-01-04T20:41:41.056-0500] {logging_mixin.py:190} INFO - [2025-01-04T20:41:41.055-0500] {dag.py:3239} INFO - Sync 1 DAGs
[2025-01-04T20:41:41.061-0500] {logging_mixin.py:190} INFO - [2025-01-04T20:41:41.061-0500] {dag.py:4180} INFO - Setting next_dagrun for tutorial_taskflow_api_virtualenv to None, run_after=None
[2025-01-04T20:41:41.071-0500] {processor.py:208} INFO - Processing /Library/Frameworks/Python.framework/Versions/3.9/lib/python3.9/site-packages/airflow/example_dags/tutorial_taskflow_api_virtualenv.py took 0.144 seconds
[2025-01-04T20:43:23.911-0500] {processor.py:186} INFO - Started process (PID=2474) to work on /Library/Frameworks/Python.framework/Versions/3.9/lib/python3.9/site-packages/airflow/example_dags/tutorial_taskflow_api_virtualenv.py
[2025-01-04T20:43:23.912-0500] {processor.py:914} INFO - Processing file /Library/Frameworks/Python.framework/Versions/3.9/lib/python3.9/site-packages/airflow/example_dags/tutorial_taskflow_api_virtualenv.py for tasks to queue
[2025-01-04T20:43:23.913-0500] {logging_mixin.py:190} INFO - [2025-01-04T20:43:23.913-0500] {dagbag.py:588} INFO - Filling up the DagBag from /Library/Frameworks/Python.framework/Versions/3.9/lib/python3.9/site-packages/airflow/example_dags/tutorial_taskflow_api_virtualenv.py
[2025-01-04T20:43:23.938-0500] {processor.py:925} INFO - DAG(s) 'tutorial_taskflow_api_virtualenv' retrieved from /Library/Frameworks/Python.framework/Versions/3.9/lib/python3.9/site-packages/airflow/example_dags/tutorial_taskflow_api_virtualenv.py
[2025-01-04T20:43:24.106-0500] {logging_mixin.py:190} INFO - [2025-01-04T20:43:24.106-0500] {dag.py:3239} INFO - Sync 1 DAGs
[2025-01-04T20:43:24.112-0500] {logging_mixin.py:190} INFO - [2025-01-04T20:43:24.112-0500] {dag.py:4180} INFO - Setting next_dagrun for tutorial_taskflow_api_virtualenv to None, run_after=None
[2025-01-04T20:43:24.130-0500] {processor.py:208} INFO - Processing /Library/Frameworks/Python.framework/Versions/3.9/lib/python3.9/site-packages/airflow/example_dags/tutorial_taskflow_api_virtualenv.py took 0.220 seconds
[2025-01-04T20:45:09.502-0500] {processor.py:186} INFO - Started process (PID=2797) to work on /Library/Frameworks/Python.framework/Versions/3.9/lib/python3.9/site-packages/airflow/example_dags/tutorial_taskflow_api_virtualenv.py
[2025-01-04T20:45:09.503-0500] {processor.py:914} INFO - Processing file /Library/Frameworks/Python.framework/Versions/3.9/lib/python3.9/site-packages/airflow/example_dags/tutorial_taskflow_api_virtualenv.py for tasks to queue
[2025-01-04T20:45:09.504-0500] {logging_mixin.py:190} INFO - [2025-01-04T20:45:09.503-0500] {dagbag.py:588} INFO - Filling up the DagBag from /Library/Frameworks/Python.framework/Versions/3.9/lib/python3.9/site-packages/airflow/example_dags/tutorial_taskflow_api_virtualenv.py
[2025-01-04T20:45:09.521-0500] {processor.py:925} INFO - DAG(s) 'tutorial_taskflow_api_virtualenv' retrieved from /Library/Frameworks/Python.framework/Versions/3.9/lib/python3.9/site-packages/airflow/example_dags/tutorial_taskflow_api_virtualenv.py
[2025-01-04T20:45:09.624-0500] {logging_mixin.py:190} INFO - [2025-01-04T20:45:09.624-0500] {dag.py:3239} INFO - Sync 1 DAGs
[2025-01-04T20:45:09.629-0500] {logging_mixin.py:190} INFO - [2025-01-04T20:45:09.629-0500] {dag.py:4180} INFO - Setting next_dagrun for tutorial_taskflow_api_virtualenv to None, run_after=None
[2025-01-04T20:45:09.641-0500] {processor.py:208} INFO - Processing /Library/Frameworks/Python.framework/Versions/3.9/lib/python3.9/site-packages/airflow/example_dags/tutorial_taskflow_api_virtualenv.py took 0.141 seconds
[2025-01-04T20:47:07.130-0500] {processor.py:186} INFO - Started process (PID=3111) to work on /Library/Frameworks/Python.framework/Versions/3.9/lib/python3.9/site-packages/airflow/example_dags/tutorial_taskflow_api_virtualenv.py
[2025-01-04T20:47:07.134-0500] {processor.py:914} INFO - Processing file /Library/Frameworks/Python.framework/Versions/3.9/lib/python3.9/site-packages/airflow/example_dags/tutorial_taskflow_api_virtualenv.py for tasks to queue
[2025-01-04T20:47:07.135-0500] {logging_mixin.py:190} INFO - [2025-01-04T20:47:07.135-0500] {dagbag.py:588} INFO - Filling up the DagBag from /Library/Frameworks/Python.framework/Versions/3.9/lib/python3.9/site-packages/airflow/example_dags/tutorial_taskflow_api_virtualenv.py
[2025-01-04T20:47:07.187-0500] {processor.py:925} INFO - DAG(s) 'tutorial_taskflow_api_virtualenv' retrieved from /Library/Frameworks/Python.framework/Versions/3.9/lib/python3.9/site-packages/airflow/example_dags/tutorial_taskflow_api_virtualenv.py
[2025-01-04T20:47:07.367-0500] {logging_mixin.py:190} INFO - [2025-01-04T20:47:07.366-0500] {dag.py:3239} INFO - Sync 1 DAGs
[2025-01-04T20:47:07.373-0500] {logging_mixin.py:190} INFO - [2025-01-04T20:47:07.373-0500] {dag.py:4180} INFO - Setting next_dagrun for tutorial_taskflow_api_virtualenv to None, run_after=None
[2025-01-04T20:47:07.386-0500] {processor.py:208} INFO - Processing /Library/Frameworks/Python.framework/Versions/3.9/lib/python3.9/site-packages/airflow/example_dags/tutorial_taskflow_api_virtualenv.py took 0.272 seconds
[2025-01-04T20:49:02.585-0500] {processor.py:186} INFO - Started process (PID=3479) to work on /Library/Frameworks/Python.framework/Versions/3.9/lib/python3.9/site-packages/airflow/example_dags/tutorial_taskflow_api_virtualenv.py
[2025-01-04T20:49:02.587-0500] {processor.py:914} INFO - Processing file /Library/Frameworks/Python.framework/Versions/3.9/lib/python3.9/site-packages/airflow/example_dags/tutorial_taskflow_api_virtualenv.py for tasks to queue
[2025-01-04T20:49:02.587-0500] {logging_mixin.py:190} INFO - [2025-01-04T20:49:02.587-0500] {dagbag.py:588} INFO - Filling up the DagBag from /Library/Frameworks/Python.framework/Versions/3.9/lib/python3.9/site-packages/airflow/example_dags/tutorial_taskflow_api_virtualenv.py
[2025-01-04T20:49:02.606-0500] {processor.py:925} INFO - DAG(s) 'tutorial_taskflow_api_virtualenv' retrieved from /Library/Frameworks/Python.framework/Versions/3.9/lib/python3.9/site-packages/airflow/example_dags/tutorial_taskflow_api_virtualenv.py
[2025-01-04T20:49:02.724-0500] {logging_mixin.py:190} INFO - [2025-01-04T20:49:02.724-0500] {dag.py:3239} INFO - Sync 1 DAGs
[2025-01-04T20:49:02.729-0500] {logging_mixin.py:190} INFO - [2025-01-04T20:49:02.729-0500] {dag.py:4180} INFO - Setting next_dagrun for tutorial_taskflow_api_virtualenv to None, run_after=None
[2025-01-04T20:49:02.741-0500] {processor.py:208} INFO - Processing /Library/Frameworks/Python.framework/Versions/3.9/lib/python3.9/site-packages/airflow/example_dags/tutorial_taskflow_api_virtualenv.py took 0.157 seconds
