[2025-01-04T20:25:27.572-0500] {processor.py:186} INFO - Started process (PID=99210) to work on /Library/Frameworks/Python.framework/Versions/3.9/lib/python3.9/site-packages/airflow/example_dags/subdags/subdag.py
[2025-01-04T20:25:27.573-0500] {processor.py:914} INFO - Processing file /Library/Frameworks/Python.framework/Versions/3.9/lib/python3.9/site-packages/airflow/example_dags/subdags/subdag.py for tasks to queue
[2025-01-04T20:25:27.573-0500] {logging_mixin.py:190} INFO - [2025-01-04T20:25:27.573-0500] {dagbag.py:588} INFO - Filling up the DagBag from /Library/Frameworks/Python.framework/Versions/3.9/lib/python3.9/site-packages/airflow/example_dags/subdags/subdag.py
[2025-01-04T20:25:27.575-0500] {processor.py:927} WARNING - No viable dags retrieved from /Library/Frameworks/Python.framework/Versions/3.9/lib/python3.9/site-packages/airflow/example_dags/subdags/subdag.py
[2025-01-04T20:25:27.615-0500] {processor.py:208} INFO - Processing /Library/Frameworks/Python.framework/Versions/3.9/lib/python3.9/site-packages/airflow/example_dags/subdags/subdag.py took 0.045 seconds
[2025-01-04T20:27:47.135-0500] {processor.py:186} INFO - Started process (PID=99553) to work on /Library/Frameworks/Python.framework/Versions/3.9/lib/python3.9/site-packages/airflow/example_dags/subdags/subdag.py
[2025-01-04T20:27:47.136-0500] {processor.py:914} INFO - Processing file /Library/Frameworks/Python.framework/Versions/3.9/lib/python3.9/site-packages/airflow/example_dags/subdags/subdag.py for tasks to queue
[2025-01-04T20:27:47.136-0500] {logging_mixin.py:190} INFO - [2025-01-04T20:27:47.136-0500] {dagbag.py:588} INFO - Filling up the DagBag from /Library/Frameworks/Python.framework/Versions/3.9/lib/python3.9/site-packages/airflow/example_dags/subdags/subdag.py
[2025-01-04T20:27:47.138-0500] {processor.py:927} WARNING - No viable dags retrieved from /Library/Frameworks/Python.framework/Versions/3.9/lib/python3.9/site-packages/airflow/example_dags/subdags/subdag.py
[2025-01-04T20:27:47.185-0500] {processor.py:208} INFO - Processing /Library/Frameworks/Python.framework/Versions/3.9/lib/python3.9/site-packages/airflow/example_dags/subdags/subdag.py took 0.052 seconds
[2025-01-04T20:29:20.193-0500] {processor.py:186} INFO - Started process (PID=99783) to work on /Library/Frameworks/Python.framework/Versions/3.9/lib/python3.9/site-packages/airflow/example_dags/subdags/subdag.py
[2025-01-04T20:29:20.194-0500] {processor.py:914} INFO - Processing file /Library/Frameworks/Python.framework/Versions/3.9/lib/python3.9/site-packages/airflow/example_dags/subdags/subdag.py for tasks to queue
[2025-01-04T20:29:20.195-0500] {logging_mixin.py:190} INFO - [2025-01-04T20:29:20.195-0500] {dagbag.py:588} INFO - Filling up the DagBag from /Library/Frameworks/Python.framework/Versions/3.9/lib/python3.9/site-packages/airflow/example_dags/subdags/subdag.py
[2025-01-04T20:29:20.202-0500] {processor.py:927} WARNING - No viable dags retrieved from /Library/Frameworks/Python.framework/Versions/3.9/lib/python3.9/site-packages/airflow/example_dags/subdags/subdag.py
[2025-01-04T20:29:20.246-0500] {processor.py:208} INFO - Processing /Library/Frameworks/Python.framework/Versions/3.9/lib/python3.9/site-packages/airflow/example_dags/subdags/subdag.py took 0.056 seconds
[2025-01-04T20:30:58.216-0500] {processor.py:186} INFO - Started process (PID=191) to work on /Library/Frameworks/Python.framework/Versions/3.9/lib/python3.9/site-packages/airflow/example_dags/subdags/subdag.py
[2025-01-04T20:30:58.219-0500] {processor.py:914} INFO - Processing file /Library/Frameworks/Python.framework/Versions/3.9/lib/python3.9/site-packages/airflow/example_dags/subdags/subdag.py for tasks to queue
[2025-01-04T20:30:58.219-0500] {logging_mixin.py:190} INFO - [2025-01-04T20:30:58.219-0500] {dagbag.py:588} INFO - Filling up the DagBag from /Library/Frameworks/Python.framework/Versions/3.9/lib/python3.9/site-packages/airflow/example_dags/subdags/subdag.py
[2025-01-04T20:30:58.222-0500] {processor.py:927} WARNING - No viable dags retrieved from /Library/Frameworks/Python.framework/Versions/3.9/lib/python3.9/site-packages/airflow/example_dags/subdags/subdag.py
[2025-01-04T20:30:58.319-0500] {processor.py:208} INFO - Processing /Library/Frameworks/Python.framework/Versions/3.9/lib/python3.9/site-packages/airflow/example_dags/subdags/subdag.py took 0.116 seconds
[2025-01-04T20:32:43.230-0500] {processor.py:186} INFO - Started process (PID=581) to work on /Library/Frameworks/Python.framework/Versions/3.9/lib/python3.9/site-packages/airflow/example_dags/subdags/subdag.py
[2025-01-04T20:32:43.230-0500] {processor.py:914} INFO - Processing file /Library/Frameworks/Python.framework/Versions/3.9/lib/python3.9/site-packages/airflow/example_dags/subdags/subdag.py for tasks to queue
[2025-01-04T20:32:43.231-0500] {logging_mixin.py:190} INFO - [2025-01-04T20:32:43.231-0500] {dagbag.py:588} INFO - Filling up the DagBag from /Library/Frameworks/Python.framework/Versions/3.9/lib/python3.9/site-packages/airflow/example_dags/subdags/subdag.py
[2025-01-04T20:32:43.232-0500] {processor.py:927} WARNING - No viable dags retrieved from /Library/Frameworks/Python.framework/Versions/3.9/lib/python3.9/site-packages/airflow/example_dags/subdags/subdag.py
[2025-01-04T20:32:43.277-0500] {processor.py:208} INFO - Processing /Library/Frameworks/Python.framework/Versions/3.9/lib/python3.9/site-packages/airflow/example_dags/subdags/subdag.py took 0.050 seconds
[2025-01-04T20:34:28.319-0500] {processor.py:186} INFO - Started process (PID=941) to work on /Library/Frameworks/Python.framework/Versions/3.9/lib/python3.9/site-packages/airflow/example_dags/subdags/subdag.py
[2025-01-04T20:34:28.320-0500] {processor.py:914} INFO - Processing file /Library/Frameworks/Python.framework/Versions/3.9/lib/python3.9/site-packages/airflow/example_dags/subdags/subdag.py for tasks to queue
[2025-01-04T20:34:28.321-0500] {logging_mixin.py:190} INFO - [2025-01-04T20:34:28.320-0500] {dagbag.py:588} INFO - Filling up the DagBag from /Library/Frameworks/Python.framework/Versions/3.9/lib/python3.9/site-packages/airflow/example_dags/subdags/subdag.py
[2025-01-04T20:34:28.322-0500] {processor.py:927} WARNING - No viable dags retrieved from /Library/Frameworks/Python.framework/Versions/3.9/lib/python3.9/site-packages/airflow/example_dags/subdags/subdag.py
[2025-01-04T20:34:28.364-0500] {processor.py:208} INFO - Processing /Library/Frameworks/Python.framework/Versions/3.9/lib/python3.9/site-packages/airflow/example_dags/subdags/subdag.py took 0.047 seconds
[2025-01-04T20:36:17.803-0500] {processor.py:186} INFO - Started process (PID=1283) to work on /Library/Frameworks/Python.framework/Versions/3.9/lib/python3.9/site-packages/airflow/example_dags/subdags/subdag.py
[2025-01-04T20:36:17.805-0500] {processor.py:914} INFO - Processing file /Library/Frameworks/Python.framework/Versions/3.9/lib/python3.9/site-packages/airflow/example_dags/subdags/subdag.py for tasks to queue
[2025-01-04T20:36:17.805-0500] {logging_mixin.py:190} INFO - [2025-01-04T20:36:17.805-0500] {dagbag.py:588} INFO - Filling up the DagBag from /Library/Frameworks/Python.framework/Versions/3.9/lib/python3.9/site-packages/airflow/example_dags/subdags/subdag.py
[2025-01-04T20:36:17.806-0500] {processor.py:927} WARNING - No viable dags retrieved from /Library/Frameworks/Python.framework/Versions/3.9/lib/python3.9/site-packages/airflow/example_dags/subdags/subdag.py
[2025-01-04T20:36:17.886-0500] {processor.py:208} INFO - Processing /Library/Frameworks/Python.framework/Versions/3.9/lib/python3.9/site-packages/airflow/example_dags/subdags/subdag.py took 0.084 seconds
[2025-01-04T20:37:59.330-0500] {processor.py:186} INFO - Started process (PID=1609) to work on /Library/Frameworks/Python.framework/Versions/3.9/lib/python3.9/site-packages/airflow/example_dags/subdags/subdag.py
[2025-01-04T20:37:59.331-0500] {processor.py:914} INFO - Processing file /Library/Frameworks/Python.framework/Versions/3.9/lib/python3.9/site-packages/airflow/example_dags/subdags/subdag.py for tasks to queue
[2025-01-04T20:37:59.332-0500] {logging_mixin.py:190} INFO - [2025-01-04T20:37:59.332-0500] {dagbag.py:588} INFO - Filling up the DagBag from /Library/Frameworks/Python.framework/Versions/3.9/lib/python3.9/site-packages/airflow/example_dags/subdags/subdag.py
[2025-01-04T20:37:59.334-0500] {processor.py:927} WARNING - No viable dags retrieved from /Library/Frameworks/Python.framework/Versions/3.9/lib/python3.9/site-packages/airflow/example_dags/subdags/subdag.py
[2025-01-04T20:37:59.377-0500] {processor.py:208} INFO - Processing /Library/Frameworks/Python.framework/Versions/3.9/lib/python3.9/site-packages/airflow/example_dags/subdags/subdag.py took 0.048 seconds
[2025-01-04T20:39:43.906-0500] {processor.py:186} INFO - Started process (PID=1942) to work on /Library/Frameworks/Python.framework/Versions/3.9/lib/python3.9/site-packages/airflow/example_dags/subdags/subdag.py
[2025-01-04T20:39:43.909-0500] {processor.py:914} INFO - Processing file /Library/Frameworks/Python.framework/Versions/3.9/lib/python3.9/site-packages/airflow/example_dags/subdags/subdag.py for tasks to queue
[2025-01-04T20:39:43.909-0500] {logging_mixin.py:190} INFO - [2025-01-04T20:39:43.909-0500] {dagbag.py:588} INFO - Filling up the DagBag from /Library/Frameworks/Python.framework/Versions/3.9/lib/python3.9/site-packages/airflow/example_dags/subdags/subdag.py
[2025-01-04T20:39:43.911-0500] {processor.py:927} WARNING - No viable dags retrieved from /Library/Frameworks/Python.framework/Versions/3.9/lib/python3.9/site-packages/airflow/example_dags/subdags/subdag.py
[2025-01-04T20:39:43.973-0500] {processor.py:208} INFO - Processing /Library/Frameworks/Python.framework/Versions/3.9/lib/python3.9/site-packages/airflow/example_dags/subdags/subdag.py took 0.070 seconds
[2025-01-04T20:41:28.332-0500] {processor.py:186} INFO - Started process (PID=2227) to work on /Library/Frameworks/Python.framework/Versions/3.9/lib/python3.9/site-packages/airflow/example_dags/subdags/subdag.py
[2025-01-04T20:41:28.335-0500] {processor.py:914} INFO - Processing file /Library/Frameworks/Python.framework/Versions/3.9/lib/python3.9/site-packages/airflow/example_dags/subdags/subdag.py for tasks to queue
[2025-01-04T20:41:28.336-0500] {logging_mixin.py:190} INFO - [2025-01-04T20:41:28.336-0500] {dagbag.py:588} INFO - Filling up the DagBag from /Library/Frameworks/Python.framework/Versions/3.9/lib/python3.9/site-packages/airflow/example_dags/subdags/subdag.py
[2025-01-04T20:41:28.337-0500] {processor.py:927} WARNING - No viable dags retrieved from /Library/Frameworks/Python.framework/Versions/3.9/lib/python3.9/site-packages/airflow/example_dags/subdags/subdag.py
[2025-01-04T20:41:28.389-0500] {processor.py:208} INFO - Processing /Library/Frameworks/Python.framework/Versions/3.9/lib/python3.9/site-packages/airflow/example_dags/subdags/subdag.py took 0.060 seconds
[2025-01-04T20:43:09.342-0500] {processor.py:186} INFO - Started process (PID=2429) to work on /Library/Frameworks/Python.framework/Versions/3.9/lib/python3.9/site-packages/airflow/example_dags/subdags/subdag.py
[2025-01-04T20:43:09.343-0500] {processor.py:914} INFO - Processing file /Library/Frameworks/Python.framework/Versions/3.9/lib/python3.9/site-packages/airflow/example_dags/subdags/subdag.py for tasks to queue
[2025-01-04T20:43:09.344-0500] {logging_mixin.py:190} INFO - [2025-01-04T20:43:09.344-0500] {dagbag.py:588} INFO - Filling up the DagBag from /Library/Frameworks/Python.framework/Versions/3.9/lib/python3.9/site-packages/airflow/example_dags/subdags/subdag.py
[2025-01-04T20:43:09.345-0500] {processor.py:927} WARNING - No viable dags retrieved from /Library/Frameworks/Python.framework/Versions/3.9/lib/python3.9/site-packages/airflow/example_dags/subdags/subdag.py
[2025-01-04T20:43:09.388-0500] {processor.py:208} INFO - Processing /Library/Frameworks/Python.framework/Versions/3.9/lib/python3.9/site-packages/airflow/example_dags/subdags/subdag.py took 0.049 seconds
[2025-01-04T20:44:56.018-0500] {processor.py:186} INFO - Started process (PID=2728) to work on /Library/Frameworks/Python.framework/Versions/3.9/lib/python3.9/site-packages/airflow/example_dags/subdags/subdag.py
[2025-01-04T20:44:56.020-0500] {processor.py:914} INFO - Processing file /Library/Frameworks/Python.framework/Versions/3.9/lib/python3.9/site-packages/airflow/example_dags/subdags/subdag.py for tasks to queue
[2025-01-04T20:44:56.020-0500] {logging_mixin.py:190} INFO - [2025-01-04T20:44:56.020-0500] {dagbag.py:588} INFO - Filling up the DagBag from /Library/Frameworks/Python.framework/Versions/3.9/lib/python3.9/site-packages/airflow/example_dags/subdags/subdag.py
[2025-01-04T20:44:56.022-0500] {processor.py:927} WARNING - No viable dags retrieved from /Library/Frameworks/Python.framework/Versions/3.9/lib/python3.9/site-packages/airflow/example_dags/subdags/subdag.py
[2025-01-04T20:44:56.071-0500] {processor.py:208} INFO - Processing /Library/Frameworks/Python.framework/Versions/3.9/lib/python3.9/site-packages/airflow/example_dags/subdags/subdag.py took 0.056 seconds
[2025-01-04T20:46:50.668-0500] {processor.py:186} INFO - Started process (PID=3085) to work on /Library/Frameworks/Python.framework/Versions/3.9/lib/python3.9/site-packages/airflow/example_dags/subdags/subdag.py
[2025-01-04T20:46:50.670-0500] {processor.py:914} INFO - Processing file /Library/Frameworks/Python.framework/Versions/3.9/lib/python3.9/site-packages/airflow/example_dags/subdags/subdag.py for tasks to queue
[2025-01-04T20:46:50.670-0500] {logging_mixin.py:190} INFO - [2025-01-04T20:46:50.670-0500] {dagbag.py:588} INFO - Filling up the DagBag from /Library/Frameworks/Python.framework/Versions/3.9/lib/python3.9/site-packages/airflow/example_dags/subdags/subdag.py
[2025-01-04T20:46:50.671-0500] {processor.py:927} WARNING - No viable dags retrieved from /Library/Frameworks/Python.framework/Versions/3.9/lib/python3.9/site-packages/airflow/example_dags/subdags/subdag.py
[2025-01-04T20:46:50.714-0500] {processor.py:208} INFO - Processing /Library/Frameworks/Python.framework/Versions/3.9/lib/python3.9/site-packages/airflow/example_dags/subdags/subdag.py took 0.048 seconds
[2025-01-04T20:48:47.883-0500] {processor.py:186} INFO - Started process (PID=3419) to work on /Library/Frameworks/Python.framework/Versions/3.9/lib/python3.9/site-packages/airflow/example_dags/subdags/subdag.py
[2025-01-04T20:48:47.886-0500] {processor.py:914} INFO - Processing file /Library/Frameworks/Python.framework/Versions/3.9/lib/python3.9/site-packages/airflow/example_dags/subdags/subdag.py for tasks to queue
[2025-01-04T20:48:47.887-0500] {logging_mixin.py:190} INFO - [2025-01-04T20:48:47.887-0500] {dagbag.py:588} INFO - Filling up the DagBag from /Library/Frameworks/Python.framework/Versions/3.9/lib/python3.9/site-packages/airflow/example_dags/subdags/subdag.py
[2025-01-04T20:48:47.889-0500] {processor.py:927} WARNING - No viable dags retrieved from /Library/Frameworks/Python.framework/Versions/3.9/lib/python3.9/site-packages/airflow/example_dags/subdags/subdag.py
[2025-01-04T20:48:47.997-0500] {processor.py:208} INFO - Processing /Library/Frameworks/Python.framework/Versions/3.9/lib/python3.9/site-packages/airflow/example_dags/subdags/subdag.py took 0.116 seconds
